Log file open, 04/11/23 15:40:53
LogWindows: Failed to load 'aqProf.dll' (GetLastError=126)
LogWindows: File 'aqProf.dll' does not exist
LogWindows: Failed to load 'VtuneApi.dll' (GetLastError=126)
LogWindows: File 'VtuneApi.dll' does not exist
LogWindows: Failed to load 'VtuneApi32e.dll' (GetLastError=126)
LogWindows: File 'VtuneApi32e.dll' does not exist
LogConsoleResponse: Display: Failed to find resolution value strings in scalability ini. Falling back to default.
LogConsoleResponse: Display: Failed to find resolution value strings in scalability ini. Falling back to default.
LogInit: Display: Running engine for game: Rogue
LogPlatformFile: Not using cached read wrapper
LogTaskGraph: Started task graph with 5 named threads and 11 total threads with 3 sets of task threads.
LogStats: Stats thread started at 1.091589
LogICUInternationalization: ICU TimeZone Detection - Raw Offset: +3:00, Platform Override: ''
LogInit: Display: Loading text-based GConfig....
LogPluginManager: Mounting plugin MeshPainting
LogPluginManager: Mounting plugin XGEController
LogPluginManager: Mounting plugin AISupport
LogPluginManager: Mounting plugin EnvironmentQueryEditor
LogPluginManager: Mounting plugin Paper2D
LogPluginManager: Mounting plugin LightPropagationVolume
LogPluginManager: Mounting plugin LiveLink
LogPluginManager: Mounting plugin CameraShakePreviewer
LogPluginManager: Mounting plugin GameplayCameras
LogPluginManager: Mounting plugin AnimationSharing
LogPluginManager: Mounting plugin CLionSourceCodeAccess
LogPluginManager: Mounting plugin CodeLiteSourceCodeAccess
LogPluginManager: Mounting plugin GitSourceControl
LogPluginManager: Mounting plugin KDevelopSourceCodeAccess
LogPluginManager: Mounting plugin NullSourceCodeAccess
LogPluginManager: Mounting plugin PerforceSourceControl
LogPluginManager: Mounting plugin PluginUtils
LogPluginManager: Mounting plugin PlasticSourceControl
LogPluginManager: Mounting plugin PixWinPlugin
LogPluginManager: Mounting plugin PropertyAccessNode
LogPluginManager: Mounting plugin RiderSourceCodeAccess
LogPluginManager: Mounting plugin SubversionSourceControl
LogPluginManager: Mounting plugin TextureFormatOodle
LogPluginManager: Mounting plugin UObjectPlugin
LogPluginManager: Mounting plugin VisualStudioCodeSourceCodeAccess
LogPluginManager: Mounting plugin XCodeSourceCodeAccess
LogPluginManager: Mounting plugin VisualStudioSourceCodeAccess
LogPluginManager: Mounting plugin OodleData
LogPluginManager: Mounting plugin OodleNetwork
LogPluginManager: Mounting plugin AssetManagerEditor
LogPluginManager: Mounting plugin CryptoKeys
LogPluginManager: Mounting plugin CurveEditorTools
LogPluginManager: Mounting plugin DataValidation
LogPluginManager: Mounting plugin GameplayTagsEditor
LogPluginManager: Mounting plugin FacialAnimation
LogPluginManager: Mounting plugin GeometryMode
LogPluginManager: Mounting plugin MacGraphicsSwitching
LogPluginManager: Mounting plugin MaterialAnalyzer
LogPluginManager: Mounting plugin MobileLauncherProfileWizard
LogPluginManager: Mounting plugin PluginBrowser
LogPluginManager: Mounting plugin SpeedTreeImporter
LogPluginManager: Mounting plugin DatasmithContent
LogPluginManager: Mounting plugin VariantManagerContent
LogPluginManager: Mounting plugin AlembicImporter
LogPluginManager: Mounting plugin BackChannel
LogPluginManager: Mounting plugin AutomationUtils
LogPluginManager: Mounting plugin ChaosCloth
LogPluginManager: Mounting plugin ChaosEditor
LogPluginManager: Mounting plugin ChaosClothEditor
LogPluginManager: Mounting plugin ChaosNiagara
LogPluginManager: Mounting plugin ChaosSolverPlugin
LogPluginManager: Mounting plugin CharacterAI
LogPluginManager: Mounting plugin GeometryCache
LogPluginManager: Mounting plugin GeometryCollectionPlugin
LogPluginManager: Mounting plugin Niagara
LogPluginManager: Mounting plugin GeometryProcessing
LogPluginManager: Mounting plugin OpenImageDenoise
LogPluginManager: Mounting plugin MotoSynth
LogPluginManager: Mounting plugin PlanarCut
LogPluginManager: Mounting plugin PlatformCrypto
LogPluginManager: Mounting plugin ProxyLODPlugin
LogPluginManager: Mounting plugin PythonScriptPlugin
LogPluginManager: Mounting plugin SkeletalReduction
LogPluginManager: Mounting plugin LuminPlatformFeatures
LogPluginManager: Mounting plugin MagicLeap
LogPluginManager: Mounting plugin MagicLeapLightEstimation
LogPluginManager: Mounting plugin MagicLeapMedia
LogPluginManager: Mounting plugin AndroidMedia
LogPluginManager: Mounting plugin AvfMedia
LogPluginManager: Mounting plugin MagicLeapPassableWorld
LogPluginManager: Mounting plugin MLSDK
LogPluginManager: Mounting plugin ImgMedia
LogPluginManager: Mounting plugin MediaCompositing
LogPluginManager: Mounting plugin MediaPlayerEditor
LogPluginManager: Mounting plugin WebMMedia
LogPluginManager: Mounting plugin WmfMedia
LogPluginManager: Mounting plugin TcpMessaging
LogPluginManager: Mounting plugin UdpMessaging
LogPluginManager: Mounting plugin ActorSequence
LogPluginManager: Mounting plugin LevelSequenceEditor
LogPluginManager: Mounting plugin MatineeToLevelSequence
LogPluginManager: Mounting plugin TemplateSequence
LogPluginManager: Mounting plugin OnlineSubsystem
LogPluginManager: Mounting plugin OnlineSubsystemNull
LogPluginManager: Mounting plugin OnlineSubsystemUtils
LogPluginManager: Mounting plugin LauncherChunkInstaller
LogPluginManager: Mounting plugin ActorLayerUtilities
LogPluginManager: Mounting plugin AndroidDeviceProfileSelector
LogPluginManager: Mounting plugin AndroidMoviePlayer
LogPluginManager: Mounting plugin AndroidPermission
LogPluginManager: Mounting plugin ApexDestruction
LogPluginManager: Mounting plugin AppleImageUtils
LogPluginManager: Mounting plugin AppleMoviePlayer
LogPluginManager: Mounting plugin ArchVisCharacter
LogPluginManager: Mounting plugin AssetTags
LogPluginManager: Mounting plugin AudioCapture
LogPluginManager: Mounting plugin AudioSynesthesia
LogPluginManager: Mounting plugin CableComponent
LogPluginManager: Mounting plugin ChunkDownloader
LogPluginManager: Mounting plugin CustomMeshComponent
LogPluginManager: Mounting plugin EditableMesh
LogPluginManager: Mounting plugin ExampleDeviceProfileSelector
LogPluginManager: Mounting plugin GoogleCloudMessaging
LogPluginManager: Mounting plugin GooglePAD
LogPluginManager: Mounting plugin IOSDeviceProfileSelector
LogPluginManager: Mounting plugin LinuxDeviceProfileSelector
LogPluginManager: Mounting plugin LocationServicesBPLibrary
LogPluginManager: Mounting plugin MobilePatchingUtils
LogPluginManager: Mounting plugin OpenXR
LogPluginManager: Mounting plugin OpenXRHandTracking
LogPluginManager: Mounting plugin OpenXREyeTracker
LogPluginManager: Mounting plugin PhysXVehicles
LogPluginManager: Mounting plugin PostSplashScreen
LogPluginManager: Mounting plugin ProceduralMeshComponent
LogPluginManager: Mounting plugin PropertyAccessEditor
LogPluginManager: Mounting plugin RuntimePhysXCooking
LogPluginManager: Mounting plugin SignificanceManager
LogPluginManager: Mounting plugin SoundFields
LogPluginManager: Mounting plugin Synthesis
LogPluginManager: Mounting plugin WebMMoviePlayer
LogPluginManager: Mounting plugin WindowsMoviePlayer
LogPluginManager: Mounting plugin ScreenshotTools
LogPluginManager: Mounting plugin Takes
LogPluginManager: Mounting plugin ContentBrowserAssetDataSource
LogPluginManager: Mounting plugin ContentBrowserClassDataSource
LogPluginManager: Mounting plugin ContentBrowserFileDataSource
LogPluginManager: Mounting plugin OnlineSubsystemGooglePlay
LogPluginManager: Mounting plugin OnlineSubsystemIOS
LogPluginManager: Mounting plugin OculusVR
LogPluginManager: Mounting plugin SteamVR
PixWinPlugin: PIX capture plugin failed to initialize! Check that the process is launched from PIX.
LogInit: Using libcurl 7.55.1-DEV
LogInit:  - built for x86_64-pc-win32
LogInit:  - supports SSL with OpenSSL/1.1.1
LogInit:  - supports HTTP deflate (compression) using libz 1.2.8
LogInit:  - other features:
LogInit:      CURL_VERSION_SSL
LogInit:      CURL_VERSION_LIBZ
LogInit:      CURL_VERSION_IPV6
LogInit:      CURL_VERSION_ASYNCHDNS
LogInit:      CURL_VERSION_LARGEFILE
LogInit:      CURL_VERSION_IDN
LogInit:  CurlRequestOptions (configurable via config and command line):
LogInit:  - bVerifyPeer = true  - Libcurl will verify peer certificate
LogInit:  - bUseHttpProxy = false  - Libcurl will NOT use HTTP proxy
LogInit:  - bDontReuseConnections = false  - Libcurl will reuse connections
LogInit:  - MaxHostConnections = 16  - Libcurl will limit the number of connections to a host
LogInit:  - LocalHostAddr = Default
LogInit:  - BufferSize = 65536
LogOnline: OSS: Creating online subsystem instance for: NULL
LogInit: WinSock: version 1.1 (2.2), MaxSocks=32767, MaxUdp=65467
LogOnline: OSS: TryLoadSubsystemAndSetDefault: Loaded subsystem for module [NULL]
LogOculusPluginWrapper: OculusPlugin initialized successfully
LogHMD: Failed initializing OVRPlugin 1.59.0
LogInit: Build: ++UE4+Release-4.27-CL-18319896
LogInit: Engine Version: 4.27.2-18319896+++UE4+Release-4.27
LogInit: Compatible Engine Version: 4.27.0-17155196+++UE4+Release-4.27
LogInit: Net CL: 17155196
LogInit: OS: Windows 10 (Release 2009) (), CPU:         Intel(R) Core(TM) i3-2130 CPU @ 3.40GHz, GPU: NVIDIA GeForce GT 1030
LogInit: Compiled (64-bit): Nov 30 2021 07:12:08
LogInit: Compiled with Visual C++: 19.24.28315.00
LogInit: Build Configuration: Development
LogInit: Branch Name: ++UE4+Release-4.27
LogInit: Command Line:  /Game/Levels/MainMenu -game -PIEVIACONSOLE -Multiprocess GameUserSettingsINI=D:/Gid/Rogue/Saved/Config/Windows/PIEGameUserSettings0.ini -MultiprocessSaveConfig -forcepassthrough -messaging -SessionName="Play in Standalone Game" -windowed -WinX=80 -WinY=94 SAVEWINPOS=1 -ResX=1280 -ResY=694
LogInit: Base Directory: Z:/UE_4.27/Engine/Binaries/Win64/
LogInit: Allocator: TBB
LogInit: Installed Engine Build: 1
LogDevObjectVersion: Number of dev versions registered: 29
LogDevObjectVersion:   Dev-Blueprints (B0D832E4-1F89-4F0D-ACCF-7EB736FD4AA2): 10
LogDevObjectVersion:   Dev-Build (E1C64328-A22C-4D53-A36C-8E866417BD8C): 0
LogDevObjectVersion:   Dev-Core (375EC13C-06E4-48FB-B500-84F0262A717E): 4
LogDevObjectVersion:   Dev-Editor (E4B068ED-F494-42E9-A231-DA0B2E46BB41): 40
LogDevObjectVersion:   Dev-Framework (CFFC743F-43B0-4480-9391-14DF171D2073): 37
LogDevObjectVersion:   Dev-Mobile (B02B49B5-BB20-44E9-A304-32B752E40360): 3
LogDevObjectVersion:   Dev-Networking (A4E4105C-59A1-49B5-A7C5-40C4547EDFEE): 0
LogDevObjectVersion:   Dev-Online (39C831C9-5AE6-47DC-9A44-9C173E1C8E7C): 0
LogDevObjectVersion:   Dev-Physics (78F01B33-EBEA-4F98-B9B4-84EACCB95AA2): 14
LogDevObjectVersion:   Dev-Platform (6631380F-2D4D-43E0-8009-CF276956A95A): 0
LogDevObjectVersion:   Dev-Rendering (12F88B9F-8875-4AFC-A67C-D90C383ABD29): 45
LogDevObjectVersion:   Dev-Sequencer (7B5AE74C-D270-4C10-A958-57980B212A5A): 13
LogDevObjectVersion:   Dev-VR (D7296918-1DD6-4BDD-9DE2-64A83CC13884): 3
LogDevObjectVersion:   Dev-LoadTimes (C2A15278-BFE7-4AFE-6C17-90FF531DF755): 1
LogDevObjectVersion:   Private-Geometry (6EACA3D4-40EC-4CC1-B786-8BED09428FC5): 3
LogDevObjectVersion:   Dev-AnimPhys (29E575DD-E0A3-4627-9D10-D276232CDCEA): 17
LogDevObjectVersion:   Dev-Anim (AF43A65D-7FD3-4947-9873-3E8ED9C1BB05): 15
LogDevObjectVersion:   Dev-ReflectionCapture (6B266CEC-1EC7-4B8F-A30B-E4D90942FC07): 1
LogDevObjectVersion:   Dev-Automation (0DF73D61-A23F-47EA-B727-89E90C41499A): 1
LogDevObjectVersion:   FortniteMain (601D1886-AC64-4F84-AA16-D3DE0DEAC7D6): 47
LogDevObjectVersion:   FortniteRelease (E7086368-6B23-4C58-8439-1B7016265E91): 1
LogDevObjectVersion:   Dev-Enterprise (9DFFBCD6-494F-0158-E221-12823C92A888): 10
LogDevObjectVersion:   Dev-Niagara (F2AED0AC-9AFE-416F-8664-AA7FFA26D6FC): 1
LogDevObjectVersion:   Dev-Destruction (174F1F0B-B4C6-45A5-B13F-2EE8D0FB917D): 10
LogDevObjectVersion:   Dev-Physics-Ext (35F94A83-E258-406C-A318-09F59610247C): 41
LogDevObjectVersion:   Dev-PhysicsMaterial-Chaos (B68FC16E-8B1B-42E2-B453-215C058844FE): 1
LogDevObjectVersion:   Dev-CineCamera (B2E18506-4273-CFC2-A54E-F4BB758BBA07): 1
LogDevObjectVersion:   Dev-VirtualProduction (64F58936-FD1B-42BA-BA96-7289D5D0FA4E): 1
LogDevObjectVersion:   Dev-MediaFramework (6F0ED827-A609-4895-9C91-998D90180EA4): 2
LogInit: Presizing for max 25165824 objects, including 0 objects not considered by GC, pre-allocating 0 bytes for permanent pool.
LogConfig: Applying CVar settings from Section [/Script/Engine.StreamingSettings] File [D:/Gid/Rogue/Saved/Config/Windows/Engine.ini]
LogConfig: Setting CVar [[s.MinBulkDataSizeForAsyncLoading:131072]]
LogConfig: Setting CVar [[s.AsyncLoadingThreadEnabled:0]]
LogConfig: Setting CVar [[s.EventDrivenLoaderEnabled:1]]
LogConfig: Setting CVar [[s.WarnIfTimeLimitExceeded:0]]
LogConfig: Setting CVar [[s.TimeLimitExceededMultiplier:1.5]]
LogConfig: Setting CVar [[s.TimeLimitExceededMinTime:0.005]]
LogConfig: Setting CVar [[s.UseBackgroundLevelStreaming:1]]
LogConfig: Setting CVar [[s.PriorityAsyncLoadingExtraTime:15.0]]
LogConfig: Setting CVar [[s.LevelStreamingActorsUpdateTimeLimit:5.0]]
LogConfig: Setting CVar [[s.PriorityLevelStreamingActorsUpdateExtraTime:5.0]]
LogConfig: Setting CVar [[s.LevelStreamingComponentsRegistrationGranularity:10]]
LogConfig: Setting CVar [[s.UnregisterComponentsTimeLimit:1.0]]
LogConfig: Setting CVar [[s.LevelStreamingComponentsUnregistrationGranularity:5]]
LogConfig: Setting CVar [[s.FlushStreamingOnExit:1]]
LogInit: Object subsystem initialized
LogConfig: Setting CVar [[con.DebugEarlyDefault:1]]
LogConfig: Setting CVar [[r.setres:1280x720]]
[2023.04.11-12.40.54:913][  0]LogConfig: Setting CVar [[con.DebugEarlyDefault:1]]
[2023.04.11-12.40.54:914][  0]LogConfig: Setting CVar [[r.setres:1280x720]]
[2023.04.11-12.40.54:914][  0]LogConfig: Applying CVar settings from Section [/Script/Engine.RendererSettings] File [D:/Gid/Rogue/Saved/Config/Windows/Engine.ini]
[2023.04.11-12.40.54:914][  0]LogConfig: Setting CVar [[r.GPUCrashDebugging:0]]
[2023.04.11-12.40.54:914][  0]LogConfig: Setting CVar [[r.CustomDepth:3]]
[2023.04.11-12.40.54:914][  0]LogConfig: Applying CVar settings from Section [/Script/Engine.RendererOverrideSettings] File [D:/Gid/Rogue/Saved/Config/Windows/Engine.ini]
[2023.04.11-12.40.54:914][  0]LogConfig: Applying CVar settings from Section [/Script/Engine.StreamingSettings] File [D:/Gid/Rogue/Saved/Config/Windows/Engine.ini]
[2023.04.11-12.40.54:914][  0]LogConfig: Setting CVar [[s.MinBulkDataSizeForAsyncLoading:131072]]
[2023.04.11-12.40.54:914][  0]LogConfig: Setting CVar [[s.AsyncLoadingThreadEnabled:0]]
[2023.04.11-12.40.54:914][  0]LogConfig: Setting CVar [[s.EventDrivenLoaderEnabled:1]]
[2023.04.11-12.40.54:914][  0]LogConfig: Setting CVar [[s.WarnIfTimeLimitExceeded:0]]
[2023.04.11-12.40.54:914][  0]LogConfig: Setting CVar [[s.TimeLimitExceededMultiplier:1.5]]
[2023.04.11-12.40.54:914][  0]LogConfig: Setting CVar [[s.TimeLimitExceededMinTime:0.005]]
[2023.04.11-12.40.54:914][  0]LogConfig: Setting CVar [[s.UseBackgroundLevelStreaming:1]]
[2023.04.11-12.40.54:914][  0]LogConfig: Setting CVar [[s.PriorityAsyncLoadingExtraTime:15.0]]
[2023.04.11-12.40.54:914][  0]LogConfig: Setting CVar [[s.LevelStreamingActorsUpdateTimeLimit:5.0]]
[2023.04.11-12.40.54:914][  0]LogConfig: Setting CVar [[s.PriorityLevelStreamingActorsUpdateExtraTime:5.0]]
[2023.04.11-12.40.54:914][  0]LogConfig: Setting CVar [[s.LevelStreamingComponentsRegistrationGranularity:10]]
[2023.04.11-12.40.54:914][  0]LogConfig: Setting CVar [[s.UnregisterComponentsTimeLimit:1.0]]
[2023.04.11-12.40.54:914][  0]LogConfig: Setting CVar [[s.LevelStreamingComponentsUnregistrationGranularity:5]]
[2023.04.11-12.40.54:914][  0]LogConfig: Setting CVar [[s.FlushStreamingOnExit:1]]
[2023.04.11-12.40.54:915][  0]LogConfig: Applying CVar settings from Section [/Script/Engine.GarbageCollectionSettings] File [D:/Gid/Rogue/Saved/Config/Windows/Engine.ini]
[2023.04.11-12.40.54:915][  0]LogConfig: Setting CVar [[gc.MaxObjectsNotConsideredByGC:1]]
[2023.04.11-12.40.54:915][  0]LogConfig: Setting CVar [[gc.SizeOfPermanentObjectPool:0]]
[2023.04.11-12.40.54:915][  0]LogConfig: Setting CVar [[gc.FlushStreamingOnGC:0]]
[2023.04.11-12.40.54:915][  0]LogConfig: Setting CVar [[gc.NumRetriesBeforeForcingGC:10]]
[2023.04.11-12.40.54:915][  0]LogConfig: Setting CVar [[gc.AllowParallelGC:1]]
[2023.04.11-12.40.54:915][  0]LogConfig: Setting CVar [[gc.TimeBetweenPurgingPendingKillObjects:61.1]]
[2023.04.11-12.40.54:915][  0]LogConfig: Setting CVar [[gc.MaxObjectsInEditor:25165824]]
[2023.04.11-12.40.54:915][  0]LogConfig: Setting CVar [[gc.IncrementalBeginDestroyEnabled:1]]
[2023.04.11-12.40.54:915][  0]LogConfig: Setting CVar [[gc.CreateGCClusters:1]]
[2023.04.11-12.40.54:915][  0]LogConfig: Setting CVar [[gc.MinGCClusterSize:5]]
[2023.04.11-12.40.54:915][  0]LogConfig: Setting CVar [[gc.ActorClusteringEnabled:0]]
[2023.04.11-12.40.54:915][  0]LogConfig: Setting CVar [[gc.BlueprintClusteringEnabled:0]]
[2023.04.11-12.40.54:915][  0]LogConfig: Setting CVar [[gc.UseDisregardForGCOnDedicatedServers:0]]
[2023.04.11-12.40.54:915][  0]LogConfig: Setting CVar [[gc.MultithreadedDestructionEnabled:1]]
[2023.04.11-12.40.54:915][  0]LogConfig: Applying CVar settings from Section [/Script/Engine.NetworkSettings] File [D:/Gid/Rogue/Saved/Config/Windows/Engine.ini]
[2023.04.11-12.40.54:915][  0]LogConfig: Applying CVar settings from Section [/Script/UnrealEd.CookerSettings] File [D:/Gid/Rogue/Saved/Config/Windows/Engine.ini]
[2023.04.11-12.40.54:929][  0]LogConfig: Applying CVar settings from Section [ViewDistanceQuality@3] File [D:/Gid/Rogue/Saved/Config/Windows/Scalability.ini]
[2023.04.11-12.40.54:929][  0]LogConfig: Setting CVar [[r.SkeletalMeshLODBias:0]]
[2023.04.11-12.40.54:929][  0]LogConfig: Setting CVar [[r.ViewDistanceScale:1.0]]
[2023.04.11-12.40.54:929][  0]LogConfig: Applying CVar settings from Section [AntiAliasingQuality@3] File [D:/Gid/Rogue/Saved/Config/Windows/Scalability.ini]
[2023.04.11-12.40.54:929][  0]LogConfig: Setting CVar [[r.PostProcessAAQuality:4]]
[2023.04.11-12.40.54:929][  0]LogConfig: Applying CVar settings from Section [ShadowQuality@3] File [D:/Gid/Rogue/Saved/Config/Windows/Scalability.ini]
[2023.04.11-12.40.54:929][  0]LogConfig: Setting CVar [[r.LightFunctionQuality:1]]
[2023.04.11-12.40.54:929][  0]LogConfig: Setting CVar [[r.ShadowQuality:5]]
[2023.04.11-12.40.54:929][  0]LogConfig: Setting CVar [[r.Shadow.CSM.MaxCascades:10]]
[2023.04.11-12.40.54:929][  0]LogConfig: Setting CVar [[r.Shadow.MaxResolution:2048]]
[2023.04.11-12.40.54:929][  0]LogConfig: Setting CVar [[r.Shadow.MaxCSMResolution:2048]]
[2023.04.11-12.40.54:929][  0]LogConfig: Setting CVar [[r.Shadow.RadiusThreshold:0.01]]
[2023.04.11-12.40.54:929][  0]LogConfig: Setting CVar [[r.Shadow.DistanceScale:1.0]]
[2023.04.11-12.40.54:929][  0]LogConfig: Setting CVar [[r.Shadow.CSM.TransitionScale:1.0]]
[2023.04.11-12.40.54:929][  0]LogConfig: Setting CVar [[r.Shadow.PreShadowResolutionFactor:1.0]]
[2023.04.11-12.40.54:929][  0]LogConfig: Setting CVar [[r.DistanceFieldShadowing:1]]
[2023.04.11-12.40.54:929][  0]LogConfig: Setting CVar [[r.DistanceFieldAO:1]]
[2023.04.11-12.40.54:929][  0]LogConfig: Setting CVar [[r.AOQuality:2]]
[2023.04.11-12.40.54:929][  0]LogConfig: Setting CVar [[r.VolumetricFog:1]]
[2023.04.11-12.40.54:929][  0]LogConfig: Setting CVar [[r.VolumetricFog.GridPixelSize:8]]
[2023.04.11-12.40.54:929][  0]LogConfig: Setting CVar [[r.VolumetricFog.GridSizeZ:128]]
[2023.04.11-12.40.54:929][  0]LogConfig: Setting CVar [[r.VolumetricFog.HistoryMissSupersampleCount:4]]
[2023.04.11-12.40.54:929][  0]LogConfig: Setting CVar [[r.LightMaxDrawDistanceScale:1]]
[2023.04.11-12.40.54:929][  0]LogConfig: Setting CVar [[r.CapsuleShadows:1]]
[2023.04.11-12.40.54:929][  0]LogConfig: Applying CVar settings from Section [PostProcessQuality@3] File [D:/Gid/Rogue/Saved/Config/Windows/Scalability.ini]
[2023.04.11-12.40.54:929][  0]LogConfig: Setting CVar [[r.MotionBlurQuality:4]]
[2023.04.11-12.40.54:930][  0]LogConfig: Setting CVar [[r.AmbientOcclusionMipLevelFactor:0.4]]
[2023.04.11-12.40.54:930][  0]LogConfig: Setting CVar [[r.AmbientOcclusionMaxQuality:100]]
[2023.04.11-12.40.54:930][  0]LogConfig: Setting CVar [[r.AmbientOcclusionLevels:-1]]
[2023.04.11-12.40.54:930][  0]LogConfig: Setting CVar [[r.AmbientOcclusionRadiusScale:1.0]]
[2023.04.11-12.40.54:930][  0]LogConfig: Setting CVar [[r.DepthOfFieldQuality:2]]
[2023.04.11-12.40.54:930][  0]LogConfig: Setting CVar [[r.RenderTargetPoolMin:400]]
[2023.04.11-12.40.54:930][  0]LogConfig: Setting CVar [[r.LensFlareQuality:2]]
[2023.04.11-12.40.54:930][  0]LogConfig: Setting CVar [[r.SceneColorFringeQuality:1]]
[2023.04.11-12.40.54:930][  0]LogConfig: Setting CVar [[r.EyeAdaptationQuality:2]]
[2023.04.11-12.40.54:930][  0]LogConfig: Setting CVar [[r.BloomQuality:5]]
[2023.04.11-12.40.54:930][  0]LogConfig: Setting CVar [[r.FastBlurThreshold:100]]
[2023.04.11-12.40.54:930][  0]LogConfig: Setting CVar [[r.Upscale.Quality:3]]
[2023.04.11-12.40.54:930][  0]LogConfig: Setting CVar [[r.Tonemapper.GrainQuantization:1]]
[2023.04.11-12.40.54:930][  0]LogConfig: Setting CVar [[r.LightShaftQuality:1]]
[2023.04.11-12.40.54:930][  0]LogConfig: Setting CVar [[r.Filter.SizeScale:1]]
[2023.04.11-12.40.54:930][  0]LogConfig: Setting CVar [[r.Tonemapper.Quality:5]]
[2023.04.11-12.40.54:930][  0]LogConfig: Setting CVar [[r.DOF.Gather.AccumulatorQuality:1        ; higher gathering accumulator quality]]
[2023.04.11-12.40.54:930][  0]LogConfig: Setting CVar [[r.DOF.Gather.PostfilterMethod:1          ; Median3x3 postfilering method]]
[2023.04.11-12.40.54:930][  0]LogConfig: Setting CVar [[r.DOF.Gather.EnableBokehSettings:0       ; no bokeh simulation when gathering]]
[2023.04.11-12.40.54:930][  0]LogConfig: Setting CVar [[r.DOF.Gather.RingCount:4                 ; medium number of samples when gathering]]
[2023.04.11-12.40.54:930][  0]LogConfig: Setting CVar [[r.DOF.Scatter.ForegroundCompositing:1    ; additive foreground scattering]]
[2023.04.11-12.40.54:930][  0]LogConfig: Setting CVar [[r.DOF.Scatter.BackgroundCompositing:2    ; additive background scattering]]
[2023.04.11-12.40.54:930][  0]LogConfig: Setting CVar [[r.DOF.Scatter.EnableBokehSettings:1      ; bokeh simulation when scattering]]
[2023.04.11-12.40.54:931][  0]LogConfig: Setting CVar [[r.DOF.Scatter.MaxSpriteRatio:0.1         ; only a maximum of 10% of scattered bokeh]]
[2023.04.11-12.40.54:931][  0]LogConfig: Setting CVar [[r.DOF.Recombine.Quality:1                ; cheap slight out of focus]]
[2023.04.11-12.40.54:931][  0]LogConfig: Setting CVar [[r.DOF.Recombine.EnableBokehSettings:0    ; no bokeh simulation on slight out of focus]]
[2023.04.11-12.40.54:931][  0]LogConfig: Setting CVar [[r.DOF.TemporalAAQuality:1                ; more stable temporal accumulation]]
[2023.04.11-12.40.54:931][  0]LogConfig: Setting CVar [[r.DOF.Kernel.MaxForegroundRadius:0.025]]
[2023.04.11-12.40.54:931][  0]LogConfig: Setting CVar [[r.DOF.Kernel.MaxBackgroundRadius:0.025]]
[2023.04.11-12.40.54:931][  0]LogConfig: Applying CVar settings from Section [TextureQuality@3] File [D:/Gid/Rogue/Saved/Config/Windows/Scalability.ini]
[2023.04.11-12.40.54:931][  0]LogConfig: Setting CVar [[r.Streaming.MipBias:0]]
[2023.04.11-12.40.54:931][  0]LogConfig: Setting CVar [[r.Streaming.AmortizeCPUToGPUCopy:0]]
[2023.04.11-12.40.54:931][  0]LogConfig: Setting CVar [[r.Streaming.MaxNumTexturesToStreamPerFrame:0]]
[2023.04.11-12.40.54:931][  0]LogConfig: Setting CVar [[r.Streaming.Boost:1]]
[2023.04.11-12.40.54:931][  0]LogConfig: Setting CVar [[r.MaxAnisotropy:8]]
[2023.04.11-12.40.54:931][  0]LogConfig: Setting CVar [[r.VT.MaxAnisotropy:8]]
[2023.04.11-12.40.54:931][  0]LogConfig: Setting CVar [[r.Streaming.LimitPoolSizeToVRAM:0]]
[2023.04.11-12.40.54:931][  0]LogConfig: Setting CVar [[r.Streaming.PoolSize:1000]]
[2023.04.11-12.40.54:931][  0]LogConfig: Setting CVar [[r.Streaming.MaxEffectiveScreenSize:0]]
[2023.04.11-12.40.54:931][  0]LogConfig: Applying CVar settings from Section [EffectsQuality@3] File [D:/Gid/Rogue/Saved/Config/Windows/Scalability.ini]
[2023.04.11-12.40.54:931][  0]LogConfig: Setting CVar [[r.TranslucencyLightingVolumeDim:64]]
[2023.04.11-12.40.54:931][  0]LogConfig: Setting CVar [[r.RefractionQuality:2]]
[2023.04.11-12.40.54:931][  0]LogConfig: Setting CVar [[r.SSR.Quality:3]]
[2023.04.11-12.40.54:931][  0]LogConfig: Setting CVar [[r.SSR.HalfResSceneColor:0]]
[2023.04.11-12.40.54:931][  0]LogConfig: Setting CVar [[r.SceneColorFormat:4]]
[2023.04.11-12.40.54:931][  0]LogConfig: Setting CVar [[r.DetailMode:2]]
[2023.04.11-12.40.54:931][  0]LogConfig: Setting CVar [[r.TranslucencyVolumeBlur:1]]
[2023.04.11-12.40.54:931][  0]LogConfig: Setting CVar [[r.MaterialQualityLevel:1 ; High quality]]
[2023.04.11-12.40.54:931][  0]LogConfig: Setting CVar [[r.AnisotropicMaterials:1]]
[2023.04.11-12.40.54:932][  0]LogConfig: Setting CVar [[r.SSS.Scale:1]]
[2023.04.11-12.40.54:932][  0]LogConfig: Setting CVar [[r.SSS.SampleSet:2]]
[2023.04.11-12.40.54:932][  0]LogConfig: Setting CVar [[r.SSS.Quality:1]]
[2023.04.11-12.40.54:932][  0]LogConfig: Setting CVar [[r.SSS.HalfRes:0]]
[2023.04.11-12.40.54:932][  0]LogConfig: Setting CVar [[r.SSGI.Quality:3]]
[2023.04.11-12.40.54:932][  0]LogConfig: Setting CVar [[r.EmitterSpawnRateScale:1.0]]
[2023.04.11-12.40.54:932][  0]LogConfig: Setting CVar [[r.ParticleLightQuality:2]]
[2023.04.11-12.40.54:932][  0]LogConfig: Setting CVar [[r.SkyAtmosphere.AerialPerspectiveLUT.FastApplyOnOpaque:1 ; Always have FastSkyLUT 1 in this case to avoid wrong sky]]
[2023.04.11-12.40.54:932][  0]LogConfig: Setting CVar [[r.SkyAtmosphere.AerialPerspectiveLUT.SampleCountMaxPerSlice:4]]
[2023.04.11-12.40.54:932][  0]LogConfig: Setting CVar [[r.SkyAtmosphere.AerialPerspectiveLUT.DepthResolution:16.0]]
[2023.04.11-12.40.54:932][  0]LogConfig: Setting CVar [[r.SkyAtmosphere.FastSkyLUT:1]]
[2023.04.11-12.40.54:932][  0]LogConfig: Setting CVar [[r.SkyAtmosphere.FastSkyLUT.SampleCountMin:4.0]]
[2023.04.11-12.40.54:932][  0]LogConfig: Setting CVar [[r.SkyAtmosphere.FastSkyLUT.SampleCountMax:128.0]]
[2023.04.11-12.40.54:932][  0]LogConfig: Setting CVar [[r.SkyAtmosphere.SampleCountMin:4.0]]
[2023.04.11-12.40.54:932][  0]LogConfig: Setting CVar [[r.SkyAtmosphere.SampleCountMax:128.0]]
[2023.04.11-12.40.54:932][  0]LogConfig: Setting CVar [[r.SkyAtmosphere.TransmittanceLUT.UseSmallFormat:0]]
[2023.04.11-12.40.54:932][  0]LogConfig: Setting CVar [[r.SkyAtmosphere.TransmittanceLUT.SampleCount:10.0]]
[2023.04.11-12.40.54:932][  0]LogConfig: Setting CVar [[r.SkyAtmosphere.MultiScatteringLUT.SampleCount:15.0]]
[2023.04.11-12.40.54:932][  0]LogConfig: Setting CVar [[r.SkyLight.RealTimeReflectionCapture:1]]
[2023.04.11-12.40.54:932][  0]LogConfig: Applying CVar settings from Section [FoliageQuality@3] File [D:/Gid/Rogue/Saved/Config/Windows/Scalability.ini]
[2023.04.11-12.40.54:932][  0]LogConfig: Setting CVar [[foliage.DensityScale:1.0]]
[2023.04.11-12.40.54:932][  0]LogConfig: Setting CVar [[grass.DensityScale:1.0]]
[2023.04.11-12.40.54:932][  0]LogConfig: Applying CVar settings from Section [ShadingQuality@3] File [D:/Gid/Rogue/Saved/Config/Windows/Scalability.ini]
[2023.04.11-12.40.54:932][  0]LogConfig: Setting CVar [[r.HairStrands.SkyLighting.IntegrationType:2]]
[2023.04.11-12.40.54:932][  0]LogConfig: Setting CVar [[r.HairStrands.SkyAO.SampleCount:4]]
[2023.04.11-12.40.54:932][  0]LogConfig: Setting CVar [[r.HairStrands.Visibility.MSAA.SamplePerPixel:4]]
[2023.04.11-12.40.54:932][  0]LogInit: Selected Device Profile: [Windows]
[2023.04.11-12.40.54:932][  0]LogInit: Applying CVar settings loaded from the selected device profile: [Windows]
[2023.04.11-12.40.54:933][  0]LogHAL: Display: Platform has ~ 16 GB [17160142848 / 17179869184 / 16], which maps to Larger [LargestMinGB=32, LargerMinGB=12, DefaultMinGB=8, SmallerMinGB=6, SmallestMinGB=0)
[2023.04.11-12.40.54:933][  0]LogInit: Going up to parent DeviceProfile []
[2023.04.11-12.40.54:933][  0]LogConfig: Applying CVar settings from Section [ViewDistanceQuality@3] File [D:/Gid/Rogue/Saved/Config/Windows/Scalability.ini]
[2023.04.11-12.40.54:933][  0]LogConfig: Setting CVar [[r.SkeletalMeshLODBias:0]]
[2023.04.11-12.40.54:933][  0]LogConfig: Setting CVar [[r.ViewDistanceScale:1.0]]
[2023.04.11-12.40.54:933][  0]LogConfig: Applying CVar settings from Section [AntiAliasingQuality@3] File [D:/Gid/Rogue/Saved/Config/Windows/Scalability.ini]
[2023.04.11-12.40.54:933][  0]LogConfig: Setting CVar [[r.PostProcessAAQuality:4]]
[2023.04.11-12.40.54:933][  0]LogConfig: Applying CVar settings from Section [ShadowQuality@3] File [D:/Gid/Rogue/Saved/Config/Windows/Scalability.ini]
[2023.04.11-12.40.54:933][  0]LogConfig: Setting CVar [[r.LightFunctionQuality:1]]
[2023.04.11-12.40.54:933][  0]LogConfig: Setting CVar [[r.ShadowQuality:5]]
[2023.04.11-12.40.54:933][  0]LogConfig: Setting CVar [[r.Shadow.CSM.MaxCascades:10]]
[2023.04.11-12.40.54:933][  0]LogConfig: Setting CVar [[r.Shadow.MaxResolution:2048]]
[2023.04.11-12.40.54:933][  0]LogConfig: Setting CVar [[r.Shadow.MaxCSMResolution:2048]]
[2023.04.11-12.40.54:933][  0]LogConfig: Setting CVar [[r.Shadow.RadiusThreshold:0.01]]
[2023.04.11-12.40.54:933][  0]LogConfig: Setting CVar [[r.Shadow.DistanceScale:1.0]]
[2023.04.11-12.40.54:933][  0]LogConfig: Setting CVar [[r.Shadow.CSM.TransitionScale:1.0]]
[2023.04.11-12.40.54:933][  0]LogConfig: Setting CVar [[r.Shadow.PreShadowResolutionFactor:1.0]]
[2023.04.11-12.40.54:933][  0]LogConfig: Setting CVar [[r.DistanceFieldShadowing:1]]
[2023.04.11-12.40.54:933][  0]LogConfig: Setting CVar [[r.DistanceFieldAO:1]]
[2023.04.11-12.40.54:933][  0]LogConfig: Setting CVar [[r.AOQuality:2]]
[2023.04.11-12.40.54:933][  0]LogConfig: Setting CVar [[r.VolumetricFog:1]]
[2023.04.11-12.40.54:933][  0]LogConfig: Setting CVar [[r.VolumetricFog.GridPixelSize:8]]
[2023.04.11-12.40.54:933][  0]LogConfig: Setting CVar [[r.VolumetricFog.GridSizeZ:128]]
[2023.04.11-12.40.54:933][  0]LogConfig: Setting CVar [[r.VolumetricFog.HistoryMissSupersampleCount:4]]
[2023.04.11-12.40.54:933][  0]LogConfig: Setting CVar [[r.LightMaxDrawDistanceScale:1]]
[2023.04.11-12.40.54:933][  0]LogConfig: Setting CVar [[r.CapsuleShadows:1]]
[2023.04.11-12.40.54:933][  0]LogConfig: Applying CVar settings from Section [PostProcessQuality@3] File [D:/Gid/Rogue/Saved/Config/Windows/Scalability.ini]
[2023.04.11-12.40.54:934][  0]LogConfig: Setting CVar [[r.MotionBlurQuality:4]]
[2023.04.11-12.40.54:934][  0]LogConfig: Setting CVar [[r.AmbientOcclusionMipLevelFactor:0.4]]
[2023.04.11-12.40.54:934][  0]LogConfig: Setting CVar [[r.AmbientOcclusionMaxQuality:100]]
[2023.04.11-12.40.54:934][  0]LogConfig: Setting CVar [[r.AmbientOcclusionLevels:-1]]
[2023.04.11-12.40.54:934][  0]LogConfig: Setting CVar [[r.AmbientOcclusionRadiusScale:1.0]]
[2023.04.11-12.40.54:934][  0]LogConfig: Setting CVar [[r.DepthOfFieldQuality:2]]
[2023.04.11-12.40.54:934][  0]LogConfig: Setting CVar [[r.RenderTargetPoolMin:400]]
[2023.04.11-12.40.54:934][  0]LogConfig: Setting CVar [[r.LensFlareQuality:2]]
[2023.04.11-12.40.54:934][  0]LogConfig: Setting CVar [[r.SceneColorFringeQuality:1]]
[2023.04.11-12.40.54:934][  0]LogConfig: Setting CVar [[r.EyeAdaptationQuality:2]]
[2023.04.11-12.40.54:934][  0]LogConfig: Setting CVar [[r.BloomQuality:5]]
[2023.04.11-12.40.54:934][  0]LogConfig: Setting CVar [[r.FastBlurThreshold:100]]
[2023.04.11-12.40.54:934][  0]LogConfig: Setting CVar [[r.Upscale.Quality:3]]
[2023.04.11-12.40.54:934][  0]LogConfig: Setting CVar [[r.Tonemapper.GrainQuantization:1]]
[2023.04.11-12.40.54:934][  0]LogConfig: Setting CVar [[r.LightShaftQuality:1]]
[2023.04.11-12.40.54:934][  0]LogConfig: Setting CVar [[r.Filter.SizeScale:1]]
[2023.04.11-12.40.54:934][  0]LogConfig: Setting CVar [[r.Tonemapper.Quality:5]]
[2023.04.11-12.40.54:934][  0]LogConfig: Setting CVar [[r.DOF.Gather.AccumulatorQuality:1        ; higher gathering accumulator quality]]
[2023.04.11-12.40.54:934][  0]LogConfig: Setting CVar [[r.DOF.Gather.PostfilterMethod:1          ; Median3x3 postfilering method]]
[2023.04.11-12.40.54:934][  0]LogConfig: Setting CVar [[r.DOF.Gather.EnableBokehSettings:0       ; no bokeh simulation when gathering]]
[2023.04.11-12.40.54:934][  0]LogConfig: Setting CVar [[r.DOF.Gather.RingCount:4                 ; medium number of samples when gathering]]
[2023.04.11-12.40.54:934][  0]LogConfig: Setting CVar [[r.DOF.Scatter.ForegroundCompositing:1    ; additive foreground scattering]]
[2023.04.11-12.40.54:934][  0]LogConfig: Setting CVar [[r.DOF.Scatter.BackgroundCompositing:2    ; additive background scattering]]
[2023.04.11-12.40.54:934][  0]LogConfig: Setting CVar [[r.DOF.Scatter.EnableBokehSettings:1      ; bokeh simulation when scattering]]
[2023.04.11-12.40.54:934][  0]LogConfig: Setting CVar [[r.DOF.Scatter.MaxSpriteRatio:0.1         ; only a maximum of 10% of scattered bokeh]]
[2023.04.11-12.40.54:934][  0]LogConfig: Setting CVar [[r.DOF.Recombine.Quality:1                ; cheap slight out of focus]]
[2023.04.11-12.40.54:935][  0]LogConfig: Setting CVar [[r.DOF.Recombine.EnableBokehSettings:0    ; no bokeh simulation on slight out of focus]]
[2023.04.11-12.40.54:935][  0]LogConfig: Setting CVar [[r.DOF.TemporalAAQuality:1                ; more stable temporal accumulation]]
[2023.04.11-12.40.54:935][  0]LogConfig: Setting CVar [[r.DOF.Kernel.MaxForegroundRadius:0.025]]
[2023.04.11-12.40.54:935][  0]LogConfig: Setting CVar [[r.DOF.Kernel.MaxBackgroundRadius:0.025]]
[2023.04.11-12.40.54:935][  0]LogConfig: Applying CVar settings from Section [TextureQuality@3] File [D:/Gid/Rogue/Saved/Config/Windows/Scalability.ini]
[2023.04.11-12.40.54:935][  0]LogConfig: Setting CVar [[r.Streaming.MipBias:0]]
[2023.04.11-12.40.54:935][  0]LogConfig: Setting CVar [[r.Streaming.AmortizeCPUToGPUCopy:0]]
[2023.04.11-12.40.54:935][  0]LogConfig: Setting CVar [[r.Streaming.MaxNumTexturesToStreamPerFrame:0]]
[2023.04.11-12.40.54:935][  0]LogConfig: Setting CVar [[r.Streaming.Boost:1]]
[2023.04.11-12.40.54:935][  0]LogConfig: Setting CVar [[r.MaxAnisotropy:8]]
[2023.04.11-12.40.54:935][  0]LogConfig: Setting CVar [[r.VT.MaxAnisotropy:8]]
[2023.04.11-12.40.54:935][  0]LogConfig: Setting CVar [[r.Streaming.LimitPoolSizeToVRAM:0]]
[2023.04.11-12.40.54:935][  0]LogConfig: Setting CVar [[r.Streaming.PoolSize:1000]]
[2023.04.11-12.40.54:935][  0]LogConfig: Setting CVar [[r.Streaming.MaxEffectiveScreenSize:0]]
[2023.04.11-12.40.54:935][  0]LogConfig: Applying CVar settings from Section [EffectsQuality@3] File [D:/Gid/Rogue/Saved/Config/Windows/Scalability.ini]
[2023.04.11-12.40.54:935][  0]LogConfig: Setting CVar [[r.TranslucencyLightingVolumeDim:64]]
[2023.04.11-12.40.54:935][  0]LogConfig: Setting CVar [[r.RefractionQuality:2]]
[2023.04.11-12.40.54:935][  0]LogConfig: Setting CVar [[r.SSR.Quality:3]]
[2023.04.11-12.40.54:935][  0]LogConfig: Setting CVar [[r.SSR.HalfResSceneColor:0]]
[2023.04.11-12.40.54:935][  0]LogConfig: Setting CVar [[r.SceneColorFormat:4]]
[2023.04.11-12.40.54:935][  0]LogConfig: Setting CVar [[r.DetailMode:2]]
[2023.04.11-12.40.54:935][  0]LogConfig: Setting CVar [[r.TranslucencyVolumeBlur:1]]
[2023.04.11-12.40.54:935][  0]LogConfig: Setting CVar [[r.MaterialQualityLevel:1 ; High quality]]
[2023.04.11-12.40.54:935][  0]LogConfig: Setting CVar [[r.AnisotropicMaterials:1]]
[2023.04.11-12.40.54:935][  0]LogConfig: Setting CVar [[r.SSS.Scale:1]]
[2023.04.11-12.40.54:935][  0]LogConfig: Setting CVar [[r.SSS.SampleSet:2]]
[2023.04.11-12.40.54:935][  0]LogConfig: Setting CVar [[r.SSS.Quality:1]]
[2023.04.11-12.40.54:935][  0]LogConfig: Setting CVar [[r.SSS.HalfRes:0]]
[2023.04.11-12.40.54:935][  0]LogConfig: Setting CVar [[r.SSGI.Quality:3]]
[2023.04.11-12.40.54:935][  0]LogConfig: Setting CVar [[r.EmitterSpawnRateScale:1.0]]
[2023.04.11-12.40.54:935][  0]LogConfig: Setting CVar [[r.ParticleLightQuality:2]]
[2023.04.11-12.40.54:935][  0]LogConfig: Setting CVar [[r.SkyAtmosphere.AerialPerspectiveLUT.FastApplyOnOpaque:1 ; Always have FastSkyLUT 1 in this case to avoid wrong sky]]
[2023.04.11-12.40.54:936][  0]LogConfig: Setting CVar [[r.SkyAtmosphere.AerialPerspectiveLUT.SampleCountMaxPerSlice:4]]
[2023.04.11-12.40.54:936][  0]LogConfig: Setting CVar [[r.SkyAtmosphere.AerialPerspectiveLUT.DepthResolution:16.0]]
[2023.04.11-12.40.54:936][  0]LogConfig: Setting CVar [[r.SkyAtmosphere.FastSkyLUT:1]]
[2023.04.11-12.40.54:936][  0]LogConfig: Setting CVar [[r.SkyAtmosphere.FastSkyLUT.SampleCountMin:4.0]]
[2023.04.11-12.40.54:936][  0]LogConfig: Setting CVar [[r.SkyAtmosphere.FastSkyLUT.SampleCountMax:128.0]]
[2023.04.11-12.40.54:936][  0]LogConfig: Setting CVar [[r.SkyAtmosphere.SampleCountMin:4.0]]
[2023.04.11-12.40.54:936][  0]LogConfig: Setting CVar [[r.SkyAtmosphere.SampleCountMax:128.0]]
[2023.04.11-12.40.54:936][  0]LogConfig: Setting CVar [[r.SkyAtmosphere.TransmittanceLUT.UseSmallFormat:0]]
[2023.04.11-12.40.54:936][  0]LogConfig: Setting CVar [[r.SkyAtmosphere.TransmittanceLUT.SampleCount:10.0]]
[2023.04.11-12.40.54:936][  0]LogConfig: Setting CVar [[r.SkyAtmosphere.MultiScatteringLUT.SampleCount:15.0]]
[2023.04.11-12.40.54:936][  0]LogConfig: Setting CVar [[r.SkyLight.RealTimeReflectionCapture:1]]
[2023.04.11-12.40.54:936][  0]LogConfig: Applying CVar settings from Section [FoliageQuality@3] File [D:/Gid/Rogue/Saved/Config/Windows/Scalability.ini]
[2023.04.11-12.40.54:936][  0]LogConfig: Setting CVar [[foliage.DensityScale:1.0]]
[2023.04.11-12.40.54:936][  0]LogConfig: Setting CVar [[grass.DensityScale:1.0]]
[2023.04.11-12.40.54:936][  0]LogConfig: Applying CVar settings from Section [ShadingQuality@3] File [D:/Gid/Rogue/Saved/Config/Windows/Scalability.ini]
[2023.04.11-12.40.54:936][  0]LogConfig: Setting CVar [[r.HairStrands.SkyLighting.IntegrationType:2]]
[2023.04.11-12.40.54:936][  0]LogConfig: Setting CVar [[r.HairStrands.SkyAO.SampleCount:4]]
[2023.04.11-12.40.54:936][  0]LogConfig: Setting CVar [[r.HairStrands.Visibility.MSAA.SamplePerPixel:4]]
[2023.04.11-12.40.54:936][  0]LogConfig: Applying CVar settings from Section [Startup] File [../../../Engine/Config/ConsoleVariables.ini]
[2023.04.11-12.40.54:937][  0]LogConfig: Setting CVar [[net.UseAdaptiveNetUpdateFrequency:0]]
[2023.04.11-12.40.54:937][  0]LogConfig: Setting CVar [[p.chaos.AllowCreatePhysxBodies:1]]
[2023.04.11-12.40.54:937][  0]LogConfig: Setting CVar [[fx.SkipVectorVMBackendOptimizations:1]]
[2023.04.11-12.40.54:937][  0]LogConfig: Applying CVar settings from Section [ConsoleVariables] File [D:/Gid/Rogue/Saved/Config/Windows/Engine.ini]
[2023.04.11-12.40.54:937][  0]LogConfig: Applying CVar settings from Section [ConsoleVariables] File [D:/Gid/Rogue/Saved/Config/Windows/Editor.ini]
[2023.04.11-12.40.54:937][  0]LogInit: Computer: HASTUR-PC
[2023.04.11-12.40.54:937][  0]LogInit: User: Иван
[2023.04.11-12.40.54:937][  0]LogInit: CPU Page size=4096, Cores=2
[2023.04.11-12.40.54:937][  0]LogInit: High frequency timer resolution =10.000000 MHz
[2023.04.11-12.40.54:937][  0]LogMemory: Memory total: Physical=16.0GB (16GB approx)
[2023.04.11-12.40.54:937][  0]LogMemory: Platform Memory Stats for Windows
[2023.04.11-12.40.54:937][  0]LogMemory: Process Physical Memory: 142.87 MB used, 142.87 MB peak
[2023.04.11-12.40.54:937][  0]LogMemory: Process Virtual Memory: 116.66 MB used, 116.66 MB peak
[2023.04.11-12.40.54:937][  0]LogMemory: Physical Memory: 8370.91 MB used,  7994.27 MB free, 16365.19 MB total
[2023.04.11-12.40.54:937][  0]LogMemory: Virtual Memory: 134197568.00 MB used,  20157.89 MB free, 134217728.00 MB total
[2023.04.11-12.40.54:951][  0]LogWindows: WindowsPlatformFeatures enabled
[2023.04.11-12.40.55:067][  0]LogInit: Physics initialised using underlying interface: PhysX
[2023.04.11-12.40.55:068][  0]LogInit: Using OS detected language (ru-RU).
[2023.04.11-12.40.55:068][  0]LogInit: Using OS detected locale (ru-RU).
[2023.04.11-12.40.55:073][  0]LogTextLocalizationManager: No specific localization for 'ru-RU' exists, so the 'ru' localization will be used.
[2023.04.11-12.40.55:077][  0]LogTextLocalizationResource: LocRes '../../../Engine/Content/Localization/Editor/ru/Editor.locres' could not be opened for reading!
[2023.04.11-12.40.55:078][  0]LogTextLocalizationResource: LocRes '../../../Engine/Content/Localization/EditorTutorials/ru/EditorTutorials.locres' could not be opened for reading!
[2023.04.11-12.40.55:078][  0]LogTextLocalizationResource: LocRes '../../../Engine/Content/Localization/Keywords/ru/Keywords.locres' could not be opened for reading!
[2023.04.11-12.40.55:078][  0]LogTextLocalizationResource: LocRes '../../../Engine/Content/Localization/Category/ru/Category.locres' could not be opened for reading!
[2023.04.11-12.40.55:078][  0]LogTextLocalizationResource: LocRes '../../../Engine/Content/Localization/ToolTips/ru/ToolTips.locres' could not be opened for reading!
[2023.04.11-12.40.55:078][  0]LogTextLocalizationResource: LocRes '../../../Engine/Content/Localization/PropertyNames/ru/PropertyNames.locres' could not be opened for reading!
[2023.04.11-12.40.55:079][  0]LogTextLocalizationResource: LocRes '../../../Engine/Content/Localization/Engine/ru/Engine.locres' could not be opened for reading!
[2023.04.11-12.40.55:097][  0]LogWindowsTextInputMethodSystem: Display: IME system deactivated.
[2023.04.11-12.40.55:138][  0]LogSlate: New Slate User Created.  User Index 0, Is Virtual User: 0
[2023.04.11-12.40.55:138][  0]LogSlate: Slate User Registered.  User Index 0, Is Virtual User: 0
[2023.04.11-12.40.55:169][  0]LogD3D11RHI: Loaded GFSDK_Aftermath_Lib.x64.dll
[2023.04.11-12.40.55:177][  0]LogHMD: Failed to initialize OpenVR with code 110
[2023.04.11-12.40.55:177][  0]LogD3D11RHI: D3D11 min allowed feature level: 11_0
[2023.04.11-12.40.55:177][  0]LogD3D11RHI: D3D11 max allowed feature level: 11_0
[2023.04.11-12.40.55:177][  0]LogD3D11RHI: D3D11 adapters:
[2023.04.11-12.40.55:520][  0]LogD3D11RHI:    0. 'NVIDIA GeForce GT 1030' (Feature Level 11_0)
[2023.04.11-12.40.55:521][  0]LogD3D11RHI:       1981/0/8182 MB DedicatedVideo/DedicatedSystem/SharedSystem, Outputs:1, VendorId:0x10de
[2023.04.11-12.40.55:524][  0]LogD3D11RHI:    1. 'Microsoft Basic Render Driver' (Feature Level 11_0)
[2023.04.11-12.40.55:524][  0]LogD3D11RHI:       0/0/8182 MB DedicatedVideo/DedicatedSystem/SharedSystem, Outputs:0, VendorId:0x1414
[2023.04.11-12.40.55:524][  0]LogD3D11RHI: Chosen D3D11 Adapter:
[2023.04.11-12.40.55:524][  0]LogD3D11RHI:     Description : NVIDIA GeForce GT 1030
[2023.04.11-12.40.55:524][  0]LogD3D11RHI:     VendorId    : 10de
[2023.04.11-12.40.55:524][  0]LogD3D11RHI:     DeviceId    : 1d01
[2023.04.11-12.40.55:524][  0]LogD3D11RHI:     SubSysId    : 11c710de
[2023.04.11-12.40.55:524][  0]LogD3D11RHI:     Revision    : 00a1
[2023.04.11-12.40.55:524][  0]LogD3D11RHI:     DedicatedVideoMemory : 2077286400 bytes
[2023.04.11-12.40.55:524][  0]LogD3D11RHI:     DedicatedSystemMemory : 0 bytes
[2023.04.11-12.40.55:524][  0]LogD3D11RHI:     SharedSystemMemory : 8580071424 bytes
[2023.04.11-12.40.55:524][  0]LogD3D11RHI:     AdapterLuid : 0 40319
[2023.04.11-12.40.55:534][  0]LogD3D11RHI: Creating new Direct3DDevice
[2023.04.11-12.40.55:534][  0]LogD3D11RHI:     GPU DeviceId: 0x1d01 (for the marketing name, search the web for "GPU Device Id")
[2023.04.11-12.40.55:534][  0]LogWindows: EnumDisplayDevices:
[2023.04.11-12.40.55:535][  0]LogWindows:    0. 'NVIDIA GeForce GT 1030' (P:1 D:1)
[2023.04.11-12.40.55:535][  0]LogWindows:    1. 'NVIDIA GeForce GT 1030' (P:0 D:0)
[2023.04.11-12.40.55:536][  0]LogWindows: DebugString: FoundDriverCount:2 
[2023.04.11-12.40.55:536][  0]LogD3D11RHI:     Adapter Name: NVIDIA GeForce GT 1030
[2023.04.11-12.40.55:536][  0]LogD3D11RHI:   Driver Version: 528.49 (internal:31.0.15.2849, unified:528.49)
[2023.04.11-12.40.55:536][  0]LogD3D11RHI:      Driver Date: 2-2-2023
[2023.04.11-12.40.55:536][  0]LogRHI: Texture pool is 1386 MB (70% of 1981 MB)
[2023.04.11-12.40.55:536][  0]LogD3D11RHI: Creating D3DDevice using adapter:
[2023.04.11-12.40.55:536][  0]LogD3D11RHI:     Description : NVIDIA GeForce GT 1030
[2023.04.11-12.40.55:536][  0]LogD3D11RHI:     VendorId    : 10de
[2023.04.11-12.40.55:536][  0]LogD3D11RHI:     DeviceId    : 1d01
[2023.04.11-12.40.55:536][  0]LogD3D11RHI:     SubSysId    : 11c710de
[2023.04.11-12.40.55:536][  0]LogD3D11RHI:     Revision    : 00a1
[2023.04.11-12.40.55:536][  0]LogD3D11RHI:     DedicatedVideoMemory : 2077286400 bytes
[2023.04.11-12.40.55:536][  0]LogD3D11RHI:     DedicatedSystemMemory : 0 bytes
[2023.04.11-12.40.55:536][  0]LogD3D11RHI:     SharedSystemMemory : 8580071424 bytes
[2023.04.11-12.40.55:536][  0]LogD3D11RHI:     AdapterLuid : 0 40319
[2023.04.11-12.40.55:701][  0]LogD3D11RHI: RHI has support for 64 bit atomics
[2023.04.11-12.40.55:702][  0]LogD3D11RHI: Async texture creation enabled
[2023.04.11-12.40.55:702][  0]LogD3D11RHI: Array index from any shader is supported
[2023.04.11-12.40.55:730][  0]LogD3D11RHI: GPU Timing Frequency: 1000.000000 (Debug: 2 1)
[2023.04.11-12.40.55:936][  0]LogRHI: GeForceNow SDK initialized: 1
[2023.04.11-12.40.57:143][  0]LogTargetPlatformManager: Display: Loaded TargetPlatform 'WindowsNoEditor'
[2023.04.11-12.40.57:156][  0]LogTargetPlatformManager: Display: Loaded TargetPlatform 'Windows'
[2023.04.11-12.40.57:169][  0]LogTargetPlatformManager: Display: Loaded TargetPlatform 'WindowsClient'
[2023.04.11-12.40.57:181][  0]LogTargetPlatformManager: Display: Loaded TargetPlatform 'WindowsServer'
[2023.04.11-12.40.57:181][  0]LogTargetPlatformManager: Display: Building Assets For Windows
[2023.04.11-12.40.57:200][  0]LogAudioDebug: Display: Lib vorbis DLL was dynamically loaded.
[2023.04.11-12.40.57:276][  0]LogTextureFormatOodle: Display: Oodle Texture 2.9.0 init RDO Off
[2023.04.11-12.40.57:408][  0]LogRendererCore: Ray tracing is disabled. Reason: r.RayTracing=0.
[2023.04.11-12.40.57:409][  0]LogShaderCompilers: Guid format shader working directory is 32 characters bigger than the processId version (D:/Gid/Rogue/Intermediate/Shaders/WorkingDirectory/14920/).
[2023.04.11-12.40.57:411][  0]LogShaderCompilers: Cleaned the shader compiler working directory 'C:/Users/Иван/AppData/Local/Temp/UnrealShaderWorkingDir/3ADE8527442EE3D2C3249A9740E6D7DE/'.
[2023.04.11-12.40.57:412][  0]LogXGEController: Cannot use XGE Controller as Incredibuild is not installed on this machine.
[2023.04.11-12.40.57:414][  0]LogShaderCompilers: Cannot use XGE Shader Compiler as Incredibuild is not installed on this machine.
[2023.04.11-12.40.57:414][  0]LogShaderCompilers: Display: Using Local Shader Compiler.
[2023.04.11-12.41.00:229][  0]LogDerivedDataCache: Display: Max Cache Size: 512 MB
[2023.04.11-12.41.00:347][  0]LogDerivedDataCache: Loaded boot cache 0.12s 94MB C:/Users/Иван/AppData/Local/UnrealEngine/4.27/DerivedDataCache/Boot.ddc.
[2023.04.11-12.41.00:347][  0]LogDerivedDataCache: Display: Loaded Boot cache: C:/Users/Иван/AppData/Local/UnrealEngine/4.27/DerivedDataCache/Boot.ddc
[2023.04.11-12.41.00:347][  0]LogDerivedDataCache: FDerivedDataBackendGraph:  Pak pak cache file D:/Gid/Rogue/DerivedDataCache/DDC.ddp not found, will not use a pak cache.
[2023.04.11-12.41.00:347][  0]LogDerivedDataCache: Unable to find inner node Pak for hierarchical cache Hierarchy.
[2023.04.11-12.41.00:347][  0]LogDerivedDataCache: FDerivedDataBackendGraph:  CompressedPak pak cache file D:/Gid/Rogue/DerivedDataCache/Compressed.ddp not found, will not use a pak cache.
[2023.04.11-12.41.00:347][  0]LogDerivedDataCache: Unable to find inner node CompressedPak for hierarchical cache Hierarchy.
[2023.04.11-12.41.00:386][  0]LogDerivedDataCache: Display: Pak cache opened for reading ../../../Engine/DerivedDataCache/Compressed.ddp.
[2023.04.11-12.41.00:386][  0]LogDerivedDataCache: FDerivedDataBackendGraph:  EnterprisePak pak cache file ../../../Enterprise/DerivedDataCache/Compressed.ddp not found, will not use a pak cache.
[2023.04.11-12.41.00:386][  0]LogDerivedDataCache: Unable to find inner node EnterprisePak for hierarchical cache Hierarchy.
[2023.04.11-12.41.00:419][  0]LogDerivedDataCache: Speed tests for C:/Users/Иван/AppData/Local/UnrealEngine/Common/DerivedDataCache took 0.03 seconds
[2023.04.11-12.41.00:419][  0]LogDerivedDataCache: Display: Performance to C:/Users/Иван/AppData/Local/UnrealEngine/Common/DerivedDataCache: Latency=0.09ms. RandomReadSpeed=585.33MBs, RandomWriteSpeed=31.17MBs. Assigned SpeedClass 'Local'
[2023.04.11-12.41.00:420][  0]LogDerivedDataCache: Using Local data cache path C:/Users/Иван/AppData/Local/UnrealEngine/Common/DerivedDataCache: Writable
[2023.04.11-12.41.00:420][  0]LogDerivedDataCache: Shared data cache path not found in *engine.ini, will not use an Shared cache.
[2023.04.11-12.41.00:420][  0]LogDerivedDataCache: Unable to find inner node Shared for hierarchical cache Hierarchy.
[2023.04.11-12.41.00:532][  0]LogSlate: Using FreeType 2.10.0
[2023.04.11-12.41.00:532][  0]LogSlate: SlateFontServices - WITH_FREETYPE: 1, WITH_HARFBUZZ: 1
[2023.04.11-12.41.00:769][  0]LogInit: Using OS detected language (ru-RU).
[2023.04.11-12.41.00:770][  0]LogInit: Using OS detected locale (ru-RU).
[2023.04.11-12.41.00:770][  0]LogTextLocalizationManager: No localization for 'ru-RU' exists, so 'en' will be used for the language.
[2023.04.11-12.41.00:770][  0]LogTextLocalizationManager: No localization for 'ru-RU' exists, so 'en' will be used for the locale.
[2023.04.11-12.41.00:771][  0]LogSlate: FontCache flush requested. Reason: Culture for localization was changed
[2023.04.11-12.41.00:771][  0]LogSlate: FontCache flush requested. Reason: Culture for localization was changed
[2023.04.11-12.41.00:785][  0]LogAssetRegistry: FAssetRegistry took 0.0084 seconds to start up
[2023.04.11-12.41.01:399][  0]LogTextLocalizationManager: Compacting localization data took   0.02ms
[2023.04.11-12.41.01:399][  0]LogPackageLocalizationCache: Processed 27 localized package path(s) for 1 prioritized culture(s) in 0.003166 seconds
[2023.04.11-12.41.01:564][  0]LogInit: Selected Device Profile: [Windows]
[2023.04.11-12.41.01:565][  0]LogInit: Active device profile: [0000026D7F6FAA00][0000026D78F92580 49] Windows
[2023.04.11-12.41.01:565][  0]LogInit: Profiles: [0000026D7F6FAA00][0000026D78F92580 49] Windows, [0000026D7F6B9B00][0000026D79414700 49] WindowsNoEditor, [0000026D7F6F9B00][0000026D79418880 49] WindowsServer, [0000026D7F6BA800][0000026D7941CA00 49] WindowsClient, [0000026D7F6FA800][0000026D79420B80 49] IOS, [0000026D7F6B8100][0000026D79424D00 49] iPadAir, [0000026D7F6FB500][0000026D79428E80 49] iPadAir2, [0000026D7F65BC00][0000026D79431140 49] IPadPro, [0000026D7F65BD00][0000026D7942D180 49] iPadAir3, [0000026D7F6FA600][0000026D797F3300 49] iPadAir4, [0000026D7F659D00][0000026D797F7480 49] iPadMini2, [0000026D7F6F8400][0000026D797FB600 49] iPadMini3, [0000026D7F65A500][0000026D79411740 49] iPadMini4, [0000026D7F6FA500][0000026D797FF880 49] iPadMini5, [0000026D7F693500][0000026D79807AC0 49] iPhone6, [0000026D7F693600][0000026D79803B00 49] iPodTouch6, [0000026D7F658D00][0000026D79812240 49] iPhone7, [0000026D7F658C00][0000026D7980E280 49] iPodTouch7, [0000026D7F691C00][0000026D79816400 49] iPhone5S, [0000026D7F65AD00][0000026D7981A580 49] iPhone6Plus, [0000026D7F692600][0000026D7981E700 49] iPhone6S, [0000026D7F659C00][0000026D79822880 49] iPhone6SPlus, [0000026D7F691E00][0000026D79826A00 49] iPhone7Plus, [0000026D7F65AC00][0000026D7AC50B80 49] iPhoneSE, [0000026D7F692400][0000026D7AC54D00 49] iPhone8, [0000026D7F658100][0000026D7AC58E80 49] iPhone8Plus, [0000026D7F692100][0000026D7AC5D000 49] iPhoneX, [0000026D7F65A900][0000026D7AC61180 49] iPhoneXS, [0000026D7F691D00][0000026D7AC65300 49] iPhoneXSMax, [0000026D7F65A800][0000026D7AC69480 49] iPhoneXR, [0000026D7F693800][0000026D7AC6D600 49] iPhone11, [0000026D7F658B00][0000026D7AC71780 49] iPhone11Pro, [0000026D7F693000][0000026D7980B8C0 49] iPhone11ProMax, [0000026D7F65B000][0000026D7AC75A00 49] iPhoneSE2, [0000026D7F690600][0000026D7AC79B40 49] iPhone12Mini, [0000026D7F659800][0000026D7AC7C100 49] iPhone12, [0000026D7F690B00][0000026D7AC84280 49] iPhone12Pro, [0000026D7F65BE00][0000026D7AC88400 49] iPhone12ProMax, [0000026D7F693200][0000026D7AC8C580 49] iPadPro105, [0000026D7F658E00][0000026D7AC90700 49] iPadPro129, [0000026D7F690D00][0000026D7AC94880 49] iPadPro97, [0000026D7F65BB00][0000026D7AE9AA00 49] iPadPro2_129, [0000026D7F692700][0000026D7AE9EB80 49] iPad5, [0000026D7F65A400][0000026D7AEA2D00 49] iPad6, [0000026D7F690300][0000026D7AEA6E80 49] iPad7, [0000026D7F659E00][0000026D7AEAB000 49] iPad8, [0000026D7F691000][0000026D7AEAF180 49] iPadPro11, [0000026D7F659500][0000026D7AEB3300 49] iPadPro2_11, [0000026D7F690200][0000026D7AEB7480 49] iPadPro3_129, [0000026D7F65AF00][0000026D7AEBB600 49] iPadPro4_129, [0000026D7F691F00][0000026D7AEBF780 49] AppleTV, [0000026D7F659F00][0000026D7AEC3900 49] AppleTV4K, [0000026D7F6BAF00][0000026D7AEC7A80 49] TVOS, [0000026D7F72CB00][0000026D7AC81BC0 49] Mac, [0000026D7F6B9000][0000026D7AECA180 49] MacClient, [0000026D7F72C800][0000026D7AECE2C0 49] MacNoEditor, [0000026D7F6B8E00][0000026D7AED6440 49] MacServer, [0000026D7F72D300][0000026D7AEDA5C0 49] Linux, [0000026D7F6B9C00][0000026D7AEDE740 49] LinuxAArch64, [0000026D7F72C600][0000026D7AEE28C0 49] LinuxNoEditor, [0000026D7F6BA700][0000026D7AEE6A40 49] LinuxAArch64NoEditor, [0000026D7F72D400][0000026D7AEEABC0 49] LinuxClient, [0000026D7F6BB700][0000026D7AEEED40 49] LinuxAArch64Client, [0000026D7F72C300][0000026D7AEF2EC0 49] LinuxServer, [0000026D7F6B8F00][0000026D7AEF7040 49] LinuxAArch64Server, [0000026D7F72D600][0000026D7AEFB1C0 49] Android, [0000026D7F6B8700][0000026D7AEFF340 49] Android_Low, [0000026D7F65A100][0000026D7AF034C0 49] Android_Mid, [0000026D7F6B9F00][0000026D7AF07640 49] Android_High, [0000026D7F65B200][0000026D7AF0B7C0 49] Android_Default, [0000026D7F6BA400][0000026D7AF0F940 49] Android_Adreno4xx, [0000026D7F65A300][0000026D7AF13AC0 49] Android_Adreno5xx_Low, [0000026D7F6B9E00][0000026D7AF160C0 49] Android_Adreno5xx, [0000026D7F65B600][0000026D7AED2200 49] Android_Adreno6xx, [0000026D7F6BB900][0000026D7AF1A340 49] Android_Adreno6xx_Vulkan, [0000026D7F659900][0000026D7AB20480 49] Android_Mali_T6xx, [0000026D7F6BA100][0000026D7AB245C0 49] Android_Mali_T7xx, [0000026D7F65BA00][0000026D7AB2C740 49] Android_Mali_T8xx, [0000026D7F6B8600][0000026D7AB308C0 49] Android_Mali_G71, [0000026D7F659300][0000026D7AB34A40 49] Android_Mali_G72, [0000026D7F6B9D00][0000026D7AB38BC0 49] Android_Mali_G72_Vulkan, [0000026D7F659700][0000026D7AB3CD40 49] Android_Mali_G76, [0000026D7F6BB500][0000026D7AB40EC0 49] Android_Mali_G76_Vulkan, [0000026D7F65B900][0000026D7AB45040 49] Android_Mali_G77, [0000026D7F6BBB00][0000026D7AB491C0 49] Android_Mali_G77_Vulkan, [0000026D7F65A200][0000026D7AB4D340 49] Android_Mali_G78, [0000026D7F6BBD00][0000026D7AB514C0 49] Android_Mali_G78_Vulkan, [0000026D7F658500][0000026D7AB55640 49] Android_Mali_G710, [0000026D7F6BA200][0000026D7AB597C0 49] Android_Mali_G710_Vulkan, [0000026D7F65AB00][0000026D7AB5D940 49] Android_Vulkan_SM5, [0000026D7F6B8400][0000026D7AB61AC0 49] Android_PowerVR_G6xxx, [0000026D7F659A00][0000026D7AB640C0 49] Android_PowerVR_GT7xxx, [0000026D7F6B8500][0000026D7AB68240 49] Android_PowerVR_GE8xxx, [0000026D7F65A600][0000026D7AB28380 49] Android_PowerVR_GM9xxx, [0000026D7F6BAC00][0000026D7F8804C0 49] Android_PowerVR_GM9xxx_Vulkan, [0000026D7F65B100][0000026D7F884600 49] Android_TegraK1, [0000026D7F6BB000][0000026D7F888740 49] Android_Unknown_Vulkan, [0000026D7F65B800][0000026D7F8908C0 49] Lumin, [0000026D7F693D00][0000026D7F894A40 49] Lumin_Desktop, [0000026D7F6F9800][0000026D7F898BC0 49] HoloLens, 
[2023.04.11-12.41.01:764][  0]LogMeshReduction: Using QuadricMeshReduction for automatic static mesh reduction
[2023.04.11-12.41.01:764][  0]LogMeshReduction: Using SimplygonMeshReduction for automatic skeletal mesh reduction
[2023.04.11-12.41.01:764][  0]LogMeshReduction: Using ProxyLODMeshReduction for automatic mesh merging
[2023.04.11-12.41.01:764][  0]LogMeshReduction: No distributed automatic mesh merging module available
[2023.04.11-12.41.01:764][  0]LogMeshMerging: No distributed automatic mesh merging module available
[2023.04.11-12.41.02:138][  0]LogNetVersion: Rogue 1.0.0, NetCL: 17155196, EngineNetVer: 17, GameNetVer: 0 (Checksum: 1113035870)
[2023.04.11-12.41.02:774][  0]LogTexture: Default maximum texture size for cubemaps generated from long-lat sources has been changed from 512 to unlimited. In order to preserve old behaiour for '/Engine/MapTemplates/Sky/DaylightAmbientCubemap.DaylightAmbientCubemap', its maximum texture size has been explicitly set to 512.
[2023.04.11-12.41.02:928][  0]LogHMD: PokeAHoleMaterial loaded successfully
[2023.04.11-12.41.03:257][  0]LogMoviePlayer: Initializing movie player
[2023.04.11-12.41.03:507][  0]LogNiagaraDebuggerClient: Niagara Debugger Client Initialized | Session: DA5125F8497C75DC89CFF188B277637F | Instance: C02787124C5E2C0955B2E99866E809E0 (HASTUR-PC-14920).
[2023.04.11-12.41.03:552][  0]LogCollectionManager: Loaded 0 collections in 0.001509 seconds
[2023.04.11-12.41.03:558][  0]LogFileCache: Scanning file cache for directory 'D:/Gid/Rogue/Saved/Collections/' took 0.00s
[2023.04.11-12.41.03:558][  0]LogFileCache: Scanning file cache for directory 'D:/Gid/Rogue/Content/Developers/Иван/Collections/' took 0.00s
[2023.04.11-12.41.03:558][  0]LogFileCache: Scanning file cache for directory 'D:/Gid/Rogue/Content/Collections/' took 0.00s
[2023.04.11-12.41.03:558][  0]LogCollectionManager: Fixed up redirectors for 0 collections in 0.000004 seconds (updated 0 objects)
[2023.04.11-12.41.03:606][  0]LogPython: Using Python 3.7.7
[2023.04.11-12.41.05:290][  0]LogTcpMessaging: Initializing TcpMessaging bridge
[2023.04.11-12.41.05:298][  0]LogUdpMessaging: Initializing bridge on interface 0.0.0.0:0 to multicast group 230.0.0.1:6666.
[2023.04.11-12.41.05:632][  0]SourceControl: Source control is disabled
[2023.04.11-12.41.05:632][  0]SourceControl: Source control is disabled
[2023.04.11-12.41.05:642][  0]SourceControl: Source control is disabled
[2023.04.11-12.41.05:662][  0]LogUProjectInfo: Found projects:
[2023.04.11-12.41.05:682][  0]LogVSAccessor: Display: Unable to create Visual Studio setup instance: 80040154
[2023.04.11-12.41.05:683][  0]LogVSAccessor: Display: Unable to create Visual Studio setup instance: 80040154
[2023.04.11-12.41.05:684][  0]LogVSAccessor: Display: Unable to create Visual Studio setup instance: 80040154
[2023.04.11-12.41.05:881][  0]LogOpenImageDenoise: OIDN starting up
[2023.04.11-12.41.06:055][  0]LogAndroidPermission: UAndroidPermissionCallbackProxy::GetInstance
[2023.04.11-12.41.06:110][  0]LogAudioCaptureCore: Display: No Audio Capture implementations found. Audio input will be silent.
[2023.04.11-12.41.06:110][  0]LogAudioCaptureCore: Display: No Audio Capture implementations found. Audio input will be silent.
[2023.04.11-12.41.06:256][  0]LogOcInput: OculusInput pre-init called
[2023.04.11-12.41.06:271][  0]LogUObjectArray: 22167 objects as part of root set at end of initial load.
[2023.04.11-12.41.06:271][  0]LogUObjectAllocator: 5995280 out of 0 bytes used by permanent object pool.
[2023.04.11-12.41.06:271][  0]LogUObjectArray: CloseDisregardForGC: 0/0 objects in disregard for GC pool
[2023.04.11-12.41.06:372][  0]LogEngine: Initializing Engine...
[2023.04.11-12.41.06:376][  0]LogHMD: Failed to enumerate extensions. Please check that you have a valid OpenXR runtime installed.
[2023.04.11-12.41.06:378][  0]LogHMD: Failed to initialize OpenVR with code 110
[2023.04.11-12.41.06:378][  0]LogMagicLeap: Warning: VR disabled because ZI is not enabled.  To enable, in the editor, Edit -> Project Settings -> Plugins -> Magic Leap Plugin -> Enable Zero Iteration
[2023.04.11-12.41.06:380][  0]LogStats: UGameplayTagsManager::InitializeManager -  0.000 s
[2023.04.11-12.41.06:712][  0]LogInit: Initializing FReadOnlyCVARCache
[2023.04.11-12.41.06:712][  0]LogAudio: Display: Initializing Audio Device Manager...
[2023.04.11-12.41.06:725][  0]LogAudio: Display: Loading Default Audio Settings Objects...
[2023.04.11-12.41.06:726][  0]LogAudio: Display: No default SoundConcurrencyObject specified (or failed to load).
[2023.04.11-12.41.06:729][  0]LogAudio: Display: Audio Device Manager Initialized
[2023.04.11-12.41.06:729][  0]LogAudio: Display: Creating Audio Device:                 Id: 1, Scope: Shared, Realtime: True
[2023.04.11-12.41.06:729][  0]LogAudioMixer: Display: Audio Mixer Platform Settings:
[2023.04.11-12.41.06:729][  0]LogAudioMixer: Display: 	Sample Rate:						  48000
[2023.04.11-12.41.06:729][  0]LogAudioMixer: Display: 	Callback Buffer Frame Size Requested: 1024
[2023.04.11-12.41.06:730][  0]LogAudioMixer: Display: 	Callback Buffer Frame Size To Use:	  1024
[2023.04.11-12.41.06:730][  0]LogAudioMixer: Display: 	Number of buffers to queue:			  2
[2023.04.11-12.41.06:730][  0]LogAudioMixer: Display: 	Max Channels (voices):				  32
[2023.04.11-12.41.06:730][  0]LogAudioMixer: Display: 	Number of Async Source Workers:		  0
[2023.04.11-12.41.06:730][  0]LogAudio: Display: AudioDevice MaxSources: 32
[2023.04.11-12.41.06:731][  0]LogAudio: Display: Audio Spatialization Plugin: None (built-in).
[2023.04.11-12.41.06:731][  0]LogAudio: Display: Audio Reverb Plugin: None (built-in).
[2023.04.11-12.41.06:732][  0]LogAudio: Display: Audio Occlusion Plugin: None (built-in).
[2023.04.11-12.41.06:732][  0]LogAudioMixer: Display: Initializing audio mixer.
[2023.04.11-12.41.06:787][  0]LogAudioMixer: Display: 0: FrontLeft
[2023.04.11-12.41.06:787][  0]LogAudioMixer: Display: 1: FrontRight
[2023.04.11-12.41.06:848][  0]LogAudioMixer: Display: Using Audio Device Динамики (High Definition Audio Device)
[2023.04.11-12.41.06:866][  0]LogAudioMixer: Display: Initializing Sound Submixes...
[2023.04.11-12.41.06:872][  0]LogAudioMixer: Display: Creating Master Submix 'MasterSubmixDefault'
[2023.04.11-12.41.06:872][  0]LogAudioMixer: Display: Creating Master Submix 'MasterReverbSubmixDefault'
[2023.04.11-12.41.06:877][  0]LogAudioMixer: Display: Creating Master Submix 'MasterEQSubmixDefault'
[2023.04.11-12.41.06:877][  0]LogAudioMixer: FMixerPlatformXAudio2::StartAudioStream() called
[2023.04.11-12.41.06:877][  0]LogAudioMixer: Display: Output buffers initialized: Frames=1024, Channels=2, Samples=2048
[2023.04.11-12.41.06:879][  0]LogAudioMixer: Display: Starting AudioMixerPlatformInterface::RunInternal()
[2023.04.11-12.41.06:879][  0]LogAudioMixer: Display: FMixerPlatformXAudio2::SubmitBuffer() called for the first time
[2023.04.11-12.41.06:879][  0]LogInit: FAudioDevice initialized.
[2023.04.11-12.41.06:882][  0]LogNetVersion: Set ProjectVersion to 1.0.0.0. Version Checksum will be recalculated on next use.
[2023.04.11-12.41.06:897][  0]LogInit: Texture streaming: Enabled
[2023.04.11-12.41.07:124][  0]LogAudio: Display: Audio Device (ID: 1) registered with world 'Untitled'.
[2023.04.11-12.41.07:125][  0]LogSlate: Updating window title bar state: overlay mode, drag disabled, window buttons hidden, title bar hidden
[2023.04.11-12.41.07:128][  0]LogInit: Display: Game Engine Initialized.
[2023.04.11-12.41.07:129][  0]LogNiagaraEditor: GEditor isn't valid! Particle reset commands will not work for Niagara components!
[2023.04.11-12.41.07:965][  0]LogInit: Display: Starting Game.
[2023.04.11-12.41.07:967][  0]LogNet: Browse: /Game/Levels/MainMenu?Name=Player
[2023.04.11-12.41.07:967][  0]LogLoad: LoadMap: /Game/Levels/MainMenu?Name=Player
[2023.04.11-12.41.07:967][  0]LogWorld: BeginTearingDown for /Temp/Untitled_0
[2023.04.11-12.41.07:979][  0]LogWorld: UWorld::CleanupWorld for Untitled, bSessionEnded=true, bCleanupResources=true
[2023.04.11-12.41.07:981][  0]LogSlate: InvalidateAllWidgets triggered.  All widgets were invalidated
[2023.04.11-12.41.08:015][  0]LogAudio: Display: Audio Device unregistered from world 'None'.
[2023.04.11-12.41.08:024][  0]LogUObjectHash: Compacting FUObjectHashTables data took   3.94ms
[2023.04.11-12.41.08:100][  0]LogAudio: Display: Audio Device (ID: 1) registered with world 'MainMenu'.
[2023.04.11-12.41.08:135][  0]LogAIModule: Creating AISystem for world MainMenu
[2023.04.11-12.41.08:136][  0]LogUObjectGlobals: Warning: Failed to load '/Game/Blueprints/NewGameMode': Can't find file.
[2023.04.11-12.41.08:137][  0]LogUObjectGlobals: Warning: Failed to load '/Game/Blueprints/NewGameMode': Can't find file.
[2023.04.11-12.41.08:137][  0]LogUObjectGlobals: Warning: Failed to find object 'Class /Game/Blueprints/NewGameMode.NewGameMode_C'
[2023.04.11-12.41.08:137][  0]LogLoad: Game class is 'GameModeBase'
[2023.04.11-12.41.08:144][  0]LogWorld: Bringing World /Game/Levels/MainMenu.MainMenu up for play (max tick rate 0) at 2023.04.11-15.41.08
[2023.04.11-12.41.08:145][  0]LogWorld: Bringing up level for play took: 0.005639
[2023.04.11-12.41.08:148][  0]LogGameMode: FindPlayerStart: PATHS NOT DEFINED or NO PLAYERSTART with positive rating
[2023.04.11-12.41.08:154][  0]LogViewport: Display: Viewport MouseLockMode Changed, LockOnCapture -> DoNotLock
[2023.04.11-12.41.08:154][  0]LogViewport: Display: Viewport MouseCaptureMode Changed, CapturePermanently_IncludingInitialMouseDown -> CaptureDuringMouseDown
[2023.04.11-12.41.08:154][  0]LogLoad: Took 0.186845 seconds to LoadMap(/Game/Levels/MainMenu)
[2023.04.11-12.41.08:304][  0]LogRenderer: Reallocating scene render targets to support 1280x696 Format 10 NumSamples 1 (Frame:1).
[2023.04.11-12.41.08:304][  0]LogSlate: Took 0.000426 seconds to synchronously load lazily loaded font '../../../Engine/Content/Slate/Fonts/Roboto-Regular.ttf' (155K)
[2023.04.11-12.41.08:405][  0]LogInit: Display: Engine is initialized. Leaving FEngineLoop::Init()
[2023.04.11-12.41.08:405][  0]LogLoad: (Engine Initialization) Total time: 18.25 seconds
[2023.04.11-12.41.08:405][  0]LogLoad: (Engine Initialization) Total Blueprint compile time: 0.00 seconds
[2023.04.11-12.41.08:453][  0]LogContentStreaming: Texture pool size now 1000 MB
[2023.04.11-12.41.08:466][  0]LogSlate: InvalidateAllWidgets triggered.  All widgets were invalidated
[2023.04.11-12.41.13:446][  0]LogD3D11RHI: GetQueryData is taking a very long time (5.0 s) (00000000)
[2023.04.11-12.41.14:863][  1]LogSlate: Took 0.000362 seconds to synchronously load lazily loaded font '../../../Engine/Content/Slate/Fonts/Roboto-Regular.ttf' (155K)
[2023.04.11-12.41.26:120][960]LogSlate: Window 'Rogue (64-bit Development PCD3D_SM5) ' being destroyed
[2023.04.11-12.41.26:121][960]LogWindowsTextInputMethodSystem: Display: IME system deactivated.
[2023.04.11-12.41.26:132][960]LogSlate: Updating window title bar state: overlay mode, drag disabled, window buttons hidden, title bar hidden
[2023.04.11-12.41.26:132][960]LogEngine: All Windows Closed
[2023.04.11-12.41.26:132][960]LogWindows: FPlatformMisc::RequestExit(0)
[2023.04.11-12.41.26:132][960]LogWindows: FPlatformMisc::RequestExitWithStatus(0, 0)
[2023.04.11-12.41.26:132][960]LogCore: Engine exit requested (reason: Win RequestExit)
[2023.04.11-12.41.26:133][961]LogCore: Engine exit requested (reason: EngineExit() was called; note: exit was already requested)
[2023.04.11-12.41.26:133][961]LogInit: Display: PreExit Game.
[2023.04.11-12.41.26:235][961]LogWorld: BeginTearingDown for /Game/Levels/MainMenu
[2023.04.11-12.41.26:235][961]LogWorld: UWorld::CleanupWorld for MainMenu, bSessionEnded=true, bCleanupResources=true
[2023.04.11-12.41.26:236][961]LogSlate: InvalidateAllWidgets triggered.  All widgets were invalidated
[2023.04.11-12.41.26:402][961]LogAudio: Display: Beginning Audio Device Manager Shutdown (Module: AudioMixerXAudio2)...
[2023.04.11-12.41.26:402][961]LogAudio: Display: Destroying 1 Remaining Audio Device(s)...
[2023.04.11-12.41.26:402][961]LogAudio: Display: Audio Device unregistered from world 'MainMenu'.
[2023.04.11-12.41.26:441][961]LogAudioMixer: FMixerPlatformXAudio2::StopAudioStream() called
[2023.04.11-12.41.26:442][961]LogAudioMixer: FMixerPlatformXAudio2::StopAudioStream() called
[2023.04.11-12.41.26:448][961]LogAudio: Display: Audio Device Manager Shutdown
[2023.04.11-12.41.26:452][961]LogExit: Preparing to exit.
[2023.04.11-12.41.27:351][961]LogSlate: Updating window title bar state: overlay mode, drag disabled, window buttons hidden, title bar hidden
[2023.04.11-12.41.27:357][961]LogUObjectHash: Compacting FUObjectHashTables data took   4.46ms
[2023.04.11-12.41.27:437][961]LogMoviePlayer: Shutting down movie player
[2023.04.11-12.41.27:562][961]LogDemo: Cleaned up 0 splitscreen connections with owner deletion
[2023.04.11-12.41.27:578][961]LogExit: Game engine shut down
[2023.04.11-12.41.27:679][961]LogExit: Object subsystem successfully closed.
[2023.04.11-12.41.27:689][961]LogShaderCompilers: Display: === FShaderJobCache stats ===
[2023.04.11-12.41.27:690][961]LogShaderCompilers: Display: Total job queries 0, among them cache hits 0 (0.00%)
[2023.04.11-12.41.27:690][961]LogShaderCompilers: Display: Tracking 0 distinct input hashes that result in 0 distinct outputs (0.00%)
[2023.04.11-12.41.27:690][961]LogShaderCompilers: Display: RAM used: 0.00 MB (0.00 GB) of 819.20 MB (0.80 GB) budget. Usage: 0.00%
[2023.04.11-12.41.27:690][961]LogShaderCompilers: Display: ================================================
[2023.04.11-12.41.27:698][961]LogShaderCompilers: Display: Shaders left to compile 0
[2023.04.11-12.41.27:732][961]LogModuleManager: Shutting down and abandoning module SequenceRecorderSections (562)
[2023.04.11-12.41.27:732][961]LogModuleManager: Shutting down and abandoning module SequenceRecorder (560)
[2023.04.11-12.41.27:732][961]LogModuleManager: Shutting down and abandoning module AutomationController (558)
[2023.04.11-12.41.27:733][961]LogModuleManager: Shutting down and abandoning module AutomationWorker (556)
[2023.04.11-12.41.27:733][961]LogModuleManager: Shutting down and abandoning module Voice (554)
[2023.04.11-12.41.27:733][961]LogModuleManager: Shutting down and abandoning module AIModule (552)
[2023.04.11-12.41.27:733][961]LogModuleManager: Shutting down and abandoning module GameplayDebugger (551)
[2023.04.11-12.41.27:733][961]LogModuleManager: Shutting down and abandoning module AITestSuite (549)
[2023.04.11-12.41.27:733][961]LogModuleManager: Shutting down and abandoning module NavigationSystem (547)
[2023.04.11-12.41.27:733][961]LogModuleManager: Shutting down and abandoning module SteamVREditor (544)
[2023.04.11-12.41.27:733][961]LogModuleManager: Shutting down and abandoning module ToolMenus (543)
[2023.04.11-12.41.27:733][961]LogModuleManager: Shutting down and abandoning module OculusMR (540)
[2023.04.11-12.41.27:733][961]LogModuleManager: Shutting down and abandoning module TakeRecorderSources (538)
[2023.04.11-12.41.27:733][961]LogModuleManager: Shutting down and abandoning module TakeRecorder (537)
[2023.04.11-12.41.27:733][961]LogModuleManager: Shutting down and abandoning module TakeTrackRecorders (534)
[2023.04.11-12.41.27:733][961]LogModuleManager: Shutting down and abandoning module TakesCore (532)
[2023.04.11-12.41.27:733][961]LogModuleManager: Shutting down and abandoning module OpenXRInput (530)
[2023.04.11-12.41.27:733][961]LogModuleManager: Shutting down and abandoning module WmfMediaFactory (528)
[2023.04.11-12.41.27:733][961]LogModuleManager: Shutting down and abandoning module WebMMediaFactory (526)
[2023.04.11-12.41.27:734][961]LogModuleManager: Shutting down and abandoning module WebMMedia (524)
[2023.04.11-12.41.27:734][961]LogModuleManager: Shutting down and abandoning module OpenExrWrapper (522)
[2023.04.11-12.41.27:734][961]LogModuleManager: Shutting down and abandoning module ImgMediaFactory (520)
[2023.04.11-12.41.27:734][961]LogModuleManager: Shutting down and abandoning module AvfMediaFactory (518)
[2023.04.11-12.41.27:734][961]LogModuleManager: Shutting down and abandoning module MagicLeapMediaCodecFactory (516)
[2023.04.11-12.41.27:734][961]LogModuleManager: Shutting down and abandoning module MagicLeapMediaFactory (514)
[2023.04.11-12.41.27:734][961]LogModuleManager: Shutting down and abandoning module PlanarCut (512)
[2023.04.11-12.41.27:734][961]LogModuleManager: Shutting down and abandoning module CharacterAI (510)
[2023.04.11-12.41.27:734][961]LogModuleManager: Shutting down and abandoning module SessionServices (508)
[2023.04.11-12.41.27:734][961]LogModuleManager: Shutting down and abandoning module MovieSceneCapture (506)
[2023.04.11-12.41.27:734][961]LogModuleManager: Shutting down and abandoning module LiveCoding (504)
[2023.04.11-12.41.27:734][961]LogModuleManager: Shutting down and abandoning module LevelSequence (502)
[2023.04.11-12.41.27:734][961]LogModuleManager: Shutting down and abandoning module MovieSceneTracks (500)
[2023.04.11-12.41.27:734][961]LogModuleManager: Shutting down and abandoning module MovieScene (498)
[2023.04.11-12.41.27:734][961]LogModuleManager: Shutting down and abandoning module StreamingPauseRendering (496)
[2023.04.11-12.41.27:734][961]LogModuleManager: Shutting down and abandoning module PortalServices (494)
[2023.04.11-12.41.27:735][961]LogModuleManager: Shutting down and abandoning module PortalRpc (492)
[2023.04.11-12.41.27:735][961]LogModuleManager: Shutting down and abandoning module MessagingRpc (490)
[2023.04.11-12.41.27:735][961]LogModuleManager: Shutting down and abandoning module AudioMixerXAudio2 (488)
[2023.04.11-12.41.27:735][961]LogModuleManager: Shutting down and abandoning module AudioMixerCore (487)
[2023.04.11-12.41.27:735][961]LogModuleManager: Shutting down and abandoning module ImageWriteQueue (484)
[2023.04.11-12.41.27:737][961]LogModuleManager: Shutting down and abandoning module ProfilerService (482)
[2023.04.11-12.41.27:771][961]LogModuleManager: Shutting down and abandoning module TaskGraph (480)
[2023.04.11-12.41.27:771][961]LogModuleManager: Shutting down and abandoning module OculusInput (478)
[2023.04.11-12.41.27:771][961]LogModuleManager: Shutting down and abandoning module TakeMovieScene (476)
[2023.04.11-12.41.27:771][961]LogModuleManager: Shutting down and abandoning module Synthesis (474)
[2023.04.11-12.41.27:771][961]LogModuleManager: Shutting down and abandoning module ProceduralMeshComponent (472)
[2023.04.11-12.41.27:771][961]LogModuleManager: Shutting down and abandoning module MobilePatchingUtils (470)
[2023.04.11-12.41.27:771][961]LogModuleManager: Shutting down and abandoning module GooglePAD (468)
[2023.04.11-12.41.27:771][961]LogModuleManager: Shutting down and abandoning module EditableMesh (466)
[2023.04.11-12.41.27:771][961]LogModuleManager: Shutting down and abandoning module CustomMeshComponent (464)
[2023.04.11-12.41.27:771][961]LogModuleManager: Shutting down and abandoning module CableComponent (462)
[2023.04.11-12.41.27:771][961]LogModuleManager: Shutting down and abandoning module AudioCapture (460)
[2023.04.11-12.41.27:771][961]LogModuleManager: Shutting down and abandoning module AudioCaptureRtAudio (459)
[2023.04.11-12.41.27:771][961]LogModuleManager: Shutting down and abandoning module AssetTags (456)
[2023.04.11-12.41.27:771][961]LogModuleManager: Shutting down and abandoning module ArchVisCharacter (454)
[2023.04.11-12.41.27:771][961]LogModuleManager: Shutting down and abandoning module AppleImageUtilsBlueprintSupport (452)
[2023.04.11-12.41.27:771][961]LogModuleManager: Shutting down and abandoning module AppleImageUtils (450)
[2023.04.11-12.41.27:771][961]LogModuleManager: Shutting down and abandoning module AndroidPermission (448)
[2023.04.11-12.41.27:771][961]LogModuleManager: Shutting down and abandoning module ActorLayerUtilities (446)
[2023.04.11-12.41.27:771][961]LogModuleManager: Shutting down and abandoning module TemplateSequence (444)
[2023.04.11-12.41.27:771][961]LogModuleManager: Shutting down and abandoning module MediaCompositing (442)
[2023.04.11-12.41.27:771][961]LogModuleManager: Shutting down and abandoning module ImgMedia (440)
[2023.04.11-12.41.27:771][961]LogModuleManager: Shutting down and abandoning module MagicLeapSharedWorld (438)
[2023.04.11-12.41.27:771][961]LogModuleManager: Shutting down and abandoning module MagicLeapLightEstimation (436)
[2023.04.11-12.41.27:771][961]LogModuleManager: Shutting down and abandoning module MagicLeapHelperVulkan (434)
[2023.04.11-12.41.27:772][961]LogModuleManager: Shutting down and abandoning module MagicLeapHelperOpenGL (432)
[2023.04.11-12.41.27:772][961]LogModuleManager: Shutting down and abandoning module MagicLeapAudio (430)
[2023.04.11-12.41.27:772][961]LogModuleManager: Shutting down and abandoning module MotoSynth (428)
[2023.04.11-12.41.27:772][961]LogModuleManager: Shutting down and abandoning module OpenImageDenoise (426)
[2023.04.11-12.41.27:772][961]LogOpenImageDenoise: OIDN shutting down
[2023.04.11-12.41.27:772][961]LogModuleManager: Shutting down and abandoning module MeshConversion (424)
[2023.04.11-12.41.27:772][961]LogModuleManager: Shutting down and abandoning module DynamicMesh (422)
[2023.04.11-12.41.27:772][961]LogModuleManager: Shutting down and abandoning module GeometryAlgorithms (420)
[2023.04.11-12.41.27:772][961]LogModuleManager: Shutting down and abandoning module GeometricObjects (418)
[2023.04.11-12.41.27:772][961]LogModuleManager: Shutting down and abandoning module GeometryCollectionTracks (416)
[2023.04.11-12.41.27:772][961]LogModuleManager: Shutting down and abandoning module GeometryCollectionSequencer (415)
[2023.04.11-12.41.27:772][961]LogModuleManager: Shutting down and abandoning module GeometryCacheTracks (412)
[2023.04.11-12.41.27:772][961]LogModuleManager: Shutting down and abandoning module GeometryCacheSequencer (411)
[2023.04.11-12.41.27:772][961]LogModuleManager: Shutting down and abandoning module GeometryCache (408)
[2023.04.11-12.41.27:772][961]LogModuleManager: Shutting down and abandoning module GeometryCacheEd (407)
[2023.04.11-12.41.27:772][961]LogModuleManager: Shutting down and abandoning module ChaosNiagara (404)
[2023.04.11-12.41.27:772][961]LogModuleManager: Shutting down and abandoning module FieldSystemEngine (403)
[2023.04.11-12.41.27:772][961]LogModuleManager: Shutting down and abandoning module AutomationUtils (400)
[2023.04.11-12.41.27:772][961]LogModuleManager: Shutting down and abandoning module BackChannel (398)
[2023.04.11-12.41.27:772][961]LogModuleManager: Shutting down and abandoning module OodleNetworkHandlerComponent (396)
[2023.04.11-12.41.27:772][961]LogModuleManager: Shutting down and abandoning module VisualStudioSourceCodeAccess (394)
[2023.04.11-12.41.27:772][961]LogModuleManager: Shutting down and abandoning module HotReload (393)
[2023.04.11-12.41.27:772][961]LogModuleManager: Shutting down and abandoning module VisualStudioCodeSourceCodeAccess (390)
[2023.04.11-12.41.27:773][961]LogModuleManager: Shutting down and abandoning module UObjectPlugin (388)
[2023.04.11-12.41.27:773][961]LogModuleManager: Shutting down and abandoning module SubversionSourceControl (386)
[2023.04.11-12.41.27:773][961]LogModuleManager: Shutting down and abandoning module PerforceSourceControl (384)
[2023.04.11-12.41.27:773][961]LogModuleManager: Shutting down and abandoning module SourceControl (383)
[2023.04.11-12.41.27:773][961]LogModuleManager: Shutting down and abandoning module CLionSourceCodeAccess (380)
[2023.04.11-12.41.27:773][961]LogModuleManager: Shutting down and abandoning module LiveLinkSequencer (378)
[2023.04.11-12.41.27:773][961]LogModuleManager: Shutting down and abandoning module LiveLinkMovieScene (376)
[2023.04.11-12.41.27:773][961]LogModuleManager: Shutting down and abandoning module LiveLinkGraphNode (374)
[2023.04.11-12.41.27:773][961]LogModuleManager: Shutting down and abandoning module LiveLinkComponents (372)
[2023.04.11-12.41.27:773][961]LogModuleManager: Shutting down and abandoning module LiveLink (370)
[2023.04.11-12.41.28:497][961]LogModuleManager: Shutting down and abandoning module SoundFields (368)
[2023.04.11-12.41.28:497][961]LogModuleManager: Shutting down and abandoning module SignificanceManager (366)
[2023.04.11-12.41.28:497][961]LogModuleManager: Shutting down and abandoning module RuntimePhysXCooking (364)
[2023.04.11-12.41.28:497][961]LogModuleManager: Shutting down and abandoning module PropertyAccessEditor (362)
[2023.04.11-12.41.28:497][961]LogModuleManager: Shutting down and abandoning module PhysXVehiclesEditor (360)
[2023.04.11-12.41.28:497][961]LogModuleManager: Shutting down and abandoning module LocationServicesBPLibrary (356)
[2023.04.11-12.41.28:497][961]LogModuleManager: Shutting down and abandoning module AudioSynesthesia (354)
[2023.04.11-12.41.28:497][961]LogModuleManager: Shutting down and abandoning module AudioSynesthesiaCore (352)
[2023.04.11-12.41.28:497][961]LogModuleManager: Shutting down and abandoning module ApexDestructionEditor (350)
[2023.04.11-12.41.28:497][961]LogModuleManager: Shutting down and abandoning module ApexDestruction (348)
[2023.04.11-12.41.28:497][961]LogModuleManager: Shutting down and abandoning module ActorSequence (346)
[2023.04.11-12.41.28:497][961]LogModuleManager: Shutting down and abandoning module UdpMessaging (344)
[2023.04.11-12.41.28:598][961]LogModuleManager: Shutting down and abandoning module TcpMessaging (342)
[2023.04.11-12.41.28:699][961]LogModuleManager: Shutting down and abandoning module ImgMediaEngine (340)
[2023.04.11-12.41.28:699][961]LogModuleManager: Shutting down and abandoning module MagicLeapARPin (338)
[2023.04.11-12.41.28:699][961]LogModuleManager: Shutting down and abandoning module MagicLeapHandMeshing (336)
[2023.04.11-12.41.28:699][961]LogModuleManager: Shutting down and abandoning module MagicLeapSecureStorage (334)
[2023.04.11-12.41.28:699][961]LogModuleManager: Shutting down and abandoning module MagicLeapPrivileges (332)
[2023.04.11-12.41.28:699][961]LogModuleManager: Shutting down and abandoning module MagicLeapPlanes (330)
[2023.04.11-12.41.28:699][961]LogMagicLeapPlanes: Planes tracker already destroyed.
[2023.04.11-12.41.28:699][961]LogModuleManager: Shutting down and abandoning module MagicLeapImageTracker (328)
[2023.04.11-12.41.28:699][961]LogModuleManager: Shutting down and abandoning module MagicLeapIdentity (326)
[2023.04.11-12.41.28:699][961]LogModuleManager: Shutting down and abandoning module MagicLeapHandTracking (324)
[2023.04.11-12.41.28:699][961]LogModuleManager: Shutting down and abandoning module MagicLeapEyeTracker (322)
[2023.04.11-12.41.28:699][961]LogModuleManager: Shutting down and abandoning module MagicLeapController (320)
[2023.04.11-12.41.28:699][961]LogModuleManager: Shutting down and abandoning module MagicLeapARPinImpl (318)
[2023.04.11-12.41.28:699][961]LogModuleManager: Shutting down and abandoning module MagicLeapAR (316)
[2023.04.11-12.41.28:699][961]LogModuleManager: Shutting down and abandoning module PythonScriptPlugin (314)
[2023.04.11-12.41.28:699][961]LogModuleManager: Shutting down and abandoning module NiagaraAnimNotifies (312)
[2023.04.11-12.41.28:699][961]LogModuleManager: Shutting down and abandoning module Niagara (310)
[2023.04.11-12.41.28:699][961]LogModuleManager: Shutting down and abandoning module SignalProcessing (309)
[2023.04.11-12.41.28:699][961]LogModuleManager: Shutting down and abandoning module NiagaraEditor (307)
[2023.04.11-12.41.28:700][961]LogModuleManager: Shutting down and abandoning module ContentBrowser (306)
[2023.04.11-12.41.28:700][961]LogModuleManager: Shutting down and abandoning module CollectionManager (305)
[2023.04.11-12.41.28:700][961]LogModuleManager: Shutting down and abandoning module DirectoryWatcher (304)
[2023.04.11-12.41.28:701][961]LogModuleManager: Shutting down and abandoning module ContentBrowserData (301)
[2023.04.11-12.41.28:701][961]LogModuleManager: Shutting down and abandoning module NiagaraCore (296)
[2023.04.11-12.41.28:701][961]LogModuleManager: Shutting down and abandoning module FacialAnimation (294)
[2023.04.11-12.41.28:701][961]LogModuleManager: Shutting down and abandoning module GameplayTagsEditor (292)
[2023.04.11-12.41.28:701][961]LogModuleManager: Shutting down and abandoning module AssetManagerEditor (290)
[2023.04.11-12.41.28:701][961]LogModuleManager: Shutting down and abandoning module TreeMap (289)
[2023.04.11-12.41.28:701][961]LogModuleManager: Shutting down and abandoning module PropertyAccessNode (286)
[2023.04.11-12.41.28:701][961]LogModuleManager: Shutting down and abandoning module AnimationSharing (284)
[2023.04.11-12.41.28:701][961]LogModuleManager: Shutting down and abandoning module GameplayCameras (282)
[2023.04.11-12.41.28:701][961]LogModuleManager: Shutting down and abandoning module LightPropagationVolumeRuntime (280)
[2023.04.11-12.41.28:702][961]LogModuleManager: Shutting down and abandoning module Paper2D (278)
[2023.04.11-12.41.28:702][961]LogModuleManager: Shutting down and abandoning module EnvironmentQueryEditor (276)
[2023.04.11-12.41.28:702][961]LogModuleManager: Shutting down and abandoning module WindowsMoviePlayer (274)
[2023.04.11-12.41.28:703][961]LogModuleManager: Shutting down and abandoning module WebMMoviePlayer (272)
[2023.04.11-12.41.28:703][961]LogModuleManager: Shutting down and abandoning module NetworkReplayStreaming (270)
[2023.04.11-12.41.28:703][961]LogModuleManager: Shutting down and abandoning module PacketHandler (268)
[2023.04.11-12.41.28:703][961]LogModuleManager: Shutting down and abandoning module ClothingSystemEditor (266)
[2023.04.11-12.41.28:703][961]LogModuleManager: Shutting down and abandoning module ClothingSystemRuntimeNv (264)
[2023.04.11-12.41.28:703][961]LogModuleManager: Shutting down and abandoning module MediaAssets (262)
[2023.04.11-12.41.28:703][961]LogModuleManager: Shutting down and abandoning module Overlay (260)
[2023.04.11-12.41.28:703][961]LogModuleManager: Shutting down and abandoning module OverlayEditor (259)
[2023.04.11-12.41.28:703][961]LogModuleManager: Shutting down and abandoning module VREditor (256)
[2023.04.11-12.41.28:703][961]LogModuleManager: Shutting down and abandoning module StringTableEditor (254)
[2023.04.11-12.41.28:703][961]LogModuleManager: Shutting down and abandoning module GameplayTasksEditor (252)
[2023.04.11-12.41.28:703][961]LogModuleManager: Shutting down and abandoning module BehaviorTreeEditor (250)
[2023.04.11-12.41.28:703][961]LogModuleManager: Shutting down and abandoning module FunctionalTesting (248)
[2023.04.11-12.41.28:703][961]LogModuleManager: Shutting down and abandoning module CollisionAnalyzer (246)
[2023.04.11-12.41.28:703][961]LogModuleManager: Shutting down and abandoning module WorkspaceMenuStructure (245)
[2023.04.11-12.41.28:704][961]LogModuleManager: Shutting down and abandoning module UMG (242)
[2023.04.11-12.41.28:704][961]LogModuleManager: Shutting down and abandoning module UMGEditor (241)
[2023.04.11-12.41.28:704][961]LogModuleManager: Shutting down and abandoning module Sequencer (240)
[2023.04.11-12.41.28:704][961]LogModuleManager: Shutting down and abandoning module MessageLog (237)
[2023.04.11-12.41.28:704][961]LogModuleManager: Shutting down and abandoning module SlateReflector (232)
[2023.04.11-12.41.28:704][961]LogModuleManager: Shutting down and abandoning module Slate (230)
[2023.04.11-12.41.28:704][961]LogModuleManager: Shutting down and abandoning module SlateCore (228)
[2023.04.11-12.41.28:707][961]LogModuleManager: Shutting down and abandoning module LandscapeEditorUtilities (226)
[2023.04.11-12.41.28:707][961]LogModuleManager: Shutting down and abandoning module UnrealEd (224)
[2023.04.11-12.41.28:707][961]LogModuleManager: Shutting down and abandoning module MRMesh (222)
[2023.04.11-12.41.28:707][961]LogModuleManager: Shutting down and abandoning module Messaging (220)
[2023.04.11-12.41.28:707][961]LogModuleManager: Shutting down and abandoning module SourceCodeAccess (218)
[2023.04.11-12.41.28:707][961]LogModuleManager: Shutting down and abandoning module HeadMountedDisplay (216)
[2023.04.11-12.41.28:707][961]LogModuleManager: Shutting down and abandoning module XAudio2 (214)
[2023.04.11-12.41.28:707][961]LogModuleManager: Shutting down and abandoning module Networking (212)
[2023.04.11-12.41.28:707][961]LogModuleManager: Shutting down and abandoning module Core (210)
[2023.04.11-12.41.28:707][961]LogModuleManager: Shutting down and abandoning module MaterialEditor (208)
[2023.04.11-12.41.28:707][961]LogModuleManager: Shutting down and abandoning module MovieSceneTools (206)
[2023.04.11-12.41.28:707][961]LogModuleManager: Shutting down and abandoning module EditorStyle (205)
[2023.04.11-12.41.28:709][961]LogModuleManager: Shutting down and abandoning module KismetCompiler (202)
[2023.04.11-12.41.28:709][961]LogModuleManager: Shutting down and abandoning module MeshBuilder (200)
[2023.04.11-12.41.28:709][961]LogModuleManager: Shutting down and abandoning module MeshUtilities (198)
[2023.04.11-12.41.28:709][961]LogModuleManager: Shutting down and abandoning module MeshMergeUtilities (197)
[2023.04.11-12.41.28:709][961]LogModuleManager: Shutting down and abandoning module MeshReductionInterface (196)
[2023.04.11-12.41.28:709][961]LogModuleManager: Shutting down and abandoning module MeshBoneReduction (195)
[2023.04.11-12.41.28:709][961]LogModuleManager: Shutting down and abandoning module SkeletalMeshReduction (193)
[2023.04.11-12.41.28:709][961]LogModuleManager: Shutting down and abandoning module ProxyLODMeshReduction (191)
[2023.04.11-12.41.28:709][961]LogModuleManager: Shutting down and abandoning module QuadricMeshReduction (189)
[2023.04.11-12.41.28:709][961]LogModuleManager: Shutting down and abandoning module MaterialBaking (185)
[2023.04.11-12.41.28:709][961]LogModuleManager: Shutting down and abandoning module NullInstallBundleManager (180)
[2023.04.11-12.41.28:709][961]LogModuleManager: Shutting down and abandoning module PIEPreviewDeviceProfileSelector (178)
[2023.04.11-12.41.28:709][961]LogModuleManager: Shutting down and abandoning module DerivedDataCache (176)
[2023.04.11-12.41.28:709][961]LogModuleManager: Shutting down and abandoning module TargetPlatform (174)
[2023.04.11-12.41.28:709][961]LogModuleManager: Shutting down and abandoning module VulkanShaderFormat (173)
[2023.04.11-12.41.28:710][961]LogModuleManager: Shutting down and abandoning module ShaderFormatVectorVM (171)
[2023.04.11-12.41.28:710][961]LogModuleManager: Shutting down and abandoning module ShaderFormatOpenGL (169)
[2023.04.11-12.41.28:710][961]LogModuleManager: Shutting down and abandoning module ShaderFormatD3D (167)
[2023.04.11-12.41.28:710][961]LogModuleManager: Shutting down and abandoning module MetalShaderFormat (165)
[2023.04.11-12.41.28:710][961]LogModuleManager: Shutting down and abandoning module TextureFormatOodle (163)
[2023.04.11-12.41.28:710][961]LogModuleManager: Shutting down and abandoning module TextureFormatUncompressed (161)
[2023.04.11-12.41.28:710][961]LogModuleManager: Shutting down and abandoning module TextureFormatPVR (159)
[2023.04.11-12.41.28:710][961]LogModuleManager: Shutting down and abandoning module TextureFormatETC2 (157)
[2023.04.11-12.41.28:710][961]LogModuleManager: Shutting down and abandoning module TextureFormatDXT (155)
[2023.04.11-12.41.28:710][961]LogModuleManager: Shutting down and abandoning module TextureFormatIntelISPCTexComp (153)
[2023.04.11-12.41.28:710][961]LogModuleManager: Shutting down and abandoning module TextureFormatASTC (151)
[2023.04.11-12.41.28:710][961]LogModuleManager: Shutting down and abandoning module ImageWrapper (150)
[2023.04.11-12.41.28:710][961]LogModuleManager: Shutting down and abandoning module AudioFormatOpus (147)
[2023.04.11-12.41.28:710][961]LogModuleManager: Shutting down and abandoning module AudioFormatOgg (145)
[2023.04.11-12.41.28:710][961]LogModuleManager: Shutting down and abandoning module AudioFormatADPCM (143)
[2023.04.11-12.41.28:710][961]LogModuleManager: Shutting down and abandoning module WindowsServerTargetPlatform (141)
[2023.04.11-12.41.28:710][961]LogModuleManager: Shutting down and abandoning module WindowsClientTargetPlatform (139)
[2023.04.11-12.41.28:710][961]LogModuleManager: Shutting down and abandoning module WindowsTargetPlatform (137)
[2023.04.11-12.41.28:710][961]LogModuleManager: Shutting down and abandoning module WindowsNoEditorTargetPlatform (135)
[2023.04.11-12.41.28:711][961]LogModuleManager: Shutting down and abandoning module D3D11RHI (132)
[2023.04.11-12.41.28:711][961]LogModuleManager: Shutting down and abandoning module InputCore (130)
[2023.04.11-12.41.28:711][961]LogModuleManager: Shutting down and abandoning module Settings (128)
[2023.04.11-12.41.28:711][961]LogModuleManager: Shutting down and abandoning module PhysXCooking (126)
[2023.04.11-12.41.28:711][961]LogModuleManager: Shutting down and abandoning module Chaos (124)
[2023.04.11-12.41.28:711][961]LogModuleManager: Shutting down and abandoning module WindowsPlatformFeatures (122)
[2023.04.11-12.41.28:711][961]LogModuleManager: Shutting down and abandoning module GameplayMediaEncoder (121)
[2023.04.11-12.41.28:711][961]LogModuleManager: Shutting down and abandoning module AVEncoder (120)
[2023.04.11-12.41.28:711][961]LogModuleManager: Shutting down and abandoning module SteamVRInputDevice (116)
[2023.04.11-12.41.28:711][961]LogModuleManager: Shutting down and abandoning module SteamVRInput (114)
[2023.04.11-12.41.28:711][961]LogModuleManager: Shutting down and abandoning module SteamVR (112)
[2023.04.11-12.41.28:711][961]LogHMD: Freeing OpenVRDLLHandle.
[2023.04.11-12.41.28:711][961]LogModuleManager: Shutting down and abandoning module OculusHMD (110)
[2023.04.11-12.41.28:711][961]LogModuleManager: Shutting down and abandoning module OpenXREyeTracker (108)
[2023.04.11-12.41.28:711][961]LogModuleManager: Shutting down and abandoning module OpenXRHandTracking (106)
[2023.04.11-12.41.28:711][961]LogSlate: Slate User Destroyed.  User Index 0, Is Virtual User: 0
[2023.04.11-12.41.28:711][961]LogModuleManager: Shutting down and abandoning module OpenXRAR (104)
[2023.04.11-12.41.28:711][961]LogModuleManager: Shutting down and abandoning module AugmentedReality (103)
[2023.04.11-12.41.28:711][961]LogModuleManager: Shutting down and abandoning module OpenXRHMD (100)
[2023.04.11-12.41.28:712][961]LogModuleManager: Shutting down and abandoning module ExampleDeviceProfileSelector (98)
[2023.04.11-12.41.28:712][961]LogModuleManager: Shutting down and abandoning module ChunkDownloader (96)
[2023.04.11-12.41.28:712][961]LogModuleManager: Shutting down and abandoning module LauncherChunkInstaller (94)
[2023.04.11-12.41.28:712][961]LogModuleManager: Shutting down and abandoning module OnlineBlueprintSupport (92)
[2023.04.11-12.41.28:712][961]LogModuleManager: Shutting down and abandoning module OnlineSubsystem (88)
[2023.04.11-12.41.28:713][961]LogModuleManager: Shutting down and abandoning module XMPP (83)
[2023.04.11-12.41.28:713][961]LogModuleManager: Shutting down and abandoning module WebSockets (82)
[2023.04.11-12.41.28:721][961]LogModuleManager: Shutting down and abandoning module HTTP (79)
[2023.04.11-12.41.28:722][961]LogHttp: Display: cleaning up 0 outstanding Http requests.
[2023.04.11-12.41.28:754][961]LogModuleManager: Shutting down and abandoning module SSL (78)
[2023.04.11-12.41.28:760][961]LogModuleManager: Shutting down and abandoning module WmfMedia (74)
[2023.04.11-12.41.28:762][961]LogModuleManager: Shutting down and abandoning module Media (73)
[2023.04.11-12.41.28:763][961]LogModuleManager: Shutting down and abandoning module MediaInfo (72)
[2023.04.11-12.41.28:763][961]LogModuleManager: Shutting down and abandoning module ExrReaderGpu (68)
[2023.04.11-12.41.28:763][961]LogModuleManager: Shutting down and abandoning module MLSDK (66)
[2023.04.11-12.41.28:763][961]LogModuleManager: Shutting down and abandoning module MagicLeap (64)
[2023.04.11-12.41.28:763][961]LogModuleManager: Shutting down and abandoning module NiagaraVertexFactories (62)
[2023.04.11-12.41.28:763][961]LogModuleManager: Shutting down and abandoning module NiagaraShader (60)
[2023.04.11-12.41.28:763][961]LogModuleManager: Shutting down and abandoning module ChaosCloth (58)
[2023.04.11-12.41.28:763][961]LogModuleManager: Shutting down and abandoning module VariantManagerContent (56)
[2023.04.11-12.41.28:763][961]LogModuleManager: Shutting down and abandoning module DatasmithContent (54)
[2023.04.11-12.41.28:765][961]LogModuleManager: Shutting down and abandoning module PixWinPlugin (52)
[2023.04.11-12.41.28:765][961]LogModuleManager: Shutting down and abandoning module AISupportModule (50)
[2023.04.11-12.41.28:765][961]LogModuleManager: Shutting down and abandoning module DesktopPlatform (48)
[2023.04.11-12.41.28:765][961]LogModuleManager: Shutting down and abandoning module PythonScriptPluginPreload (46)
[2023.04.11-12.41.28:765][961]LogModuleManager: Shutting down and abandoning module PlatformCryptoOpenSSL (44)
[2023.04.11-12.41.28:765][961]LogModuleManager: Shutting down and abandoning module PlatformCryptoTypes (42)
[2023.04.11-12.41.28:765][961]LogModuleManager: Shutting down and abandoning module PlatformCrypto (40)
[2023.04.11-12.41.28:765][961]LogModuleManager: Shutting down and abandoning module OodleDataCompressionFormat (38)
[2023.04.11-12.41.28:765][961]LogModuleManager: Shutting down and abandoning module XGEController (36)
[2023.04.11-12.41.28:765][961]LogModuleManager: Shutting down and abandoning module AnimationModifiers (34)
[2023.04.11-12.41.28:765][961]LogModuleManager: Shutting down and abandoning module AudioEditor (32)
[2023.04.11-12.41.28:766][961]LogModuleManager: Shutting down and abandoning module PropertyEditor (31)
[2023.04.11-12.41.28:766][961]LogModuleManager: Shutting down and abandoning module TextureCompressor (28)
[2023.04.11-12.41.28:766][961]LogModuleManager: Shutting down and abandoning module RenderCore (26)
[2023.04.11-12.41.28:766][961]LogModuleManager: Shutting down and abandoning module Landscape (24)
[2023.04.11-12.41.28:766][961]LogModuleManager: Shutting down and abandoning module SlateRHIRenderer (22)
[2023.04.11-12.41.28:766][961]LogModuleManager: Shutting down and abandoning module AnimGraphRuntime (20)
[2023.04.11-12.41.28:767][961]LogModuleManager: Shutting down and abandoning module Renderer (18)
[2023.04.11-12.41.28:767][961]LogModuleManager: Shutting down and abandoning module Engine (16)
[2023.04.11-12.41.28:767][961]LogModuleManager: Shutting down and abandoning module CoreUObject (14)
[2023.04.11-12.41.28:767][961]LogModuleManager: Shutting down and abandoning module NetworkFile (12)
[2023.04.11-12.41.28:767][961]LogModuleManager: Shutting down and abandoning module CookedIterativeFile (10)
[2023.04.11-12.41.28:767][961]LogModuleManager: Shutting down and abandoning module StreamingFile (8)
[2023.04.11-12.41.28:767][961]LogModuleManager: Shutting down and abandoning module SandboxFile (6)
[2023.04.11-12.41.28:767][961]LogModuleManager: Shutting down and abandoning module PakFile (4)
[2023.04.11-12.41.28:767][961]LogModuleManager: Shutting down and abandoning module RSA (3)
[2023.04.11-12.41.29:256][961]LogContentStreaming: Display: There are 1 unreleased StreamingManagers
[2023.04.11-12.41.29:263][961]LogD3D11RHI: Shutdown
[2023.04.11-12.41.29:263][961]LogD3D11RHI: CleanupD3DDevice
[2023.04.11-12.41.29:266][961]LogExit: Exiting.
[2023.04.11-12.41.29:290][961]Log file closed, 04/11/23 15:41:29
