Log file open, 07/21/22 20:24:22
LogWindows: Failed to load 'aqProf.dll' (GetLastError=126)
LogWindows: File 'aqProf.dll' does not exist
LogWindows: Failed to load 'VtuneApi.dll' (GetLastError=126)
LogWindows: File 'VtuneApi.dll' does not exist
LogWindows: Failed to load 'VtuneApi32e.dll' (GetLastError=126)
LogWindows: File 'VtuneApi32e.dll' does not exist
LogConsoleResponse: Display: Failed to find resolution value strings in scalability ini. Falling back to default.
LogConsoleResponse: Display: Failed to find resolution value strings in scalability ini. Falling back to default.
LogInit: Display: Running engine for game: Rogue
LogPlatformFile: Not using cached read wrapper
LogTaskGraph: Started task graph with 5 named threads and 35 total threads with 3 sets of task threads.
LogStats: Stats thread started at 0.282406
LogICUInternationalization: ICU TimeZone Detection - Raw Offset: +3:00, Platform Override: ''
LogInit: Display: Loading text-based GConfig....
LogPluginManager: Mounting plugin MeshPainting
LogPluginManager: Mounting plugin XGEController
LogPluginManager: Mounting plugin LightPropagationVolume
LogPluginManager: Mounting plugin AISupport
LogPluginManager: Mounting plugin Paper2D
LogPluginManager: Mounting plugin CameraShakePreviewer
LogPluginManager: Mounting plugin EnvironmentQueryEditor
LogPluginManager: Mounting plugin GameplayCameras
LogPluginManager: Mounting plugin OodleData
LogPluginManager: Mounting plugin OodleNetwork
LogPluginManager: Mounting plugin Niagara
LogPluginManager: Mounting plugin AssetManagerEditor
LogPluginManager: Mounting plugin DataValidation
LogPluginManager: Mounting plugin CryptoKeys
LogPluginManager: Mounting plugin FacialAnimation
LogPluginManager: Mounting plugin GameplayTagsEditor
LogPluginManager: Mounting plugin GeometryMode
LogPluginManager: Mounting plugin MacGraphicsSwitching
LogPluginManager: Mounting plugin PluginBrowser
LogPluginManager: Mounting plugin MaterialAnalyzer
LogPluginManager: Mounting plugin MobileLauncherProfileWizard
LogPluginManager: Mounting plugin SpeedTreeImporter
LogPluginManager: Mounting plugin DatasmithContent
LogPluginManager: Mounting plugin AnimationSharing
LogPluginManager: Mounting plugin CurveEditorTools
LogPluginManager: Mounting plugin AlembicImporter
LogPluginManager: Mounting plugin CLionSourceCodeAccess
LogPluginManager: Mounting plugin BackChannel
LogPluginManager: Mounting plugin AutomationUtils
LogPluginManager: Mounting plugin ChaosClothEditor
LogPluginManager: Mounting plugin ChaosEditor
LogPluginManager: Mounting plugin ChaosNiagara
LogPluginManager: Mounting plugin CharacterAI
LogPluginManager: Mounting plugin ChaosSolverPlugin
LogPluginManager: Mounting plugin ChaosCloth
LogPluginManager: Mounting plugin GeometryCache
LogPluginManager: Mounting plugin GeometryCollectionPlugin
LogPluginManager: Mounting plugin VariantManagerContent
LogPluginManager: Mounting plugin MotoSynth
LogPluginManager: Mounting plugin OpenImageDenoise
LogPluginManager: Mounting plugin PlanarCut
LogPluginManager: Mounting plugin PlatformCrypto
LogPluginManager: Mounting plugin ProxyLODPlugin
LogPluginManager: Mounting plugin PythonScriptPlugin
LogPluginManager: Mounting plugin GeometryProcessing
LogPluginManager: Mounting plugin SkeletalReduction
LogPluginManager: Mounting plugin MagicLeap
LogPluginManager: Mounting plugin LuminPlatformFeatures
LogPluginManager: Mounting plugin MagicLeapLightEstimation
LogPluginManager: Mounting plugin MagicLeapPassableWorld
LogPluginManager: Mounting plugin CodeLiteSourceCodeAccess
LogPluginManager: Mounting plugin MagicLeapMedia
LogPluginManager: Mounting plugin MLSDK
LogPluginManager: Mounting plugin GitSourceControl
LogPluginManager: Mounting plugin PerforceSourceControl
LogPluginManager: Mounting plugin KDevelopSourceCodeAccess
LogPluginManager: Mounting plugin PixWinPlugin
LogPluginManager: Mounting plugin PlasticSourceControl
LogPluginManager: Mounting plugin PropertyAccessNode
LogPluginManager: Mounting plugin PluginUtils
LogPluginManager: Mounting plugin RiderSourceCodeAccess
LogPluginManager: Mounting plugin SubversionSourceControl
LogPluginManager: Mounting plugin TextureFormatOodle
LogPluginManager: Mounting plugin UObjectPlugin
LogPluginManager: Mounting plugin XCodeSourceCodeAccess
LogPluginManager: Mounting plugin VisualStudioSourceCodeAccess
LogPluginManager: Mounting plugin VisualStudioCodeSourceCodeAccess
LogPluginManager: Mounting plugin TcpMessaging
LogPluginManager: Mounting plugin NullSourceCodeAccess
LogPluginManager: Mounting plugin UdpMessaging
LogPluginManager: Mounting plugin LevelSequenceEditor
LogPluginManager: Mounting plugin ActorSequence
LogPluginManager: Mounting plugin MatineeToLevelSequence
LogPluginManager: Mounting plugin TemplateSequence
LogPluginManager: Mounting plugin OnlineSubsystem
LogPluginManager: Mounting plugin OnlineSubsystemNull
LogPluginManager: Mounting plugin OnlineSubsystemUtils
LogPluginManager: Mounting plugin AndroidMedia
LogPluginManager: Mounting plugin AvfMedia
LogPluginManager: Mounting plugin ImgMedia
LogPluginManager: Mounting plugin MediaCompositing
LogPluginManager: Mounting plugin MediaPlayerEditor
LogPluginManager: Mounting plugin WebMMedia
LogPluginManager: Mounting plugin WmfMedia
LogPluginManager: Mounting plugin LauncherChunkInstaller
LogPluginManager: Mounting plugin ActorLayerUtilities
LogPluginManager: Mounting plugin AndroidDeviceProfileSelector
LogPluginManager: Mounting plugin AndroidMoviePlayer
LogPluginManager: Mounting plugin AndroidPermission
LogPluginManager: Mounting plugin AppleImageUtils
LogPluginManager: Mounting plugin AppleMoviePlayer
LogPluginManager: Mounting plugin ArchVisCharacter
LogPluginManager: Mounting plugin AssetTags
LogPluginManager: Mounting plugin AudioCapture
LogPluginManager: Mounting plugin AudioSynesthesia
LogPluginManager: Mounting plugin ChunkDownloader
LogPluginManager: Mounting plugin CustomMeshComponent
LogPluginManager: Mounting plugin CableComponent
LogPluginManager: Mounting plugin EditableMesh
LogPluginManager: Mounting plugin ExampleDeviceProfileSelector
LogPluginManager: Mounting plugin GooglePAD
LogPluginManager: Mounting plugin GoogleCloudMessaging
LogPluginManager: Mounting plugin IOSDeviceProfileSelector
LogPluginManager: Mounting plugin LinuxDeviceProfileSelector
LogPluginManager: Mounting plugin LocationServicesBPLibrary
LogPluginManager: Mounting plugin ScreenshotTools
LogPluginManager: Mounting plugin MobilePatchingUtils
LogPluginManager: Mounting plugin OpenXR
LogPluginManager: Mounting plugin OpenXRHandTracking
LogPluginManager: Mounting plugin OpenXREyeTracker
LogPluginManager: Mounting plugin PhysXVehicles
LogPluginManager: Mounting plugin Takes
LogPluginManager: Mounting plugin PostSplashScreen
LogPluginManager: Mounting plugin ProceduralMeshComponent
LogPluginManager: Mounting plugin RuntimePhysXCooking
LogPluginManager: Mounting plugin SignificanceManager
LogPluginManager: Mounting plugin PropertyAccessEditor
LogPluginManager: Mounting plugin SoundFields
LogPluginManager: Mounting plugin Synthesis
LogPluginManager: Mounting plugin WebMMoviePlayer
LogPluginManager: Mounting plugin WindowsMoviePlayer
LogPluginManager: Mounting plugin LiveLink
LogPluginManager: Mounting plugin ContentBrowserFileDataSource
LogPluginManager: Mounting plugin ContentBrowserClassDataSource
LogPluginManager: Mounting plugin ContentBrowserAssetDataSource
LogPluginManager: Mounting plugin OnlineSubsystemGooglePlay
LogPluginManager: Mounting plugin OnlineSubsystemIOS
LogPluginManager: Mounting plugin OculusVR
LogPluginManager: Mounting plugin SteamVR
PixWinPlugin: PIX capture plugin failed to initialize! Check that the process is launched from PIX.
LogInit: Using libcurl 7.55.1-DEV
LogInit:  - built for x86_64-pc-win32
LogInit:  - supports SSL with OpenSSL/1.1.1
LogInit:  - supports HTTP deflate (compression) using libz 1.2.8
LogInit:  - other features:
LogInit:      CURL_VERSION_SSL
LogInit:      CURL_VERSION_LIBZ
LogInit:      CURL_VERSION_IPV6
LogInit:      CURL_VERSION_ASYNCHDNS
LogInit:      CURL_VERSION_LARGEFILE
LogInit:      CURL_VERSION_IDN
LogInit:  CurlRequestOptions (configurable via config and command line):
LogInit:  - bVerifyPeer = true  - Libcurl will verify peer certificate
LogInit:  - bUseHttpProxy = false  - Libcurl will NOT use HTTP proxy
LogInit:  - bDontReuseConnections = false  - Libcurl will reuse connections
LogInit:  - MaxHostConnections = 16  - Libcurl will limit the number of connections to a host
LogInit:  - LocalHostAddr = Default
LogInit:  - BufferSize = 65536
LogOnline: OSS: Creating online subsystem instance for: NULL
LogInit: WinSock: version 1.1 (2.2), MaxSocks=32767, MaxUdp=65467
LogOnline: OSS: TryLoadSubsystemAndSetDefault: Loaded subsystem for module [NULL]
LogOculusPluginWrapper: OculusPlugin initialized successfully
LogHMD: Failed initializing OVRPlugin 1.59.0
LogInit: Build: ++UE4+Release-4.27-CL-18319896
LogInit: Engine Version: 4.27.2-18319896+++UE4+Release-4.27
LogInit: Compatible Engine Version: 4.27.0-17155196+++UE4+Release-4.27
LogInit: Net CL: 17155196
LogInit: OS: Windows 10 (Release 2009) (), CPU: AMD Ryzen 5 1600 Six-Core Processor            , GPU: NVIDIA GeForce GTX 1660 SUPER
LogInit: Compiled (64-bit): Nov 30 2021 07:12:08
LogInit: Compiled with Visual C++: 19.24.28315.00
LogInit: Build Configuration: Development
LogInit: Branch Name: ++UE4+Release-4.27
LogInit: Command Line: 
LogInit: Base Directory: C:/UE_4.27/Engine/Binaries/Win64/
LogInit: Allocator: TBB
LogInit: Installed Engine Build: 1
LogDevObjectVersion: Number of dev versions registered: 29
LogDevObjectVersion:   Dev-Blueprints (B0D832E4-1F89-4F0D-ACCF-7EB736FD4AA2): 10
LogDevObjectVersion:   Dev-Build (E1C64328-A22C-4D53-A36C-8E866417BD8C): 0
LogDevObjectVersion:   Dev-Core (375EC13C-06E4-48FB-B500-84F0262A717E): 4
LogDevObjectVersion:   Dev-Editor (E4B068ED-F494-42E9-A231-DA0B2E46BB41): 40
LogDevObjectVersion:   Dev-Framework (CFFC743F-43B0-4480-9391-14DF171D2073): 37
LogDevObjectVersion:   Dev-Mobile (B02B49B5-BB20-44E9-A304-32B752E40360): 3
LogDevObjectVersion:   Dev-Networking (A4E4105C-59A1-49B5-A7C5-40C4547EDFEE): 0
LogDevObjectVersion:   Dev-Online (39C831C9-5AE6-47DC-9A44-9C173E1C8E7C): 0
LogDevObjectVersion:   Dev-Physics (78F01B33-EBEA-4F98-B9B4-84EACCB95AA2): 14
LogDevObjectVersion:   Dev-Platform (6631380F-2D4D-43E0-8009-CF276956A95A): 0
LogDevObjectVersion:   Dev-Rendering (12F88B9F-8875-4AFC-A67C-D90C383ABD29): 45
LogDevObjectVersion:   Dev-Sequencer (7B5AE74C-D270-4C10-A958-57980B212A5A): 13
LogDevObjectVersion:   Dev-VR (D7296918-1DD6-4BDD-9DE2-64A83CC13884): 3
LogDevObjectVersion:   Dev-LoadTimes (C2A15278-BFE7-4AFE-6C17-90FF531DF755): 1
LogDevObjectVersion:   Private-Geometry (6EACA3D4-40EC-4CC1-B786-8BED09428FC5): 3
LogDevObjectVersion:   Dev-AnimPhys (29E575DD-E0A3-4627-9D10-D276232CDCEA): 17
LogDevObjectVersion:   Dev-Anim (AF43A65D-7FD3-4947-9873-3E8ED9C1BB05): 15
LogDevObjectVersion:   Dev-ReflectionCapture (6B266CEC-1EC7-4B8F-A30B-E4D90942FC07): 1
LogDevObjectVersion:   Dev-Automation (0DF73D61-A23F-47EA-B727-89E90C41499A): 1
LogDevObjectVersion:   FortniteMain (601D1886-AC64-4F84-AA16-D3DE0DEAC7D6): 47
LogDevObjectVersion:   FortniteRelease (E7086368-6B23-4C58-8439-1B7016265E91): 1
LogDevObjectVersion:   Dev-Enterprise (9DFFBCD6-494F-0158-E221-12823C92A888): 10
LogDevObjectVersion:   Dev-Niagara (F2AED0AC-9AFE-416F-8664-AA7FFA26D6FC): 1
LogDevObjectVersion:   Dev-Destruction (174F1F0B-B4C6-45A5-B13F-2EE8D0FB917D): 10
LogDevObjectVersion:   Dev-Physics-Ext (35F94A83-E258-406C-A318-09F59610247C): 41
LogDevObjectVersion:   Dev-PhysicsMaterial-Chaos (B68FC16E-8B1B-42E2-B453-215C058844FE): 1
LogDevObjectVersion:   Dev-CineCamera (B2E18506-4273-CFC2-A54E-F4BB758BBA07): 1
LogDevObjectVersion:   Dev-VirtualProduction (64F58936-FD1B-42BA-BA96-7289D5D0FA4E): 1
LogDevObjectVersion:   Dev-MediaFramework (6F0ED827-A609-4895-9C91-998D90180EA4): 2
LogInit: Presizing for max 25165824 objects, including 0 objects not considered by GC, pre-allocating 0 bytes for permanent pool.
LogConfig: Applying CVar settings from Section [/Script/Engine.StreamingSettings] File [C:/Users/pizh0/Documents/Unreal Projects/Rogue/Saved/Config/Windows/Engine.ini]
LogConfig: Setting CVar [[s.MinBulkDataSizeForAsyncLoading:131072]]
LogConfig: Setting CVar [[s.AsyncLoadingThreadEnabled:0]]
LogConfig: Setting CVar [[s.EventDrivenLoaderEnabled:1]]
LogConfig: Setting CVar [[s.WarnIfTimeLimitExceeded:0]]
LogConfig: Setting CVar [[s.TimeLimitExceededMultiplier:1.5]]
LogConfig: Setting CVar [[s.TimeLimitExceededMinTime:0.005]]
LogConfig: Setting CVar [[s.UseBackgroundLevelStreaming:1]]
LogConfig: Setting CVar [[s.PriorityAsyncLoadingExtraTime:15.0]]
LogConfig: Setting CVar [[s.LevelStreamingActorsUpdateTimeLimit:5.0]]
LogConfig: Setting CVar [[s.PriorityLevelStreamingActorsUpdateExtraTime:5.0]]
LogConfig: Setting CVar [[s.LevelStreamingComponentsRegistrationGranularity:10]]
LogConfig: Setting CVar [[s.UnregisterComponentsTimeLimit:1.0]]
LogConfig: Setting CVar [[s.LevelStreamingComponentsUnregistrationGranularity:5]]
LogConfig: Setting CVar [[s.FlushStreamingOnExit:1]]
LogInit: Object subsystem initialized
LogConfig: Setting CVar [[con.DebugEarlyDefault:1]]
LogConfig: Setting CVar [[r.setres:1280x720]]
[2022.07.21-17.24.23:478][  0]LogConfig: Setting CVar [[r.VSync:0]]
[2022.07.21-17.24.23:478][  0]LogConfig: Setting CVar [[r.RHICmdBypass:0]]
[2022.07.21-17.24.23:478][  0]LogConfig: Applying CVar settings from Section [/Script/Engine.RendererSettings] File [C:/Users/pizh0/Documents/Unreal Projects/Rogue/Saved/Config/Windows/Engine.ini]
[2022.07.21-17.24.23:478][  0]LogConfig: Setting CVar [[r.GPUCrashDebugging:0]]
[2022.07.21-17.24.23:478][  0]LogConfig: Applying CVar settings from Section [/Script/Engine.RendererOverrideSettings] File [C:/Users/pizh0/Documents/Unreal Projects/Rogue/Saved/Config/Windows/Engine.ini]
[2022.07.21-17.24.23:478][  0]LogConfig: Applying CVar settings from Section [/Script/Engine.StreamingSettings] File [C:/Users/pizh0/Documents/Unreal Projects/Rogue/Saved/Config/Windows/Engine.ini]
[2022.07.21-17.24.23:478][  0]LogConfig: Setting CVar [[s.MinBulkDataSizeForAsyncLoading:131072]]
[2022.07.21-17.24.23:478][  0]LogConfig: Setting CVar [[s.AsyncLoadingThreadEnabled:0]]
[2022.07.21-17.24.23:478][  0]LogConfig: Setting CVar [[s.EventDrivenLoaderEnabled:1]]
[2022.07.21-17.24.23:478][  0]LogConfig: Setting CVar [[s.WarnIfTimeLimitExceeded:0]]
[2022.07.21-17.24.23:478][  0]LogConfig: Setting CVar [[s.TimeLimitExceededMultiplier:1.5]]
[2022.07.21-17.24.23:478][  0]LogConfig: Setting CVar [[s.TimeLimitExceededMinTime:0.005]]
[2022.07.21-17.24.23:478][  0]LogConfig: Setting CVar [[s.UseBackgroundLevelStreaming:1]]
[2022.07.21-17.24.23:478][  0]LogConfig: Setting CVar [[s.PriorityAsyncLoadingExtraTime:15.0]]
[2022.07.21-17.24.23:478][  0]LogConfig: Setting CVar [[s.LevelStreamingActorsUpdateTimeLimit:5.0]]
[2022.07.21-17.24.23:478][  0]LogConfig: Setting CVar [[s.PriorityLevelStreamingActorsUpdateExtraTime:5.0]]
[2022.07.21-17.24.23:478][  0]LogConfig: Setting CVar [[s.LevelStreamingComponentsRegistrationGranularity:10]]
[2022.07.21-17.24.23:478][  0]LogConfig: Setting CVar [[s.UnregisterComponentsTimeLimit:1.0]]
[2022.07.21-17.24.23:478][  0]LogConfig: Setting CVar [[s.LevelStreamingComponentsUnregistrationGranularity:5]]
[2022.07.21-17.24.23:478][  0]LogConfig: Setting CVar [[s.FlushStreamingOnExit:1]]
[2022.07.21-17.24.23:478][  0]LogConfig: Applying CVar settings from Section [/Script/Engine.GarbageCollectionSettings] File [C:/Users/pizh0/Documents/Unreal Projects/Rogue/Saved/Config/Windows/Engine.ini]
[2022.07.21-17.24.23:478][  0]LogConfig: Setting CVar [[gc.MaxObjectsNotConsideredByGC:1]]
[2022.07.21-17.24.23:479][  0]LogConfig: Setting CVar [[gc.SizeOfPermanentObjectPool:0]]
[2022.07.21-17.24.23:479][  0]LogConfig: Setting CVar [[gc.FlushStreamingOnGC:0]]
[2022.07.21-17.24.23:479][  0]LogConfig: Setting CVar [[gc.NumRetriesBeforeForcingGC:10]]
[2022.07.21-17.24.23:479][  0]LogConfig: Setting CVar [[gc.AllowParallelGC:1]]
[2022.07.21-17.24.23:479][  0]LogConfig: Setting CVar [[gc.TimeBetweenPurgingPendingKillObjects:61.1]]
[2022.07.21-17.24.23:479][  0]LogConfig: Setting CVar [[gc.MaxObjectsInEditor:25165824]]
[2022.07.21-17.24.23:479][  0]LogConfig: Setting CVar [[gc.IncrementalBeginDestroyEnabled:1]]
[2022.07.21-17.24.23:479][  0]LogConfig: Setting CVar [[gc.CreateGCClusters:1]]
[2022.07.21-17.24.23:479][  0]LogConfig: Setting CVar [[gc.MinGCClusterSize:5]]
[2022.07.21-17.24.23:479][  0]LogConfig: Setting CVar [[gc.ActorClusteringEnabled:0]]
[2022.07.21-17.24.23:479][  0]LogConfig: Setting CVar [[gc.BlueprintClusteringEnabled:0]]
[2022.07.21-17.24.23:479][  0]LogConfig: Setting CVar [[gc.UseDisregardForGCOnDedicatedServers:0]]
[2022.07.21-17.24.23:479][  0]LogConfig: Setting CVar [[gc.MultithreadedDestructionEnabled:1]]
[2022.07.21-17.24.23:479][  0]LogConfig: Applying CVar settings from Section [/Script/Engine.NetworkSettings] File [C:/Users/pizh0/Documents/Unreal Projects/Rogue/Saved/Config/Windows/Engine.ini]
[2022.07.21-17.24.23:479][  0]LogConfig: Applying CVar settings from Section [/Script/UnrealEd.CookerSettings] File [C:/Users/pizh0/Documents/Unreal Projects/Rogue/Saved/Config/Windows/Engine.ini]
[2022.07.21-17.24.23:486][  0]LogConfig: Applying CVar settings from Section [ViewDistanceQuality@3] File [C:/Users/pizh0/Documents/Unreal Projects/Rogue/Saved/Config/Windows/Scalability.ini]
[2022.07.21-17.24.23:486][  0]LogConfig: Setting CVar [[r.SkeletalMeshLODBias:0]]
[2022.07.21-17.24.23:486][  0]LogConfig: Setting CVar [[r.ViewDistanceScale:1.0]]
[2022.07.21-17.24.23:486][  0]LogConfig: Applying CVar settings from Section [AntiAliasingQuality@3] File [C:/Users/pizh0/Documents/Unreal Projects/Rogue/Saved/Config/Windows/Scalability.ini]
[2022.07.21-17.24.23:486][  0]LogConfig: Setting CVar [[r.PostProcessAAQuality:4]]
[2022.07.21-17.24.23:486][  0]LogConfig: Applying CVar settings from Section [ShadowQuality@3] File [C:/Users/pizh0/Documents/Unreal Projects/Rogue/Saved/Config/Windows/Scalability.ini]
[2022.07.21-17.24.23:486][  0]LogConfig: Setting CVar [[r.LightFunctionQuality:1]]
[2022.07.21-17.24.23:486][  0]LogConfig: Setting CVar [[r.ShadowQuality:5]]
[2022.07.21-17.24.23:486][  0]LogConfig: Setting CVar [[r.Shadow.CSM.MaxCascades:10]]
[2022.07.21-17.24.23:486][  0]LogConfig: Setting CVar [[r.Shadow.MaxResolution:2048]]
[2022.07.21-17.24.23:486][  0]LogConfig: Setting CVar [[r.Shadow.MaxCSMResolution:2048]]
[2022.07.21-17.24.23:486][  0]LogConfig: Setting CVar [[r.Shadow.RadiusThreshold:0.01]]
[2022.07.21-17.24.23:486][  0]LogConfig: Setting CVar [[r.Shadow.DistanceScale:1.0]]
[2022.07.21-17.24.23:486][  0]LogConfig: Setting CVar [[r.Shadow.CSM.TransitionScale:1.0]]
[2022.07.21-17.24.23:486][  0]LogConfig: Setting CVar [[r.Shadow.PreShadowResolutionFactor:1.0]]
[2022.07.21-17.24.23:486][  0]LogConfig: Setting CVar [[r.DistanceFieldShadowing:1]]
[2022.07.21-17.24.23:486][  0]LogConfig: Setting CVar [[r.DistanceFieldAO:1]]
[2022.07.21-17.24.23:486][  0]LogConfig: Setting CVar [[r.AOQuality:2]]
[2022.07.21-17.24.23:486][  0]LogConfig: Setting CVar [[r.VolumetricFog:1]]
[2022.07.21-17.24.23:486][  0]LogConfig: Setting CVar [[r.VolumetricFog.GridPixelSize:8]]
[2022.07.21-17.24.23:486][  0]LogConfig: Setting CVar [[r.VolumetricFog.GridSizeZ:128]]
[2022.07.21-17.24.23:486][  0]LogConfig: Setting CVar [[r.VolumetricFog.HistoryMissSupersampleCount:4]]
[2022.07.21-17.24.23:486][  0]LogConfig: Setting CVar [[r.LightMaxDrawDistanceScale:1]]
[2022.07.21-17.24.23:486][  0]LogConfig: Setting CVar [[r.CapsuleShadows:1]]
[2022.07.21-17.24.23:486][  0]LogConfig: Applying CVar settings from Section [PostProcessQuality@3] File [C:/Users/pizh0/Documents/Unreal Projects/Rogue/Saved/Config/Windows/Scalability.ini]
[2022.07.21-17.24.23:486][  0]LogConfig: Setting CVar [[r.MotionBlurQuality:4]]
[2022.07.21-17.24.23:486][  0]LogConfig: Setting CVar [[r.AmbientOcclusionMipLevelFactor:0.4]]
[2022.07.21-17.24.23:486][  0]LogConfig: Setting CVar [[r.AmbientOcclusionMaxQuality:100]]
[2022.07.21-17.24.23:486][  0]LogConfig: Setting CVar [[r.AmbientOcclusionLevels:-1]]
[2022.07.21-17.24.23:486][  0]LogConfig: Setting CVar [[r.AmbientOcclusionRadiusScale:1.0]]
[2022.07.21-17.24.23:486][  0]LogConfig: Setting CVar [[r.DepthOfFieldQuality:2]]
[2022.07.21-17.24.23:486][  0]LogConfig: Setting CVar [[r.RenderTargetPoolMin:400]]
[2022.07.21-17.24.23:486][  0]LogConfig: Setting CVar [[r.LensFlareQuality:2]]
[2022.07.21-17.24.23:486][  0]LogConfig: Setting CVar [[r.SceneColorFringeQuality:1]]
[2022.07.21-17.24.23:486][  0]LogConfig: Setting CVar [[r.EyeAdaptationQuality:2]]
[2022.07.21-17.24.23:486][  0]LogConfig: Setting CVar [[r.BloomQuality:5]]
[2022.07.21-17.24.23:486][  0]LogConfig: Setting CVar [[r.FastBlurThreshold:100]]
[2022.07.21-17.24.23:486][  0]LogConfig: Setting CVar [[r.Upscale.Quality:3]]
[2022.07.21-17.24.23:486][  0]LogConfig: Setting CVar [[r.Tonemapper.GrainQuantization:1]]
[2022.07.21-17.24.23:486][  0]LogConfig: Setting CVar [[r.LightShaftQuality:1]]
[2022.07.21-17.24.23:486][  0]LogConfig: Setting CVar [[r.Filter.SizeScale:1]]
[2022.07.21-17.24.23:486][  0]LogConfig: Setting CVar [[r.Tonemapper.Quality:5]]
[2022.07.21-17.24.23:486][  0]LogConfig: Setting CVar [[r.DOF.Gather.AccumulatorQuality:1        ; higher gathering accumulator quality]]
[2022.07.21-17.24.23:486][  0]LogConfig: Setting CVar [[r.DOF.Gather.PostfilterMethod:1          ; Median3x3 postfilering method]]
[2022.07.21-17.24.23:486][  0]LogConfig: Setting CVar [[r.DOF.Gather.EnableBokehSettings:0       ; no bokeh simulation when gathering]]
[2022.07.21-17.24.23:487][  0]LogConfig: Setting CVar [[r.DOF.Gather.RingCount:4                 ; medium number of samples when gathering]]
[2022.07.21-17.24.23:487][  0]LogConfig: Setting CVar [[r.DOF.Scatter.ForegroundCompositing:1    ; additive foreground scattering]]
[2022.07.21-17.24.23:487][  0]LogConfig: Setting CVar [[r.DOF.Scatter.BackgroundCompositing:2    ; additive background scattering]]
[2022.07.21-17.24.23:487][  0]LogConfig: Setting CVar [[r.DOF.Scatter.EnableBokehSettings:1      ; bokeh simulation when scattering]]
[2022.07.21-17.24.23:487][  0]LogConfig: Setting CVar [[r.DOF.Scatter.MaxSpriteRatio:0.1         ; only a maximum of 10% of scattered bokeh]]
[2022.07.21-17.24.23:487][  0]LogConfig: Setting CVar [[r.DOF.Recombine.Quality:1                ; cheap slight out of focus]]
[2022.07.21-17.24.23:487][  0]LogConfig: Setting CVar [[r.DOF.Recombine.EnableBokehSettings:0    ; no bokeh simulation on slight out of focus]]
[2022.07.21-17.24.23:487][  0]LogConfig: Setting CVar [[r.DOF.TemporalAAQuality:1                ; more stable temporal accumulation]]
[2022.07.21-17.24.23:487][  0]LogConfig: Setting CVar [[r.DOF.Kernel.MaxForegroundRadius:0.025]]
[2022.07.21-17.24.23:487][  0]LogConfig: Setting CVar [[r.DOF.Kernel.MaxBackgroundRadius:0.025]]
[2022.07.21-17.24.23:487][  0]LogConfig: Applying CVar settings from Section [TextureQuality@3] File [C:/Users/pizh0/Documents/Unreal Projects/Rogue/Saved/Config/Windows/Scalability.ini]
[2022.07.21-17.24.23:487][  0]LogConfig: Setting CVar [[r.Streaming.MipBias:0]]
[2022.07.21-17.24.23:487][  0]LogConfig: Setting CVar [[r.Streaming.AmortizeCPUToGPUCopy:0]]
[2022.07.21-17.24.23:487][  0]LogConfig: Setting CVar [[r.Streaming.MaxNumTexturesToStreamPerFrame:0]]
[2022.07.21-17.24.23:487][  0]LogConfig: Setting CVar [[r.Streaming.Boost:1]]
[2022.07.21-17.24.23:487][  0]LogConfig: Setting CVar [[r.MaxAnisotropy:8]]
[2022.07.21-17.24.23:487][  0]LogConfig: Setting CVar [[r.VT.MaxAnisotropy:8]]
[2022.07.21-17.24.23:487][  0]LogConfig: Setting CVar [[r.Streaming.LimitPoolSizeToVRAM:0]]
[2022.07.21-17.24.23:487][  0]LogConfig: Setting CVar [[r.Streaming.PoolSize:1000]]
[2022.07.21-17.24.23:487][  0]LogConfig: Setting CVar [[r.Streaming.MaxEffectiveScreenSize:0]]
[2022.07.21-17.24.23:487][  0]LogConfig: Applying CVar settings from Section [EffectsQuality@3] File [C:/Users/pizh0/Documents/Unreal Projects/Rogue/Saved/Config/Windows/Scalability.ini]
[2022.07.21-17.24.23:487][  0]LogConfig: Setting CVar [[r.TranslucencyLightingVolumeDim:64]]
[2022.07.21-17.24.23:487][  0]LogConfig: Setting CVar [[r.RefractionQuality:2]]
[2022.07.21-17.24.23:487][  0]LogConfig: Setting CVar [[r.SSR.Quality:3]]
[2022.07.21-17.24.23:487][  0]LogConfig: Setting CVar [[r.SSR.HalfResSceneColor:0]]
[2022.07.21-17.24.23:487][  0]LogConfig: Setting CVar [[r.SceneColorFormat:4]]
[2022.07.21-17.24.23:487][  0]LogConfig: Setting CVar [[r.DetailMode:2]]
[2022.07.21-17.24.23:487][  0]LogConfig: Setting CVar [[r.TranslucencyVolumeBlur:1]]
[2022.07.21-17.24.23:487][  0]LogConfig: Setting CVar [[r.MaterialQualityLevel:1 ; High quality]]
[2022.07.21-17.24.23:487][  0]LogConfig: Setting CVar [[r.AnisotropicMaterials:1]]
[2022.07.21-17.24.23:487][  0]LogConfig: Setting CVar [[r.SSS.Scale:1]]
[2022.07.21-17.24.23:487][  0]LogConfig: Setting CVar [[r.SSS.SampleSet:2]]
[2022.07.21-17.24.23:487][  0]LogConfig: Setting CVar [[r.SSS.Quality:1]]
[2022.07.21-17.24.23:487][  0]LogConfig: Setting CVar [[r.SSS.HalfRes:0]]
[2022.07.21-17.24.23:487][  0]LogConfig: Setting CVar [[r.SSGI.Quality:3]]
[2022.07.21-17.24.23:487][  0]LogConfig: Setting CVar [[r.EmitterSpawnRateScale:1.0]]
[2022.07.21-17.24.23:487][  0]LogConfig: Setting CVar [[r.ParticleLightQuality:2]]
[2022.07.21-17.24.23:487][  0]LogConfig: Setting CVar [[r.SkyAtmosphere.AerialPerspectiveLUT.FastApplyOnOpaque:1 ; Always have FastSkyLUT 1 in this case to avoid wrong sky]]
[2022.07.21-17.24.23:487][  0]LogConfig: Setting CVar [[r.SkyAtmosphere.AerialPerspectiveLUT.SampleCountMaxPerSlice:4]]
[2022.07.21-17.24.23:487][  0]LogConfig: Setting CVar [[r.SkyAtmosphere.AerialPerspectiveLUT.DepthResolution:16.0]]
[2022.07.21-17.24.23:487][  0]LogConfig: Setting CVar [[r.SkyAtmosphere.FastSkyLUT:1]]
[2022.07.21-17.24.23:487][  0]LogConfig: Setting CVar [[r.SkyAtmosphere.FastSkyLUT.SampleCountMin:4.0]]
[2022.07.21-17.24.23:487][  0]LogConfig: Setting CVar [[r.SkyAtmosphere.FastSkyLUT.SampleCountMax:128.0]]
[2022.07.21-17.24.23:487][  0]LogConfig: Setting CVar [[r.SkyAtmosphere.SampleCountMin:4.0]]
[2022.07.21-17.24.23:487][  0]LogConfig: Setting CVar [[r.SkyAtmosphere.SampleCountMax:128.0]]
[2022.07.21-17.24.23:487][  0]LogConfig: Setting CVar [[r.SkyAtmosphere.TransmittanceLUT.UseSmallFormat:0]]
[2022.07.21-17.24.23:487][  0]LogConfig: Setting CVar [[r.SkyAtmosphere.TransmittanceLUT.SampleCount:10.0]]
[2022.07.21-17.24.23:487][  0]LogConfig: Setting CVar [[r.SkyAtmosphere.MultiScatteringLUT.SampleCount:15.0]]
[2022.07.21-17.24.23:487][  0]LogConfig: Setting CVar [[r.SkyLight.RealTimeReflectionCapture:1]]
[2022.07.21-17.24.23:487][  0]LogConfig: Applying CVar settings from Section [FoliageQuality@3] File [C:/Users/pizh0/Documents/Unreal Projects/Rogue/Saved/Config/Windows/Scalability.ini]
[2022.07.21-17.24.23:487][  0]LogConfig: Setting CVar [[foliage.DensityScale:1.0]]
[2022.07.21-17.24.23:487][  0]LogConfig: Setting CVar [[grass.DensityScale:1.0]]
[2022.07.21-17.24.23:487][  0]LogConfig: Applying CVar settings from Section [ShadingQuality@3] File [C:/Users/pizh0/Documents/Unreal Projects/Rogue/Saved/Config/Windows/Scalability.ini]
[2022.07.21-17.24.23:487][  0]LogConfig: Setting CVar [[r.HairStrands.SkyLighting.IntegrationType:2]]
[2022.07.21-17.24.23:487][  0]LogConfig: Setting CVar [[r.HairStrands.SkyAO.SampleCount:4]]
[2022.07.21-17.24.23:487][  0]LogConfig: Setting CVar [[r.HairStrands.Visibility.MSAA.SamplePerPixel:4]]
[2022.07.21-17.24.23:487][  0]LogInit: Selected Device Profile: [Windows]
[2022.07.21-17.24.23:487][  0]LogInit: Applying CVar settings loaded from the selected device profile: [Windows]
[2022.07.21-17.24.23:487][  0]LogHAL: Display: Platform has ~ 16 GB [17124114432 / 17179869184 / 16], which maps to Larger [LargestMinGB=32, LargerMinGB=12, DefaultMinGB=8, SmallerMinGB=6, SmallestMinGB=0)
[2022.07.21-17.24.23:487][  0]LogInit: Going up to parent DeviceProfile []
[2022.07.21-17.24.23:487][  0]LogConfig: Applying CVar settings from Section [ViewDistanceQuality@3] File [C:/Users/pizh0/Documents/Unreal Projects/Rogue/Saved/Config/Windows/Scalability.ini]
[2022.07.21-17.24.23:487][  0]LogConfig: Setting CVar [[r.SkeletalMeshLODBias:0]]
[2022.07.21-17.24.23:487][  0]LogConfig: Setting CVar [[r.ViewDistanceScale:1.0]]
[2022.07.21-17.24.23:488][  0]LogConfig: Applying CVar settings from Section [AntiAliasingQuality@3] File [C:/Users/pizh0/Documents/Unreal Projects/Rogue/Saved/Config/Windows/Scalability.ini]
[2022.07.21-17.24.23:488][  0]LogConfig: Setting CVar [[r.PostProcessAAQuality:4]]
[2022.07.21-17.24.23:488][  0]LogConfig: Applying CVar settings from Section [ShadowQuality@3] File [C:/Users/pizh0/Documents/Unreal Projects/Rogue/Saved/Config/Windows/Scalability.ini]
[2022.07.21-17.24.23:488][  0]LogConfig: Setting CVar [[r.LightFunctionQuality:1]]
[2022.07.21-17.24.23:488][  0]LogConfig: Setting CVar [[r.ShadowQuality:5]]
[2022.07.21-17.24.23:488][  0]LogConfig: Setting CVar [[r.Shadow.CSM.MaxCascades:10]]
[2022.07.21-17.24.23:488][  0]LogConfig: Setting CVar [[r.Shadow.MaxResolution:2048]]
[2022.07.21-17.24.23:488][  0]LogConfig: Setting CVar [[r.Shadow.MaxCSMResolution:2048]]
[2022.07.21-17.24.23:488][  0]LogConfig: Setting CVar [[r.Shadow.RadiusThreshold:0.01]]
[2022.07.21-17.24.23:488][  0]LogConfig: Setting CVar [[r.Shadow.DistanceScale:1.0]]
[2022.07.21-17.24.23:488][  0]LogConfig: Setting CVar [[r.Shadow.CSM.TransitionScale:1.0]]
[2022.07.21-17.24.23:488][  0]LogConfig: Setting CVar [[r.Shadow.PreShadowResolutionFactor:1.0]]
[2022.07.21-17.24.23:488][  0]LogConfig: Setting CVar [[r.DistanceFieldShadowing:1]]
[2022.07.21-17.24.23:488][  0]LogConfig: Setting CVar [[r.DistanceFieldAO:1]]
[2022.07.21-17.24.23:488][  0]LogConfig: Setting CVar [[r.AOQuality:2]]
[2022.07.21-17.24.23:488][  0]LogConfig: Setting CVar [[r.VolumetricFog:1]]
[2022.07.21-17.24.23:488][  0]LogConfig: Setting CVar [[r.VolumetricFog.GridPixelSize:8]]
[2022.07.21-17.24.23:488][  0]LogConfig: Setting CVar [[r.VolumetricFog.GridSizeZ:128]]
[2022.07.21-17.24.23:488][  0]LogConfig: Setting CVar [[r.VolumetricFog.HistoryMissSupersampleCount:4]]
[2022.07.21-17.24.23:488][  0]LogConfig: Setting CVar [[r.LightMaxDrawDistanceScale:1]]
[2022.07.21-17.24.23:488][  0]LogConfig: Setting CVar [[r.CapsuleShadows:1]]
[2022.07.21-17.24.23:488][  0]LogConfig: Applying CVar settings from Section [PostProcessQuality@3] File [C:/Users/pizh0/Documents/Unreal Projects/Rogue/Saved/Config/Windows/Scalability.ini]
[2022.07.21-17.24.23:488][  0]LogConfig: Setting CVar [[r.MotionBlurQuality:4]]
[2022.07.21-17.24.23:488][  0]LogConfig: Setting CVar [[r.AmbientOcclusionMipLevelFactor:0.4]]
[2022.07.21-17.24.23:488][  0]LogConfig: Setting CVar [[r.AmbientOcclusionMaxQuality:100]]
[2022.07.21-17.24.23:488][  0]LogConfig: Setting CVar [[r.AmbientOcclusionLevels:-1]]
[2022.07.21-17.24.23:488][  0]LogConfig: Setting CVar [[r.AmbientOcclusionRadiusScale:1.0]]
[2022.07.21-17.24.23:488][  0]LogConfig: Setting CVar [[r.DepthOfFieldQuality:2]]
[2022.07.21-17.24.23:488][  0]LogConfig: Setting CVar [[r.RenderTargetPoolMin:400]]
[2022.07.21-17.24.23:488][  0]LogConfig: Setting CVar [[r.LensFlareQuality:2]]
[2022.07.21-17.24.23:488][  0]LogConfig: Setting CVar [[r.SceneColorFringeQuality:1]]
[2022.07.21-17.24.23:488][  0]LogConfig: Setting CVar [[r.EyeAdaptationQuality:2]]
[2022.07.21-17.24.23:488][  0]LogConfig: Setting CVar [[r.BloomQuality:5]]
[2022.07.21-17.24.23:488][  0]LogConfig: Setting CVar [[r.FastBlurThreshold:100]]
[2022.07.21-17.24.23:488][  0]LogConfig: Setting CVar [[r.Upscale.Quality:3]]
[2022.07.21-17.24.23:488][  0]LogConfig: Setting CVar [[r.Tonemapper.GrainQuantization:1]]
[2022.07.21-17.24.23:488][  0]LogConfig: Setting CVar [[r.LightShaftQuality:1]]
[2022.07.21-17.24.23:488][  0]LogConfig: Setting CVar [[r.Filter.SizeScale:1]]
[2022.07.21-17.24.23:488][  0]LogConfig: Setting CVar [[r.Tonemapper.Quality:5]]
[2022.07.21-17.24.23:488][  0]LogConfig: Setting CVar [[r.DOF.Gather.AccumulatorQuality:1        ; higher gathering accumulator quality]]
[2022.07.21-17.24.23:488][  0]LogConfig: Setting CVar [[r.DOF.Gather.PostfilterMethod:1          ; Median3x3 postfilering method]]
[2022.07.21-17.24.23:488][  0]LogConfig: Setting CVar [[r.DOF.Gather.EnableBokehSettings:0       ; no bokeh simulation when gathering]]
[2022.07.21-17.24.23:488][  0]LogConfig: Setting CVar [[r.DOF.Gather.RingCount:4                 ; medium number of samples when gathering]]
[2022.07.21-17.24.23:488][  0]LogConfig: Setting CVar [[r.DOF.Scatter.ForegroundCompositing:1    ; additive foreground scattering]]
[2022.07.21-17.24.23:488][  0]LogConfig: Setting CVar [[r.DOF.Scatter.BackgroundCompositing:2    ; additive background scattering]]
[2022.07.21-17.24.23:488][  0]LogConfig: Setting CVar [[r.DOF.Scatter.EnableBokehSettings:1      ; bokeh simulation when scattering]]
[2022.07.21-17.24.23:488][  0]LogConfig: Setting CVar [[r.DOF.Scatter.MaxSpriteRatio:0.1         ; only a maximum of 10% of scattered bokeh]]
[2022.07.21-17.24.23:488][  0]LogConfig: Setting CVar [[r.DOF.Recombine.Quality:1                ; cheap slight out of focus]]
[2022.07.21-17.24.23:488][  0]LogConfig: Setting CVar [[r.DOF.Recombine.EnableBokehSettings:0    ; no bokeh simulation on slight out of focus]]
[2022.07.21-17.24.23:488][  0]LogConfig: Setting CVar [[r.DOF.TemporalAAQuality:1                ; more stable temporal accumulation]]
[2022.07.21-17.24.23:488][  0]LogConfig: Setting CVar [[r.DOF.Kernel.MaxForegroundRadius:0.025]]
[2022.07.21-17.24.23:488][  0]LogConfig: Setting CVar [[r.DOF.Kernel.MaxBackgroundRadius:0.025]]
[2022.07.21-17.24.23:488][  0]LogConfig: Applying CVar settings from Section [TextureQuality@3] File [C:/Users/pizh0/Documents/Unreal Projects/Rogue/Saved/Config/Windows/Scalability.ini]
[2022.07.21-17.24.23:488][  0]LogConfig: Setting CVar [[r.Streaming.MipBias:0]]
[2022.07.21-17.24.23:488][  0]LogConfig: Setting CVar [[r.Streaming.AmortizeCPUToGPUCopy:0]]
[2022.07.21-17.24.23:488][  0]LogConfig: Setting CVar [[r.Streaming.MaxNumTexturesToStreamPerFrame:0]]
[2022.07.21-17.24.23:488][  0]LogConfig: Setting CVar [[r.Streaming.Boost:1]]
[2022.07.21-17.24.23:488][  0]LogConfig: Setting CVar [[r.MaxAnisotropy:8]]
[2022.07.21-17.24.23:488][  0]LogConfig: Setting CVar [[r.VT.MaxAnisotropy:8]]
[2022.07.21-17.24.23:488][  0]LogConfig: Setting CVar [[r.Streaming.LimitPoolSizeToVRAM:0]]
[2022.07.21-17.24.23:488][  0]LogConfig: Setting CVar [[r.Streaming.PoolSize:1000]]
[2022.07.21-17.24.23:488][  0]LogConfig: Setting CVar [[r.Streaming.MaxEffectiveScreenSize:0]]
[2022.07.21-17.24.23:488][  0]LogConfig: Applying CVar settings from Section [EffectsQuality@3] File [C:/Users/pizh0/Documents/Unreal Projects/Rogue/Saved/Config/Windows/Scalability.ini]
[2022.07.21-17.24.23:488][  0]LogConfig: Setting CVar [[r.TranslucencyLightingVolumeDim:64]]
[2022.07.21-17.24.23:488][  0]LogConfig: Setting CVar [[r.RefractionQuality:2]]
[2022.07.21-17.24.23:488][  0]LogConfig: Setting CVar [[r.SSR.Quality:3]]
[2022.07.21-17.24.23:488][  0]LogConfig: Setting CVar [[r.SSR.HalfResSceneColor:0]]
[2022.07.21-17.24.23:488][  0]LogConfig: Setting CVar [[r.SceneColorFormat:4]]
[2022.07.21-17.24.23:488][  0]LogConfig: Setting CVar [[r.DetailMode:2]]
[2022.07.21-17.24.23:488][  0]LogConfig: Setting CVar [[r.TranslucencyVolumeBlur:1]]
[2022.07.21-17.24.23:488][  0]LogConfig: Setting CVar [[r.MaterialQualityLevel:1 ; High quality]]
[2022.07.21-17.24.23:488][  0]LogConfig: Setting CVar [[r.AnisotropicMaterials:1]]
[2022.07.21-17.24.23:488][  0]LogConfig: Setting CVar [[r.SSS.Scale:1]]
[2022.07.21-17.24.23:489][  0]LogConfig: Setting CVar [[r.SSS.SampleSet:2]]
[2022.07.21-17.24.23:489][  0]LogConfig: Setting CVar [[r.SSS.Quality:1]]
[2022.07.21-17.24.23:489][  0]LogConfig: Setting CVar [[r.SSS.HalfRes:0]]
[2022.07.21-17.24.23:489][  0]LogConfig: Setting CVar [[r.SSGI.Quality:3]]
[2022.07.21-17.24.23:489][  0]LogConfig: Setting CVar [[r.EmitterSpawnRateScale:1.0]]
[2022.07.21-17.24.23:489][  0]LogConfig: Setting CVar [[r.ParticleLightQuality:2]]
[2022.07.21-17.24.23:489][  0]LogConfig: Setting CVar [[r.SkyAtmosphere.AerialPerspectiveLUT.FastApplyOnOpaque:1 ; Always have FastSkyLUT 1 in this case to avoid wrong sky]]
[2022.07.21-17.24.23:489][  0]LogConfig: Setting CVar [[r.SkyAtmosphere.AerialPerspectiveLUT.SampleCountMaxPerSlice:4]]
[2022.07.21-17.24.23:489][  0]LogConfig: Setting CVar [[r.SkyAtmosphere.AerialPerspectiveLUT.DepthResolution:16.0]]
[2022.07.21-17.24.23:489][  0]LogConfig: Setting CVar [[r.SkyAtmosphere.FastSkyLUT:1]]
[2022.07.21-17.24.23:489][  0]LogConfig: Setting CVar [[r.SkyAtmosphere.FastSkyLUT.SampleCountMin:4.0]]
[2022.07.21-17.24.23:489][  0]LogConfig: Setting CVar [[r.SkyAtmosphere.FastSkyLUT.SampleCountMax:128.0]]
[2022.07.21-17.24.23:489][  0]LogConfig: Setting CVar [[r.SkyAtmosphere.SampleCountMin:4.0]]
[2022.07.21-17.24.23:489][  0]LogConfig: Setting CVar [[r.SkyAtmosphere.SampleCountMax:128.0]]
[2022.07.21-17.24.23:489][  0]LogConfig: Setting CVar [[r.SkyAtmosphere.TransmittanceLUT.UseSmallFormat:0]]
[2022.07.21-17.24.23:489][  0]LogConfig: Setting CVar [[r.SkyAtmosphere.TransmittanceLUT.SampleCount:10.0]]
[2022.07.21-17.24.23:489][  0]LogConfig: Setting CVar [[r.SkyAtmosphere.MultiScatteringLUT.SampleCount:15.0]]
[2022.07.21-17.24.23:489][  0]LogConfig: Setting CVar [[r.SkyLight.RealTimeReflectionCapture:1]]
[2022.07.21-17.24.23:489][  0]LogConfig: Applying CVar settings from Section [FoliageQuality@3] File [C:/Users/pizh0/Documents/Unreal Projects/Rogue/Saved/Config/Windows/Scalability.ini]
[2022.07.21-17.24.23:489][  0]LogConfig: Setting CVar [[foliage.DensityScale:1.0]]
[2022.07.21-17.24.23:489][  0]LogConfig: Setting CVar [[grass.DensityScale:1.0]]
[2022.07.21-17.24.23:489][  0]LogConfig: Applying CVar settings from Section [ShadingQuality@3] File [C:/Users/pizh0/Documents/Unreal Projects/Rogue/Saved/Config/Windows/Scalability.ini]
[2022.07.21-17.24.23:489][  0]LogConfig: Setting CVar [[r.HairStrands.SkyLighting.IntegrationType:2]]
[2022.07.21-17.24.23:489][  0]LogConfig: Setting CVar [[r.HairStrands.SkyAO.SampleCount:4]]
[2022.07.21-17.24.23:489][  0]LogConfig: Setting CVar [[r.HairStrands.Visibility.MSAA.SamplePerPixel:4]]
[2022.07.21-17.24.23:489][  0]LogConfig: Applying CVar settings from Section [Startup] File [../../../Engine/Config/ConsoleVariables.ini]
[2022.07.21-17.24.23:489][  0]LogConfig: Setting CVar [[net.UseAdaptiveNetUpdateFrequency:0]]
[2022.07.21-17.24.23:489][  0]LogConfig: Setting CVar [[p.chaos.AllowCreatePhysxBodies:1]]
[2022.07.21-17.24.23:489][  0]LogConfig: Setting CVar [[fx.SkipVectorVMBackendOptimizations:1]]
[2022.07.21-17.24.23:489][  0]LogConfig: Applying CVar settings from Section [ConsoleVariables] File [C:/Users/pizh0/Documents/Unreal Projects/Rogue/Saved/Config/Windows/Engine.ini]
[2022.07.21-17.24.23:489][  0]LogConfig: Applying CVar settings from Section [ConsoleVariables] File [C:/Users/pizh0/Documents/Unreal Projects/Rogue/Saved/Config/Windows/Editor.ini]
[2022.07.21-17.24.23:489][  0]LogInit: Computer: HOME-PC
[2022.07.21-17.24.23:489][  0]LogInit: User: pizh0
[2022.07.21-17.24.23:489][  0]LogInit: CPU Page size=4096, Cores=6
[2022.07.21-17.24.23:489][  0]LogInit: High frequency timer resolution =10.000000 MHz
[2022.07.21-17.24.23:489][  0]LogMemory: Memory total: Physical=15.9GB (16GB approx)
[2022.07.21-17.24.23:489][  0]LogMemory: Platform Memory Stats for Windows
[2022.07.21-17.24.23:489][  0]LogMemory: Process Physical Memory: 143.79 MB used, 143.79 MB peak
[2022.07.21-17.24.23:489][  0]LogMemory: Process Virtual Memory: 129.77 MB used, 129.77 MB peak
[2022.07.21-17.24.23:489][  0]LogMemory: Physical Memory: 5937.66 MB used,  10393.16 MB free, 16330.83 MB total
[2022.07.21-17.24.23:489][  0]LogMemory: Virtual Memory: 134201064.00 MB used,  16665.14 MB free, 134217728.00 MB total
[2022.07.21-17.24.23:558][  0]LogWindows: WindowsPlatformFeatures enabled
[2022.07.21-17.24.23:603][  0]LogInit: Physics initialised using underlying interface: PhysX
[2022.07.21-17.24.23:604][  0]LogInit: Using OS detected language (ru-RU).
[2022.07.21-17.24.23:604][  0]LogInit: Using OS detected locale (ru-RU).
[2022.07.21-17.24.23:609][  0]LogTextLocalizationManager: No specific localization for 'ru-RU' exists, so the 'ru' localization will be used.
[2022.07.21-17.24.23:610][  0]LogTextLocalizationResource: LocRes '../../../Engine/Content/Localization/Editor/ru/Editor.locres' could not be opened for reading!
[2022.07.21-17.24.23:610][  0]LogTextLocalizationResource: LocRes '../../../Engine/Content/Localization/EditorTutorials/ru/EditorTutorials.locres' could not be opened for reading!
[2022.07.21-17.24.23:610][  0]LogTextLocalizationResource: LocRes '../../../Engine/Content/Localization/Keywords/ru/Keywords.locres' could not be opened for reading!
[2022.07.21-17.24.23:610][  0]LogTextLocalizationResource: LocRes '../../../Engine/Content/Localization/Category/ru/Category.locres' could not be opened for reading!
[2022.07.21-17.24.23:610][  0]LogTextLocalizationResource: LocRes '../../../Engine/Content/Localization/ToolTips/ru/ToolTips.locres' could not be opened for reading!
[2022.07.21-17.24.23:610][  0]LogTextLocalizationResource: LocRes '../../../Engine/Content/Localization/PropertyNames/ru/PropertyNames.locres' could not be opened for reading!
[2022.07.21-17.24.23:611][  0]LogTextLocalizationResource: LocRes '../../../Engine/Content/Localization/Engine/ru/Engine.locres' could not be opened for reading!
[2022.07.21-17.24.23:612][  0]LogInit: Setting process to per monitor DPI aware
[2022.07.21-17.24.23:623][  0]LogWindowsTextInputMethodSystem: Display: IME system deactivated.
[2022.07.21-17.24.23:637][  0]LogSlate: New Slate User Created.  User Index 0, Is Virtual User: 0
[2022.07.21-17.24.23:637][  0]LogSlate: Slate User Registered.  User Index 0, Is Virtual User: 0
[2022.07.21-17.24.23:824][  0]LogD3D11RHI: Loaded GFSDK_Aftermath_Lib.x64.dll
[2022.07.21-17.24.23:829][  0]LogHMD: Failed to initialize OpenVR with code 110
[2022.07.21-17.24.23:829][  0]LogD3D11RHI: D3D11 min allowed feature level: 11_0
[2022.07.21-17.24.23:829][  0]LogD3D11RHI: D3D11 max allowed feature level: 11_0
[2022.07.21-17.24.23:829][  0]LogD3D11RHI: D3D11 adapters:
[2022.07.21-17.24.23:933][  0]LogD3D11RHI:    0. 'NVIDIA GeForce GTX 1660 SUPER' (Feature Level 11_0)
[2022.07.21-17.24.23:933][  0]LogD3D11RHI:       5991/0/8165 MB DedicatedVideo/DedicatedSystem/SharedSystem, Outputs:1, VendorId:0x10de
[2022.07.21-17.24.23:936][  0]LogD3D11RHI:    1. 'Microsoft Basic Render Driver' (Feature Level 11_0)
[2022.07.21-17.24.23:936][  0]LogD3D11RHI:       0/0/8165 MB DedicatedVideo/DedicatedSystem/SharedSystem, Outputs:0, VendorId:0x1414
[2022.07.21-17.24.23:936][  0]LogD3D11RHI: Chosen D3D11 Adapter:
[2022.07.21-17.24.23:936][  0]LogD3D11RHI:     Description : NVIDIA GeForce GTX 1660 SUPER
[2022.07.21-17.24.23:936][  0]LogD3D11RHI:     VendorId    : 10de
[2022.07.21-17.24.23:936][  0]LogD3D11RHI:     DeviceId    : 21c4
[2022.07.21-17.24.23:936][  0]LogD3D11RHI:     SubSysId    : 21c410de
[2022.07.21-17.24.23:936][  0]LogD3D11RHI:     Revision    : 00a1
[2022.07.21-17.24.23:936][  0]LogD3D11RHI:     DedicatedVideoMemory : 6282018816 bytes
[2022.07.21-17.24.23:936][  0]LogD3D11RHI:     DedicatedSystemMemory : 0 bytes
[2022.07.21-17.24.23:936][  0]LogD3D11RHI:     SharedSystemMemory : 8562057216 bytes
[2022.07.21-17.24.23:936][  0]LogD3D11RHI:     AdapterLuid : 0 47277
[2022.07.21-17.24.23:944][  0]LogD3D11RHI: Creating new Direct3DDevice
[2022.07.21-17.24.23:944][  0]LogD3D11RHI:     GPU DeviceId: 0x21c4 (for the marketing name, search the web for "GPU Device Id")
[2022.07.21-17.24.23:944][  0]LogWindows: EnumDisplayDevices:
[2022.07.21-17.24.23:944][  0]LogWindows:    0. 'NVIDIA GeForce GTX 1660 SUPER' (P:1 D:1)
[2022.07.21-17.24.23:944][  0]LogWindows:    1. 'NVIDIA GeForce GTX 1660 SUPER' (P:0 D:0)
[2022.07.21-17.24.23:944][  0]LogWindows:    2. 'NVIDIA GeForce GTX 1660 SUPER' (P:0 D:0)
[2022.07.21-17.24.23:945][  0]LogWindows:    3. 'NVIDIA GeForce GTX 1660 SUPER' (P:0 D:0)
[2022.07.21-17.24.23:945][  0]LogWindows: DebugString: FoundDriverCount:4 
[2022.07.21-17.24.23:945][  0]LogD3D11RHI:     Adapter Name: NVIDIA GeForce GTX 1660 SUPER
[2022.07.21-17.24.23:945][  0]LogD3D11RHI:   Driver Version: 456.71 (internal:27.21.14.5671, unified:456.71)
[2022.07.21-17.24.23:945][  0]LogD3D11RHI:      Driver Date: 9-30-2020
[2022.07.21-17.24.23:945][  0]LogRHI: Texture pool is 4193 MB (70% of 5991 MB)
[2022.07.21-17.24.23:945][  0]LogD3D11RHI: Creating D3DDevice using adapter:
[2022.07.21-17.24.23:945][  0]LogD3D11RHI:     Description : NVIDIA GeForce GTX 1660 SUPER
[2022.07.21-17.24.23:945][  0]LogD3D11RHI:     VendorId    : 10de
[2022.07.21-17.24.23:945][  0]LogD3D11RHI:     DeviceId    : 21c4
[2022.07.21-17.24.23:945][  0]LogD3D11RHI:     SubSysId    : 21c410de
[2022.07.21-17.24.23:945][  0]LogD3D11RHI:     Revision    : 00a1
[2022.07.21-17.24.23:945][  0]LogD3D11RHI:     DedicatedVideoMemory : 6282018816 bytes
[2022.07.21-17.24.23:945][  0]LogD3D11RHI:     DedicatedSystemMemory : 0 bytes
[2022.07.21-17.24.23:945][  0]LogD3D11RHI:     SharedSystemMemory : 8562057216 bytes
[2022.07.21-17.24.23:945][  0]LogD3D11RHI:     AdapterLuid : 0 47277
[2022.07.21-17.24.24:026][  0]LogD3D11RHI: RHI has support for 64 bit atomics
[2022.07.21-17.24.24:026][  0]LogD3D11RHI: Async texture creation enabled
[2022.07.21-17.24.24:026][  0]LogD3D11RHI: Array index from any shader is supported
[2022.07.21-17.24.24:042][  0]LogD3D11RHI: GPU Timing Frequency: 1000.000000 (Debug: 2 1)
[2022.07.21-17.24.24:074][  0]LogRHI: GeForceNow SDK initialized: 1
[2022.07.21-17.24.24:542][  0]LogTargetPlatformManager: Display: Loaded TargetPlatform 'AllDesktop'
[2022.07.21-17.24.24:571][  0]LogTargetPlatformManager: Display: Loaded TargetPlatform 'Android'
[2022.07.21-17.24.24:571][  0]LogTargetPlatformManager: Display: Loaded TargetPlatform 'Android_ASTC'
[2022.07.21-17.24.24:571][  0]LogTargetPlatformManager: Display: Loaded TargetPlatform 'Android_DXT'
[2022.07.21-17.24.24:571][  0]LogTargetPlatformManager: Display: Loaded TargetPlatform 'Android_ETC2'
[2022.07.21-17.24.24:571][  0]LogTargetPlatformManager: Display: Loaded TargetPlatform 'AndroidClient'
[2022.07.21-17.24.24:571][  0]LogTargetPlatformManager: Display: Loaded TargetPlatform 'Android_ASTCClient'
[2022.07.21-17.24.24:571][  0]LogTargetPlatformManager: Display: Loaded TargetPlatform 'Android_DXTClient'
[2022.07.21-17.24.24:571][  0]LogTargetPlatformManager: Display: Loaded TargetPlatform 'Android_ETC2Client'
[2022.07.21-17.24.24:571][  0]LogTargetPlatformManager: Display: Loaded TargetPlatform 'Android_Multi'
[2022.07.21-17.24.24:571][  0]LogTargetPlatformManager: Display: Loaded TargetPlatform 'Android_MultiClient'
[2022.07.21-17.24.24:594][  0]LogTargetPlatformManager: Display: Loaded TargetPlatform 'IOSClient'
[2022.07.21-17.24.24:594][  0]LogTargetPlatformManager: Display: Loaded TargetPlatform 'IOS'
[2022.07.21-17.24.24:607][  0]LogTargetPlatformManager: Display: Loaded TargetPlatform 'Linux'
[2022.07.21-17.24.24:613][  0]LogTargetPlatformManager: Display: Loaded TargetPlatform 'LinuxNoEditor'
[2022.07.21-17.24.24:618][  0]LogTargetPlatformManager: Display: Loaded TargetPlatform 'LinuxClient'
[2022.07.21-17.24.24:624][  0]LogTargetPlatformManager: Display: Loaded TargetPlatform 'LinuxServer'
[2022.07.21-17.24.24:636][  0]LogTargetPlatformManager: Display: Loaded TargetPlatform 'LinuxAArch64NoEditor'
[2022.07.21-17.24.24:642][  0]LogTargetPlatformManager: Display: Loaded TargetPlatform 'LinuxAArch64Client'
[2022.07.21-17.24.24:648][  0]LogTargetPlatformManager: Display: Loaded TargetPlatform 'LinuxAArch64Server'
[2022.07.21-17.24.24:679][  0]LogTargetPlatformManager: Display: Loaded TargetPlatform 'Lumin'
[2022.07.21-17.24.24:679][  0]LogTargetPlatformManager: Display: Loaded TargetPlatform 'LuminClient'
[2022.07.21-17.24.24:691][  0]LogTargetPlatformManager: Display: Loaded TargetPlatform 'MacNoEditor'
[2022.07.21-17.24.24:696][  0]LogTargetPlatformManager: Display: Loaded TargetPlatform 'Mac'
[2022.07.21-17.24.24:702][  0]LogTargetPlatformManager: Display: Loaded TargetPlatform 'MacClient'
[2022.07.21-17.24.24:708][  0]LogTargetPlatformManager: Display: Loaded TargetPlatform 'MacServer'
[2022.07.21-17.24.24:721][  0]LogTargetPlatformManager: Display: Loaded TargetPlatform 'TVOSClient'
[2022.07.21-17.24.24:721][  0]LogTargetPlatformManager: Display: Loaded TargetPlatform 'TVOS'
[2022.07.21-17.24.24:733][  0]LogTargetPlatformManager: Display: Loaded TargetPlatform 'WindowsNoEditor'
[2022.07.21-17.24.24:740][  0]LogTargetPlatformManager: Display: Loaded TargetPlatform 'Windows'
[2022.07.21-17.24.24:746][  0]LogTargetPlatformManager: Display: Loaded TargetPlatform 'WindowsClient'
[2022.07.21-17.24.24:752][  0]LogTargetPlatformManager: Display: Loaded TargetPlatform 'WindowsServer'
[2022.07.21-17.24.24:752][  0]LogTargetPlatformManager: Display: Building Assets For Windows
[2022.07.21-17.24.24:763][  0]LogAudioDebug: Display: Lib vorbis DLL was dynamically loaded.
[2022.07.21-17.24.24:809][  0]LogTextureFormatOodle: Display: Oodle Texture 2.9.0 init RDO Off
[2022.07.21-17.24.24:852][  0]LogRendererCore: Ray tracing is disabled. Reason: r.RayTracing=0.
[2022.07.21-17.24.24:852][  0]LogShaderCompilers: Guid format shader working directory is -10 characters bigger than the processId version (../../../../Users/pizh0/Documents/Unreal Projects/Rogue/Intermediate/Shaders/WorkingDirectory/10740/).
[2022.07.21-17.24.24:853][  0]LogShaderCompilers: Cleaned the shader compiler working directory 'C:/Users/pizh0/AppData/Local/Temp/UnrealShaderWorkingDir/5D427CC3436F7A35F21C0285392F0905/'.
[2022.07.21-17.24.24:853][  0]LogXGEController: Cannot use XGE Controller as Incredibuild is not installed on this machine.
[2022.07.21-17.24.24:853][  0]LogShaderCompilers: Cannot use XGE Shader Compiler as Incredibuild is not installed on this machine.
[2022.07.21-17.24.24:853][  0]LogShaderCompilers: Display: Using Local Shader Compiler.
[2022.07.21-17.24.25:782][  0]LogDerivedDataCache: Display: Max Cache Size: 512 MB
[2022.07.21-17.24.25:860][  0]LogDerivedDataCache: Loaded boot cache 0.08s 94MB C:/Users/pizh0/AppData/Local/UnrealEngine/4.27/DerivedDataCache/Boot.ddc.
[2022.07.21-17.24.25:860][  0]LogDerivedDataCache: Display: Loaded Boot cache: C:/Users/pizh0/AppData/Local/UnrealEngine/4.27/DerivedDataCache/Boot.ddc
[2022.07.21-17.24.25:860][  0]LogDerivedDataCache: FDerivedDataBackendGraph:  Pak pak cache file ../../../../Users/pizh0/Documents/Unreal Projects/Rogue/DerivedDataCache/DDC.ddp not found, will not use a pak cache.
[2022.07.21-17.24.25:860][  0]LogDerivedDataCache: Unable to find inner node Pak for hierarchical cache Hierarchy.
[2022.07.21-17.24.25:860][  0]LogDerivedDataCache: FDerivedDataBackendGraph:  CompressedPak pak cache file ../../../../Users/pizh0/Documents/Unreal Projects/Rogue/DerivedDataCache/Compressed.ddp not found, will not use a pak cache.
[2022.07.21-17.24.25:860][  0]LogDerivedDataCache: Unable to find inner node CompressedPak for hierarchical cache Hierarchy.
[2022.07.21-17.24.25:881][  0]LogDerivedDataCache: Display: Pak cache opened for reading ../../../Engine/DerivedDataCache/Compressed.ddp.
[2022.07.21-17.24.25:881][  0]LogDerivedDataCache: FDerivedDataBackendGraph:  EnterprisePak pak cache file ../../../Enterprise/DerivedDataCache/Compressed.ddp not found, will not use a pak cache.
[2022.07.21-17.24.25:881][  0]LogDerivedDataCache: Unable to find inner node EnterprisePak for hierarchical cache Hierarchy.
[2022.07.21-17.24.25:892][  0]LogDerivedDataCache: Speed tests for C:/Users/pizh0/AppData/Local/UnrealEngine/Common/DerivedDataCache took 0.01 seconds
[2022.07.21-17.24.25:892][  0]LogDerivedDataCache: Display: Performance to C:/Users/pizh0/AppData/Local/UnrealEngine/Common/DerivedDataCache: Latency=0.05ms. RandomReadSpeed=796.10MBs, RandomWriteSpeed=102.91MBs. Assigned SpeedClass 'Local'
[2022.07.21-17.24.25:894][  0]LogDerivedDataCache: Using Local data cache path C:/Users/pizh0/AppData/Local/UnrealEngine/Common/DerivedDataCache: Writable
[2022.07.21-17.24.25:894][  0]LogDerivedDataCache: Shared data cache path not found in *engine.ini, will not use an Shared cache.
[2022.07.21-17.24.25:894][  0]LogDerivedDataCache: Unable to find inner node Shared for hierarchical cache Hierarchy.
[2022.07.21-17.24.25:950][  0]LogSlate: Using FreeType 2.10.0
[2022.07.21-17.24.25:951][  0]LogSlate: SlateFontServices - WITH_FREETYPE: 1, WITH_HARFBUZZ: 1
[2022.07.21-17.24.25:978][  0]LogAssetRegistry: FAssetRegistry took 0.0036 seconds to start up
[2022.07.21-17.24.26:289][  0]LogInit: Selected Device Profile: [Windows]
[2022.07.21-17.24.26:289][  0]LogInit: Active device profile: [00000266A9D8C900][000002669F5A9140 49] Windows
[2022.07.21-17.24.26:289][  0]LogInit: Profiles: [00000266A9D8C900][000002669F5A9140 49] Windows, [00000266A9D5B800][000002669F5B12C0 49] WindowsNoEditor, [00000266A9D8F500][00000266A7D0D440 49] WindowsServer, [00000266A9D58E00][00000266A7D115C0 49] WindowsClient, [00000266A9D8F800][00000266A7D15740 49] IOS, [00000266A9D5A800][00000266A7D198C0 49] iPadAir, [00000266A9D8E000][00000266A7D1DA40 49] iPadAir2, [00000266A9CF0A00][00000266A1E22180 49] IPadPro, [00000266A9CF0B00][00000266A1E1E1C0 49] iPadAir3, [00000266A9D59900][00000266A1E26340 49] iPadAir4, [00000266A9CF3400][00000266A1E2A4C0 49] iPadMini2, [00000266A9D5AA00][00000266A1E2E640 49] iPadMini3, [00000266A9CF1700][000002669F5AC780 49] iPadMini4, [00000266A9D8D100][00000266A1E328C0 49] iPadMini5, [00000266A9D0C300][00000266A1E3AB00 49] iPhone6, [00000266A9D0C400][00000266A1E36B40 49] iPodTouch6, [00000266A9CDFF00][00000266A1E46E00 49] iPhone7, [00000266A9CDFE00][00000266A1E42E40 49] iPodTouch7, [00000266A9D5A000][00000266A1E4AFC0 49] iPhone5S, [00000266A9CDDA00][00000266A1E4F140 49] iPhone6Plus, [00000266A9D0C200][00000266A1E532C0 49] iPhone6S, [00000266A9CDC600][00000266A1E57440 49] iPhone6SPlus, [00000266A9D0E900][00000266A1E5B5C0 49] iPhone7Plus, [00000266A9CDF100][00000266A1E5F740 49] iPhoneSE, [00000266A9D0E200][00000266A1E638C0 49] iPhone8, [00000266A9CDFB00][00000266A1E67A40 49] iPhone8Plus, [00000266A9D0CA00][00000266A1E6BBC0 49] iPhoneX, [00000266A9CDD400][00000266A1E6E1C0 49] iPhoneXS, [00000266A9D0F900][00000266A90AA340 49] iPhoneXSMax, [00000266A9CDC900][00000266A90AE4C0 49] iPhoneXR, [00000266A9D0EF00][00000266A90B2640 49] iPhone11, [00000266A9CDD300][00000266A90B67C0 49] iPhone11Pro, [00000266A9D0D000][00000266A90BA940 49] iPhone11ProMax, [00000266A9CDEA00][00000266A1E3EA80 49] iPhoneSE2, [00000266A9D0D400][00000266A90BEBC0 49] iPhone12Mini, [00000266A9CDE400][00000266A90C2D00 49] iPhone12, [00000266A9D0CD00][00000266A90CAE80 49] iPhone12Pro, [00000266A9CDEB00][00000266A90CF000 49] iPhone12ProMax, [00000266A9D0F000][00000266A90D3180 49] iPadPro105, [00000266A9CDC700][00000266A90D7300 49] iPadPro129, [00000266A9D0E800][00000266A90DB480 49] iPadPro97, [00000266A9CDE600][00000266A90DF600 49] iPadPro2_129, [00000266A9D0FC00][00000266A90E3780 49] iPad5, [00000266A9CDE200][00000266A90EF900 49] iPad6, [00000266A9D0CF00][00000266A90F7A80 49] iPad7, [00000266A9CDED00][00000266A90FBC00 49] iPad8, [00000266A9D0D100][00000266A9124200 49] iPadPro11, [00000266A9CDD600][00000266A912C380 49] iPadPro2_11, [00000266A9D0F400][00000266A7BEA500 49] iPadPro3_129, [00000266A9CDE800][00000266A7C1E680 49] iPadPro4_129, [00000266A9D0FA00][00000266A7C3E800 49] AppleTV, [00000266A9CDE100][00000266A7C7C980 49] AppleTV4K, [00000266A9D0DF00][00000266A7C80B00 49] TVOS, [00000266A9CDF400][00000266A90C6C40 49] Mac, [00000266A9D0F800][00000266A7CA4D80 49] MacClient, [00000266A9CDDE00][00000266A5948EC0 49] MacNoEditor, [00000266A9D0FF00][00000266A5951040 49] MacServer, [00000266A9CDF500][00000266A1DF71C0 49] Linux, [00000266A9D0CC00][00000266A1DFB340 49] LinuxAArch64, [00000266A9CDEF00][00000266A59554C0 49] LinuxNoEditor, [00000266A9D0CB00][00000266A5959640 49] LinuxAArch64NoEditor, [00000266A9CDF700][00000266A595D7C0 49] LinuxClient, [00000266A9D0DA00][00000266A5965940 49] LinuxAArch64Client, [00000266A9CDD000][00000266A8EA3AC0 49] LinuxServer, [00000266A9D0E500][00000266A8EA60C0 49] LinuxAArch64Server, [00000266A9CDD900][00000266A8EAA240 49] Android, [00000266A9D0D300][00000266A8EAE3C0 49] Android_Low, [00000266A9CDE700][00000266A8EB6540 49] Android_Mid, [00000266A9D0EB00][00000266A8EC46C0 49] Android_High, [00000266A9CDF800][00000266A8EC8840 49] Android_Default, [00000266A9D0D600][00000266A8ECC9C0 49] Android_Adreno4xx, [00000266A9CDD500][00000266A8ED0B40 49] Android_Adreno5xx_Low, [00000266A9CF3600][00000266A8ED4CC0 49] Android_Adreno5xx, [00000266A9D59800][00000266A594CE00 49] Android_Adreno6xx, [00000266A9CF1200][00000266A8ED8F40 49] Android_Adreno6xx_Vulkan, [00000266A9D5BC00][00000266AA493080 49] Android_Mali_T6xx, [00000266A9CF1100][00000266AA4C51C0 49] Android_Mali_T7xx, [00000266A9D59600][00000266AA4D9340 49] Android_Mali_T8xx, [00000266A9CF1E00][00000266AA4DD4C0 49] Android_Mali_G71, [00000266A9D58500][00000266A8F61640 49] Android_Mali_G72, [00000266A9CF0800][00000266AA8497C0 49] Android_Mali_G72_Vulkan, [00000266A9D59300][00000266AA84D940 49] Android_Mali_G76, [00000266A9CF0100][00000266AA88FAC0 49] Android_Mali_G76_Vulkan, [00000266A9D59F00][00000266AA8920C0 49] Android_Mali_G77, [00000266A9CF1000][00000266AAAE4240 49] Android_Mali_G77_Vulkan, [00000266A9D58A00][00000266A7C843C0 49] Android_Mali_G78, [00000266A9CF2C00][00000266A7C88540 49] Android_Mali_G78_Vulkan, [00000266A9D5B600][00000266A7C8C6C0 49] Android_Mali_G710, [00000266A9CF2A00][00000266A7C90840 49] Android_Mali_G710_Vulkan, [00000266A9D5BF00][00000266AA8C29C0 49] Android_Vulkan_SM5, [00000266A9CF3B00][00000266AA850B40 49] Android_PowerVR_G6xxx, [00000266A9D5BB00][00000266A7CA0CC0 49] Android_PowerVR_GT7xxx, [00000266A9CF3900][00000266A1DCEE40 49] Android_PowerVR_GE8xxx, [00000266A9D58C00][00000266AA4D4F80 49] Android_PowerVR_GM9xxx, [00000266A9CF2700][00000266A1DD30C0 49] Android_PowerVR_GM9xxx_Vulkan, [00000266A9D5A700][00000266A8E9F200 49] Android_TegraK1, [00000266A9CF0900][00000266A5961340 49] Android_Unknown_Vulkan, [00000266A9D59D00][00000266A7BB74C0 49] Lumin, [00000266A9CF0500][00000266A1DD7640 49] Lumin_Desktop, [00000266A9D5B300][00000266A1DDB7C0 49] HoloLens, 
[2022.07.21-17.24.26:458][  0]LogMeshReduction: Using QuadricMeshReduction for automatic static mesh reduction
[2022.07.21-17.24.26:458][  0]LogMeshReduction: Using SimplygonMeshReduction for automatic skeletal mesh reduction
[2022.07.21-17.24.26:458][  0]LogMeshReduction: Using ProxyLODMeshReduction for automatic mesh merging
[2022.07.21-17.24.26:458][  0]LogMeshReduction: No distributed automatic mesh merging module available
[2022.07.21-17.24.26:458][  0]LogMeshMerging: No distributed automatic mesh merging module available
[2022.07.21-17.24.26:477][  0]LogNetVersion: Rogue 1.0.0, NetCL: 17155196, EngineNetVer: 17, GameNetVer: 0 (Checksum: 1113035870)
[2022.07.21-17.24.26:922][  0]LogTexture: Default maximum texture size for cubemaps generated from long-lat sources has been changed from 512 to unlimited. In order to preserve old behaiour for '/Engine/MapTemplates/Sky/DaylightAmbientCubemap.DaylightAmbientCubemap', its maximum texture size has been explicitly set to 512.
[2022.07.21-17.24.26:993][  0]LogHMD: PokeAHoleMaterial loaded successfully
[2022.07.21-17.24.27:001][  0]LogUObjectArray: 17178 objects as part of root set at end of initial load.
[2022.07.21-17.24.27:001][  0]LogUObjectAllocator: 4302048 out of 0 bytes used by permanent object pool.
[2022.07.21-17.24.27:001][  0]LogUObjectArray: CloseDisregardForGC: 0/0 objects in disregard for GC pool
[2022.07.21-17.24.27:221][  0]LogNiagaraDebuggerClient: Niagara Debugger Client Initialized | Session: 426933764F9C75EA083C538B478A6517 | Instance: 9393909C4DCE3A8A25E2D6A9AAC50D78 (HOME-PC-10740).
[2022.07.21-17.24.27:432][  0]LogPython: Using Python 3.7.7
[2022.07.21-17.24.28:198][  0]LogTcpMessaging: Initializing TcpMessaging bridge
[2022.07.21-17.24.28:204][  0]LogUdpMessaging: Initializing bridge on interface 0.0.0.0:0 to multicast group 230.0.0.1:6666.
[2022.07.21-17.24.28:587][  0]LogOpenImageDenoise: OIDN starting up
[2022.07.21-17.24.28:616][  0]SourceControl: Source control is disabled
[2022.07.21-17.24.28:616][  0]SourceControl: Source control is disabled
[2022.07.21-17.24.28:620][  0]SourceControl: Source control is disabled
[2022.07.21-17.24.28:623][  0]SourceControl: Source control is disabled
[2022.07.21-17.24.28:633][  0]SourceControl: Source control is disabled
[2022.07.21-17.24.28:642][  0]LogUProjectInfo: Found projects:
[2022.07.21-17.24.28:691][  0]LogAndroidPermission: UAndroidPermissionCallbackProxy::GetInstance
[2022.07.21-17.24.28:721][  0]LogAudioCaptureCore: Display: No Audio Capture implementations found. Audio input will be silent.
[2022.07.21-17.24.28:721][  0]LogAudioCaptureCore: Display: No Audio Capture implementations found. Audio input will be silent.
[2022.07.21-17.24.28:956][  0]LogCollectionManager: Loaded 0 collections in 0.002413 seconds
[2022.07.21-17.24.28:989][  0]LogFileCache: Scanning file cache for directory 'C:/Users/pizh0/Documents/Unreal Projects/Rogue/Saved/Collections/' took 0.00s
[2022.07.21-17.24.28:989][  0]LogFileCache: Scanning file cache for directory 'C:/Users/pizh0/Documents/Unreal Projects/Rogue/Content/Developers/pizh0/Collections/' took 0.00s
[2022.07.21-17.24.28:989][  0]LogFileCache: Scanning file cache for directory 'C:/Users/pizh0/Documents/Unreal Projects/Rogue/Content/Collections/' took 0.00s
[2022.07.21-17.24.28:989][  0]LogOcInput: OculusInput pre-init called
[2022.07.21-17.24.29:249][  0]LogEngine: Initializing Engine...
[2022.07.21-17.24.29:251][  0]LogHMD: Failed to enumerate extensions. Please check that you have a valid OpenXR runtime installed.
[2022.07.21-17.24.29:252][  0]LogHMD: Failed to initialize OpenVR with code 110
[2022.07.21-17.24.29:252][  0]LogMagicLeap: Warning: VR disabled because ZI is not enabled.  To enable, in the editor, Edit -> Project Settings -> Plugins -> Magic Leap Plugin -> Enable Zero Iteration
[2022.07.21-17.24.29:253][  0]LogStats: UGameplayTagsManager::InitializeManager -  0.000 s
[2022.07.21-17.24.29:405][  0]LogInit: Initializing FReadOnlyCVARCache
[2022.07.21-17.24.29:422][  0]LogAIModule: Creating AISystem for world Untitled
[2022.07.21-17.24.29:423][  0]LogAudio: Display: Initializing Audio Device Manager...
[2022.07.21-17.24.29:428][  0]LogAudio: Display: Loading Default Audio Settings Objects...
[2022.07.21-17.24.29:429][  0]LogAudio: Display: No default SoundConcurrencyObject specified (or failed to load).
[2022.07.21-17.24.29:429][  0]LogAudio: Display: Audio Device Manager Initialized
[2022.07.21-17.24.29:429][  0]LogAudio: Display: Creating Audio Device:                 Id: 1, Scope: Shared, Realtime: True
[2022.07.21-17.24.29:429][  0]LogAudioMixer: Display: Audio Mixer Platform Settings:
[2022.07.21-17.24.29:429][  0]LogAudioMixer: Display: 	Sample Rate:						  48000
[2022.07.21-17.24.29:429][  0]LogAudioMixer: Display: 	Callback Buffer Frame Size Requested: 1024
[2022.07.21-17.24.29:429][  0]LogAudioMixer: Display: 	Callback Buffer Frame Size To Use:	  1024
[2022.07.21-17.24.29:429][  0]LogAudioMixer: Display: 	Number of buffers to queue:			  2
[2022.07.21-17.24.29:429][  0]LogAudioMixer: Display: 	Max Channels (voices):				  32
[2022.07.21-17.24.29:429][  0]LogAudioMixer: Display: 	Number of Async Source Workers:		  0
[2022.07.21-17.24.29:429][  0]LogAudio: Display: AudioDevice MaxSources: 32
[2022.07.21-17.24.29:429][  0]LogAudio: Display: Audio Spatialization Plugin: None (built-in).
[2022.07.21-17.24.29:429][  0]LogAudio: Display: Audio Reverb Plugin: None (built-in).
[2022.07.21-17.24.29:429][  0]LogAudio: Display: Audio Occlusion Plugin: None (built-in).
[2022.07.21-17.24.29:430][  0]LogAudioMixer: Display: Initializing audio mixer.
[2022.07.21-17.24.29:446][  0]LogAudioMixer: Display: 0: FrontLeft
[2022.07.21-17.24.29:446][  0]LogAudioMixer: Display: 1: FrontRight
[2022.07.21-17.24.29:473][  0]LogAudioMixer: Display: Using Audio Device Динамики (Realtek High Definition Audio)
[2022.07.21-17.24.29:473][  0]LogAudioMixer: Display: Initializing Sound Submixes...
[2022.07.21-17.24.29:476][  0]LogAudioMixer: Display: Creating Master Submix 'MasterSubmixDefault'
[2022.07.21-17.24.29:476][  0]LogAudioMixer: Display: Creating Master Submix 'MasterReverbSubmixDefault'
[2022.07.21-17.24.29:477][  0]LogAudioMixer: Display: Creating Master Submix 'MasterEQSubmixDefault'
[2022.07.21-17.24.29:477][  0]LogAudioMixer: FMixerPlatformXAudio2::StartAudioStream() called
[2022.07.21-17.24.29:477][  0]LogAudioMixer: Display: Output buffers initialized: Frames=1024, Channels=2, Samples=2048
[2022.07.21-17.24.29:479][  0]LogAudioMixer: Display: Starting AudioMixerPlatformInterface::RunInternal()
[2022.07.21-17.24.29:479][  0]LogAudioMixer: Display: FMixerPlatformXAudio2::SubmitBuffer() called for the first time
[2022.07.21-17.24.29:479][  0]LogInit: FAudioDevice initialized.
[2022.07.21-17.24.29:479][  0]LogAudio: Display: Audio Device (ID: 1) registered with world 'Untitled'.
[2022.07.21-17.24.29:479][  0]LogNetVersion: Set ProjectVersion to 1.0.0.0. Version Checksum will be recalculated on next use.
[2022.07.21-17.24.29:568][  0]LogDerivedDataCache: Saved boot cache 0.09s 94MB C:/Users/pizh0/AppData/Local/UnrealEngine/4.27/DerivedDataCache/Boot.ddc.
[2022.07.21-17.24.29:568][  0]LogInit: Texture streaming: Enabled
[2022.07.21-17.24.29:586][  0]LogAnalytics: Display: [UEEditor.Rocket.Release] APIServer = https://datarouter.ol.epicgames.com/. AppVersion = 4.27.2-18319896+++UE4+Release-4.27
[2022.07.21-17.24.29:590][  0]LogEngineSessionManager: EngineSessionManager initialized
[2022.07.21-17.24.29:590][  0]LogEditorSessionSummary: Verbose: Initializing EditorSessionSummaryWriter for editor session tracking
[2022.07.21-17.24.29:592][  0]LogEditorSessionSummary: EditorSessionSummaryWriter initialized
[2022.07.21-17.24.29:629][  0]LogInit: Transaction tracking system initialized
[2022.07.21-17.24.29:658][  0]BlueprintLog: New page: Editor Load
[2022.07.21-17.24.29:736][  0]LocalizationService: Localization service is disabled
[2022.07.21-17.24.29:766][  0]TimingProfiler: Initialize
[2022.07.21-17.24.29:766][  0]TimingProfiler: OnSessionChanged
[2022.07.21-17.24.29:766][  0]LoadingProfiler: Initialize
[2022.07.21-17.24.29:766][  0]LoadingProfiler: OnSessionChanged
[2022.07.21-17.24.29:766][  0]NetworkingProfiler: Initialize
[2022.07.21-17.24.29:766][  0]NetworkingProfiler: OnSessionChanged
[2022.07.21-17.24.29:766][  0]MemoryProfiler: Initialize
[2022.07.21-17.24.29:766][  0]MemoryProfiler: OnSessionChanged
[2022.07.21-17.24.29:957][  0]LogCook: Display: CookSettings for Memory: MemoryMaxUsedVirtual 0MiB, MemoryMaxUsedPhysical 16384MiB, MemoryMinFreeVirtual 0MiB, MemoryMinFreePhysical 1024MiB
[2022.07.21-17.24.29:957][  0]LogCook: Display: Mobile HDR setting 1
[2022.07.21-17.24.30:217][  0]LogFileCache: Scanning file cache for directory 'C:/Users/pizh0/Documents/Unreal Projects/Rogue/Content/' took 0.01s
[2022.07.21-17.24.30:416][  0]LogInit: Display: Engine is initialized. Leaving FEngineLoop::Init()
[2022.07.21-17.24.30:420][  0]SourceControl: Source control is disabled
[2022.07.21-17.24.30:420][  0]LogUnrealEdMisc: Loading editor; pre map load, took 8.574
[2022.07.21-17.24.30:420][  0]Cmd: MAP LOAD FILE="../../../../Users/pizh0/Documents/Unreal Projects/Rogue/Content/StarterContent/Maps/Minimal_Default.umap" TEMPLATE=0 SHOWPROGRESS=1 FEATURELEVEL=3
[2022.07.21-17.24.30:420][  0]LightingResults: New page: Lighting Build
[2022.07.21-17.24.30:422][  0]LogWorld: UWorld::CleanupWorld for Untitled, bSessionEnded=true, bCleanupResources=true
[2022.07.21-17.24.30:423][  0]LogSlate: InvalidateAllWidgets triggered.  All widgets were invalidated
[2022.07.21-17.24.30:423][  0]MapCheck: New page: Map Check
[2022.07.21-17.24.30:423][  0]LightingResults: New page: Lighting Build
[2022.07.21-17.24.30:428][  0]LogAudio: Display: Audio Device unregistered from world 'None'.
[2022.07.21-17.24.30:431][  0]LogUObjectHash: Compacting FUObjectHashTables data took   1.00ms
[2022.07.21-17.24.30:803][  0]LogAudio: Display: Audio Device (ID: 1) registered with world 'Minimal_Default'.
[2022.07.21-17.24.30:804][  0]LogAIModule: Creating AISystem for world Minimal_Default
[2022.07.21-17.24.30:835][  0]LogEditorServer: Finished looking for orphan Actors (0.000 secs)
[2022.07.21-17.24.30:851][  0]LogUObjectHash: Compacting FUObjectHashTables data took   1.12ms
[2022.07.21-17.24.30:851][  0]Cmd: MAP CHECKDEP NOCLEARLOG
[2022.07.21-17.24.30:852][  0]MapCheck: Map check complete: 0 Error(s), 0 Warning(s), took 0,288ms to complete.
[2022.07.21-17.24.30:852][  0]LogFileHelpers: Loading map 'Minimal_Default' took 0.433
[2022.07.21-17.24.30:854][  0]LogUnrealEdMisc: Total Editor Startup Time, took 9.009
[2022.07.21-17.24.31:344][  0]LogSlate: Only BGRA pngs, bmps or icos are supported in by External Image Picker
[2022.07.21-17.24.31:445][  0]LogSlate: Updating window title bar state: overlay mode, drag disabled, window buttons hidden, title bar hidden
[2022.07.21-17.24.31:453][  0]LogSlate: Updating window title bar state: overlay mode, drag disabled, window buttons hidden, title bar hidden
[2022.07.21-17.24.31:461][  0]LogSlate: Updating window title bar state: overlay mode, drag disabled, window buttons hidden, title bar hidden
[2022.07.21-17.24.31:470][  0]LogSlate: Updating window title bar state: overlay mode, drag disabled, window buttons hidden, title bar hidden
[2022.07.21-17.24.31:490][  0]LogNativeClassHierarchy: Verbose: Native class hierarchy populated in 0.0146 seconds. Added 3822 classes and 928 folders.
[2022.07.21-17.24.31:494][  0]LogNativeClassHierarchy: Verbose: Native class hierarchy updated for 'WidgetCarousel' in 0.0004 seconds. Added 0 classes and 0 folders.
[2022.07.21-17.24.31:496][  0]LogPakFile: PakFile PrimaryIndexSize=187
[2022.07.21-17.24.31:496][  0]LogPakFile: PakFile PathHashIndexSize=101
[2022.07.21-17.24.31:496][  0]LogPakFile: PakFile FullDirectoryIndexSize=148
[2022.07.21-17.24.31:496][  0]LogShaderLibrary: Display: ShaderCodeLibraryPakFileMountedCallback: PakFile 'C:/UE_4.27/FeaturePacks/FP_FirstPerson.upack' (chunk index -1, root 'root:/') mounted
[2022.07.21-17.24.31:496][  0]LogShaderLibrary: Display: ShaderCodeLibraryPakFileMountedCallback: pending pak file info (ChunkID:-1 Root:root:/ File:C:/UE_4.27/FeaturePacks/FP_FirstPerson.upack)
[2022.07.21-17.24.31:496][  0]LogPakFile: OnPakFileMounted2Time == 0.000069
[2022.07.21-17.24.31:497][  0]LogPakFile: PakFile PrimaryIndexSize=189
[2022.07.21-17.24.31:497][  0]LogPakFile: PakFile PathHashIndexSize=101
[2022.07.21-17.24.31:497][  0]LogPakFile: PakFile FullDirectoryIndexSize=152
[2022.07.21-17.24.31:497][  0]LogShaderLibrary: Display: ShaderCodeLibraryPakFileMountedCallback: PakFile 'C:/UE_4.27/FeaturePacks/FP_FirstPersonBP.upack' (chunk index -1, root 'root:/') mounted
[2022.07.21-17.24.31:497][  0]LogShaderLibrary: Display: ShaderCodeLibraryPakFileMountedCallback: pending pak file info (ChunkID:-1 Root:root:/ File:C:/UE_4.27/FeaturePacks/FP_FirstPersonBP.upack)
[2022.07.21-17.24.31:497][  0]LogPakFile: OnPakFileMounted2Time == 0.000047
[2022.07.21-17.24.31:498][  0]LogPakFile: PakFile PrimaryIndexSize=191
[2022.07.21-17.24.31:498][  0]LogPakFile: PakFile PathHashIndexSize=101
[2022.07.21-17.24.31:498][  0]LogPakFile: PakFile FullDirectoryIndexSize=160
[2022.07.21-17.24.31:498][  0]LogShaderLibrary: Display: ShaderCodeLibraryPakFileMountedCallback: PakFile 'C:/UE_4.27/FeaturePacks/MobileStarterContent.upack' (chunk index -1, root 'root:/') mounted
[2022.07.21-17.24.31:498][  0]LogShaderLibrary: Display: ShaderCodeLibraryPakFileMountedCallback: pending pak file info (ChunkID:-1 Root:root:/ File:C:/UE_4.27/FeaturePacks/MobileStarterContent.upack)
[2022.07.21-17.24.31:498][  0]LogPakFile: OnPakFileMounted2Time == 0.000039
[2022.07.21-17.24.31:498][  0]LogPakFile: PakFile PrimaryIndexSize=185
[2022.07.21-17.24.31:498][  0]LogPakFile: PakFile PathHashIndexSize=101
[2022.07.21-17.24.31:498][  0]LogPakFile: PakFile FullDirectoryIndexSize=148
[2022.07.21-17.24.31:498][  0]LogShaderLibrary: Display: ShaderCodeLibraryPakFileMountedCallback: PakFile 'C:/UE_4.27/FeaturePacks/StarterContent.upack' (chunk index -1, root 'root:/') mounted
[2022.07.21-17.24.31:498][  0]LogShaderLibrary: Display: ShaderCodeLibraryPakFileMountedCallback: pending pak file info (ChunkID:-1 Root:root:/ File:C:/UE_4.27/FeaturePacks/StarterContent.upack)
[2022.07.21-17.24.31:498][  0]LogPakFile: OnPakFileMounted2Time == 0.000040
[2022.07.21-17.24.31:499][  0]LogPakFile: PakFile PrimaryIndexSize=190
[2022.07.21-17.24.31:499][  0]LogPakFile: PakFile PathHashIndexSize=101
[2022.07.21-17.24.31:499][  0]LogPakFile: PakFile FullDirectoryIndexSize=154
[2022.07.21-17.24.31:499][  0]LogShaderLibrary: Display: ShaderCodeLibraryPakFileMountedCallback: PakFile 'C:/UE_4.27/FeaturePacks/TP_2DSideScroller.upack' (chunk index -1, root 'root:/') mounted
[2022.07.21-17.24.31:499][  0]LogShaderLibrary: Display: ShaderCodeLibraryPakFileMountedCallback: pending pak file info (ChunkID:-1 Root:root:/ File:C:/UE_4.27/FeaturePacks/TP_2DSideScroller.upack)
[2022.07.21-17.24.31:499][  0]LogPakFile: OnPakFileMounted2Time == 0.000039
[2022.07.21-17.24.31:500][  0]LogPakFile: PakFile PrimaryIndexSize=192
[2022.07.21-17.24.31:500][  0]LogPakFile: PakFile PathHashIndexSize=101
[2022.07.21-17.24.31:500][  0]LogPakFile: PakFile FullDirectoryIndexSize=158
[2022.07.21-17.24.31:500][  0]LogShaderLibrary: Display: ShaderCodeLibraryPakFileMountedCallback: PakFile 'C:/UE_4.27/FeaturePacks/TP_2DSideScrollerBP.upack' (chunk index -1, root 'root:/') mounted
[2022.07.21-17.24.31:500][  0]LogShaderLibrary: Display: ShaderCodeLibraryPakFileMountedCallback: pending pak file info (ChunkID:-1 Root:root:/ File:C:/UE_4.27/FeaturePacks/TP_2DSideScrollerBP.upack)
[2022.07.21-17.24.31:500][  0]LogPakFile: OnPakFileMounted2Time == 0.000044
[2022.07.21-17.24.31:501][  0]LogPakFile: PakFile PrimaryIndexSize=182
[2022.07.21-17.24.31:501][  0]LogPakFile: PakFile PathHashIndexSize=101
[2022.07.21-17.24.31:501][  0]LogPakFile: PakFile FullDirectoryIndexSize=138
[2022.07.21-17.24.31:501][  0]LogShaderLibrary: Display: ShaderCodeLibraryPakFileMountedCallback: PakFile 'C:/UE_4.27/FeaturePacks/TP_Flying.upack' (chunk index -1, root 'root:/') mounted
[2022.07.21-17.24.31:501][  0]LogShaderLibrary: Display: ShaderCodeLibraryPakFileMountedCallback: pending pak file info (ChunkID:-1 Root:root:/ File:C:/UE_4.27/FeaturePacks/TP_Flying.upack)
[2022.07.21-17.24.31:501][  0]LogPakFile: OnPakFileMounted2Time == 0.000038
[2022.07.21-17.24.31:501][  0]LogPakFile: PakFile PrimaryIndexSize=184
[2022.07.21-17.24.31:501][  0]LogPakFile: PakFile PathHashIndexSize=101
[2022.07.21-17.24.31:501][  0]LogPakFile: PakFile FullDirectoryIndexSize=142
[2022.07.21-17.24.31:501][  0]LogShaderLibrary: Display: ShaderCodeLibraryPakFileMountedCallback: PakFile 'C:/UE_4.27/FeaturePacks/TP_FlyingBP.upack' (chunk index -1, root 'root:/') mounted
[2022.07.21-17.24.31:501][  0]LogShaderLibrary: Display: ShaderCodeLibraryPakFileMountedCallback: pending pak file info (ChunkID:-1 Root:root:/ File:C:/UE_4.27/FeaturePacks/TP_FlyingBP.upack)
[2022.07.21-17.24.31:501][  0]LogPakFile: OnPakFileMounted2Time == 0.000038
[2022.07.21-17.24.31:502][  0]LogPakFile: PakFile PrimaryIndexSize=188
[2022.07.21-17.24.31:502][  0]LogPakFile: PakFile PathHashIndexSize=101
[2022.07.21-17.24.31:502][  0]LogPakFile: PakFile FullDirectoryIndexSize=150
[2022.07.21-17.24.31:502][  0]LogShaderLibrary: Display: ShaderCodeLibraryPakFileMountedCallback: PakFile 'C:/UE_4.27/FeaturePacks/TP_HandheldARBP.upack' (chunk index -1, root 'root:/') mounted
[2022.07.21-17.24.31:502][  0]LogShaderLibrary: Display: ShaderCodeLibraryPakFileMountedCallback: pending pak file info (ChunkID:-1 Root:root:/ File:C:/UE_4.27/FeaturePacks/TP_HandheldARBP.upack)
[2022.07.21-17.24.31:502][  0]LogPakFile: OnPakFileMounted2Time == 0.000045
[2022.07.21-17.24.31:503][  0]LogPakFile: PakFile PrimaryIndexSize=182
[2022.07.21-17.24.31:503][  0]LogPakFile: PakFile PathHashIndexSize=101
[2022.07.21-17.24.31:503][  0]LogPakFile: PakFile FullDirectoryIndexSize=138
[2022.07.21-17.24.31:503][  0]LogShaderLibrary: Display: ShaderCodeLibraryPakFileMountedCallback: PakFile 'C:/UE_4.27/FeaturePacks/TP_Puzzle.upack' (chunk index -1, root 'root:/') mounted
[2022.07.21-17.24.31:503][  0]LogShaderLibrary: Display: ShaderCodeLibraryPakFileMountedCallback: pending pak file info (ChunkID:-1 Root:root:/ File:C:/UE_4.27/FeaturePacks/TP_Puzzle.upack)
[2022.07.21-17.24.31:503][  0]LogPakFile: OnPakFileMounted2Time == 0.000042
[2022.07.21-17.24.31:504][  0]LogPakFile: PakFile PrimaryIndexSize=184
[2022.07.21-17.24.31:504][  0]LogPakFile: PakFile PathHashIndexSize=101
[2022.07.21-17.24.31:504][  0]LogPakFile: PakFile FullDirectoryIndexSize=142
[2022.07.21-17.24.31:504][  0]LogShaderLibrary: Display: ShaderCodeLibraryPakFileMountedCallback: PakFile 'C:/UE_4.27/FeaturePacks/TP_PuzzleBP.upack' (chunk index -1, root 'root:/') mounted
[2022.07.21-17.24.31:504][  0]LogShaderLibrary: Display: ShaderCodeLibraryPakFileMountedCallback: pending pak file info (ChunkID:-1 Root:root:/ File:C:/UE_4.27/FeaturePacks/TP_PuzzleBP.upack)
[2022.07.21-17.24.31:504][  0]LogPakFile: OnPakFileMounted2Time == 0.000038
[2022.07.21-17.24.31:505][  0]LogPakFile: PakFile PrimaryIndexSize=183
[2022.07.21-17.24.31:505][  0]LogPakFile: PakFile PathHashIndexSize=101
[2022.07.21-17.24.31:505][  0]LogPakFile: PakFile FullDirectoryIndexSize=140
[2022.07.21-17.24.31:505][  0]LogShaderLibrary: Display: ShaderCodeLibraryPakFileMountedCallback: PakFile 'C:/UE_4.27/FeaturePacks/TP_Rolling.upack' (chunk index -1, root 'root:/') mounted
[2022.07.21-17.24.31:505][  0]LogShaderLibrary: Display: ShaderCodeLibraryPakFileMountedCallback: pending pak file info (ChunkID:-1 Root:root:/ File:C:/UE_4.27/FeaturePacks/TP_Rolling.upack)
[2022.07.21-17.24.31:505][  0]LogPakFile: OnPakFileMounted2Time == 0.000049
[2022.07.21-17.24.31:506][  0]LogPakFile: PakFile PrimaryIndexSize=185
[2022.07.21-17.24.31:506][  0]LogPakFile: PakFile PathHashIndexSize=101
[2022.07.21-17.24.31:506][  0]LogPakFile: PakFile FullDirectoryIndexSize=144
[2022.07.21-17.24.31:506][  0]LogShaderLibrary: Display: ShaderCodeLibraryPakFileMountedCallback: PakFile 'C:/UE_4.27/FeaturePacks/TP_RollingBP.upack' (chunk index -1, root 'root:/') mounted
[2022.07.21-17.24.31:506][  0]LogShaderLibrary: Display: ShaderCodeLibraryPakFileMountedCallback: pending pak file info (ChunkID:-1 Root:root:/ File:C:/UE_4.27/FeaturePacks/TP_RollingBP.upack)
[2022.07.21-17.24.31:506][  0]LogPakFile: OnPakFileMounted2Time == 0.000043
[2022.07.21-17.24.31:506][  0]LogPakFile: PakFile PrimaryIndexSize=188
[2022.07.21-17.24.31:507][  0]LogPakFile: PakFile PathHashIndexSize=101
[2022.07.21-17.24.31:507][  0]LogPakFile: PakFile FullDirectoryIndexSize=150
[2022.07.21-17.24.31:507][  0]LogShaderLibrary: Display: ShaderCodeLibraryPakFileMountedCallback: PakFile 'C:/UE_4.27/FeaturePacks/TP_SideScroller.upack' (chunk index -1, root 'root:/') mounted
[2022.07.21-17.24.31:507][  0]LogShaderLibrary: Display: ShaderCodeLibraryPakFileMountedCallback: pending pak file info (ChunkID:-1 Root:root:/ File:C:/UE_4.27/FeaturePacks/TP_SideScroller.upack)
[2022.07.21-17.24.31:507][  0]LogPakFile: OnPakFileMounted2Time == 0.000039
[2022.07.21-17.24.31:507][  0]LogPakFile: PakFile PrimaryIndexSize=190
[2022.07.21-17.24.31:507][  0]LogPakFile: PakFile PathHashIndexSize=101
[2022.07.21-17.24.31:507][  0]LogPakFile: PakFile FullDirectoryIndexSize=154
[2022.07.21-17.24.31:507][  0]LogShaderLibrary: Display: ShaderCodeLibraryPakFileMountedCallback: PakFile 'C:/UE_4.27/FeaturePacks/TP_SideScrollerBP.upack' (chunk index -1, root 'root:/') mounted
[2022.07.21-17.24.31:507][  0]LogShaderLibrary: Display: ShaderCodeLibraryPakFileMountedCallback: pending pak file info (ChunkID:-1 Root:root:/ File:C:/UE_4.27/FeaturePacks/TP_SideScrollerBP.upack)
[2022.07.21-17.24.31:507][  0]LogPakFile: OnPakFileMounted2Time == 0.000037
[2022.07.21-17.24.31:508][  0]LogPakFile: PakFile PrimaryIndexSize=187
[2022.07.21-17.24.31:508][  0]LogPakFile: PakFile PathHashIndexSize=101
[2022.07.21-17.24.31:508][  0]LogPakFile: PakFile FullDirectoryIndexSize=148
[2022.07.21-17.24.31:508][  0]LogShaderLibrary: Display: ShaderCodeLibraryPakFileMountedCallback: PakFile 'C:/UE_4.27/FeaturePacks/TP_ThirdPerson.upack' (chunk index -1, root 'root:/') mounted
[2022.07.21-17.24.31:508][  0]LogShaderLibrary: Display: ShaderCodeLibraryPakFileMountedCallback: pending pak file info (ChunkID:-1 Root:root:/ File:C:/UE_4.27/FeaturePacks/TP_ThirdPerson.upack)
[2022.07.21-17.24.31:508][  0]LogPakFile: OnPakFileMounted2Time == 0.000038
[2022.07.21-17.24.31:509][  0]LogPakFile: PakFile PrimaryIndexSize=189
[2022.07.21-17.24.31:509][  0]LogPakFile: PakFile PathHashIndexSize=101
[2022.07.21-17.24.31:509][  0]LogPakFile: PakFile FullDirectoryIndexSize=152
[2022.07.21-17.24.31:509][  0]LogShaderLibrary: Display: ShaderCodeLibraryPakFileMountedCallback: PakFile 'C:/UE_4.27/FeaturePacks/TP_ThirdPersonBP.upack' (chunk index -1, root 'root:/') mounted
[2022.07.21-17.24.31:509][  0]LogShaderLibrary: Display: ShaderCodeLibraryPakFileMountedCallback: pending pak file info (ChunkID:-1 Root:root:/ File:C:/UE_4.27/FeaturePacks/TP_ThirdPersonBP.upack)
[2022.07.21-17.24.31:509][  0]LogPakFile: OnPakFileMounted2Time == 0.000039
[2022.07.21-17.24.31:510][  0]LogPakFile: PakFile PrimaryIndexSize=183
[2022.07.21-17.24.31:510][  0]LogPakFile: PakFile PathHashIndexSize=101
[2022.07.21-17.24.31:510][  0]LogPakFile: PakFile FullDirectoryIndexSize=140
[2022.07.21-17.24.31:510][  0]LogShaderLibrary: Display: ShaderCodeLibraryPakFileMountedCallback: PakFile 'C:/UE_4.27/FeaturePacks/TP_TopDown.upack' (chunk index -1, root 'root:/') mounted
[2022.07.21-17.24.31:510][  0]LogShaderLibrary: Display: ShaderCodeLibraryPakFileMountedCallback: pending pak file info (ChunkID:-1 Root:root:/ File:C:/UE_4.27/FeaturePacks/TP_TopDown.upack)
[2022.07.21-17.24.31:510][  0]LogPakFile: OnPakFileMounted2Time == 0.000053
[2022.07.21-17.24.31:510][  0]LogPakFile: PakFile PrimaryIndexSize=185
[2022.07.21-17.24.31:510][  0]LogPakFile: PakFile PathHashIndexSize=101
[2022.07.21-17.24.31:510][  0]LogPakFile: PakFile FullDirectoryIndexSize=144
[2022.07.21-17.24.31:510][  0]LogShaderLibrary: Display: ShaderCodeLibraryPakFileMountedCallback: PakFile 'C:/UE_4.27/FeaturePacks/TP_TopDownBP.upack' (chunk index -1, root 'root:/') mounted
[2022.07.21-17.24.31:510][  0]LogShaderLibrary: Display: ShaderCodeLibraryPakFileMountedCallback: pending pak file info (ChunkID:-1 Root:root:/ File:C:/UE_4.27/FeaturePacks/TP_TopDownBP.upack)
[2022.07.21-17.24.31:510][  0]LogPakFile: OnPakFileMounted2Time == 0.000038
[2022.07.21-17.24.31:511][  0]LogPakFile: PakFile PrimaryIndexSize=185
[2022.07.21-17.24.31:511][  0]LogPakFile: PakFile PathHashIndexSize=101
[2022.07.21-17.24.31:511][  0]LogPakFile: PakFile FullDirectoryIndexSize=144
[2022.07.21-17.24.31:511][  0]LogShaderLibrary: Display: ShaderCodeLibraryPakFileMountedCallback: PakFile 'C:/UE_4.27/FeaturePacks/TP_TwinStick.upack' (chunk index -1, root 'root:/') mounted
[2022.07.21-17.24.31:511][  0]LogShaderLibrary: Display: ShaderCodeLibraryPakFileMountedCallback: pending pak file info (ChunkID:-1 Root:root:/ File:C:/UE_4.27/FeaturePacks/TP_TwinStick.upack)
[2022.07.21-17.24.31:511][  0]LogPakFile: OnPakFileMounted2Time == 0.000039
[2022.07.21-17.24.31:512][  0]LogPakFile: PakFile PrimaryIndexSize=187
[2022.07.21-17.24.31:512][  0]LogPakFile: PakFile PathHashIndexSize=101
[2022.07.21-17.24.31:512][  0]LogPakFile: PakFile FullDirectoryIndexSize=148
[2022.07.21-17.24.31:512][  0]LogShaderLibrary: Display: ShaderCodeLibraryPakFileMountedCallback: PakFile 'C:/UE_4.27/FeaturePacks/TP_TwinStickBP.upack' (chunk index -1, root 'root:/') mounted
[2022.07.21-17.24.31:512][  0]LogShaderLibrary: Display: ShaderCodeLibraryPakFileMountedCallback: pending pak file info (ChunkID:-1 Root:root:/ File:C:/UE_4.27/FeaturePacks/TP_TwinStickBP.upack)
[2022.07.21-17.24.31:512][  0]LogPakFile: OnPakFileMounted2Time == 0.000042
[2022.07.21-17.24.31:513][  0]LogPakFile: PakFile PrimaryIndexSize=183
[2022.07.21-17.24.31:513][  0]LogPakFile: PakFile PathHashIndexSize=101
[2022.07.21-17.24.31:513][  0]LogPakFile: PakFile FullDirectoryIndexSize=140
[2022.07.21-17.24.31:513][  0]LogShaderLibrary: Display: ShaderCodeLibraryPakFileMountedCallback: PakFile 'C:/UE_4.27/FeaturePacks/TP_Vehicle.upack' (chunk index -1, root 'root:/') mounted
[2022.07.21-17.24.31:513][  0]LogShaderLibrary: Display: ShaderCodeLibraryPakFileMountedCallback: pending pak file info (ChunkID:-1 Root:root:/ File:C:/UE_4.27/FeaturePacks/TP_Vehicle.upack)
[2022.07.21-17.24.31:513][  0]LogPakFile: OnPakFileMounted2Time == 0.000038
[2022.07.21-17.24.31:513][  0]LogPakFile: PakFile PrimaryIndexSize=186
[2022.07.21-17.24.31:513][  0]LogPakFile: PakFile PathHashIndexSize=101
[2022.07.21-17.24.31:513][  0]LogPakFile: PakFile FullDirectoryIndexSize=146
[2022.07.21-17.24.31:514][  0]LogShaderLibrary: Display: ShaderCodeLibraryPakFileMountedCallback: PakFile 'C:/UE_4.27/FeaturePacks/TP_VehicleAdv.upack' (chunk index -1, root 'root:/') mounted
[2022.07.21-17.24.31:514][  0]LogShaderLibrary: Display: ShaderCodeLibraryPakFileMountedCallback: pending pak file info (ChunkID:-1 Root:root:/ File:C:/UE_4.27/FeaturePacks/TP_VehicleAdv.upack)
[2022.07.21-17.24.31:514][  0]LogPakFile: OnPakFileMounted2Time == 0.000040
[2022.07.21-17.24.31:514][  0]LogPakFile: PakFile PrimaryIndexSize=188
[2022.07.21-17.24.31:514][  0]LogPakFile: PakFile PathHashIndexSize=101
[2022.07.21-17.24.31:514][  0]LogPakFile: PakFile FullDirectoryIndexSize=150
[2022.07.21-17.24.31:514][  0]LogShaderLibrary: Display: ShaderCodeLibraryPakFileMountedCallback: PakFile 'C:/UE_4.27/FeaturePacks/TP_VehicleAdvBP.upack' (chunk index -1, root 'root:/') mounted
[2022.07.21-17.24.31:514][  0]LogShaderLibrary: Display: ShaderCodeLibraryPakFileMountedCallback: pending pak file info (ChunkID:-1 Root:root:/ File:C:/UE_4.27/FeaturePacks/TP_VehicleAdvBP.upack)
[2022.07.21-17.24.31:514][  0]LogPakFile: OnPakFileMounted2Time == 0.000045
[2022.07.21-17.24.31:515][  0]LogPakFile: PakFile PrimaryIndexSize=185
[2022.07.21-17.24.31:515][  0]LogPakFile: PakFile PathHashIndexSize=101
[2022.07.21-17.24.31:515][  0]LogPakFile: PakFile FullDirectoryIndexSize=144
[2022.07.21-17.24.31:515][  0]LogShaderLibrary: Display: ShaderCodeLibraryPakFileMountedCallback: PakFile 'C:/UE_4.27/FeaturePacks/TP_VehicleBP.upack' (chunk index -1, root 'root:/') mounted
[2022.07.21-17.24.31:515][  0]LogShaderLibrary: Display: ShaderCodeLibraryPakFileMountedCallback: pending pak file info (ChunkID:-1 Root:root:/ File:C:/UE_4.27/FeaturePacks/TP_VehicleBP.upack)
[2022.07.21-17.24.31:515][  0]LogPakFile: OnPakFileMounted2Time == 0.000041
[2022.07.21-17.24.31:516][  0]LogPakFile: PakFile PrimaryIndexSize=192
[2022.07.21-17.24.31:516][  0]LogPakFile: PakFile PathHashIndexSize=101
[2022.07.21-17.24.31:516][  0]LogPakFile: PakFile FullDirectoryIndexSize=158
[2022.07.21-17.24.31:516][  0]LogShaderLibrary: Display: ShaderCodeLibraryPakFileMountedCallback: PakFile 'C:/UE_4.27/FeaturePacks/TP_VirtualRealityBP.upack' (chunk index -1, root 'root:/') mounted
[2022.07.21-17.24.31:516][  0]LogShaderLibrary: Display: ShaderCodeLibraryPakFileMountedCallback: pending pak file info (ChunkID:-1 Root:root:/ File:C:/UE_4.27/FeaturePacks/TP_VirtualRealityBP.upack)
[2022.07.21-17.24.31:516][  0]LogPakFile: OnPakFileMounted2Time == 0.000039
[2022.07.21-17.24.31:593][  0]LogNativeClassHierarchy: Verbose: Native class hierarchy updated for 'AddContentDialog' in 0.0004 seconds. Added 0 classes and 0 folders.
[2022.07.21-17.24.31:595][  0]LogNativeClassHierarchy: Verbose: Native class hierarchy updated for 'SceneOutliner' in 0.0002 seconds. Added 2 classes and 0 folders.
[2022.07.21-17.24.31:725][  0]LogSlate: Took 0.000399 seconds to synchronously load lazily loaded font '../../../Engine/Content/Slate/Fonts/Roboto-Regular.ttf' (155K)
[2022.07.21-17.24.31:726][  0]LogSlate: Took 0.000177 seconds to synchronously load lazily loaded font '../../../Engine/Content/Editor/Slate/Fonts/FontAwesome.ttf' (139K)
[2022.07.21-17.24.31:727][  0]LogSlate: Took 0.000165 seconds to synchronously load lazily loaded font '../../../Engine/Content/Slate/Fonts/Roboto-Bold.ttf' (160K)
[2022.07.21-17.24.31:833][  0]LogRenderer: Reallocating scene render targets to support 948x340 Format 10 NumSamples 1 (Frame:1).
[2022.07.21-17.24.31:952][  0]LogNativeClassHierarchy: Verbose: Native class hierarchy updated for 'HierarchicalLODOutliner' in 0.0003 seconds. Added 0 classes and 0 folders.
[2022.07.21-17.24.31:952][  0]LogLoad: (Engine Initialization) Total time: 10.11 seconds
[2022.07.21-17.24.31:952][  0]LogLoad: (Engine Initialization) Total Blueprint compile time: 0.00 seconds
[2022.07.21-17.24.32:132][  0]LogContentStreaming: Texture pool size now 1000 MB
[2022.07.21-17.24.32:162][  1]LogAssetRegistry: Asset discovery search completed in 6.1858 seconds
[2022.07.21-17.24.32:169][  1]LogCollectionManager: Fixed up redirectors for 0 collections in 0.000004 seconds (updated 0 objects)
[2022.07.21-17.24.32:507][  2]LogSlate: Took 0.000256 seconds to synchronously load lazily loaded font '../../../Engine/Content/Slate/Fonts/Roboto-Light.ttf' (167K)
