Log file open, 01/05/23 15:24:33
LogWindows: Failed to load 'aqProf.dll' (GetLastError=126)
LogWindows: File 'aqProf.dll' does not exist
LogWindows: Failed to load 'VtuneApi.dll' (GetLastError=126)
LogWindows: File 'VtuneApi.dll' does not exist
LogWindows: Failed to load 'VtuneApi32e.dll' (GetLastError=126)
LogWindows: File 'VtuneApi32e.dll' does not exist
LogConsoleResponse: Display: Failed to find resolution value strings in scalability ini. Falling back to default.
LogConsoleResponse: Display: Failed to find resolution value strings in scalability ini. Falling back to default.
LogInit: Display: Running engine for game: Rogue
LogPlatformFile: Not using cached read wrapper
LogTaskGraph: Started task graph with 5 named threads and 11 total threads with 3 sets of task threads.
LogStats: Stats thread started at 0.529718
LogICUInternationalization: ICU TimeZone Detection - Raw Offset: +3:00, Platform Override: ''
LogInit: Display: Loading text-based GConfig....
LogPluginManager: Mounting plugin MeshPainting
LogPluginManager: Mounting plugin XGEController
LogPluginManager: Mounting plugin Paper2D
LogPluginManager: Mounting plugin AISupport
LogPluginManager: Mounting plugin EnvironmentQueryEditor
LogPluginManager: Mounting plugin LiveLink
LogPluginManager: Mounting plugin LightPropagationVolume
LogPluginManager: Mounting plugin CameraShakePreviewer
LogPluginManager: Mounting plugin GameplayCameras
LogPluginManager: Mounting plugin OodleData
LogPluginManager: Mounting plugin AnimationSharing
LogPluginManager: Mounting plugin OodleNetwork
LogPluginManager: Mounting plugin CLionSourceCodeAccess
LogPluginManager: Mounting plugin CodeLiteSourceCodeAccess
LogPluginManager: Mounting plugin GitSourceControl
LogPluginManager: Mounting plugin NullSourceCodeAccess
LogPluginManager: Mounting plugin PerforceSourceControl
LogPluginManager: Mounting plugin PixWinPlugin
LogPluginManager: Mounting plugin PlasticSourceControl
LogPluginManager: Mounting plugin PluginUtils
LogPluginManager: Mounting plugin PropertyAccessNode
LogPluginManager: Mounting plugin RiderSourceCodeAccess
LogPluginManager: Mounting plugin SubversionSourceControl
LogPluginManager: Mounting plugin TextureFormatOodle
LogPluginManager: Mounting plugin UObjectPlugin
LogPluginManager: Mounting plugin VisualStudioCodeSourceCodeAccess
LogPluginManager: Mounting plugin VisualStudioSourceCodeAccess
LogPluginManager: Mounting plugin XCodeSourceCodeAccess
LogPluginManager: Mounting plugin AssetManagerEditor
LogPluginManager: Mounting plugin CryptoKeys
LogPluginManager: Mounting plugin CurveEditorTools
LogPluginManager: Mounting plugin DataValidation
LogPluginManager: Mounting plugin FacialAnimation
LogPluginManager: Mounting plugin GameplayTagsEditor
LogPluginManager: Mounting plugin GeometryMode
LogPluginManager: Mounting plugin KDevelopSourceCodeAccess
LogPluginManager: Mounting plugin MacGraphicsSwitching
LogPluginManager: Mounting plugin MobileLauncherProfileWizard
LogPluginManager: Mounting plugin PluginBrowser
LogPluginManager: Mounting plugin SpeedTreeImporter
LogPluginManager: Mounting plugin DatasmithContent
LogPluginManager: Mounting plugin MaterialAnalyzer
LogPluginManager: Mounting plugin VariantManagerContent
LogPluginManager: Mounting plugin AlembicImporter
LogPluginManager: Mounting plugin AutomationUtils
LogPluginManager: Mounting plugin BackChannel
LogPluginManager: Mounting plugin ChaosCloth
LogPluginManager: Mounting plugin ChaosClothEditor
LogPluginManager: Mounting plugin ChaosEditor
LogPluginManager: Mounting plugin ChaosNiagara
LogPluginManager: Mounting plugin ChaosSolverPlugin
LogPluginManager: Mounting plugin CharacterAI
LogPluginManager: Mounting plugin GeometryCache
LogPluginManager: Mounting plugin GeometryCollectionPlugin
LogPluginManager: Mounting plugin GeometryProcessing
LogPluginManager: Mounting plugin Niagara
LogPluginManager: Mounting plugin MotoSynth
LogPluginManager: Mounting plugin OpenImageDenoise
LogPluginManager: Mounting plugin PlanarCut
LogPluginManager: Mounting plugin PlatformCrypto
LogPluginManager: Mounting plugin ProxyLODPlugin
LogPluginManager: Mounting plugin PythonScriptPlugin
LogPluginManager: Mounting plugin SkeletalReduction
LogPluginManager: Mounting plugin LuminPlatformFeatures
LogPluginManager: Mounting plugin MagicLeap
LogPluginManager: Mounting plugin MagicLeapLightEstimation
LogPluginManager: Mounting plugin MagicLeapMedia
LogPluginManager: Mounting plugin MagicLeapPassableWorld
LogPluginManager: Mounting plugin MLSDK
LogPluginManager: Mounting plugin AndroidMedia
LogPluginManager: Mounting plugin AvfMedia
LogPluginManager: Mounting plugin ImgMedia
LogPluginManager: Mounting plugin MediaCompositing
LogPluginManager: Mounting plugin MediaPlayerEditor
LogPluginManager: Mounting plugin WebMMedia
LogPluginManager: Mounting plugin WmfMedia
LogPluginManager: Mounting plugin TcpMessaging
LogPluginManager: Mounting plugin UdpMessaging
LogPluginManager: Mounting plugin ActorSequence
LogPluginManager: Mounting plugin LevelSequenceEditor
LogPluginManager: Mounting plugin MatineeToLevelSequence
LogPluginManager: Mounting plugin TemplateSequence
LogPluginManager: Mounting plugin OnlineSubsystem
LogPluginManager: Mounting plugin OnlineSubsystemNull
LogPluginManager: Mounting plugin OnlineSubsystemUtils
LogPluginManager: Mounting plugin LauncherChunkInstaller
LogPluginManager: Mounting plugin ActorLayerUtilities
LogPluginManager: Mounting plugin AndroidDeviceProfileSelector
LogPluginManager: Mounting plugin AndroidMoviePlayer
LogPluginManager: Mounting plugin AndroidPermission
LogPluginManager: Mounting plugin AppleImageUtils
LogPluginManager: Mounting plugin AppleMoviePlayer
LogPluginManager: Mounting plugin ArchVisCharacter
LogPluginManager: Mounting plugin AssetTags
LogPluginManager: Mounting plugin AudioCapture
LogPluginManager: Mounting plugin AudioSynesthesia
LogPluginManager: Mounting plugin CableComponent
LogPluginManager: Mounting plugin ChunkDownloader
LogPluginManager: Mounting plugin CustomMeshComponent
LogPluginManager: Mounting plugin EditableMesh
LogPluginManager: Mounting plugin ExampleDeviceProfileSelector
LogPluginManager: Mounting plugin GoogleCloudMessaging
LogPluginManager: Mounting plugin GooglePAD
LogPluginManager: Mounting plugin IOSDeviceProfileSelector
LogPluginManager: Mounting plugin LinuxDeviceProfileSelector
LogPluginManager: Mounting plugin LocationServicesBPLibrary
LogPluginManager: Mounting plugin MobilePatchingUtils
LogPluginManager: Mounting plugin OpenXR
LogPluginManager: Mounting plugin OpenXREyeTracker
LogPluginManager: Mounting plugin OpenXRHandTracking
LogPluginManager: Mounting plugin PhysXVehicles
LogPluginManager: Mounting plugin PostSplashScreen
LogPluginManager: Mounting plugin PropertyAccessEditor
LogPluginManager: Mounting plugin ProceduralMeshComponent
LogPluginManager: Mounting plugin RuntimePhysXCooking
LogPluginManager: Mounting plugin SignificanceManager
LogPluginManager: Mounting plugin SoundFields
LogPluginManager: Mounting plugin WebMMoviePlayer
LogPluginManager: Mounting plugin WindowsMoviePlayer
LogPluginManager: Mounting plugin ScreenshotTools
LogPluginManager: Mounting plugin Takes
LogPluginManager: Mounting plugin Synthesis
LogPluginManager: Mounting plugin ContentBrowserAssetDataSource
LogPluginManager: Mounting plugin ContentBrowserClassDataSource
LogPluginManager: Mounting plugin ContentBrowserFileDataSource
LogPluginManager: Mounting plugin OnlineSubsystemGooglePlay
LogPluginManager: Mounting plugin OnlineSubsystemIOS
LogPluginManager: Mounting plugin OculusVR
LogPluginManager: Mounting plugin SteamVR
PixWinPlugin: PIX capture plugin failed to initialize! Check that the process is launched from PIX.
LogInit: Using libcurl 7.55.1-DEV
LogInit:  - built for x86_64-pc-win32
LogInit:  - supports SSL with OpenSSL/1.1.1
LogInit:  - supports HTTP deflate (compression) using libz 1.2.8
LogInit:  - other features:
LogInit:      CURL_VERSION_SSL
LogInit:      CURL_VERSION_LIBZ
LogInit:      CURL_VERSION_IPV6
LogInit:      CURL_VERSION_ASYNCHDNS
LogInit:      CURL_VERSION_LARGEFILE
LogInit:      CURL_VERSION_IDN
LogInit:  CurlRequestOptions (configurable via config and command line):
LogInit:  - bVerifyPeer = true  - Libcurl will verify peer certificate
LogInit:  - bUseHttpProxy = false  - Libcurl will NOT use HTTP proxy
LogInit:  - bDontReuseConnections = false  - Libcurl will reuse connections
LogInit:  - MaxHostConnections = 16  - Libcurl will limit the number of connections to a host
LogInit:  - LocalHostAddr = Default
LogInit:  - BufferSize = 65536
LogOnline: OSS: Creating online subsystem instance for: NULL
LogInit: WinSock: version 1.1 (2.2), MaxSocks=32767, MaxUdp=65467
LogOnline: OSS: TryLoadSubsystemAndSetDefault: Loaded subsystem for module [NULL]
LogOculusPluginWrapper: OculusPlugin initialized successfully
LogHMD: Failed initializing OVRPlugin 1.59.0
LogInit: Build: ++UE4+Release-4.27-CL-18319896
LogInit: Engine Version: 4.27.2-18319896+++UE4+Release-4.27
LogInit: Compatible Engine Version: 4.27.0-17155196+++UE4+Release-4.27
LogInit: Net CL: 17155196
LogInit: OS: Windows 7 (Service Pack 1), CPU:         Intel(R) Core(TM) i3-2130 CPU @ 3.40GHz, GPU: AMD Radeon HD 6570
LogInit: Compiled (64-bit): Nov 30 2021 07:12:08
LogInit: Compiled with Visual C++: 19.24.28315.00
LogInit: Build Configuration: Development
LogInit: Branch Name: ++UE4+Release-4.27
LogInit: Command Line: 
LogInit: Base Directory: D:/Games/UE_4.27/Engine/Binaries/Win64/
LogInit: Allocator: TBB
LogInit: Installed Engine Build: 1
LogDevObjectVersion: Number of dev versions registered: 29
LogDevObjectVersion:   Dev-Blueprints (B0D832E4-1F89-4F0D-ACCF-7EB736FD4AA2): 10
LogDevObjectVersion:   Dev-Build (E1C64328-A22C-4D53-A36C-8E866417BD8C): 0
LogDevObjectVersion:   Dev-Core (375EC13C-06E4-48FB-B500-84F0262A717E): 4
LogDevObjectVersion:   Dev-Editor (E4B068ED-F494-42E9-A231-DA0B2E46BB41): 40
LogDevObjectVersion:   Dev-Framework (CFFC743F-43B0-4480-9391-14DF171D2073): 37
LogDevObjectVersion:   Dev-Mobile (B02B49B5-BB20-44E9-A304-32B752E40360): 3
LogDevObjectVersion:   Dev-Networking (A4E4105C-59A1-49B5-A7C5-40C4547EDFEE): 0
LogDevObjectVersion:   Dev-Online (39C831C9-5AE6-47DC-9A44-9C173E1C8E7C): 0
LogDevObjectVersion:   Dev-Physics (78F01B33-EBEA-4F98-B9B4-84EACCB95AA2): 14
LogDevObjectVersion:   Dev-Platform (6631380F-2D4D-43E0-8009-CF276956A95A): 0
LogDevObjectVersion:   Dev-Rendering (12F88B9F-8875-4AFC-A67C-D90C383ABD29): 45
LogDevObjectVersion:   Dev-Sequencer (7B5AE74C-D270-4C10-A958-57980B212A5A): 13
LogDevObjectVersion:   Dev-VR (D7296918-1DD6-4BDD-9DE2-64A83CC13884): 3
LogDevObjectVersion:   Dev-LoadTimes (C2A15278-BFE7-4AFE-6C17-90FF531DF755): 1
LogDevObjectVersion:   Private-Geometry (6EACA3D4-40EC-4CC1-B786-8BED09428FC5): 3
LogDevObjectVersion:   Dev-AnimPhys (29E575DD-E0A3-4627-9D10-D276232CDCEA): 17
LogDevObjectVersion:   Dev-Anim (AF43A65D-7FD3-4947-9873-3E8ED9C1BB05): 15
LogDevObjectVersion:   Dev-ReflectionCapture (6B266CEC-1EC7-4B8F-A30B-E4D90942FC07): 1
LogDevObjectVersion:   Dev-Automation (0DF73D61-A23F-47EA-B727-89E90C41499A): 1
LogDevObjectVersion:   FortniteMain (601D1886-AC64-4F84-AA16-D3DE0DEAC7D6): 47
LogDevObjectVersion:   FortniteRelease (E7086368-6B23-4C58-8439-1B7016265E91): 1
LogDevObjectVersion:   Dev-Enterprise (9DFFBCD6-494F-0158-E221-12823C92A888): 10
LogDevObjectVersion:   Dev-Niagara (F2AED0AC-9AFE-416F-8664-AA7FFA26D6FC): 1
LogDevObjectVersion:   Dev-Destruction (174F1F0B-B4C6-45A5-B13F-2EE8D0FB917D): 10
LogDevObjectVersion:   Dev-Physics-Ext (35F94A83-E258-406C-A318-09F59610247C): 41
LogDevObjectVersion:   Dev-PhysicsMaterial-Chaos (B68FC16E-8B1B-42E2-B453-215C058844FE): 1
LogDevObjectVersion:   Dev-CineCamera (B2E18506-4273-CFC2-A54E-F4BB758BBA07): 1
LogDevObjectVersion:   Dev-VirtualProduction (64F58936-FD1B-42BA-BA96-7289D5D0FA4E): 1
LogDevObjectVersion:   Dev-MediaFramework (6F0ED827-A609-4895-9C91-998D90180EA4): 2
LogInit: Presizing for max 25165824 objects, including 0 objects not considered by GC, pre-allocating 0 bytes for permanent pool.
LogConfig: Applying CVar settings from Section [/Script/Engine.StreamingSettings] File [D:/Gid/Rogue/Saved/Config/Windows/Engine.ini]
LogConfig: Setting CVar [[s.MinBulkDataSizeForAsyncLoading:131072]]
LogConfig: Setting CVar [[s.AsyncLoadingThreadEnabled:0]]
LogConfig: Setting CVar [[s.EventDrivenLoaderEnabled:1]]
LogConfig: Setting CVar [[s.WarnIfTimeLimitExceeded:0]]
LogConfig: Setting CVar [[s.TimeLimitExceededMultiplier:1.5]]
LogConfig: Setting CVar [[s.TimeLimitExceededMinTime:0.005]]
LogConfig: Setting CVar [[s.UseBackgroundLevelStreaming:1]]
LogConfig: Setting CVar [[s.PriorityAsyncLoadingExtraTime:15.0]]
LogConfig: Setting CVar [[s.LevelStreamingActorsUpdateTimeLimit:5.0]]
LogConfig: Setting CVar [[s.PriorityLevelStreamingActorsUpdateExtraTime:5.0]]
LogConfig: Setting CVar [[s.LevelStreamingComponentsRegistrationGranularity:10]]
LogConfig: Setting CVar [[s.UnregisterComponentsTimeLimit:1.0]]
LogConfig: Setting CVar [[s.LevelStreamingComponentsUnregistrationGranularity:5]]
LogConfig: Setting CVar [[s.FlushStreamingOnExit:1]]
LogInit: Object subsystem initialized
LogConfig: Setting CVar [[con.DebugEarlyDefault:1]]
LogConfig: Setting CVar [[r.setres:1280x720]]
[2023.01.05-12.24.40:124][  0]LogConfig: Setting CVar [[r.VSync:0]]
[2023.01.05-12.24.40:124][  0]LogConfig: Setting CVar [[r.RHICmdBypass:0]]
[2023.01.05-12.24.40:124][  0]LogConfig: Applying CVar settings from Section [/Script/Engine.RendererSettings] File [D:/Gid/Rogue/Saved/Config/Windows/Engine.ini]
[2023.01.05-12.24.40:124][  0]LogConfig: Setting CVar [[r.GPUCrashDebugging:0]]
[2023.01.05-12.24.40:124][  0]LogConfig: Applying CVar settings from Section [/Script/Engine.RendererOverrideSettings] File [D:/Gid/Rogue/Saved/Config/Windows/Engine.ini]
[2023.01.05-12.24.40:124][  0]LogConfig: Applying CVar settings from Section [/Script/Engine.StreamingSettings] File [D:/Gid/Rogue/Saved/Config/Windows/Engine.ini]
[2023.01.05-12.24.40:124][  0]LogConfig: Setting CVar [[s.MinBulkDataSizeForAsyncLoading:131072]]
[2023.01.05-12.24.40:124][  0]LogConfig: Setting CVar [[s.AsyncLoadingThreadEnabled:0]]
[2023.01.05-12.24.40:124][  0]LogConfig: Setting CVar [[s.EventDrivenLoaderEnabled:1]]
[2023.01.05-12.24.40:124][  0]LogConfig: Setting CVar [[s.WarnIfTimeLimitExceeded:0]]
[2023.01.05-12.24.40:124][  0]LogConfig: Setting CVar [[s.TimeLimitExceededMultiplier:1.5]]
[2023.01.05-12.24.40:124][  0]LogConfig: Setting CVar [[s.TimeLimitExceededMinTime:0.005]]
[2023.01.05-12.24.40:124][  0]LogConfig: Setting CVar [[s.UseBackgroundLevelStreaming:1]]
[2023.01.05-12.24.40:124][  0]LogConfig: Setting CVar [[s.PriorityAsyncLoadingExtraTime:15.0]]
[2023.01.05-12.24.40:124][  0]LogConfig: Setting CVar [[s.LevelStreamingActorsUpdateTimeLimit:5.0]]
[2023.01.05-12.24.40:124][  0]LogConfig: Setting CVar [[s.PriorityLevelStreamingActorsUpdateExtraTime:5.0]]
[2023.01.05-12.24.40:124][  0]LogConfig: Setting CVar [[s.LevelStreamingComponentsRegistrationGranularity:10]]
[2023.01.05-12.24.40:124][  0]LogConfig: Setting CVar [[s.UnregisterComponentsTimeLimit:1.0]]
[2023.01.05-12.24.40:125][  0]LogConfig: Setting CVar [[s.LevelStreamingComponentsUnregistrationGranularity:5]]
[2023.01.05-12.24.40:125][  0]LogConfig: Setting CVar [[s.FlushStreamingOnExit:1]]
[2023.01.05-12.24.40:125][  0]LogConfig: Applying CVar settings from Section [/Script/Engine.GarbageCollectionSettings] File [D:/Gid/Rogue/Saved/Config/Windows/Engine.ini]
[2023.01.05-12.24.40:125][  0]LogConfig: Setting CVar [[gc.MaxObjectsNotConsideredByGC:1]]
[2023.01.05-12.24.40:125][  0]LogConfig: Setting CVar [[gc.SizeOfPermanentObjectPool:0]]
[2023.01.05-12.24.40:125][  0]LogConfig: Setting CVar [[gc.FlushStreamingOnGC:0]]
[2023.01.05-12.24.40:125][  0]LogConfig: Setting CVar [[gc.NumRetriesBeforeForcingGC:10]]
[2023.01.05-12.24.40:125][  0]LogConfig: Setting CVar [[gc.AllowParallelGC:1]]
[2023.01.05-12.24.40:125][  0]LogConfig: Setting CVar [[gc.TimeBetweenPurgingPendingKillObjects:61.1]]
[2023.01.05-12.24.40:125][  0]LogConfig: Setting CVar [[gc.MaxObjectsInEditor:25165824]]
[2023.01.05-12.24.40:125][  0]LogConfig: Setting CVar [[gc.IncrementalBeginDestroyEnabled:1]]
[2023.01.05-12.24.40:125][  0]LogConfig: Setting CVar [[gc.CreateGCClusters:1]]
[2023.01.05-12.24.40:125][  0]LogConfig: Setting CVar [[gc.MinGCClusterSize:5]]
[2023.01.05-12.24.40:125][  0]LogConfig: Setting CVar [[gc.ActorClusteringEnabled:0]]
[2023.01.05-12.24.40:125][  0]LogConfig: Setting CVar [[gc.BlueprintClusteringEnabled:0]]
[2023.01.05-12.24.40:125][  0]LogConfig: Setting CVar [[gc.UseDisregardForGCOnDedicatedServers:0]]
[2023.01.05-12.24.40:125][  0]LogConfig: Setting CVar [[gc.MultithreadedDestructionEnabled:1]]
[2023.01.05-12.24.40:125][  0]LogConfig: Applying CVar settings from Section [/Script/Engine.NetworkSettings] File [D:/Gid/Rogue/Saved/Config/Windows/Engine.ini]
[2023.01.05-12.24.40:125][  0]LogConfig: Applying CVar settings from Section [/Script/UnrealEd.CookerSettings] File [D:/Gid/Rogue/Saved/Config/Windows/Engine.ini]
[2023.01.05-12.24.40:321][  0]LogConfig: Applying CVar settings from Section [ViewDistanceQuality@3] File [D:/Gid/Rogue/Saved/Config/Windows/Scalability.ini]
[2023.01.05-12.24.40:321][  0]LogConfig: Setting CVar [[r.SkeletalMeshLODBias:0]]
[2023.01.05-12.24.40:321][  0]LogConfig: Setting CVar [[r.ViewDistanceScale:1.0]]
[2023.01.05-12.24.40:321][  0]LogConfig: Applying CVar settings from Section [AntiAliasingQuality@3] File [D:/Gid/Rogue/Saved/Config/Windows/Scalability.ini]
[2023.01.05-12.24.40:321][  0]LogConfig: Setting CVar [[r.PostProcessAAQuality:4]]
[2023.01.05-12.24.40:321][  0]LogConfig: Applying CVar settings from Section [ShadowQuality@3] File [D:/Gid/Rogue/Saved/Config/Windows/Scalability.ini]
[2023.01.05-12.24.40:321][  0]LogConfig: Setting CVar [[r.LightFunctionQuality:1]]
[2023.01.05-12.24.40:321][  0]LogConfig: Setting CVar [[r.ShadowQuality:5]]
[2023.01.05-12.24.40:321][  0]LogConfig: Setting CVar [[r.Shadow.CSM.MaxCascades:10]]
[2023.01.05-12.24.40:321][  0]LogConfig: Setting CVar [[r.Shadow.MaxResolution:2048]]
[2023.01.05-12.24.40:321][  0]LogConfig: Setting CVar [[r.Shadow.MaxCSMResolution:2048]]
[2023.01.05-12.24.40:321][  0]LogConfig: Setting CVar [[r.Shadow.RadiusThreshold:0.01]]
[2023.01.05-12.24.40:322][  0]LogConfig: Setting CVar [[r.Shadow.DistanceScale:1.0]]
[2023.01.05-12.24.40:322][  0]LogConfig: Setting CVar [[r.Shadow.CSM.TransitionScale:1.0]]
[2023.01.05-12.24.40:322][  0]LogConfig: Setting CVar [[r.Shadow.PreShadowResolutionFactor:1.0]]
[2023.01.05-12.24.40:322][  0]LogConfig: Setting CVar [[r.DistanceFieldShadowing:1]]
[2023.01.05-12.24.40:322][  0]LogConfig: Setting CVar [[r.DistanceFieldAO:1]]
[2023.01.05-12.24.40:322][  0]LogConfig: Setting CVar [[r.AOQuality:2]]
[2023.01.05-12.24.40:322][  0]LogConfig: Setting CVar [[r.VolumetricFog:1]]
[2023.01.05-12.24.40:322][  0]LogConfig: Setting CVar [[r.VolumetricFog.GridPixelSize:8]]
[2023.01.05-12.24.40:322][  0]LogConfig: Setting CVar [[r.VolumetricFog.GridSizeZ:128]]
[2023.01.05-12.24.40:322][  0]LogConfig: Setting CVar [[r.VolumetricFog.HistoryMissSupersampleCount:4]]
[2023.01.05-12.24.40:322][  0]LogConfig: Setting CVar [[r.LightMaxDrawDistanceScale:1]]
[2023.01.05-12.24.40:322][  0]LogConfig: Setting CVar [[r.CapsuleShadows:1]]
[2023.01.05-12.24.40:322][  0]LogConfig: Applying CVar settings from Section [PostProcessQuality@3] File [D:/Gid/Rogue/Saved/Config/Windows/Scalability.ini]
[2023.01.05-12.24.40:322][  0]LogConfig: Setting CVar [[r.MotionBlurQuality:4]]
[2023.01.05-12.24.40:322][  0]LogConfig: Setting CVar [[r.AmbientOcclusionMipLevelFactor:0.4]]
[2023.01.05-12.24.40:322][  0]LogConfig: Setting CVar [[r.AmbientOcclusionMaxQuality:100]]
[2023.01.05-12.24.40:322][  0]LogConfig: Setting CVar [[r.AmbientOcclusionLevels:-1]]
[2023.01.05-12.24.40:322][  0]LogConfig: Setting CVar [[r.AmbientOcclusionRadiusScale:1.0]]
[2023.01.05-12.24.40:322][  0]LogConfig: Setting CVar [[r.DepthOfFieldQuality:2]]
[2023.01.05-12.24.40:322][  0]LogConfig: Setting CVar [[r.RenderTargetPoolMin:400]]
[2023.01.05-12.24.40:322][  0]LogConfig: Setting CVar [[r.LensFlareQuality:2]]
[2023.01.05-12.24.40:322][  0]LogConfig: Setting CVar [[r.SceneColorFringeQuality:1]]
[2023.01.05-12.24.40:322][  0]LogConfig: Setting CVar [[r.EyeAdaptationQuality:2]]
[2023.01.05-12.24.40:322][  0]LogConfig: Setting CVar [[r.BloomQuality:5]]
[2023.01.05-12.24.40:322][  0]LogConfig: Setting CVar [[r.FastBlurThreshold:100]]
[2023.01.05-12.24.40:322][  0]LogConfig: Setting CVar [[r.Upscale.Quality:3]]
[2023.01.05-12.24.40:322][  0]LogConfig: Setting CVar [[r.Tonemapper.GrainQuantization:1]]
[2023.01.05-12.24.40:322][  0]LogConfig: Setting CVar [[r.LightShaftQuality:1]]
[2023.01.05-12.24.40:322][  0]LogConfig: Setting CVar [[r.Filter.SizeScale:1]]
[2023.01.05-12.24.40:322][  0]LogConfig: Setting CVar [[r.Tonemapper.Quality:5]]
[2023.01.05-12.24.40:322][  0]LogConfig: Setting CVar [[r.DOF.Gather.AccumulatorQuality:1        ; higher gathering accumulator quality]]
[2023.01.05-12.24.40:322][  0]LogConfig: Setting CVar [[r.DOF.Gather.PostfilterMethod:1          ; Median3x3 postfilering method]]
[2023.01.05-12.24.40:323][  0]LogConfig: Setting CVar [[r.DOF.Gather.EnableBokehSettings:0       ; no bokeh simulation when gathering]]
[2023.01.05-12.24.40:323][  0]LogConfig: Setting CVar [[r.DOF.Gather.RingCount:4                 ; medium number of samples when gathering]]
[2023.01.05-12.24.40:323][  0]LogConfig: Setting CVar [[r.DOF.Scatter.ForegroundCompositing:1    ; additive foreground scattering]]
[2023.01.05-12.24.40:323][  0]LogConfig: Setting CVar [[r.DOF.Scatter.BackgroundCompositing:2    ; additive background scattering]]
[2023.01.05-12.24.40:323][  0]LogConfig: Setting CVar [[r.DOF.Scatter.EnableBokehSettings:1      ; bokeh simulation when scattering]]
[2023.01.05-12.24.40:323][  0]LogConfig: Setting CVar [[r.DOF.Scatter.MaxSpriteRatio:0.1         ; only a maximum of 10% of scattered bokeh]]
[2023.01.05-12.24.40:323][  0]LogConfig: Setting CVar [[r.DOF.Recombine.Quality:1                ; cheap slight out of focus]]
[2023.01.05-12.24.40:323][  0]LogConfig: Setting CVar [[r.DOF.Recombine.EnableBokehSettings:0    ; no bokeh simulation on slight out of focus]]
[2023.01.05-12.24.40:323][  0]LogConfig: Setting CVar [[r.DOF.TemporalAAQuality:1                ; more stable temporal accumulation]]
[2023.01.05-12.24.40:323][  0]LogConfig: Setting CVar [[r.DOF.Kernel.MaxForegroundRadius:0.025]]
[2023.01.05-12.24.40:323][  0]LogConfig: Setting CVar [[r.DOF.Kernel.MaxBackgroundRadius:0.025]]
[2023.01.05-12.24.40:323][  0]LogConfig: Applying CVar settings from Section [TextureQuality@3] File [D:/Gid/Rogue/Saved/Config/Windows/Scalability.ini]
[2023.01.05-12.24.40:323][  0]LogConfig: Setting CVar [[r.Streaming.MipBias:0]]
[2023.01.05-12.24.40:323][  0]LogConfig: Setting CVar [[r.Streaming.AmortizeCPUToGPUCopy:0]]
[2023.01.05-12.24.40:323][  0]LogConfig: Setting CVar [[r.Streaming.MaxNumTexturesToStreamPerFrame:0]]
[2023.01.05-12.24.40:323][  0]LogConfig: Setting CVar [[r.Streaming.Boost:1]]
[2023.01.05-12.24.40:323][  0]LogConfig: Setting CVar [[r.MaxAnisotropy:8]]
[2023.01.05-12.24.40:323][  0]LogConfig: Setting CVar [[r.VT.MaxAnisotropy:8]]
[2023.01.05-12.24.40:323][  0]LogConfig: Setting CVar [[r.Streaming.LimitPoolSizeToVRAM:0]]
[2023.01.05-12.24.40:323][  0]LogConfig: Setting CVar [[r.Streaming.PoolSize:1000]]
[2023.01.05-12.24.40:323][  0]LogConfig: Setting CVar [[r.Streaming.MaxEffectiveScreenSize:0]]
[2023.01.05-12.24.40:323][  0]LogConfig: Applying CVar settings from Section [EffectsQuality@3] File [D:/Gid/Rogue/Saved/Config/Windows/Scalability.ini]
[2023.01.05-12.24.40:323][  0]LogConfig: Setting CVar [[r.TranslucencyLightingVolumeDim:64]]
[2023.01.05-12.24.40:323][  0]LogConfig: Setting CVar [[r.RefractionQuality:2]]
[2023.01.05-12.24.40:323][  0]LogConfig: Setting CVar [[r.SSR.Quality:3]]
[2023.01.05-12.24.40:323][  0]LogConfig: Setting CVar [[r.SSR.HalfResSceneColor:0]]
[2023.01.05-12.24.40:323][  0]LogConfig: Setting CVar [[r.SceneColorFormat:4]]
[2023.01.05-12.24.40:323][  0]LogConfig: Setting CVar [[r.DetailMode:2]]
[2023.01.05-12.24.40:323][  0]LogConfig: Setting CVar [[r.TranslucencyVolumeBlur:1]]
[2023.01.05-12.24.40:323][  0]LogConfig: Setting CVar [[r.MaterialQualityLevel:1 ; High quality]]
[2023.01.05-12.24.40:323][  0]LogConfig: Setting CVar [[r.AnisotropicMaterials:1]]
[2023.01.05-12.24.40:323][  0]LogConfig: Setting CVar [[r.SSS.Scale:1]]
[2023.01.05-12.24.40:324][  0]LogConfig: Setting CVar [[r.SSS.SampleSet:2]]
[2023.01.05-12.24.40:324][  0]LogConfig: Setting CVar [[r.SSS.Quality:1]]
[2023.01.05-12.24.40:324][  0]LogConfig: Setting CVar [[r.SSS.HalfRes:0]]
[2023.01.05-12.24.40:324][  0]LogConfig: Setting CVar [[r.SSGI.Quality:3]]
[2023.01.05-12.24.40:324][  0]LogConfig: Setting CVar [[r.EmitterSpawnRateScale:1.0]]
[2023.01.05-12.24.40:324][  0]LogConfig: Setting CVar [[r.ParticleLightQuality:2]]
[2023.01.05-12.24.40:324][  0]LogConfig: Setting CVar [[r.SkyAtmosphere.AerialPerspectiveLUT.FastApplyOnOpaque:1 ; Always have FastSkyLUT 1 in this case to avoid wrong sky]]
[2023.01.05-12.24.40:324][  0]LogConfig: Setting CVar [[r.SkyAtmosphere.AerialPerspectiveLUT.SampleCountMaxPerSlice:4]]
[2023.01.05-12.24.40:324][  0]LogConfig: Setting CVar [[r.SkyAtmosphere.AerialPerspectiveLUT.DepthResolution:16.0]]
[2023.01.05-12.24.40:324][  0]LogConfig: Setting CVar [[r.SkyAtmosphere.FastSkyLUT:1]]
[2023.01.05-12.24.40:324][  0]LogConfig: Setting CVar [[r.SkyAtmosphere.FastSkyLUT.SampleCountMin:4.0]]
[2023.01.05-12.24.40:324][  0]LogConfig: Setting CVar [[r.SkyAtmosphere.FastSkyLUT.SampleCountMax:128.0]]
[2023.01.05-12.24.40:324][  0]LogConfig: Setting CVar [[r.SkyAtmosphere.SampleCountMin:4.0]]
[2023.01.05-12.24.40:324][  0]LogConfig: Setting CVar [[r.SkyAtmosphere.SampleCountMax:128.0]]
[2023.01.05-12.24.40:324][  0]LogConfig: Setting CVar [[r.SkyAtmosphere.TransmittanceLUT.UseSmallFormat:0]]
[2023.01.05-12.24.40:324][  0]LogConfig: Setting CVar [[r.SkyAtmosphere.TransmittanceLUT.SampleCount:10.0]]
[2023.01.05-12.24.40:324][  0]LogConfig: Setting CVar [[r.SkyAtmosphere.MultiScatteringLUT.SampleCount:15.0]]
[2023.01.05-12.24.40:324][  0]LogConfig: Setting CVar [[r.SkyLight.RealTimeReflectionCapture:1]]
[2023.01.05-12.24.40:324][  0]LogConfig: Applying CVar settings from Section [FoliageQuality@3] File [D:/Gid/Rogue/Saved/Config/Windows/Scalability.ini]
[2023.01.05-12.24.40:324][  0]LogConfig: Setting CVar [[foliage.DensityScale:1.0]]
[2023.01.05-12.24.40:324][  0]LogConfig: Setting CVar [[grass.DensityScale:1.0]]
[2023.01.05-12.24.40:324][  0]LogConfig: Applying CVar settings from Section [ShadingQuality@3] File [D:/Gid/Rogue/Saved/Config/Windows/Scalability.ini]
[2023.01.05-12.24.40:324][  0]LogConfig: Setting CVar [[r.HairStrands.SkyLighting.IntegrationType:2]]
[2023.01.05-12.24.40:324][  0]LogConfig: Setting CVar [[r.HairStrands.SkyAO.SampleCount:4]]
[2023.01.05-12.24.40:324][  0]LogConfig: Setting CVar [[r.HairStrands.Visibility.MSAA.SamplePerPixel:4]]
[2023.01.05-12.24.40:329][  0]LogInit: Selected Device Profile: [Windows]
[2023.01.05-12.24.40:334][  0]LogInit: Applying CVar settings loaded from the selected device profile: [Windows]
[2023.01.05-12.24.40:342][  0]LogHAL: Display: Platform has ~ 16 GB [17160142848 / 17179869184 / 16], which maps to Larger [LargestMinGB=32, LargerMinGB=12, DefaultMinGB=8, SmallerMinGB=6, SmallestMinGB=0)
[2023.01.05-12.24.40:342][  0]LogInit: Going up to parent DeviceProfile []
[2023.01.05-12.24.40:349][  0]LogConfig: Applying CVar settings from Section [ViewDistanceQuality@3] File [D:/Gid/Rogue/Saved/Config/Windows/Scalability.ini]
[2023.01.05-12.24.40:349][  0]LogConfig: Setting CVar [[r.SkeletalMeshLODBias:0]]
[2023.01.05-12.24.40:349][  0]LogConfig: Setting CVar [[r.ViewDistanceScale:1.0]]
[2023.01.05-12.24.40:349][  0]LogConfig: Applying CVar settings from Section [AntiAliasingQuality@3] File [D:/Gid/Rogue/Saved/Config/Windows/Scalability.ini]
[2023.01.05-12.24.40:349][  0]LogConfig: Setting CVar [[r.PostProcessAAQuality:4]]
[2023.01.05-12.24.40:349][  0]LogConfig: Applying CVar settings from Section [ShadowQuality@3] File [D:/Gid/Rogue/Saved/Config/Windows/Scalability.ini]
[2023.01.05-12.24.40:349][  0]LogConfig: Setting CVar [[r.LightFunctionQuality:1]]
[2023.01.05-12.24.40:349][  0]LogConfig: Setting CVar [[r.ShadowQuality:5]]
[2023.01.05-12.24.40:349][  0]LogConfig: Setting CVar [[r.Shadow.CSM.MaxCascades:10]]
[2023.01.05-12.24.40:350][  0]LogConfig: Setting CVar [[r.Shadow.MaxResolution:2048]]
[2023.01.05-12.24.40:350][  0]LogConfig: Setting CVar [[r.Shadow.MaxCSMResolution:2048]]
[2023.01.05-12.24.40:350][  0]LogConfig: Setting CVar [[r.Shadow.RadiusThreshold:0.01]]
[2023.01.05-12.24.40:350][  0]LogConfig: Setting CVar [[r.Shadow.DistanceScale:1.0]]
[2023.01.05-12.24.40:350][  0]LogConfig: Setting CVar [[r.Shadow.CSM.TransitionScale:1.0]]
[2023.01.05-12.24.40:350][  0]LogConfig: Setting CVar [[r.Shadow.PreShadowResolutionFactor:1.0]]
[2023.01.05-12.24.40:350][  0]LogConfig: Setting CVar [[r.DistanceFieldShadowing:1]]
[2023.01.05-12.24.40:350][  0]LogConfig: Setting CVar [[r.DistanceFieldAO:1]]
[2023.01.05-12.24.40:350][  0]LogConfig: Setting CVar [[r.AOQuality:2]]
[2023.01.05-12.24.40:350][  0]LogConfig: Setting CVar [[r.VolumetricFog:1]]
[2023.01.05-12.24.40:350][  0]LogConfig: Setting CVar [[r.VolumetricFog.GridPixelSize:8]]
[2023.01.05-12.24.40:350][  0]LogConfig: Setting CVar [[r.VolumetricFog.GridSizeZ:128]]
[2023.01.05-12.24.40:350][  0]LogConfig: Setting CVar [[r.VolumetricFog.HistoryMissSupersampleCount:4]]
[2023.01.05-12.24.40:350][  0]LogConfig: Setting CVar [[r.LightMaxDrawDistanceScale:1]]
[2023.01.05-12.24.40:350][  0]LogConfig: Setting CVar [[r.CapsuleShadows:1]]
[2023.01.05-12.24.40:350][  0]LogConfig: Applying CVar settings from Section [PostProcessQuality@3] File [D:/Gid/Rogue/Saved/Config/Windows/Scalability.ini]
[2023.01.05-12.24.40:350][  0]LogConfig: Setting CVar [[r.MotionBlurQuality:4]]
[2023.01.05-12.24.40:350][  0]LogConfig: Setting CVar [[r.AmbientOcclusionMipLevelFactor:0.4]]
[2023.01.05-12.24.40:350][  0]LogConfig: Setting CVar [[r.AmbientOcclusionMaxQuality:100]]
[2023.01.05-12.24.40:350][  0]LogConfig: Setting CVar [[r.AmbientOcclusionLevels:-1]]
[2023.01.05-12.24.40:350][  0]LogConfig: Setting CVar [[r.AmbientOcclusionRadiusScale:1.0]]
[2023.01.05-12.24.40:350][  0]LogConfig: Setting CVar [[r.DepthOfFieldQuality:2]]
[2023.01.05-12.24.40:350][  0]LogConfig: Setting CVar [[r.RenderTargetPoolMin:400]]
[2023.01.05-12.24.40:350][  0]LogConfig: Setting CVar [[r.LensFlareQuality:2]]
[2023.01.05-12.24.40:350][  0]LogConfig: Setting CVar [[r.SceneColorFringeQuality:1]]
[2023.01.05-12.24.40:350][  0]LogConfig: Setting CVar [[r.EyeAdaptationQuality:2]]
[2023.01.05-12.24.40:350][  0]LogConfig: Setting CVar [[r.BloomQuality:5]]
[2023.01.05-12.24.40:350][  0]LogConfig: Setting CVar [[r.FastBlurThreshold:100]]
[2023.01.05-12.24.40:350][  0]LogConfig: Setting CVar [[r.Upscale.Quality:3]]
[2023.01.05-12.24.40:350][  0]LogConfig: Setting CVar [[r.Tonemapper.GrainQuantization:1]]
[2023.01.05-12.24.40:350][  0]LogConfig: Setting CVar [[r.LightShaftQuality:1]]
[2023.01.05-12.24.40:350][  0]LogConfig: Setting CVar [[r.Filter.SizeScale:1]]
[2023.01.05-12.24.40:350][  0]LogConfig: Setting CVar [[r.Tonemapper.Quality:5]]
[2023.01.05-12.24.40:351][  0]LogConfig: Setting CVar [[r.DOF.Gather.AccumulatorQuality:1        ; higher gathering accumulator quality]]
[2023.01.05-12.24.40:351][  0]LogConfig: Setting CVar [[r.DOF.Gather.PostfilterMethod:1          ; Median3x3 postfilering method]]
[2023.01.05-12.24.40:351][  0]LogConfig: Setting CVar [[r.DOF.Gather.EnableBokehSettings:0       ; no bokeh simulation when gathering]]
[2023.01.05-12.24.40:351][  0]LogConfig: Setting CVar [[r.DOF.Gather.RingCount:4                 ; medium number of samples when gathering]]
[2023.01.05-12.24.40:351][  0]LogConfig: Setting CVar [[r.DOF.Scatter.ForegroundCompositing:1    ; additive foreground scattering]]
[2023.01.05-12.24.40:351][  0]LogConfig: Setting CVar [[r.DOF.Scatter.BackgroundCompositing:2    ; additive background scattering]]
[2023.01.05-12.24.40:351][  0]LogConfig: Setting CVar [[r.DOF.Scatter.EnableBokehSettings:1      ; bokeh simulation when scattering]]
[2023.01.05-12.24.40:351][  0]LogConfig: Setting CVar [[r.DOF.Scatter.MaxSpriteRatio:0.1         ; only a maximum of 10% of scattered bokeh]]
[2023.01.05-12.24.40:351][  0]LogConfig: Setting CVar [[r.DOF.Recombine.Quality:1                ; cheap slight out of focus]]
[2023.01.05-12.24.40:351][  0]LogConfig: Setting CVar [[r.DOF.Recombine.EnableBokehSettings:0    ; no bokeh simulation on slight out of focus]]
[2023.01.05-12.24.40:351][  0]LogConfig: Setting CVar [[r.DOF.TemporalAAQuality:1                ; more stable temporal accumulation]]
[2023.01.05-12.24.40:351][  0]LogConfig: Setting CVar [[r.DOF.Kernel.MaxForegroundRadius:0.025]]
[2023.01.05-12.24.40:351][  0]LogConfig: Setting CVar [[r.DOF.Kernel.MaxBackgroundRadius:0.025]]
[2023.01.05-12.24.40:351][  0]LogConfig: Applying CVar settings from Section [TextureQuality@3] File [D:/Gid/Rogue/Saved/Config/Windows/Scalability.ini]
[2023.01.05-12.24.40:351][  0]LogConfig: Setting CVar [[r.Streaming.MipBias:0]]
[2023.01.05-12.24.40:351][  0]LogConfig: Setting CVar [[r.Streaming.AmortizeCPUToGPUCopy:0]]
[2023.01.05-12.24.40:351][  0]LogConfig: Setting CVar [[r.Streaming.MaxNumTexturesToStreamPerFrame:0]]
[2023.01.05-12.24.40:351][  0]LogConfig: Setting CVar [[r.Streaming.Boost:1]]
[2023.01.05-12.24.40:351][  0]LogConfig: Setting CVar [[r.MaxAnisotropy:8]]
[2023.01.05-12.24.40:351][  0]LogConfig: Setting CVar [[r.VT.MaxAnisotropy:8]]
[2023.01.05-12.24.40:351][  0]LogConfig: Setting CVar [[r.Streaming.LimitPoolSizeToVRAM:0]]
[2023.01.05-12.24.40:351][  0]LogConfig: Setting CVar [[r.Streaming.PoolSize:1000]]
[2023.01.05-12.24.40:351][  0]LogConfig: Setting CVar [[r.Streaming.MaxEffectiveScreenSize:0]]
[2023.01.05-12.24.40:351][  0]LogConfig: Applying CVar settings from Section [EffectsQuality@3] File [D:/Gid/Rogue/Saved/Config/Windows/Scalability.ini]
[2023.01.05-12.24.40:351][  0]LogConfig: Setting CVar [[r.TranslucencyLightingVolumeDim:64]]
[2023.01.05-12.24.40:351][  0]LogConfig: Setting CVar [[r.RefractionQuality:2]]
[2023.01.05-12.24.40:351][  0]LogConfig: Setting CVar [[r.SSR.Quality:3]]
[2023.01.05-12.24.40:351][  0]LogConfig: Setting CVar [[r.SSR.HalfResSceneColor:0]]
[2023.01.05-12.24.40:351][  0]LogConfig: Setting CVar [[r.SceneColorFormat:4]]
[2023.01.05-12.24.40:352][  0]LogConfig: Setting CVar [[r.DetailMode:2]]
[2023.01.05-12.24.40:352][  0]LogConfig: Setting CVar [[r.TranslucencyVolumeBlur:1]]
[2023.01.05-12.24.40:353][  0]LogConfig: Setting CVar [[r.MaterialQualityLevel:1 ; High quality]]
[2023.01.05-12.24.40:353][  0]LogConfig: Setting CVar [[r.AnisotropicMaterials:1]]
[2023.01.05-12.24.40:353][  0]LogConfig: Setting CVar [[r.SSS.Scale:1]]
[2023.01.05-12.24.40:353][  0]LogConfig: Setting CVar [[r.SSS.SampleSet:2]]
[2023.01.05-12.24.40:353][  0]LogConfig: Setting CVar [[r.SSS.Quality:1]]
[2023.01.05-12.24.40:353][  0]LogConfig: Setting CVar [[r.SSS.HalfRes:0]]
[2023.01.05-12.24.40:353][  0]LogConfig: Setting CVar [[r.SSGI.Quality:3]]
[2023.01.05-12.24.40:353][  0]LogConfig: Setting CVar [[r.EmitterSpawnRateScale:1.0]]
[2023.01.05-12.24.40:353][  0]LogConfig: Setting CVar [[r.ParticleLightQuality:2]]
[2023.01.05-12.24.40:353][  0]LogConfig: Setting CVar [[r.SkyAtmosphere.AerialPerspectiveLUT.FastApplyOnOpaque:1 ; Always have FastSkyLUT 1 in this case to avoid wrong sky]]
[2023.01.05-12.24.40:353][  0]LogConfig: Setting CVar [[r.SkyAtmosphere.AerialPerspectiveLUT.SampleCountMaxPerSlice:4]]
[2023.01.05-12.24.40:353][  0]LogConfig: Setting CVar [[r.SkyAtmosphere.AerialPerspectiveLUT.DepthResolution:16.0]]
[2023.01.05-12.24.40:353][  0]LogConfig: Setting CVar [[r.SkyAtmosphere.FastSkyLUT:1]]
[2023.01.05-12.24.40:353][  0]LogConfig: Setting CVar [[r.SkyAtmosphere.FastSkyLUT.SampleCountMin:4.0]]
[2023.01.05-12.24.40:353][  0]LogConfig: Setting CVar [[r.SkyAtmosphere.FastSkyLUT.SampleCountMax:128.0]]
[2023.01.05-12.24.40:353][  0]LogConfig: Setting CVar [[r.SkyAtmosphere.SampleCountMin:4.0]]
[2023.01.05-12.24.40:353][  0]LogConfig: Setting CVar [[r.SkyAtmosphere.SampleCountMax:128.0]]
[2023.01.05-12.24.40:353][  0]LogConfig: Setting CVar [[r.SkyAtmosphere.TransmittanceLUT.UseSmallFormat:0]]
[2023.01.05-12.24.40:353][  0]LogConfig: Setting CVar [[r.SkyAtmosphere.TransmittanceLUT.SampleCount:10.0]]
[2023.01.05-12.24.40:353][  0]LogConfig: Setting CVar [[r.SkyAtmosphere.MultiScatteringLUT.SampleCount:15.0]]
[2023.01.05-12.24.40:353][  0]LogConfig: Setting CVar [[r.SkyLight.RealTimeReflectionCapture:1]]
[2023.01.05-12.24.40:353][  0]LogConfig: Applying CVar settings from Section [FoliageQuality@3] File [D:/Gid/Rogue/Saved/Config/Windows/Scalability.ini]
[2023.01.05-12.24.40:353][  0]LogConfig: Setting CVar [[foliage.DensityScale:1.0]]
[2023.01.05-12.24.40:353][  0]LogConfig: Setting CVar [[grass.DensityScale:1.0]]
[2023.01.05-12.24.40:353][  0]LogConfig: Applying CVar settings from Section [ShadingQuality@3] File [D:/Gid/Rogue/Saved/Config/Windows/Scalability.ini]
[2023.01.05-12.24.40:353][  0]LogConfig: Setting CVar [[r.HairStrands.SkyLighting.IntegrationType:2]]
[2023.01.05-12.24.40:353][  0]LogConfig: Setting CVar [[r.HairStrands.SkyAO.SampleCount:4]]
[2023.01.05-12.24.40:354][  0]LogConfig: Setting CVar [[r.HairStrands.Visibility.MSAA.SamplePerPixel:4]]
[2023.01.05-12.24.40:354][  0]LogConfig: Applying CVar settings from Section [Startup] File [../../../Engine/Config/ConsoleVariables.ini]
[2023.01.05-12.24.40:370][  0]LogConfig: Setting CVar [[net.UseAdaptiveNetUpdateFrequency:0]]
[2023.01.05-12.24.40:371][  0]LogConfig: Setting CVar [[p.chaos.AllowCreatePhysxBodies:1]]
[2023.01.05-12.24.40:371][  0]LogConfig: Setting CVar [[fx.SkipVectorVMBackendOptimizations:1]]
[2023.01.05-12.24.40:371][  0]LogConfig: Applying CVar settings from Section [ConsoleVariables] File [D:/Gid/Rogue/Saved/Config/Windows/Engine.ini]
[2023.01.05-12.24.40:371][  0]LogConfig: Applying CVar settings from Section [ConsoleVariables] File [D:/Gid/Rogue/Saved/Config/Windows/Editor.ini]
[2023.01.05-12.24.40:394][  0]LogInit: Computer: HASTUR-PC
[2023.01.05-12.24.40:394][  0]LogInit: User: Иван
[2023.01.05-12.24.40:394][  0]LogInit: CPU Page size=4096, Cores=2
[2023.01.05-12.24.40:394][  0]LogInit: High frequency timer resolution =3.312880 MHz
[2023.01.05-12.24.40:394][  0]LogMemory: Memory total: Physical=16.0GB (16GB approx)
[2023.01.05-12.24.40:394][  0]LogMemory: Platform Memory Stats for Windows
[2023.01.05-12.24.40:394][  0]LogMemory: Process Physical Memory: 142.33 MB used, 142.33 MB peak
[2023.01.05-12.24.40:394][  0]LogMemory: Process Virtual Memory: 120.48 MB used, 120.48 MB peak
[2023.01.05-12.24.40:394][  0]LogMemory: Physical Memory: 4093.86 MB used,  12271.33 MB free, 16365.19 MB total
[2023.01.05-12.24.40:394][  0]LogMemory: Virtual Memory: 8361408.50 MB used,  27199.17 MB free, 8388608.00 MB total
[2023.01.05-12.24.40:515][  0]LogWindows: WindowsPlatformFeatures enabled
[2023.01.05-12.24.41:365][  0]LogInit: Physics initialised using underlying interface: PhysX
[2023.01.05-12.24.41:376][  0]LogInit: Using OS detected language (ru-RU).
[2023.01.05-12.24.41:376][  0]LogInit: Using OS detected locale (ru-RU).
[2023.01.05-12.24.41:713][  0]LogTextLocalizationManager: No specific localization for 'ru-RU' exists, so the 'ru' localization will be used.
[2023.01.05-12.24.41:714][  0]LogTextLocalizationResource: LocRes '../../../Engine/Content/Localization/Editor/ru/Editor.locres' could not be opened for reading!
[2023.01.05-12.24.41:714][  0]LogTextLocalizationResource: LocRes '../../../Engine/Content/Localization/EditorTutorials/ru/EditorTutorials.locres' could not be opened for reading!
[2023.01.05-12.24.41:714][  0]LogTextLocalizationResource: LocRes '../../../Engine/Content/Localization/Keywords/ru/Keywords.locres' could not be opened for reading!
[2023.01.05-12.24.41:714][  0]LogTextLocalizationResource: LocRes '../../../Engine/Content/Localization/Category/ru/Category.locres' could not be opened for reading!
[2023.01.05-12.24.41:732][  0]LogTextLocalizationResource: LocRes '../../../Engine/Content/Localization/ToolTips/ru/ToolTips.locres' could not be opened for reading!
[2023.01.05-12.24.41:745][  0]LogTextLocalizationResource: LocRes '../../../Engine/Content/Localization/PropertyNames/ru/PropertyNames.locres' could not be opened for reading!
[2023.01.05-12.24.41:745][  0]LogTextLocalizationResource: LocRes '../../../Engine/Content/Localization/Engine/ru/Engine.locres' could not be opened for reading!
[2023.01.05-12.24.41:853][  0]LogWindows: Failed to load 'shcore.dll' (GetLastError=126)
[2023.01.05-12.24.41:853][  0]LogWindows: File 'shcore.dll' does not exist
[2023.01.05-12.24.41:853][  0]LogInit: Setting process to DPI aware
[2023.01.05-12.24.42:047][  0]LogWindowsTextInputMethodSystem: Display: IME system deactivated.
[2023.01.05-12.24.42:619][  0]LogSlate: New Slate User Created.  User Index 0, Is Virtual User: 0
[2023.01.05-12.24.42:619][  0]LogSlate: Slate User Registered.  User Index 0, Is Virtual User: 0
[2023.01.05-12.24.43:819][  0]LogD3D11RHI: Loaded GFSDK_Aftermath_Lib.x64.dll
[2023.01.05-12.24.43:850][  0]LogHMD: Failed to initialize OpenVR with code 110
[2023.01.05-12.24.43:850][  0]LogD3D11RHI: D3D11 min allowed feature level: 11_0
[2023.01.05-12.24.43:850][  0]LogD3D11RHI: D3D11 max allowed feature level: 11_0
[2023.01.05-12.24.43:850][  0]LogD3D11RHI: D3D11 adapters:
[2023.01.05-12.24.43:884][  0]LogD3D11RHI:    0. 'AMD Radeon HD 6570' (Feature Level 11_0)
[2023.01.05-12.24.43:884][  0]LogD3D11RHI:       1008/0/3840 MB DedicatedVideo/DedicatedSystem/SharedSystem, Outputs:1, VendorId:0x1002
[2023.01.05-12.24.43:884][  0]LogD3D11RHI: Chosen D3D11 Adapter:
[2023.01.05-12.24.43:884][  0]LogD3D11RHI:     Description : AMD Radeon HD 6570
[2023.01.05-12.24.43:884][  0]LogD3D11RHI:     VendorId    : 1002
[2023.01.05-12.24.43:884][  0]LogD3D11RHI:     DeviceId    : 6759
[2023.01.05-12.24.43:884][  0]LogD3D11RHI:     SubSysId    : 22061458
[2023.01.05-12.24.43:884][  0]LogD3D11RHI:     Revision    : 0000
[2023.01.05-12.24.43:884][  0]LogD3D11RHI:     DedicatedVideoMemory : 1057685504 bytes
[2023.01.05-12.24.43:884][  0]LogD3D11RHI:     DedicatedSystemMemory : 0 bytes
[2023.01.05-12.24.43:884][  0]LogD3D11RHI:     SharedSystemMemory : 4026531840 bytes
[2023.01.05-12.24.43:884][  0]LogD3D11RHI:     AdapterLuid : 0 30070
[2023.01.05-12.24.43:902][  0]LogD3D11RHI: Creating new Direct3DDevice
[2023.01.05-12.24.43:902][  0]LogD3D11RHI:     GPU DeviceId: 0x6759 (for the marketing name, search the web for "GPU Device Id")
[2023.01.05-12.24.43:902][  0]LogWindows: EnumDisplayDevices:
[2023.01.05-12.24.43:902][  0]LogWindows:    0. 'AMD Radeon HD 6570' (P:1 D:1)
[2023.01.05-12.24.43:903][  0]LogWindows:    1. 'AMD Radeon HD 6570' (P:0 D:0)
[2023.01.05-12.24.43:903][  0]LogWindows:    2. 'RDPDD Chained DD' (P:0 D:0)
[2023.01.05-12.24.43:904][  0]LogWindows:    3. 'RDP Encoder Mirror Driver' (P:0 D:0)
[2023.01.05-12.24.43:904][  0]LogWindows:    4. 'RDP Reflector Display Driver' (P:0 D:0)
[2023.01.05-12.24.43:904][  0]LogWindows: DebugString: GetVideoDriverDetailsInvalid PrimaryIsNotTheChoosenAdapter GetVideoDriverDetailsInvalid PrimaryIsNotTheChoosenAdapter GetVideoDriverDetailsInvalid PrimaryIsNotTheChoosenAdapter FoundDriverCount:2 
[2023.01.05-12.24.43:904][  0]LogD3D11RHI:     Adapter Name: AMD Radeon HD 6570
[2023.01.05-12.24.43:904][  0]LogD3D11RHI:   Driver Version: 15.200.1062.1004 (internal:15.200.1062.1004, unified:15.200.1062.1004)
[2023.01.05-12.24.43:904][  0]LogD3D11RHI:      Driver Date: 8-3-2015
[2023.01.05-12.24.43:904][  0]LogRHI: Texture pool is 706 MB (70% of 1008 MB)
[2023.01.05-12.24.43:940][  0]LogD3D11RHI: AMD Pre GCN architecture detected, some driver workarounds will be in place
[2023.01.05-12.24.43:940][  0]LogD3D11RHI: Creating D3DDevice with AMD AGS, using adapter:
[2023.01.05-12.24.43:940][  0]LogD3D11RHI:     Description : AMD Radeon HD 6570
[2023.01.05-12.24.43:940][  0]LogD3D11RHI:     VendorId    : 1002
[2023.01.05-12.24.43:940][  0]LogD3D11RHI:     DeviceId    : 6759
[2023.01.05-12.24.43:940][  0]LogD3D11RHI:     SubSysId    : 22061458
[2023.01.05-12.24.43:940][  0]LogD3D11RHI:     Revision    : 0000
[2023.01.05-12.24.43:940][  0]LogD3D11RHI:     DedicatedVideoMemory : 1057685504 bytes
[2023.01.05-12.24.43:940][  0]LogD3D11RHI:     DedicatedSystemMemory : 0 bytes
[2023.01.05-12.24.43:940][  0]LogD3D11RHI:     SharedSystemMemory : 4026531840 bytes
[2023.01.05-12.24.43:940][  0]LogD3D11RHI:     AdapterLuid : 0 30070
[2023.01.05-12.24.43:946][  0]LogD3D11RHI: Created device via AGS, feature level 11_0, supported extensions 1.
[2023.01.05-12.24.43:946][  0]LogD3D11RHI: RHI does not have support for 64 bit atomics
[2023.01.05-12.24.43:946][  0]LogD3D11RHI: Async texture creation enabled
[2023.01.05-12.24.44:301][  0]LogD3D11RHI: GPU Timing Frequency: 27.000000 (Debug: 2 1)
[2023.01.05-12.24.45:360][  0]LogTargetPlatformManager: Display: Loaded TargetPlatform 'AllDesktop'
[2023.01.05-12.24.45:398][  0]LogTargetPlatformManager: Display: Loaded TargetPlatform 'Android'
[2023.01.05-12.24.45:398][  0]LogTargetPlatformManager: Display: Loaded TargetPlatform 'Android_ASTC'
[2023.01.05-12.24.45:398][  0]LogTargetPlatformManager: Display: Loaded TargetPlatform 'Android_DXT'
[2023.01.05-12.24.45:398][  0]LogTargetPlatformManager: Display: Loaded TargetPlatform 'Android_ETC2'
[2023.01.05-12.24.45:398][  0]LogTargetPlatformManager: Display: Loaded TargetPlatform 'AndroidClient'
[2023.01.05-12.24.45:398][  0]LogTargetPlatformManager: Display: Loaded TargetPlatform 'Android_ASTCClient'
[2023.01.05-12.24.45:398][  0]LogTargetPlatformManager: Display: Loaded TargetPlatform 'Android_DXTClient'
[2023.01.05-12.24.45:398][  0]LogTargetPlatformManager: Display: Loaded TargetPlatform 'Android_ETC2Client'
[2023.01.05-12.24.45:398][  0]LogTargetPlatformManager: Display: Loaded TargetPlatform 'Android_Multi'
[2023.01.05-12.24.45:398][  0]LogTargetPlatformManager: Display: Loaded TargetPlatform 'Android_MultiClient'
[2023.01.05-12.24.45:476][  0]LogTargetPlatformManager: Display: Loaded TargetPlatform 'IOSClient'
[2023.01.05-12.24.45:476][  0]LogTargetPlatformManager: Display: Loaded TargetPlatform 'IOS'
[2023.01.05-12.24.45:618][  0]LogTargetPlatformManager: Display: Loaded TargetPlatform 'Linux'
[2023.01.05-12.24.45:642][  0]LogTargetPlatformManager: Display: Loaded TargetPlatform 'LinuxNoEditor'
[2023.01.05-12.24.45:659][  0]LogTargetPlatformManager: Display: Loaded TargetPlatform 'LinuxClient'
[2023.01.05-12.24.45:687][  0]LogTargetPlatformManager: Display: Loaded TargetPlatform 'LinuxServer'
[2023.01.05-12.24.45:731][  0]LogTargetPlatformManager: Display: Loaded TargetPlatform 'LinuxAArch64NoEditor'
[2023.01.05-12.24.45:739][  0]LogTargetPlatformManager: Display: Loaded TargetPlatform 'LinuxAArch64Client'
[2023.01.05-12.24.45:757][  0]LogTargetPlatformManager: Display: Loaded TargetPlatform 'LinuxAArch64Server'
[2023.01.05-12.24.45:797][  0]LogTargetPlatformManager: Display: Loaded TargetPlatform 'Lumin'
[2023.01.05-12.24.45:797][  0]LogTargetPlatformManager: Display: Loaded TargetPlatform 'LuminClient'
[2023.01.05-12.24.45:922][  0]LogTargetPlatformManager: Display: Loaded TargetPlatform 'MacNoEditor'
[2023.01.05-12.24.45:943][  0]LogTargetPlatformManager: Display: Loaded TargetPlatform 'Mac'
[2023.01.05-12.24.45:960][  0]LogTargetPlatformManager: Display: Loaded TargetPlatform 'MacClient'
[2023.01.05-12.24.45:982][  0]LogTargetPlatformManager: Display: Loaded TargetPlatform 'MacServer'
[2023.01.05-12.24.46:009][  0]LogTargetPlatformManager: Display: Loaded TargetPlatform 'TVOSClient'
[2023.01.05-12.24.46:009][  0]LogTargetPlatformManager: Display: Loaded TargetPlatform 'TVOS'
[2023.01.05-12.24.46:052][  0]LogTargetPlatformManager: Display: Loaded TargetPlatform 'WindowsNoEditor'
[2023.01.05-12.24.46:070][  0]LogTargetPlatformManager: Display: Loaded TargetPlatform 'Windows'
[2023.01.05-12.24.46:082][  0]LogTargetPlatformManager: Display: Loaded TargetPlatform 'WindowsClient'
[2023.01.05-12.24.46:173][  0]LogTargetPlatformManager: Display: Loaded TargetPlatform 'WindowsServer'
[2023.01.05-12.24.46:173][  0]LogTargetPlatformManager: Display: Building Assets For Windows
[2023.01.05-12.24.46:670][  0]LogAudioDebug: Display: Lib vorbis DLL was dynamically loaded.
[2023.01.05-12.24.47:142][  0]LogTextureFormatOodle: Display: Oodle Texture 2.9.0 init RDO Off
[2023.01.05-12.24.47:888][  0]LogRendererCore: Ray tracing is disabled. Reason: r.RayTracing=0.
[2023.01.05-12.24.47:917][  0]LogShaderCompilers: Guid format shader working directory is 21 characters bigger than the processId version (../../../../../Gid/Rogue/Intermediate/Shaders/WorkingDirectory/5668/).
[2023.01.05-12.24.47:918][  0]LogShaderCompilers: Cleaned the shader compiler working directory 'C:/Users/Иван/AppData/Local/Temp/UnrealShaderWorkingDir/7A3604C44B366748DEC6D0937C776395/'.
[2023.01.05-12.24.47:968][  0]LogXGEController: Cannot use XGE Controller as Incredibuild is not installed on this machine.
[2023.01.05-12.24.47:968][  0]LogShaderCompilers: Cannot use XGE Shader Compiler as Incredibuild is not installed on this machine.
[2023.01.05-12.24.47:968][  0]LogShaderCompilers: Display: Using Local Shader Compiler.
[2023.01.05-12.24.54:215][  0]LogDerivedDataCache: Display: Max Cache Size: 512 MB
[2023.01.05-12.24.54:215][  0]LogDerivedDataCache: Display: Starting with empty Boot cache
[2023.01.05-12.24.54:215][  0]LogDerivedDataCache: FDerivedDataBackendGraph:  Pak pak cache file ../../../../../Gid/Rogue/DerivedDataCache/DDC.ddp not found, will not use a pak cache.
[2023.01.05-12.24.54:216][  0]LogDerivedDataCache: Unable to find inner node Pak for hierarchical cache Hierarchy.
[2023.01.05-12.24.54:216][  0]LogDerivedDataCache: FDerivedDataBackendGraph:  CompressedPak pak cache file ../../../../../Gid/Rogue/DerivedDataCache/Compressed.ddp not found, will not use a pak cache.
[2023.01.05-12.24.54:216][  0]LogDerivedDataCache: Unable to find inner node CompressedPak for hierarchical cache Hierarchy.
[2023.01.05-12.24.54:295][  0]LogDerivedDataCache: Display: Pak cache opened for reading ../../../Engine/DerivedDataCache/Compressed.ddp.
[2023.01.05-12.24.54:295][  0]LogDerivedDataCache: FDerivedDataBackendGraph:  EnterprisePak pak cache file ../../../Enterprise/DerivedDataCache/Compressed.ddp not found, will not use a pak cache.
[2023.01.05-12.24.54:295][  0]LogDerivedDataCache: Unable to find inner node EnterprisePak for hierarchical cache Hierarchy.
[2023.01.05-12.24.54:355][  0]LogDerivedDataCache: Speed tests for C:/Users/Иван/AppData/Local/UnrealEngine/Common/DerivedDataCache took 0.06 seconds
[2023.01.05-12.24.54:355][  0]LogDerivedDataCache: Display: Performance to C:/Users/Иван/AppData/Local/UnrealEngine/Common/DerivedDataCache: Latency=0.01ms. RandomReadSpeed=1616.77MBs, RandomWriteSpeed=20.25MBs. Assigned SpeedClass 'Local'
[2023.01.05-12.24.54:356][  0]LogDerivedDataCache: Using Local data cache path C:/Users/Иван/AppData/Local/UnrealEngine/Common/DerivedDataCache: Writable
[2023.01.05-12.24.54:356][  0]LogDerivedDataCache: Shared data cache path not found in *engine.ini, will not use an Shared cache.
[2023.01.05-12.24.54:356][  0]LogDerivedDataCache: Unable to find inner node Shared for hierarchical cache Hierarchy.
[2023.01.05-12.24.54:958][  0]LogSlate: Using FreeType 2.10.0
[2023.01.05-12.24.55:045][  0]LogSlate: SlateFontServices - WITH_FREETYPE: 1, WITH_HARFBUZZ: 1
[2023.01.05-12.24.57:795][  0]LogAssetRegistry: FAssetRegistry took 0.0083 seconds to start up
[2023.01.05-12.25.05:832][  0]LogInit: Selected Device Profile: [Windows]
[2023.01.05-12.25.05:833][  0]LogInit: Active device profile: [0000000027981400][0000000024F4D900 49] Windows
[2023.01.05-12.25.05:833][  0]LogInit: Profiles: [0000000027981400][0000000024F4D900 49] Windows, [0000000027933300][0000000024C71A80 49] WindowsNoEditor, [0000000027982200][0000000024C75C00 49] WindowsServer, [0000000027932300][0000000024C78200 49] WindowsClient, [0000000027982F00][0000000024C6C340 49] IOS, [0000000027931600][00000000261C4480 49] iPadAir, [0000000027983C00][00000000261C85C0 49] iPadAir2, [00000000278E2600][00000000261D4840 49] IPadPro, [00000000278E2700][00000000261CC880 49] iPadAir3, [0000000027930300][00000000261D8A00 49] iPadAir4, [00000000278E3500][00000000261DCB80 49] iPadMini2, [0000000027933700][00000000261E0D00 49] iPadMini3, [00000000278E2400][00000000261E4E80 49] iPadMini4, [0000000027932600][00000000261E9000 49] iPadMini5, [0000000027929F00][00000000261F12C0 49] iPhone6, [000000002792A000][00000000261ED300 49] iPodTouch6, [0000000027982D00][00000000261F95C0 49] iPhone7, [0000000027981500][00000000261F5600 49] iPodTouch7, [00000000278E3200][00000000261FD780 49] iPhone5S, [0000000027982000][0000000026201900 49] iPhone6Plus, [00000000278E1200][0000000026205A80 49] iPhone6S, [0000000027982B00][0000000026209C00 49] iPhone6SPlus, [00000000278E0A00][000000002620C200 49] iPhone7Plus, [0000000027981100][0000000026210380 49] iPhoneSE, [00000000278E0800][0000000026214500 49] iPhone8, [0000000027982C00][00000000261D0640 49] iPhone8Plus, [00000000278E3100][0000000026218780 49] iPhoneX, [0000000027980F00][000000002621C8C0 49] iPhoneXS, [00000000278E2F00][0000000026224A40 49] iPhoneXSMax, [0000000027982900][0000000026228BC0 49] iPhoneXR, [0000000027928400][000000002622CD40 49] iPhone11, [00000000278E1300][0000000026230EC0 49] iPhone11Pro, [0000000027928C00][0000000026235040 49] iPhone11ProMax, [00000000278E1B00][00000000262391C0 49] iPhoneSE2, [0000000027929400][000000002623D340 49] iPhone12Mini, [00000000278E2300][00000000262414C0 49] iPhone12, [0000000027929A00][0000000026245640 49] iPhone12Pro, [00000000278E2100][00000000262497C0 49] iPhone12ProMax, [0000000027929D00][000000002624D940 49] iPadPro105, [00000000278E1C00][0000000026251AC0 49] iPadPro129, [000000002792BF00][00000000262540C0 49] iPadPro97, [00000000278E0400][0000000026258240 49] iPadPro2_129, [0000000027981D00][000000002625C3C0 49] iPad5, [0000000027929E00][0000000026260540 49] iPad6, [00000000278E1F00][00000000262646C0 49] iPad7, [0000000027928800][0000000026220800 49] iPad8, [00000000278E3C00][0000000026268940 49] iPadPro11, [0000000027928900][000000002626CA80 49] iPadPro2_11, [00000000278E1400][0000000026270BC0 49] iPadPro3_129, [000000002792B500][0000000026278D40 49] iPadPro4_129, [00000000278E0D00][000000002627CEC0 49] AppleTV, [0000000027929000][0000000026281040 49] AppleTV4K, [00000000278E0100][00000000262851C0 49] TVOS, [0000000027928D00][0000000026289340 49] Mac, [00000000278E3700][000000002628D4C0 49] MacClient, [000000002792A400][0000000026291640 49] MacNoEditor, [00000000278E1800][00000000262957C0 49] MacServer, [000000002792AD00][0000000026299940 49] Linux, [00000000278E2500][000000002629DAC0 49] LinuxAArch64, [0000000027928B00][00000000262A00C0 49] LinuxNoEditor, [00000000278E3400][00000000262A4240 49] LinuxAArch64NoEditor, [0000000027929800][00000000262A83C0 49] LinuxClient, [00000000278E0300][00000000262AC540 49] LinuxAArch64Client, [0000000027929200][00000000262B06C0 49] LinuxServer, [00000000278E3000][00000000262B4840 49] LinuxAArch64Server, [000000002792A600][0000000026274980 49] Android, [00000000278E1D00][00000000262B8AC0 49] Android_Low, [000000002792A900][00000000262BCC00 49] Android_Mid, [00000000278E1100][00000000262C0D40 49] Android_High, [0000000027928300][00000000262C8EC0 49] Android_Default, [00000000278E0500][00000000262CD040 49] Android_Adreno4xx, [0000000027929900][00000000262D11C0 49] Android_Adreno5xx_Low, [00000000278E2900][00000000262D5340 49] Android_Adreno5xx, [0000000027928A00][00000000262D94C0 49] Android_Adreno6xx, [00000000278E3A00][00000000262DD640 49] Android_Adreno6xx_Vulkan, [000000002792BB00][00000000262E17C0 49] Android_Mali_T6xx, [00000000278E1600][00000000262E5940 49] Android_Mali_T7xx, [0000000027929C00][00000000262E9AC0 49] Android_Mali_T8xx, [00000000278E1A00][00000000262EC0C0 49] Android_Mali_G71, [0000000027929100][00000000262F0240 49] Android_Mali_G72, [00000000278E0900][00000000262F43C0 49] Android_Mali_G72_Vulkan, [0000000027928F00][00000000262F8540 49] Android_Mali_G76, [00000000278E2C00][00000000262FC6C0 49] Android_Mali_G76_Vulkan, [0000000027929300][0000000026300840 49] Android_Mali_G77, [00000000278E1000][00000000263049C0 49] Android_Mali_G77_Vulkan, [000000002792AA00][0000000026308B40 49] Android_Mali_G78, [00000000278E0C00][00000000262C4C80 49] Android_Mali_G78_Vulkan, [000000002792A800][000000002630CDC0 49] Android_Mali_G710, [00000000278E0700][0000000026310F00 49] Android_Mali_G710_Vulkan, [0000000027932700][0000000026319080 49] Android_Vulkan_SM5, [0000000027980E00][000000002631D200 49] Android_PowerVR_G6xxx, [0000000027930B00][0000000026321380 49] Android_PowerVR_GT7xxx, [0000000027980400][0000000026325500 49] Android_PowerVR_GE8xxx, [0000000027933D00][0000000026329680 49] Android_PowerVR_GM9xxx, [0000000027983F00][000000002632D800 49] Android_PowerVR_GM9xxx_Vulkan, [0000000027930D00][0000000026331980 49] Android_TegraK1, [0000000027982A00][0000000026335B00 49] Android_Unknown_Vulkan, [0000000027931700][0000000026338100 49] Lumin, [0000000027983400][000000002633C280 49] Lumin_Desktop, [0000000027930400][0000000026340400 49] HoloLens, 
[2023.01.05-12.25.12:205][  0]LogMeshReduction: Using QuadricMeshReduction for automatic static mesh reduction
[2023.01.05-12.25.12:205][  0]LogMeshReduction: Using SimplygonMeshReduction for automatic skeletal mesh reduction
[2023.01.05-12.25.12:205][  0]LogMeshReduction: Using ProxyLODMeshReduction for automatic mesh merging
[2023.01.05-12.25.12:205][  0]LogMeshReduction: No distributed automatic mesh merging module available
[2023.01.05-12.25.12:235][  0]LogMeshMerging: No distributed automatic mesh merging module available
[2023.01.05-12.25.13:747][  0]LogNetVersion: Rogue 1.0.0, NetCL: 17155196, EngineNetVer: 17, GameNetVer: 0 (Checksum: 1113035870)
