Log file open, 04/02/23 19:49:15
LogWindows: Failed to load 'aqProf.dll' (GetLastError=126)
LogWindows: File 'aqProf.dll' does not exist
LogWindows: Failed to load 'VtuneApi.dll' (GetLastError=126)
LogWindows: File 'VtuneApi.dll' does not exist
LogWindows: Failed to load 'VtuneApi32e.dll' (GetLastError=126)
LogWindows: File 'VtuneApi32e.dll' does not exist
LogConsoleResponse: Display: Failed to find resolution value strings in scalability ini. Falling back to default.
LogConsoleResponse: Display: Failed to find resolution value strings in scalability ini. Falling back to default.
LogInit: Display: Running engine for game: Rogue
LogPlatformFile: Not using cached read wrapper
LogTaskGraph: Started task graph with 5 named threads and 35 total threads with 3 sets of task threads.
LogStats: Stats thread started at 0.172473
LogICUInternationalization: ICU TimeZone Detection - Raw Offset: +3:00, Platform Override: ''
LogInit: Display: Loading text-based GConfig....
LogPluginManager: Mounting plugin MeshPainting
LogPluginManager: Mounting plugin XGEController
LogPluginManager: Mounting plugin Paper2D
LogPluginManager: Mounting plugin LiveLink
LogPluginManager: Mounting plugin AISupport
LogPluginManager: Mounting plugin EnvironmentQueryEditor
LogPluginManager: Mounting plugin LightPropagationVolume
LogPluginManager: Mounting plugin CameraShakePreviewer
LogPluginManager: Mounting plugin GameplayCameras
LogPluginManager: Mounting plugin OodleData
LogPluginManager: Mounting plugin OodleNetwork
LogPluginManager: Mounting plugin CLionSourceCodeAccess
LogPluginManager: Mounting plugin CodeLiteSourceCodeAccess
LogPluginManager: Mounting plugin AnimationSharing
LogPluginManager: Mounting plugin GitSourceControl
LogPluginManager: Mounting plugin KDevelopSourceCodeAccess
LogPluginManager: Mounting plugin NullSourceCodeAccess
LogPluginManager: Mounting plugin PerforceSourceControl
LogPluginManager: Mounting plugin PixWinPlugin
LogPluginManager: Mounting plugin PluginUtils
LogPluginManager: Mounting plugin PlasticSourceControl
LogPluginManager: Mounting plugin PropertyAccessNode
LogPluginManager: Mounting plugin RiderSourceCodeAccess
LogPluginManager: Mounting plugin SubversionSourceControl
LogPluginManager: Mounting plugin TextureFormatOodle
LogPluginManager: Mounting plugin UObjectPlugin
LogPluginManager: Mounting plugin VisualStudioCodeSourceCodeAccess
LogPluginManager: Mounting plugin VisualStudioSourceCodeAccess
LogPluginManager: Mounting plugin XCodeSourceCodeAccess
LogPluginManager: Mounting plugin AssetManagerEditor
LogPluginManager: Mounting plugin CryptoKeys
LogPluginManager: Mounting plugin CurveEditorTools
LogPluginManager: Mounting plugin DataValidation
LogPluginManager: Mounting plugin GeometryMode
LogPluginManager: Mounting plugin GameplayTagsEditor
LogPluginManager: Mounting plugin FacialAnimation
LogPluginManager: Mounting plugin MacGraphicsSwitching
LogPluginManager: Mounting plugin MaterialAnalyzer
LogPluginManager: Mounting plugin MobileLauncherProfileWizard
LogPluginManager: Mounting plugin PluginBrowser
LogPluginManager: Mounting plugin SpeedTreeImporter
LogPluginManager: Mounting plugin DatasmithContent
LogPluginManager: Mounting plugin VariantManagerContent
LogPluginManager: Mounting plugin AlembicImporter
LogPluginManager: Mounting plugin AutomationUtils
LogPluginManager: Mounting plugin BackChannel
LogPluginManager: Mounting plugin ChaosCloth
LogPluginManager: Mounting plugin ChaosClothEditor
LogPluginManager: Mounting plugin ChaosEditor
LogPluginManager: Mounting plugin ChaosNiagara
LogPluginManager: Mounting plugin ChaosSolverPlugin
LogPluginManager: Mounting plugin CharacterAI
LogPluginManager: Mounting plugin GeometryCache
LogPluginManager: Mounting plugin GeometryCollectionPlugin
LogPluginManager: Mounting plugin Niagara
LogPluginManager: Mounting plugin GeometryProcessing
LogPluginManager: Mounting plugin MotoSynth
LogPluginManager: Mounting plugin OpenImageDenoise
LogPluginManager: Mounting plugin PlanarCut
LogPluginManager: Mounting plugin PlatformCrypto
LogPluginManager: Mounting plugin ProxyLODPlugin
LogPluginManager: Mounting plugin PythonScriptPlugin
LogPluginManager: Mounting plugin SkeletalReduction
LogPluginManager: Mounting plugin LuminPlatformFeatures
LogPluginManager: Mounting plugin MagicLeap
LogPluginManager: Mounting plugin MagicLeapLightEstimation
LogPluginManager: Mounting plugin MagicLeapMedia
LogPluginManager: Mounting plugin MagicLeapPassableWorld
LogPluginManager: Mounting plugin MLSDK
LogPluginManager: Mounting plugin AndroidMedia
LogPluginManager: Mounting plugin AvfMedia
LogPluginManager: Mounting plugin ImgMedia
LogPluginManager: Mounting plugin MediaCompositing
LogPluginManager: Mounting plugin MediaPlayerEditor
LogPluginManager: Mounting plugin WebMMedia
LogPluginManager: Mounting plugin WmfMedia
LogPluginManager: Mounting plugin TcpMessaging
LogPluginManager: Mounting plugin UdpMessaging
LogPluginManager: Mounting plugin ActorSequence
LogPluginManager: Mounting plugin LevelSequenceEditor
LogPluginManager: Mounting plugin MatineeToLevelSequence
LogPluginManager: Mounting plugin TemplateSequence
LogPluginManager: Mounting plugin OnlineSubsystem
LogPluginManager: Mounting plugin OnlineSubsystemNull
LogPluginManager: Mounting plugin OnlineSubsystemUtils
LogPluginManager: Mounting plugin LauncherChunkInstaller
LogPluginManager: Mounting plugin AndroidDeviceProfileSelector
LogPluginManager: Mounting plugin ActorLayerUtilities
LogPluginManager: Mounting plugin AndroidMoviePlayer
LogPluginManager: Mounting plugin AndroidPermission
LogPluginManager: Mounting plugin ApexDestruction
LogPluginManager: Mounting plugin AppleImageUtils
LogPluginManager: Mounting plugin AppleMoviePlayer
LogPluginManager: Mounting plugin ArchVisCharacter
LogPluginManager: Mounting plugin AssetTags
LogPluginManager: Mounting plugin AudioCapture
LogPluginManager: Mounting plugin AudioSynesthesia
LogPluginManager: Mounting plugin CableComponent
LogPluginManager: Mounting plugin ChunkDownloader
LogPluginManager: Mounting plugin CustomMeshComponent
LogPluginManager: Mounting plugin ExampleDeviceProfileSelector
LogPluginManager: Mounting plugin EditableMesh
LogPluginManager: Mounting plugin GoogleCloudMessaging
LogPluginManager: Mounting plugin GooglePAD
LogPluginManager: Mounting plugin IOSDeviceProfileSelector
LogPluginManager: Mounting plugin LinuxDeviceProfileSelector
LogPluginManager: Mounting plugin LocationServicesBPLibrary
LogPluginManager: Mounting plugin MobilePatchingUtils
LogPluginManager: Mounting plugin OpenXR
LogPluginManager: Mounting plugin OpenXREyeTracker
LogPluginManager: Mounting plugin OpenXRHandTracking
LogPluginManager: Mounting plugin PhysXVehicles
LogPluginManager: Mounting plugin PostSplashScreen
LogPluginManager: Mounting plugin PropertyAccessEditor
LogPluginManager: Mounting plugin ProceduralMeshComponent
LogPluginManager: Mounting plugin SignificanceManager
LogPluginManager: Mounting plugin RuntimePhysXCooking
LogPluginManager: Mounting plugin SoundFields
LogPluginManager: Mounting plugin Synthesis
LogPluginManager: Mounting plugin WebMMoviePlayer
LogPluginManager: Mounting plugin WindowsMoviePlayer
LogPluginManager: Mounting plugin ScreenshotTools
LogPluginManager: Mounting plugin Takes
LogPluginManager: Mounting plugin ContentBrowserAssetDataSource
LogPluginManager: Mounting plugin ContentBrowserClassDataSource
LogPluginManager: Mounting plugin ContentBrowserFileDataSource
LogPluginManager: Mounting plugin OnlineSubsystemGooglePlay
LogPluginManager: Mounting plugin OnlineSubsystemIOS
LogPluginManager: Mounting plugin OculusVR
LogPluginManager: Mounting plugin SteamVR
PixWinPlugin: PIX capture plugin failed to initialize! Check that the process is launched from PIX.
LogInit: Using libcurl 7.55.1-DEV
LogInit:  - built for x86_64-pc-win32
LogInit:  - supports SSL with OpenSSL/1.1.1
LogInit:  - supports HTTP deflate (compression) using libz 1.2.8
LogInit:  - other features:
LogInit:      CURL_VERSION_SSL
LogInit:      CURL_VERSION_LIBZ
LogInit:      CURL_VERSION_IPV6
LogInit:      CURL_VERSION_ASYNCHDNS
LogInit:      CURL_VERSION_LARGEFILE
LogInit:      CURL_VERSION_IDN
LogInit:  CurlRequestOptions (configurable via config and command line):
LogInit:  - bVerifyPeer = true  - Libcurl will verify peer certificate
LogInit:  - bUseHttpProxy = false  - Libcurl will NOT use HTTP proxy
LogInit:  - bDontReuseConnections = false  - Libcurl will reuse connections
LogInit:  - MaxHostConnections = 16  - Libcurl will limit the number of connections to a host
LogInit:  - LocalHostAddr = Default
LogInit:  - BufferSize = 65536
LogOnline: OSS: Creating online subsystem instance for: NULL
LogInit: WinSock: version 1.1 (2.2), MaxSocks=32767, MaxUdp=65467
LogOnline: OSS: TryLoadSubsystemAndSetDefault: Loaded subsystem for module [NULL]
LogOculusPluginWrapper: OculusPlugin initialized successfully
LogHMD: Failed initializing OVRPlugin 1.59.0
LogInit: Build: ++UE4+Release-4.27-CL-18319896
LogInit: Engine Version: 4.27.2-18319896+++UE4+Release-4.27
LogInit: Compatible Engine Version: 4.27.0-17155196+++UE4+Release-4.27
LogInit: Net CL: 17155196
LogInit: OS: Windows 10 (Release 2009) (), CPU: AMD Ryzen 5 5600X 6-Core Processor             , GPU: NVIDIA GeForce GTX 1660 SUPER
LogInit: Compiled (64-bit): Nov 30 2021 07:12:08
LogInit: Compiled with Visual C++: 19.24.28315.00
LogInit: Build Configuration: Development
LogInit: Branch Name: ++UE4+Release-4.27
LogInit: Command Line: 
LogInit: Base Directory: C:/Program Files/Epic Games/UE_4.27/Engine/Binaries/Win64/
LogInit: Allocator: TBB
LogInit: Installed Engine Build: 1
LogDevObjectVersion: Number of dev versions registered: 29
LogDevObjectVersion:   Dev-Blueprints (B0D832E4-1F89-4F0D-ACCF-7EB736FD4AA2): 10
LogDevObjectVersion:   Dev-Build (E1C64328-A22C-4D53-A36C-8E866417BD8C): 0
LogDevObjectVersion:   Dev-Core (375EC13C-06E4-48FB-B500-84F0262A717E): 4
LogDevObjectVersion:   Dev-Editor (E4B068ED-F494-42E9-A231-DA0B2E46BB41): 40
LogDevObjectVersion:   Dev-Framework (CFFC743F-43B0-4480-9391-14DF171D2073): 37
LogDevObjectVersion:   Dev-Mobile (B02B49B5-BB20-44E9-A304-32B752E40360): 3
LogDevObjectVersion:   Dev-Networking (A4E4105C-59A1-49B5-A7C5-40C4547EDFEE): 0
LogDevObjectVersion:   Dev-Online (39C831C9-5AE6-47DC-9A44-9C173E1C8E7C): 0
LogDevObjectVersion:   Dev-Physics (78F01B33-EBEA-4F98-B9B4-84EACCB95AA2): 14
LogDevObjectVersion:   Dev-Platform (6631380F-2D4D-43E0-8009-CF276956A95A): 0
LogDevObjectVersion:   Dev-Rendering (12F88B9F-8875-4AFC-A67C-D90C383ABD29): 45
LogDevObjectVersion:   Dev-Sequencer (7B5AE74C-D270-4C10-A958-57980B212A5A): 13
LogDevObjectVersion:   Dev-VR (D7296918-1DD6-4BDD-9DE2-64A83CC13884): 3
LogDevObjectVersion:   Dev-LoadTimes (C2A15278-BFE7-4AFE-6C17-90FF531DF755): 1
LogDevObjectVersion:   Private-Geometry (6EACA3D4-40EC-4CC1-B786-8BED09428FC5): 3
LogDevObjectVersion:   Dev-AnimPhys (29E575DD-E0A3-4627-9D10-D276232CDCEA): 17
LogDevObjectVersion:   Dev-Anim (AF43A65D-7FD3-4947-9873-3E8ED9C1BB05): 15
LogDevObjectVersion:   Dev-ReflectionCapture (6B266CEC-1EC7-4B8F-A30B-E4D90942FC07): 1
LogDevObjectVersion:   Dev-Automation (0DF73D61-A23F-47EA-B727-89E90C41499A): 1
LogDevObjectVersion:   FortniteMain (601D1886-AC64-4F84-AA16-D3DE0DEAC7D6): 47
LogDevObjectVersion:   FortniteRelease (E7086368-6B23-4C58-8439-1B7016265E91): 1
LogDevObjectVersion:   Dev-Enterprise (9DFFBCD6-494F-0158-E221-12823C92A888): 10
LogDevObjectVersion:   Dev-Niagara (F2AED0AC-9AFE-416F-8664-AA7FFA26D6FC): 1
LogDevObjectVersion:   Dev-Destruction (174F1F0B-B4C6-45A5-B13F-2EE8D0FB917D): 10
LogDevObjectVersion:   Dev-Physics-Ext (35F94A83-E258-406C-A318-09F59610247C): 41
LogDevObjectVersion:   Dev-PhysicsMaterial-Chaos (B68FC16E-8B1B-42E2-B453-215C058844FE): 1
LogDevObjectVersion:   Dev-CineCamera (B2E18506-4273-CFC2-A54E-F4BB758BBA07): 1
LogDevObjectVersion:   Dev-VirtualProduction (64F58936-FD1B-42BA-BA96-7289D5D0FA4E): 1
LogDevObjectVersion:   Dev-MediaFramework (6F0ED827-A609-4895-9C91-998D90180EA4): 2
LogInit: Presizing for max 25165824 objects, including 0 objects not considered by GC, pre-allocating 0 bytes for permanent pool.
LogConfig: Applying CVar settings from Section [/Script/Engine.StreamingSettings] File [C:/Users/pizh0/Documents/GitHub/Rogue2/Saved/Config/Windows/Engine.ini]
LogConfig: Setting CVar [[s.MinBulkDataSizeForAsyncLoading:131072]]
LogConfig: Setting CVar [[s.AsyncLoadingThreadEnabled:0]]
LogConfig: Setting CVar [[s.EventDrivenLoaderEnabled:1]]
LogConfig: Setting CVar [[s.WarnIfTimeLimitExceeded:0]]
LogConfig: Setting CVar [[s.TimeLimitExceededMultiplier:1.5]]
LogConfig: Setting CVar [[s.TimeLimitExceededMinTime:0.005]]
LogConfig: Setting CVar [[s.UseBackgroundLevelStreaming:1]]
LogConfig: Setting CVar [[s.PriorityAsyncLoadingExtraTime:15.0]]
LogConfig: Setting CVar [[s.LevelStreamingActorsUpdateTimeLimit:5.0]]
LogConfig: Setting CVar [[s.PriorityLevelStreamingActorsUpdateExtraTime:5.0]]
LogConfig: Setting CVar [[s.LevelStreamingComponentsRegistrationGranularity:10]]
LogConfig: Setting CVar [[s.UnregisterComponentsTimeLimit:1.0]]
LogConfig: Setting CVar [[s.LevelStreamingComponentsUnregistrationGranularity:5]]
LogConfig: Setting CVar [[s.FlushStreamingOnExit:1]]
LogInit: Object subsystem initialized
LogConfig: Setting CVar [[con.DebugEarlyDefault:1]]
LogConfig: Setting CVar [[r.setres:1280x720]]
[2023.04.02-16.49.15:651][  0]LogConfig: Setting CVar [[r.VSync:0]]
[2023.04.02-16.49.15:651][  0]LogConfig: Setting CVar [[r.RHICmdBypass:0]]
[2023.04.02-16.49.15:651][  0]LogConfig: Applying CVar settings from Section [/Script/Engine.RendererSettings] File [C:/Users/pizh0/Documents/GitHub/Rogue2/Saved/Config/Windows/Engine.ini]
[2023.04.02-16.49.15:651][  0]LogConfig: Setting CVar [[r.GPUCrashDebugging:0]]
[2023.04.02-16.49.15:651][  0]LogConfig: Setting CVar [[r.CustomDepth:3]]
[2023.04.02-16.49.15:651][  0]LogConfig: Applying CVar settings from Section [/Script/Engine.RendererOverrideSettings] File [C:/Users/pizh0/Documents/GitHub/Rogue2/Saved/Config/Windows/Engine.ini]
[2023.04.02-16.49.15:651][  0]LogConfig: Applying CVar settings from Section [/Script/Engine.StreamingSettings] File [C:/Users/pizh0/Documents/GitHub/Rogue2/Saved/Config/Windows/Engine.ini]
[2023.04.02-16.49.15:651][  0]LogConfig: Setting CVar [[s.MinBulkDataSizeForAsyncLoading:131072]]
[2023.04.02-16.49.15:651][  0]LogConfig: Setting CVar [[s.AsyncLoadingThreadEnabled:0]]
[2023.04.02-16.49.15:651][  0]LogConfig: Setting CVar [[s.EventDrivenLoaderEnabled:1]]
[2023.04.02-16.49.15:651][  0]LogConfig: Setting CVar [[s.WarnIfTimeLimitExceeded:0]]
[2023.04.02-16.49.15:651][  0]LogConfig: Setting CVar [[s.TimeLimitExceededMultiplier:1.5]]
[2023.04.02-16.49.15:651][  0]LogConfig: Setting CVar [[s.TimeLimitExceededMinTime:0.005]]
[2023.04.02-16.49.15:651][  0]LogConfig: Setting CVar [[s.UseBackgroundLevelStreaming:1]]
[2023.04.02-16.49.15:651][  0]LogConfig: Setting CVar [[s.PriorityAsyncLoadingExtraTime:15.0]]
[2023.04.02-16.49.15:651][  0]LogConfig: Setting CVar [[s.LevelStreamingActorsUpdateTimeLimit:5.0]]
[2023.04.02-16.49.15:651][  0]LogConfig: Setting CVar [[s.PriorityLevelStreamingActorsUpdateExtraTime:5.0]]
[2023.04.02-16.49.15:651][  0]LogConfig: Setting CVar [[s.LevelStreamingComponentsRegistrationGranularity:10]]
[2023.04.02-16.49.15:651][  0]LogConfig: Setting CVar [[s.UnregisterComponentsTimeLimit:1.0]]
[2023.04.02-16.49.15:651][  0]LogConfig: Setting CVar [[s.LevelStreamingComponentsUnregistrationGranularity:5]]
[2023.04.02-16.49.15:651][  0]LogConfig: Setting CVar [[s.FlushStreamingOnExit:1]]
[2023.04.02-16.49.15:651][  0]LogConfig: Applying CVar settings from Section [/Script/Engine.GarbageCollectionSettings] File [C:/Users/pizh0/Documents/GitHub/Rogue2/Saved/Config/Windows/Engine.ini]
[2023.04.02-16.49.15:651][  0]LogConfig: Setting CVar [[gc.MaxObjectsNotConsideredByGC:1]]
[2023.04.02-16.49.15:651][  0]LogConfig: Setting CVar [[gc.SizeOfPermanentObjectPool:0]]
[2023.04.02-16.49.15:651][  0]LogConfig: Setting CVar [[gc.FlushStreamingOnGC:0]]
[2023.04.02-16.49.15:651][  0]LogConfig: Setting CVar [[gc.NumRetriesBeforeForcingGC:10]]
[2023.04.02-16.49.15:651][  0]LogConfig: Setting CVar [[gc.AllowParallelGC:1]]
[2023.04.02-16.49.15:651][  0]LogConfig: Setting CVar [[gc.TimeBetweenPurgingPendingKillObjects:61.1]]
[2023.04.02-16.49.15:651][  0]LogConfig: Setting CVar [[gc.MaxObjectsInEditor:25165824]]
[2023.04.02-16.49.15:651][  0]LogConfig: Setting CVar [[gc.IncrementalBeginDestroyEnabled:1]]
[2023.04.02-16.49.15:651][  0]LogConfig: Setting CVar [[gc.CreateGCClusters:1]]
[2023.04.02-16.49.15:651][  0]LogConfig: Setting CVar [[gc.MinGCClusterSize:5]]
[2023.04.02-16.49.15:651][  0]LogConfig: Setting CVar [[gc.ActorClusteringEnabled:0]]
[2023.04.02-16.49.15:651][  0]LogConfig: Setting CVar [[gc.BlueprintClusteringEnabled:0]]
[2023.04.02-16.49.15:651][  0]LogConfig: Setting CVar [[gc.UseDisregardForGCOnDedicatedServers:0]]
[2023.04.02-16.49.15:651][  0]LogConfig: Setting CVar [[gc.MultithreadedDestructionEnabled:1]]
[2023.04.02-16.49.15:651][  0]LogConfig: Applying CVar settings from Section [/Script/Engine.NetworkSettings] File [C:/Users/pizh0/Documents/GitHub/Rogue2/Saved/Config/Windows/Engine.ini]
[2023.04.02-16.49.15:651][  0]LogConfig: Applying CVar settings from Section [/Script/UnrealEd.CookerSettings] File [C:/Users/pizh0/Documents/GitHub/Rogue2/Saved/Config/Windows/Engine.ini]
[2023.04.02-16.49.15:663][  0]LogConfig: Applying CVar settings from Section [ViewDistanceQuality@3] File [C:/Users/pizh0/Documents/GitHub/Rogue2/Saved/Config/Windows/Scalability.ini]
[2023.04.02-16.49.15:663][  0]LogConfig: Setting CVar [[r.SkeletalMeshLODBias:0]]
[2023.04.02-16.49.15:663][  0]LogConfig: Setting CVar [[r.ViewDistanceScale:1.0]]
[2023.04.02-16.49.15:663][  0]LogConfig: Applying CVar settings from Section [AntiAliasingQuality@3] File [C:/Users/pizh0/Documents/GitHub/Rogue2/Saved/Config/Windows/Scalability.ini]
[2023.04.02-16.49.15:663][  0]LogConfig: Setting CVar [[r.PostProcessAAQuality:4]]
[2023.04.02-16.49.15:663][  0]LogConfig: Applying CVar settings from Section [ShadowQuality@3] File [C:/Users/pizh0/Documents/GitHub/Rogue2/Saved/Config/Windows/Scalability.ini]
[2023.04.02-16.49.15:663][  0]LogConfig: Setting CVar [[r.LightFunctionQuality:1]]
[2023.04.02-16.49.15:663][  0]LogConfig: Setting CVar [[r.ShadowQuality:5]]
[2023.04.02-16.49.15:663][  0]LogConfig: Setting CVar [[r.Shadow.CSM.MaxCascades:10]]
[2023.04.02-16.49.15:663][  0]LogConfig: Setting CVar [[r.Shadow.MaxResolution:2048]]
[2023.04.02-16.49.15:663][  0]LogConfig: Setting CVar [[r.Shadow.MaxCSMResolution:2048]]
[2023.04.02-16.49.15:663][  0]LogConfig: Setting CVar [[r.Shadow.RadiusThreshold:0.01]]
[2023.04.02-16.49.15:663][  0]LogConfig: Setting CVar [[r.Shadow.DistanceScale:1.0]]
[2023.04.02-16.49.15:663][  0]LogConfig: Setting CVar [[r.Shadow.CSM.TransitionScale:1.0]]
[2023.04.02-16.49.15:663][  0]LogConfig: Setting CVar [[r.Shadow.PreShadowResolutionFactor:1.0]]
[2023.04.02-16.49.15:663][  0]LogConfig: Setting CVar [[r.DistanceFieldShadowing:1]]
[2023.04.02-16.49.15:663][  0]LogConfig: Setting CVar [[r.DistanceFieldAO:1]]
[2023.04.02-16.49.15:663][  0]LogConfig: Setting CVar [[r.AOQuality:2]]
[2023.04.02-16.49.15:663][  0]LogConfig: Setting CVar [[r.VolumetricFog:1]]
[2023.04.02-16.49.15:663][  0]LogConfig: Setting CVar [[r.VolumetricFog.GridPixelSize:8]]
[2023.04.02-16.49.15:663][  0]LogConfig: Setting CVar [[r.VolumetricFog.GridSizeZ:128]]
[2023.04.02-16.49.15:663][  0]LogConfig: Setting CVar [[r.VolumetricFog.HistoryMissSupersampleCount:4]]
[2023.04.02-16.49.15:663][  0]LogConfig: Setting CVar [[r.LightMaxDrawDistanceScale:1]]
[2023.04.02-16.49.15:663][  0]LogConfig: Setting CVar [[r.CapsuleShadows:1]]
[2023.04.02-16.49.15:663][  0]LogConfig: Applying CVar settings from Section [PostProcessQuality@3] File [C:/Users/pizh0/Documents/GitHub/Rogue2/Saved/Config/Windows/Scalability.ini]
[2023.04.02-16.49.15:663][  0]LogConfig: Setting CVar [[r.MotionBlurQuality:4]]
[2023.04.02-16.49.15:663][  0]LogConfig: Setting CVar [[r.AmbientOcclusionMipLevelFactor:0.4]]
[2023.04.02-16.49.15:663][  0]LogConfig: Setting CVar [[r.AmbientOcclusionMaxQuality:100]]
[2023.04.02-16.49.15:663][  0]LogConfig: Setting CVar [[r.AmbientOcclusionLevels:-1]]
[2023.04.02-16.49.15:663][  0]LogConfig: Setting CVar [[r.AmbientOcclusionRadiusScale:1.0]]
[2023.04.02-16.49.15:663][  0]LogConfig: Setting CVar [[r.DepthOfFieldQuality:2]]
[2023.04.02-16.49.15:663][  0]LogConfig: Setting CVar [[r.RenderTargetPoolMin:400]]
[2023.04.02-16.49.15:663][  0]LogConfig: Setting CVar [[r.LensFlareQuality:2]]
[2023.04.02-16.49.15:663][  0]LogConfig: Setting CVar [[r.SceneColorFringeQuality:1]]
[2023.04.02-16.49.15:663][  0]LogConfig: Setting CVar [[r.EyeAdaptationQuality:2]]
[2023.04.02-16.49.15:663][  0]LogConfig: Setting CVar [[r.BloomQuality:5]]
[2023.04.02-16.49.15:663][  0]LogConfig: Setting CVar [[r.FastBlurThreshold:100]]
[2023.04.02-16.49.15:663][  0]LogConfig: Setting CVar [[r.Upscale.Quality:3]]
[2023.04.02-16.49.15:664][  0]LogConfig: Setting CVar [[r.Tonemapper.GrainQuantization:1]]
[2023.04.02-16.49.15:664][  0]LogConfig: Setting CVar [[r.LightShaftQuality:1]]
[2023.04.02-16.49.15:664][  0]LogConfig: Setting CVar [[r.Filter.SizeScale:1]]
[2023.04.02-16.49.15:664][  0]LogConfig: Setting CVar [[r.Tonemapper.Quality:5]]
[2023.04.02-16.49.15:664][  0]LogConfig: Setting CVar [[r.DOF.Gather.AccumulatorQuality:1        ; higher gathering accumulator quality]]
[2023.04.02-16.49.15:664][  0]LogConfig: Setting CVar [[r.DOF.Gather.PostfilterMethod:1          ; Median3x3 postfilering method]]
[2023.04.02-16.49.15:664][  0]LogConfig: Setting CVar [[r.DOF.Gather.EnableBokehSettings:0       ; no bokeh simulation when gathering]]
[2023.04.02-16.49.15:664][  0]LogConfig: Setting CVar [[r.DOF.Gather.RingCount:4                 ; medium number of samples when gathering]]
[2023.04.02-16.49.15:664][  0]LogConfig: Setting CVar [[r.DOF.Scatter.ForegroundCompositing:1    ; additive foreground scattering]]
[2023.04.02-16.49.15:664][  0]LogConfig: Setting CVar [[r.DOF.Scatter.BackgroundCompositing:2    ; additive background scattering]]
[2023.04.02-16.49.15:664][  0]LogConfig: Setting CVar [[r.DOF.Scatter.EnableBokehSettings:1      ; bokeh simulation when scattering]]
[2023.04.02-16.49.15:664][  0]LogConfig: Setting CVar [[r.DOF.Scatter.MaxSpriteRatio:0.1         ; only a maximum of 10% of scattered bokeh]]
[2023.04.02-16.49.15:664][  0]LogConfig: Setting CVar [[r.DOF.Recombine.Quality:1                ; cheap slight out of focus]]
[2023.04.02-16.49.15:664][  0]LogConfig: Setting CVar [[r.DOF.Recombine.EnableBokehSettings:0    ; no bokeh simulation on slight out of focus]]
[2023.04.02-16.49.15:664][  0]LogConfig: Setting CVar [[r.DOF.TemporalAAQuality:1                ; more stable temporal accumulation]]
[2023.04.02-16.49.15:664][  0]LogConfig: Setting CVar [[r.DOF.Kernel.MaxForegroundRadius:0.025]]
[2023.04.02-16.49.15:664][  0]LogConfig: Setting CVar [[r.DOF.Kernel.MaxBackgroundRadius:0.025]]
[2023.04.02-16.49.15:664][  0]LogConfig: Applying CVar settings from Section [TextureQuality@3] File [C:/Users/pizh0/Documents/GitHub/Rogue2/Saved/Config/Windows/Scalability.ini]
[2023.04.02-16.49.15:664][  0]LogConfig: Setting CVar [[r.Streaming.MipBias:0]]
[2023.04.02-16.49.15:664][  0]LogConfig: Setting CVar [[r.Streaming.AmortizeCPUToGPUCopy:0]]
[2023.04.02-16.49.15:664][  0]LogConfig: Setting CVar [[r.Streaming.MaxNumTexturesToStreamPerFrame:0]]
[2023.04.02-16.49.15:664][  0]LogConfig: Setting CVar [[r.Streaming.Boost:1]]
[2023.04.02-16.49.15:664][  0]LogConfig: Setting CVar [[r.MaxAnisotropy:8]]
[2023.04.02-16.49.15:664][  0]LogConfig: Setting CVar [[r.VT.MaxAnisotropy:8]]
[2023.04.02-16.49.15:664][  0]LogConfig: Setting CVar [[r.Streaming.LimitPoolSizeToVRAM:0]]
[2023.04.02-16.49.15:664][  0]LogConfig: Setting CVar [[r.Streaming.PoolSize:1000]]
[2023.04.02-16.49.15:664][  0]LogConfig: Setting CVar [[r.Streaming.MaxEffectiveScreenSize:0]]
[2023.04.02-16.49.15:664][  0]LogConfig: Applying CVar settings from Section [EffectsQuality@3] File [C:/Users/pizh0/Documents/GitHub/Rogue2/Saved/Config/Windows/Scalability.ini]
[2023.04.02-16.49.15:664][  0]LogConfig: Setting CVar [[r.TranslucencyLightingVolumeDim:64]]
[2023.04.02-16.49.15:664][  0]LogConfig: Setting CVar [[r.RefractionQuality:2]]
[2023.04.02-16.49.15:664][  0]LogConfig: Setting CVar [[r.SSR.Quality:3]]
[2023.04.02-16.49.15:664][  0]LogConfig: Setting CVar [[r.SSR.HalfResSceneColor:0]]
[2023.04.02-16.49.15:664][  0]LogConfig: Setting CVar [[r.SceneColorFormat:4]]
[2023.04.02-16.49.15:664][  0]LogConfig: Setting CVar [[r.DetailMode:2]]
[2023.04.02-16.49.15:664][  0]LogConfig: Setting CVar [[r.TranslucencyVolumeBlur:1]]
[2023.04.02-16.49.15:664][  0]LogConfig: Setting CVar [[r.MaterialQualityLevel:1 ; High quality]]
[2023.04.02-16.49.15:664][  0]LogConfig: Setting CVar [[r.AnisotropicMaterials:1]]
[2023.04.02-16.49.15:664][  0]LogConfig: Setting CVar [[r.SSS.Scale:1]]
[2023.04.02-16.49.15:664][  0]LogConfig: Setting CVar [[r.SSS.SampleSet:2]]
[2023.04.02-16.49.15:664][  0]LogConfig: Setting CVar [[r.SSS.Quality:1]]
[2023.04.02-16.49.15:664][  0]LogConfig: Setting CVar [[r.SSS.HalfRes:0]]
[2023.04.02-16.49.15:664][  0]LogConfig: Setting CVar [[r.SSGI.Quality:3]]
[2023.04.02-16.49.15:664][  0]LogConfig: Setting CVar [[r.EmitterSpawnRateScale:1.0]]
[2023.04.02-16.49.15:664][  0]LogConfig: Setting CVar [[r.ParticleLightQuality:2]]
[2023.04.02-16.49.15:664][  0]LogConfig: Setting CVar [[r.SkyAtmosphere.AerialPerspectiveLUT.FastApplyOnOpaque:1 ; Always have FastSkyLUT 1 in this case to avoid wrong sky]]
[2023.04.02-16.49.15:664][  0]LogConfig: Setting CVar [[r.SkyAtmosphere.AerialPerspectiveLUT.SampleCountMaxPerSlice:4]]
[2023.04.02-16.49.15:664][  0]LogConfig: Setting CVar [[r.SkyAtmosphere.AerialPerspectiveLUT.DepthResolution:16.0]]
[2023.04.02-16.49.15:664][  0]LogConfig: Setting CVar [[r.SkyAtmosphere.FastSkyLUT:1]]
[2023.04.02-16.49.15:664][  0]LogConfig: Setting CVar [[r.SkyAtmosphere.FastSkyLUT.SampleCountMin:4.0]]
[2023.04.02-16.49.15:664][  0]LogConfig: Setting CVar [[r.SkyAtmosphere.FastSkyLUT.SampleCountMax:128.0]]
[2023.04.02-16.49.15:664][  0]LogConfig: Setting CVar [[r.SkyAtmosphere.SampleCountMin:4.0]]
[2023.04.02-16.49.15:664][  0]LogConfig: Setting CVar [[r.SkyAtmosphere.SampleCountMax:128.0]]
[2023.04.02-16.49.15:664][  0]LogConfig: Setting CVar [[r.SkyAtmosphere.TransmittanceLUT.UseSmallFormat:0]]
[2023.04.02-16.49.15:664][  0]LogConfig: Setting CVar [[r.SkyAtmosphere.TransmittanceLUT.SampleCount:10.0]]
[2023.04.02-16.49.15:664][  0]LogConfig: Setting CVar [[r.SkyAtmosphere.MultiScatteringLUT.SampleCount:15.0]]
[2023.04.02-16.49.15:664][  0]LogConfig: Setting CVar [[r.SkyLight.RealTimeReflectionCapture:1]]
[2023.04.02-16.49.15:664][  0]LogConfig: Applying CVar settings from Section [FoliageQuality@3] File [C:/Users/pizh0/Documents/GitHub/Rogue2/Saved/Config/Windows/Scalability.ini]
[2023.04.02-16.49.15:664][  0]LogConfig: Setting CVar [[foliage.DensityScale:1.0]]
[2023.04.02-16.49.15:664][  0]LogConfig: Setting CVar [[grass.DensityScale:1.0]]
[2023.04.02-16.49.15:664][  0]LogConfig: Applying CVar settings from Section [ShadingQuality@3] File [C:/Users/pizh0/Documents/GitHub/Rogue2/Saved/Config/Windows/Scalability.ini]
[2023.04.02-16.49.15:664][  0]LogConfig: Setting CVar [[r.HairStrands.SkyLighting.IntegrationType:2]]
[2023.04.02-16.49.15:664][  0]LogConfig: Setting CVar [[r.HairStrands.SkyAO.SampleCount:4]]
[2023.04.02-16.49.15:664][  0]LogConfig: Setting CVar [[r.HairStrands.Visibility.MSAA.SamplePerPixel:4]]
[2023.04.02-16.49.15:664][  0]LogInit: Selected Device Profile: [Windows]
[2023.04.02-16.49.15:664][  0]LogInit: Applying CVar settings loaded from the selected device profile: [Windows]
[2023.04.02-16.49.15:664][  0]LogHAL: Display: Platform has ~ 32 GB [34275590144 / 34359738368 / 32], which maps to Largest [LargestMinGB=32, LargerMinGB=12, DefaultMinGB=8, SmallerMinGB=6, SmallestMinGB=0)
[2023.04.02-16.49.15:664][  0]LogInit: Going up to parent DeviceProfile []
[2023.04.02-16.49.15:664][  0]LogConfig: Applying CVar settings from Section [ViewDistanceQuality@3] File [C:/Users/pizh0/Documents/GitHub/Rogue2/Saved/Config/Windows/Scalability.ini]
[2023.04.02-16.49.15:664][  0]LogConfig: Setting CVar [[r.SkeletalMeshLODBias:0]]
[2023.04.02-16.49.15:664][  0]LogConfig: Setting CVar [[r.ViewDistanceScale:1.0]]
[2023.04.02-16.49.15:664][  0]LogConfig: Applying CVar settings from Section [AntiAliasingQuality@3] File [C:/Users/pizh0/Documents/GitHub/Rogue2/Saved/Config/Windows/Scalability.ini]
[2023.04.02-16.49.15:664][  0]LogConfig: Setting CVar [[r.PostProcessAAQuality:4]]
[2023.04.02-16.49.15:664][  0]LogConfig: Applying CVar settings from Section [ShadowQuality@3] File [C:/Users/pizh0/Documents/GitHub/Rogue2/Saved/Config/Windows/Scalability.ini]
[2023.04.02-16.49.15:664][  0]LogConfig: Setting CVar [[r.LightFunctionQuality:1]]
[2023.04.02-16.49.15:664][  0]LogConfig: Setting CVar [[r.ShadowQuality:5]]
[2023.04.02-16.49.15:664][  0]LogConfig: Setting CVar [[r.Shadow.CSM.MaxCascades:10]]
[2023.04.02-16.49.15:664][  0]LogConfig: Setting CVar [[r.Shadow.MaxResolution:2048]]
[2023.04.02-16.49.15:664][  0]LogConfig: Setting CVar [[r.Shadow.MaxCSMResolution:2048]]
[2023.04.02-16.49.15:664][  0]LogConfig: Setting CVar [[r.Shadow.RadiusThreshold:0.01]]
[2023.04.02-16.49.15:664][  0]LogConfig: Setting CVar [[r.Shadow.DistanceScale:1.0]]
[2023.04.02-16.49.15:664][  0]LogConfig: Setting CVar [[r.Shadow.CSM.TransitionScale:1.0]]
[2023.04.02-16.49.15:664][  0]LogConfig: Setting CVar [[r.Shadow.PreShadowResolutionFactor:1.0]]
[2023.04.02-16.49.15:664][  0]LogConfig: Setting CVar [[r.DistanceFieldShadowing:1]]
[2023.04.02-16.49.15:664][  0]LogConfig: Setting CVar [[r.DistanceFieldAO:1]]
[2023.04.02-16.49.15:664][  0]LogConfig: Setting CVar [[r.AOQuality:2]]
[2023.04.02-16.49.15:664][  0]LogConfig: Setting CVar [[r.VolumetricFog:1]]
[2023.04.02-16.49.15:664][  0]LogConfig: Setting CVar [[r.VolumetricFog.GridPixelSize:8]]
[2023.04.02-16.49.15:664][  0]LogConfig: Setting CVar [[r.VolumetricFog.GridSizeZ:128]]
[2023.04.02-16.49.15:664][  0]LogConfig: Setting CVar [[r.VolumetricFog.HistoryMissSupersampleCount:4]]
[2023.04.02-16.49.15:664][  0]LogConfig: Setting CVar [[r.LightMaxDrawDistanceScale:1]]
[2023.04.02-16.49.15:664][  0]LogConfig: Setting CVar [[r.CapsuleShadows:1]]
[2023.04.02-16.49.15:664][  0]LogConfig: Applying CVar settings from Section [PostProcessQuality@3] File [C:/Users/pizh0/Documents/GitHub/Rogue2/Saved/Config/Windows/Scalability.ini]
[2023.04.02-16.49.15:664][  0]LogConfig: Setting CVar [[r.MotionBlurQuality:4]]
[2023.04.02-16.49.15:664][  0]LogConfig: Setting CVar [[r.AmbientOcclusionMipLevelFactor:0.4]]
[2023.04.02-16.49.15:664][  0]LogConfig: Setting CVar [[r.AmbientOcclusionMaxQuality:100]]
[2023.04.02-16.49.15:664][  0]LogConfig: Setting CVar [[r.AmbientOcclusionLevels:-1]]
[2023.04.02-16.49.15:664][  0]LogConfig: Setting CVar [[r.AmbientOcclusionRadiusScale:1.0]]
[2023.04.02-16.49.15:664][  0]LogConfig: Setting CVar [[r.DepthOfFieldQuality:2]]
[2023.04.02-16.49.15:664][  0]LogConfig: Setting CVar [[r.RenderTargetPoolMin:400]]
[2023.04.02-16.49.15:664][  0]LogConfig: Setting CVar [[r.LensFlareQuality:2]]
[2023.04.02-16.49.15:664][  0]LogConfig: Setting CVar [[r.SceneColorFringeQuality:1]]
[2023.04.02-16.49.15:664][  0]LogConfig: Setting CVar [[r.EyeAdaptationQuality:2]]
[2023.04.02-16.49.15:664][  0]LogConfig: Setting CVar [[r.BloomQuality:5]]
[2023.04.02-16.49.15:664][  0]LogConfig: Setting CVar [[r.FastBlurThreshold:100]]
[2023.04.02-16.49.15:664][  0]LogConfig: Setting CVar [[r.Upscale.Quality:3]]
[2023.04.02-16.49.15:664][  0]LogConfig: Setting CVar [[r.Tonemapper.GrainQuantization:1]]
[2023.04.02-16.49.15:664][  0]LogConfig: Setting CVar [[r.LightShaftQuality:1]]
[2023.04.02-16.49.15:664][  0]LogConfig: Setting CVar [[r.Filter.SizeScale:1]]
[2023.04.02-16.49.15:664][  0]LogConfig: Setting CVar [[r.Tonemapper.Quality:5]]
[2023.04.02-16.49.15:664][  0]LogConfig: Setting CVar [[r.DOF.Gather.AccumulatorQuality:1        ; higher gathering accumulator quality]]
[2023.04.02-16.49.15:664][  0]LogConfig: Setting CVar [[r.DOF.Gather.PostfilterMethod:1          ; Median3x3 postfilering method]]
[2023.04.02-16.49.15:664][  0]LogConfig: Setting CVar [[r.DOF.Gather.EnableBokehSettings:0       ; no bokeh simulation when gathering]]
[2023.04.02-16.49.15:664][  0]LogConfig: Setting CVar [[r.DOF.Gather.RingCount:4                 ; medium number of samples when gathering]]
[2023.04.02-16.49.15:664][  0]LogConfig: Setting CVar [[r.DOF.Scatter.ForegroundCompositing:1    ; additive foreground scattering]]
[2023.04.02-16.49.15:664][  0]LogConfig: Setting CVar [[r.DOF.Scatter.BackgroundCompositing:2    ; additive background scattering]]
[2023.04.02-16.49.15:664][  0]LogConfig: Setting CVar [[r.DOF.Scatter.EnableBokehSettings:1      ; bokeh simulation when scattering]]
[2023.04.02-16.49.15:664][  0]LogConfig: Setting CVar [[r.DOF.Scatter.MaxSpriteRatio:0.1         ; only a maximum of 10% of scattered bokeh]]
[2023.04.02-16.49.15:664][  0]LogConfig: Setting CVar [[r.DOF.Recombine.Quality:1                ; cheap slight out of focus]]
[2023.04.02-16.49.15:664][  0]LogConfig: Setting CVar [[r.DOF.Recombine.EnableBokehSettings:0    ; no bokeh simulation on slight out of focus]]
[2023.04.02-16.49.15:664][  0]LogConfig: Setting CVar [[r.DOF.TemporalAAQuality:1                ; more stable temporal accumulation]]
[2023.04.02-16.49.15:664][  0]LogConfig: Setting CVar [[r.DOF.Kernel.MaxForegroundRadius:0.025]]
[2023.04.02-16.49.15:664][  0]LogConfig: Setting CVar [[r.DOF.Kernel.MaxBackgroundRadius:0.025]]
[2023.04.02-16.49.15:664][  0]LogConfig: Applying CVar settings from Section [TextureQuality@3] File [C:/Users/pizh0/Documents/GitHub/Rogue2/Saved/Config/Windows/Scalability.ini]
[2023.04.02-16.49.15:664][  0]LogConfig: Setting CVar [[r.Streaming.MipBias:0]]
[2023.04.02-16.49.15:665][  0]LogConfig: Setting CVar [[r.Streaming.AmortizeCPUToGPUCopy:0]]
[2023.04.02-16.49.15:665][  0]LogConfig: Setting CVar [[r.Streaming.MaxNumTexturesToStreamPerFrame:0]]
[2023.04.02-16.49.15:665][  0]LogConfig: Setting CVar [[r.Streaming.Boost:1]]
[2023.04.02-16.49.15:665][  0]LogConfig: Setting CVar [[r.MaxAnisotropy:8]]
[2023.04.02-16.49.15:665][  0]LogConfig: Setting CVar [[r.VT.MaxAnisotropy:8]]
[2023.04.02-16.49.15:665][  0]LogConfig: Setting CVar [[r.Streaming.LimitPoolSizeToVRAM:0]]
[2023.04.02-16.49.15:665][  0]LogConfig: Setting CVar [[r.Streaming.PoolSize:1000]]
[2023.04.02-16.49.15:665][  0]LogConfig: Setting CVar [[r.Streaming.MaxEffectiveScreenSize:0]]
[2023.04.02-16.49.15:665][  0]LogConfig: Applying CVar settings from Section [EffectsQuality@3] File [C:/Users/pizh0/Documents/GitHub/Rogue2/Saved/Config/Windows/Scalability.ini]
[2023.04.02-16.49.15:665][  0]LogConfig: Setting CVar [[r.TranslucencyLightingVolumeDim:64]]
[2023.04.02-16.49.15:665][  0]LogConfig: Setting CVar [[r.RefractionQuality:2]]
[2023.04.02-16.49.15:665][  0]LogConfig: Setting CVar [[r.SSR.Quality:3]]
[2023.04.02-16.49.15:665][  0]LogConfig: Setting CVar [[r.SSR.HalfResSceneColor:0]]
[2023.04.02-16.49.15:665][  0]LogConfig: Setting CVar [[r.SceneColorFormat:4]]
[2023.04.02-16.49.15:665][  0]LogConfig: Setting CVar [[r.DetailMode:2]]
[2023.04.02-16.49.15:665][  0]LogConfig: Setting CVar [[r.TranslucencyVolumeBlur:1]]
[2023.04.02-16.49.15:665][  0]LogConfig: Setting CVar [[r.MaterialQualityLevel:1 ; High quality]]
[2023.04.02-16.49.15:665][  0]LogConfig: Setting CVar [[r.AnisotropicMaterials:1]]
[2023.04.02-16.49.15:665][  0]LogConfig: Setting CVar [[r.SSS.Scale:1]]
[2023.04.02-16.49.15:665][  0]LogConfig: Setting CVar [[r.SSS.SampleSet:2]]
[2023.04.02-16.49.15:665][  0]LogConfig: Setting CVar [[r.SSS.Quality:1]]
[2023.04.02-16.49.15:665][  0]LogConfig: Setting CVar [[r.SSS.HalfRes:0]]
[2023.04.02-16.49.15:665][  0]LogConfig: Setting CVar [[r.SSGI.Quality:3]]
[2023.04.02-16.49.15:665][  0]LogConfig: Setting CVar [[r.EmitterSpawnRateScale:1.0]]
[2023.04.02-16.49.15:665][  0]LogConfig: Setting CVar [[r.ParticleLightQuality:2]]
[2023.04.02-16.49.15:665][  0]LogConfig: Setting CVar [[r.SkyAtmosphere.AerialPerspectiveLUT.FastApplyOnOpaque:1 ; Always have FastSkyLUT 1 in this case to avoid wrong sky]]
[2023.04.02-16.49.15:665][  0]LogConfig: Setting CVar [[r.SkyAtmosphere.AerialPerspectiveLUT.SampleCountMaxPerSlice:4]]
[2023.04.02-16.49.15:665][  0]LogConfig: Setting CVar [[r.SkyAtmosphere.AerialPerspectiveLUT.DepthResolution:16.0]]
[2023.04.02-16.49.15:665][  0]LogConfig: Setting CVar [[r.SkyAtmosphere.FastSkyLUT:1]]
[2023.04.02-16.49.15:665][  0]LogConfig: Setting CVar [[r.SkyAtmosphere.FastSkyLUT.SampleCountMin:4.0]]
[2023.04.02-16.49.15:665][  0]LogConfig: Setting CVar [[r.SkyAtmosphere.FastSkyLUT.SampleCountMax:128.0]]
[2023.04.02-16.49.15:665][  0]LogConfig: Setting CVar [[r.SkyAtmosphere.SampleCountMin:4.0]]
[2023.04.02-16.49.15:665][  0]LogConfig: Setting CVar [[r.SkyAtmosphere.SampleCountMax:128.0]]
[2023.04.02-16.49.15:665][  0]LogConfig: Setting CVar [[r.SkyAtmosphere.TransmittanceLUT.UseSmallFormat:0]]
[2023.04.02-16.49.15:665][  0]LogConfig: Setting CVar [[r.SkyAtmosphere.TransmittanceLUT.SampleCount:10.0]]
[2023.04.02-16.49.15:665][  0]LogConfig: Setting CVar [[r.SkyAtmosphere.MultiScatteringLUT.SampleCount:15.0]]
[2023.04.02-16.49.15:665][  0]LogConfig: Setting CVar [[r.SkyLight.RealTimeReflectionCapture:1]]
[2023.04.02-16.49.15:665][  0]LogConfig: Applying CVar settings from Section [FoliageQuality@3] File [C:/Users/pizh0/Documents/GitHub/Rogue2/Saved/Config/Windows/Scalability.ini]
[2023.04.02-16.49.15:665][  0]LogConfig: Setting CVar [[foliage.DensityScale:1.0]]
[2023.04.02-16.49.15:665][  0]LogConfig: Setting CVar [[grass.DensityScale:1.0]]
[2023.04.02-16.49.15:665][  0]LogConfig: Applying CVar settings from Section [ShadingQuality@3] File [C:/Users/pizh0/Documents/GitHub/Rogue2/Saved/Config/Windows/Scalability.ini]
[2023.04.02-16.49.15:665][  0]LogConfig: Setting CVar [[r.HairStrands.SkyLighting.IntegrationType:2]]
[2023.04.02-16.49.15:665][  0]LogConfig: Setting CVar [[r.HairStrands.SkyAO.SampleCount:4]]
[2023.04.02-16.49.15:665][  0]LogConfig: Setting CVar [[r.HairStrands.Visibility.MSAA.SamplePerPixel:4]]
[2023.04.02-16.49.15:665][  0]LogConfig: Applying CVar settings from Section [Startup] File [../../../Engine/Config/ConsoleVariables.ini]
[2023.04.02-16.49.15:665][  0]LogConfig: Setting CVar [[net.UseAdaptiveNetUpdateFrequency:0]]
[2023.04.02-16.49.15:665][  0]LogConfig: Setting CVar [[p.chaos.AllowCreatePhysxBodies:1]]
[2023.04.02-16.49.15:665][  0]LogConfig: Setting CVar [[fx.SkipVectorVMBackendOptimizations:1]]
[2023.04.02-16.49.15:665][  0]LogConfig: Applying CVar settings from Section [ConsoleVariables] File [C:/Users/pizh0/Documents/GitHub/Rogue2/Saved/Config/Windows/Engine.ini]
[2023.04.02-16.49.15:665][  0]LogConfig: Applying CVar settings from Section [ConsoleVariables] File [C:/Users/pizh0/Documents/GitHub/Rogue2/Saved/Config/Windows/Editor.ini]
[2023.04.02-16.49.15:665][  0]LogInit: Computer: DESKTOP-MRNVIKS
[2023.04.02-16.49.15:665][  0]LogInit: User: pizh0
[2023.04.02-16.49.15:665][  0]LogInit: CPU Page size=4096, Cores=6
[2023.04.02-16.49.15:665][  0]LogInit: High frequency timer resolution =10.000000 MHz
[2023.04.02-16.49.15:665][  0]LogMemory: Memory total: Physical=31.9GB (32GB approx)
[2023.04.02-16.49.15:665][  0]LogMemory: Platform Memory Stats for Windows
[2023.04.02-16.49.15:665][  0]LogMemory: Process Physical Memory: 143.58 MB used, 143.59 MB peak
[2023.04.02-16.49.15:665][  0]LogMemory: Process Virtual Memory: 125.64 MB used, 125.64 MB peak
[2023.04.02-16.49.15:665][  0]LogMemory: Physical Memory: 7471.27 MB used,  25216.48 MB free, 32687.75 MB total
[2023.04.02-16.49.15:665][  0]LogMemory: Virtual Memory: 134190072.00 MB used,  27652.21 MB free, 134217728.00 MB total
[2023.04.02-16.49.15:669][  0]LogWindows: WindowsPlatformFeatures enabled
[2023.04.02-16.49.15:694][  0]LogInit: Physics initialised using underlying interface: PhysX
[2023.04.02-16.49.15:694][  0]LogInit: Using OS detected language (ru-RU).
[2023.04.02-16.49.15:694][  0]LogInit: Using OS detected locale (ru-RU).
[2023.04.02-16.49.15:700][  0]LogTextLocalizationManager: No specific localization for 'ru-RU' exists, so the 'ru' localization will be used.
[2023.04.02-16.49.15:700][  0]LogTextLocalizationResource: LocRes '../../../Engine/Content/Localization/Editor/ru/Editor.locres' could not be opened for reading!
[2023.04.02-16.49.15:700][  0]LogTextLocalizationResource: LocRes '../../../Engine/Content/Localization/EditorTutorials/ru/EditorTutorials.locres' could not be opened for reading!
[2023.04.02-16.49.15:700][  0]LogTextLocalizationResource: LocRes '../../../Engine/Content/Localization/Keywords/ru/Keywords.locres' could not be opened for reading!
[2023.04.02-16.49.15:700][  0]LogTextLocalizationResource: LocRes '../../../Engine/Content/Localization/Category/ru/Category.locres' could not be opened for reading!
[2023.04.02-16.49.15:700][  0]LogTextLocalizationResource: LocRes '../../../Engine/Content/Localization/ToolTips/ru/ToolTips.locres' could not be opened for reading!
[2023.04.02-16.49.15:700][  0]LogTextLocalizationResource: LocRes '../../../Engine/Content/Localization/PropertyNames/ru/PropertyNames.locres' could not be opened for reading!
[2023.04.02-16.49.15:700][  0]LogTextLocalizationResource: LocRes '../../../Engine/Content/Localization/Engine/ru/Engine.locres' could not be opened for reading!
[2023.04.02-16.49.15:701][  0]LogInit: Setting process to per monitor DPI aware
[2023.04.02-16.49.15:711][  0]LogWindowsTextInputMethodSystem: Display: IME system deactivated.
[2023.04.02-16.49.15:719][  0]LogSlate: New Slate User Created.  User Index 0, Is Virtual User: 0
[2023.04.02-16.49.15:719][  0]LogSlate: Slate User Registered.  User Index 0, Is Virtual User: 0
[2023.04.02-16.49.15:810][  0]LogD3D11RHI: Loaded GFSDK_Aftermath_Lib.x64.dll
[2023.04.02-16.49.15:811][  0]LogHMD: Failed to initialize OpenVR with code 110
[2023.04.02-16.49.15:811][  0]LogD3D11RHI: D3D11 min allowed feature level: 11_0
[2023.04.02-16.49.15:811][  0]LogD3D11RHI: D3D11 max allowed feature level: 11_0
[2023.04.02-16.49.15:811][  0]LogD3D11RHI: D3D11 adapters:
[2023.04.02-16.49.15:910][  0]LogD3D11RHI:    0. 'NVIDIA GeForce GTX 1660 SUPER' (Feature Level 11_0)
[2023.04.02-16.49.15:910][  0]LogD3D11RHI:       5980/0/16343 MB DedicatedVideo/DedicatedSystem/SharedSystem, Outputs:1, VendorId:0x10de
[2023.04.02-16.49.15:911][  0]LogD3D11RHI:    1. 'Microsoft Basic Render Driver' (Feature Level 11_0)
[2023.04.02-16.49.15:911][  0]LogD3D11RHI:       0/0/16343 MB DedicatedVideo/DedicatedSystem/SharedSystem, Outputs:0, VendorId:0x1414
[2023.04.02-16.49.15:911][  0]LogD3D11RHI: Chosen D3D11 Adapter:
[2023.04.02-16.49.15:911][  0]LogD3D11RHI:     Description : NVIDIA GeForce GTX 1660 SUPER
[2023.04.02-16.49.15:911][  0]LogD3D11RHI:     VendorId    : 10de
[2023.04.02-16.49.15:911][  0]LogD3D11RHI:     DeviceId    : 21c4
[2023.04.02-16.49.15:911][  0]LogD3D11RHI:     SubSysId    : 21c410de
[2023.04.02-16.49.15:911][  0]LogD3D11RHI:     Revision    : 00a1
[2023.04.02-16.49.15:911][  0]LogD3D11RHI:     DedicatedVideoMemory : 6270484480 bytes
[2023.04.02-16.49.15:911][  0]LogD3D11RHI:     DedicatedSystemMemory : 0 bytes
[2023.04.02-16.49.15:911][  0]LogD3D11RHI:     SharedSystemMemory : 17137795072 bytes
[2023.04.02-16.49.15:911][  0]LogD3D11RHI:     AdapterLuid : 0 50323
[2023.04.02-16.49.15:916][  0]LogD3D11RHI: Creating new Direct3DDevice
[2023.04.02-16.49.15:916][  0]LogD3D11RHI:     GPU DeviceId: 0x21c4 (for the marketing name, search the web for "GPU Device Id")
[2023.04.02-16.49.15:916][  0]LogWindows: EnumDisplayDevices:
[2023.04.02-16.49.15:916][  0]LogWindows:    0. 'NVIDIA GeForce GTX 1660 SUPER' (P:1 D:1)
[2023.04.02-16.49.15:916][  0]LogWindows:    1. 'NVIDIA GeForce GTX 1660 SUPER' (P:0 D:0)
[2023.04.02-16.49.15:916][  0]LogWindows:    2. 'NVIDIA GeForce GTX 1660 SUPER' (P:0 D:0)
[2023.04.02-16.49.15:916][  0]LogWindows:    3. 'NVIDIA GeForce GTX 1660 SUPER' (P:0 D:0)
[2023.04.02-16.49.15:917][  0]LogWindows: DebugString: FoundDriverCount:4 
[2023.04.02-16.49.15:917][  0]LogD3D11RHI:     Adapter Name: NVIDIA GeForce GTX 1660 SUPER
[2023.04.02-16.49.15:917][  0]LogD3D11RHI:   Driver Version: 527.56 (internal:31.0.15.2756, unified:527.56)
[2023.04.02-16.49.15:917][  0]LogD3D11RHI:      Driver Date: 12-5-2022
[2023.04.02-16.49.15:917][  0]LogRHI: Texture pool is 4186 MB (70% of 5980 MB)
[2023.04.02-16.49.15:917][  0]LogD3D11RHI: Creating D3DDevice using adapter:
[2023.04.02-16.49.15:917][  0]LogD3D11RHI:     Description : NVIDIA GeForce GTX 1660 SUPER
[2023.04.02-16.49.15:917][  0]LogD3D11RHI:     VendorId    : 10de
[2023.04.02-16.49.15:917][  0]LogD3D11RHI:     DeviceId    : 21c4
[2023.04.02-16.49.15:917][  0]LogD3D11RHI:     SubSysId    : 21c410de
[2023.04.02-16.49.15:917][  0]LogD3D11RHI:     Revision    : 00a1
[2023.04.02-16.49.15:917][  0]LogD3D11RHI:     DedicatedVideoMemory : 6270484480 bytes
[2023.04.02-16.49.15:917][  0]LogD3D11RHI:     DedicatedSystemMemory : 0 bytes
[2023.04.02-16.49.15:917][  0]LogD3D11RHI:     SharedSystemMemory : 17137795072 bytes
[2023.04.02-16.49.15:917][  0]LogD3D11RHI:     AdapterLuid : 0 50323
[2023.04.02-16.49.15:970][  0]LogD3D11RHI: RHI has support for 64 bit atomics
[2023.04.02-16.49.15:970][  0]LogD3D11RHI: Async texture creation enabled
[2023.04.02-16.49.15:970][  0]LogD3D11RHI: Array index from any shader is supported
[2023.04.02-16.49.15:989][  0]LogD3D11RHI: GPU Timing Frequency: 1000.000000 (Debug: 2 1)
[2023.04.02-16.49.16:008][  0]LogRHI: GeForceNow SDK initialized: 1
[2023.04.02-16.49.16:202][  0]LogTargetPlatformManager: Display: Loaded TargetPlatform 'AllDesktop'
[2023.04.02-16.49.16:218][  0]LogTargetPlatformManager: Display: Loaded TargetPlatform 'Android'
[2023.04.02-16.49.16:218][  0]LogTargetPlatformManager: Display: Loaded TargetPlatform 'Android_ASTC'
[2023.04.02-16.49.16:218][  0]LogTargetPlatformManager: Display: Loaded TargetPlatform 'Android_DXT'
[2023.04.02-16.49.16:218][  0]LogTargetPlatformManager: Display: Loaded TargetPlatform 'Android_ETC2'
[2023.04.02-16.49.16:218][  0]LogTargetPlatformManager: Display: Loaded TargetPlatform 'AndroidClient'
[2023.04.02-16.49.16:218][  0]LogTargetPlatformManager: Display: Loaded TargetPlatform 'Android_ASTCClient'
[2023.04.02-16.49.16:218][  0]LogTargetPlatformManager: Display: Loaded TargetPlatform 'Android_DXTClient'
[2023.04.02-16.49.16:218][  0]LogTargetPlatformManager: Display: Loaded TargetPlatform 'Android_ETC2Client'
[2023.04.02-16.49.16:218][  0]LogTargetPlatformManager: Display: Loaded TargetPlatform 'Android_Multi'
[2023.04.02-16.49.16:218][  0]LogTargetPlatformManager: Display: Loaded TargetPlatform 'Android_MultiClient'
[2023.04.02-16.49.16:231][  0]LogTargetPlatformManager: Display: Loaded TargetPlatform 'IOSClient'
[2023.04.02-16.49.16:231][  0]LogTargetPlatformManager: Display: Loaded TargetPlatform 'IOS'
[2023.04.02-16.49.16:237][  0]LogTargetPlatformManager: Display: Loaded TargetPlatform 'Linux'
[2023.04.02-16.49.16:240][  0]LogTargetPlatformManager: Display: Loaded TargetPlatform 'LinuxNoEditor'
[2023.04.02-16.49.16:243][  0]LogTargetPlatformManager: Display: Loaded TargetPlatform 'LinuxClient'
[2023.04.02-16.49.16:246][  0]LogTargetPlatformManager: Display: Loaded TargetPlatform 'LinuxServer'
[2023.04.02-16.49.16:253][  0]LogTargetPlatformManager: Display: Loaded TargetPlatform 'LinuxAArch64NoEditor'
[2023.04.02-16.49.16:256][  0]LogTargetPlatformManager: Display: Loaded TargetPlatform 'LinuxAArch64Client'
[2023.04.02-16.49.16:260][  0]LogTargetPlatformManager: Display: Loaded TargetPlatform 'LinuxAArch64Server'
[2023.04.02-16.49.16:277][  0]LogTargetPlatformManager: Display: Loaded TargetPlatform 'Lumin'
[2023.04.02-16.49.16:277][  0]LogTargetPlatformManager: Display: Loaded TargetPlatform 'LuminClient'
[2023.04.02-16.49.16:282][  0]LogTargetPlatformManager: Display: Loaded TargetPlatform 'MacNoEditor'
[2023.04.02-16.49.16:285][  0]LogTargetPlatformManager: Display: Loaded TargetPlatform 'Mac'
[2023.04.02-16.49.16:288][  0]LogTargetPlatformManager: Display: Loaded TargetPlatform 'MacClient'
[2023.04.02-16.49.16:291][  0]LogTargetPlatformManager: Display: Loaded TargetPlatform 'MacServer'
[2023.04.02-16.49.16:298][  0]LogTargetPlatformManager: Display: Loaded TargetPlatform 'TVOSClient'
[2023.04.02-16.49.16:298][  0]LogTargetPlatformManager: Display: Loaded TargetPlatform 'TVOS'
[2023.04.02-16.49.16:304][  0]LogTargetPlatformManager: Display: Loaded TargetPlatform 'WindowsNoEditor'
[2023.04.02-16.49.16:307][  0]LogTargetPlatformManager: Display: Loaded TargetPlatform 'Windows'
[2023.04.02-16.49.16:310][  0]LogTargetPlatformManager: Display: Loaded TargetPlatform 'WindowsClient'
[2023.04.02-16.49.16:313][  0]LogTargetPlatformManager: Display: Loaded TargetPlatform 'WindowsServer'
[2023.04.02-16.49.16:313][  0]LogTargetPlatformManager: Display: Building Assets For Windows
[2023.04.02-16.49.16:318][  0]LogAudioDebug: Display: Lib vorbis DLL was dynamically loaded.
[2023.04.02-16.49.16:339][  0]LogTextureFormatOodle: Display: Oodle Texture 2.9.0 init RDO Off
[2023.04.02-16.49.16:360][  0]LogRendererCore: Ray tracing is disabled. Reason: r.RayTracing=0.
[2023.04.02-16.49.16:360][  0]LogShaderCompilers: Guid format shader working directory is -8 characters bigger than the processId version (../../../../../../Users/pizh0/Documents/GitHub/Rogue2/Intermediate/Shaders/WorkingDirectory/16912/).
[2023.04.02-16.49.16:360][  0]LogShaderCompilers: Cleaned the shader compiler working directory 'C:/Users/pizh0/AppData/Local/Temp/UnrealShaderWorkingDir/5EEAB52C4E304D7E3C69E693FCC0F978/'.
[2023.04.02-16.49.16:360][  0]LogXGEController: Cannot use XGE Controller as Incredibuild is not installed on this machine.
[2023.04.02-16.49.16:360][  0]LogShaderCompilers: Cannot use XGE Shader Compiler as Incredibuild is not installed on this machine.
[2023.04.02-16.49.16:360][  0]LogShaderCompilers: Display: Using Local Shader Compiler.
[2023.04.02-16.49.16:888][  0]LogDerivedDataCache: Display: Max Cache Size: 512 MB
[2023.04.02-16.49.16:934][  0]LogDerivedDataCache: Loaded boot cache 0.05s 94MB C:/Users/pizh0/AppData/Local/UnrealEngine/4.27/DerivedDataCache/Boot.ddc.
[2023.04.02-16.49.16:934][  0]LogDerivedDataCache: Display: Loaded Boot cache: C:/Users/pizh0/AppData/Local/UnrealEngine/4.27/DerivedDataCache/Boot.ddc
[2023.04.02-16.49.16:934][  0]LogDerivedDataCache: FDerivedDataBackendGraph:  Pak pak cache file ../../../../../../Users/pizh0/Documents/GitHub/Rogue2/DerivedDataCache/DDC.ddp not found, will not use a pak cache.
[2023.04.02-16.49.16:934][  0]LogDerivedDataCache: Unable to find inner node Pak for hierarchical cache Hierarchy.
[2023.04.02-16.49.16:934][  0]LogDerivedDataCache: FDerivedDataBackendGraph:  CompressedPak pak cache file ../../../../../../Users/pizh0/Documents/GitHub/Rogue2/DerivedDataCache/Compressed.ddp not found, will not use a pak cache.
[2023.04.02-16.49.16:934][  0]LogDerivedDataCache: Unable to find inner node CompressedPak for hierarchical cache Hierarchy.
[2023.04.02-16.49.16:948][  0]LogDerivedDataCache: Display: Pak cache opened for reading ../../../Engine/DerivedDataCache/Compressed.ddp.
[2023.04.02-16.49.16:948][  0]LogDerivedDataCache: FDerivedDataBackendGraph:  EnterprisePak pak cache file ../../../Enterprise/DerivedDataCache/Compressed.ddp not found, will not use a pak cache.
[2023.04.02-16.49.16:948][  0]LogDerivedDataCache: Unable to find inner node EnterprisePak for hierarchical cache Hierarchy.
[2023.04.02-16.49.16:953][  0]LogDerivedDataCache: Speed tests for C:/Users/pizh0/AppData/Local/UnrealEngine/Common/DerivedDataCache took 0.01 seconds
[2023.04.02-16.49.16:953][  0]LogDerivedDataCache: Display: Performance to C:/Users/pizh0/AppData/Local/UnrealEngine/Common/DerivedDataCache: Latency=0.02ms. RandomReadSpeed=1741.97MBs, RandomWriteSpeed=209.98MBs. Assigned SpeedClass 'Local'
[2023.04.02-16.49.16:954][  0]LogDerivedDataCache: Using Local data cache path C:/Users/pizh0/AppData/Local/UnrealEngine/Common/DerivedDataCache: Writable
[2023.04.02-16.49.16:954][  0]LogDerivedDataCache: Shared data cache path not found in *engine.ini, will not use an Shared cache.
[2023.04.02-16.49.16:954][  0]LogDerivedDataCache: Unable to find inner node Shared for hierarchical cache Hierarchy.
[2023.04.02-16.49.16:988][  0]LogSlate: Using FreeType 2.10.0
[2023.04.02-16.49.16:989][  0]LogSlate: SlateFontServices - WITH_FREETYPE: 1, WITH_HARFBUZZ: 1
[2023.04.02-16.49.17:005][  0]LogAssetRegistry: FAssetRegistry took 0.0020 seconds to start up
[2023.04.02-16.49.17:171][  0]LogInit: Selected Device Profile: [Windows]
[2023.04.02-16.49.17:171][  0]LogInit: Active device profile: [0000024E6944C900][0000024E5B048540 49] Windows
[2023.04.02-16.49.17:171][  0]LogInit: Profiles: [0000024E6944C900][0000024E5B048540 49] Windows, [0000024E6941F800][0000024E5B044680 49] WindowsNoEditor, [0000024E6944F500][0000024E66B487C0 49] WindowsServer, [0000024E6941CE00][0000024E66B4C900 49] WindowsClient, [0000024E6944F800][0000024E66B54A80 49] IOS, [0000024E6941E800][0000024E66B58C00 49] iPadAir, [0000024E6944E000][0000024E66B5CD80 49] iPadAir2, [0000024E693C4A00][0000024E66B65040 49] IPadPro, [0000024E693C4B00][0000024E66B61080 49] iPadAir3, [0000024E6941D900][0000024E66B69200 49] iPadAir4, [0000024E693C7400][0000024E66B6D380 49] iPadMini2, [0000024E6941EA00][0000024E66B71500 49] iPadMini3, [0000024E693C5700][0000024E66B75680 49] iPadMini4, [0000024E6944D100][0000024E66B79800 49] iPadMini5, [0000024E693F0300][0000024E5FBF1AC0 49] iPhone6, [0000024E693F0400][0000024E66B7DB00 49] iPodTouch6, [0000024E693BBF00][0000024E5FBF8240 49] iPhone7, [0000024E693BBE00][0000024E5FBF4280 49] iPodTouch7, [0000024E6941E000][0000024E5FBFC400 49] iPhone5S, [0000024E693B9A00][0000024E5FC00580 49] iPhone6Plus, [0000024E693F0200][0000024E5FC08700 49] iPhone6S, [0000024E693B8600][0000024E66B50840 49] iPhone6SPlus, [0000024E693F2900][0000024E5FC10980 49] iPhone7Plus, [0000024E693BB100][0000024E5FC1CAC0 49] iPhoneSE, [0000024E693F2200][0000024E5FC24C40 49] iPhone8, [0000024E693BBB00][0000024E66AD2DC0 49] iPhone8Plus, [0000024E693F0A00][0000024E66AD6F40 49] iPhoneX, [0000024E693B9400][0000024E66AF70C0 49] iPhoneXS, [0000024E693F3900][0000024E66B0F240 49] iPhoneXSMax, [0000024E693B8900][0000024E669473C0 49] iPhoneXR, [0000024E693F2F00][0000024E67751540 49] iPhone11, [0000024E693B9300][0000024E677556C0 49] iPhone11Pro, [0000024E693F1000][0000024E67759840 49] iPhone11ProMax, [0000024E693BAA00][0000024E6775D9C0 49] iPhoneSE2, [0000024E693F1400][0000024E67765B40 49] iPhone12Mini, [0000024E693BA400][0000024E6776C140 49] iPhone12, [0000024E693F0D00][0000024E677742C0 49] iPhone12Pro, [0000024E693BAB00][0000024E67778440 49] iPhone12ProMax, [0000024E693F3000][0000024E6777C5C0 49] iPadPro105, [0000024E693B8700][0000024E67784740 49] iPadPro129, [0000024E693F2800][0000024E677948C0 49] iPadPro97, [0000024E693BA600][0000024E5FC20A00 49] iPadPro2_129, [0000024E693F3C00][0000024E677A8B40 49] iPad5, [0000024E693BA200][0000024E677ACC80 49] iPad6, [0000024E693F0F00][0000024E60ADADC0 49] iPad7, [0000024E693BAD00][0000024E60AE2F40 49] iPad8, [0000024E693F1100][0000024E60B070C0 49] iPadPro11, [0000024E693B9600][0000024E60B0B240 49] iPadPro2_11, [0000024E693F3400][0000024E60B0F3C0 49] iPadPro3_129, [0000024E693BA800][0000024E603C9540 49] iPadPro4_129, [0000024E693F3A00][0000024E668676C0 49] AppleTV, [0000024E693BA100][0000024E6686B840 49] AppleTV4K, [0000024E693F1F00][0000024E6686F9C0 49] TVOS, [0000024E693BB400][0000024E66873B40 49] Mac, [0000024E693F3800][0000024E66876140 49] MacClient, [0000024E693B9E00][0000024E60EDA2C0 49] MacNoEditor, [0000024E693F3F00][0000024E66FD8440 49] MacServer, [0000024E693BB500][0000024E66FF45C0 49] Linux, [0000024E693F0C00][0000024E6703C740 49] LinuxAArch64, [0000024E693BAF00][0000024E670408C0 49] LinuxNoEditor, [0000024E693F0B00][0000024E67048A40 49] LinuxAArch64NoEditor, [0000024E693BB700][0000024E60ADEB80 49] LinuxClient, [0000024E693F1A00][0000024E66AA4CC0 49] LinuxAArch64Client, [0000024E693B9000][0000024E66ABCE00 49] LinuxServer, [0000024E693F2500][0000024E66AC0F40 49] LinuxAArch64Server, [0000024E693B9900][0000024E60A4D0C0 49] Android, [0000024E693F1300][0000024E60A51240 49] Android_Low, [0000024E693BA700][0000024E60A553C0 49] Android_Mid, [0000024E693F2B00][0000024E60A59540 49] Android_High, [0000024E693BB800][0000024E60A5D6C0 49] Android_Default, [0000024E693F1600][0000024E60A61840 49] Android_Adreno4xx, [0000024E693B9500][0000024E60A659C0 49] Android_Adreno5xx_Low, [0000024E693C7600][0000024E60A69B40 49] Android_Adreno5xx, [0000024E6941D800][0000024E60A6C140 49] Android_Adreno6xx, [0000024E693C5200][0000024E60A762C0 49] Android_Adreno6xx_Vulkan, [0000024E6941FC00][0000024E60A8E440 49] Android_Mali_T6xx, [0000024E693C5100][0000024E60A925C0 49] Android_Mali_T7xx, [0000024E6941D600][0000024E67264740 49] Android_Mali_T8xx, [0000024E693C5E00][0000024E672688C0 49] Android_Mali_G71, [0000024E6941C500][0000024E60E8CA40 49] Android_Mali_G72, [0000024E693C4800][0000024E60E90BC0 49] Android_Mali_G72_Vulkan, [0000024E6941D300][0000024E60E94D40 49] Android_Mali_G76, [0000024E693C4100][0000024E60A48E80 49] Android_Mali_G76_Vulkan, [0000024E6941DF00][0000024E60E98FC0 49] Android_Mali_G77, [0000024E693C5000][0000024E60AF1100 49] Android_Mali_G77_Vulkan, [0000024E6941CA00][0000024E60AF9280 49] Android_Mali_G78, [0000024E693C6C00][0000024E60AFD400 49] Android_Mali_G78_Vulkan, [0000024E6941F600][0000024E60AE7580 49] Android_Mali_G710, [0000024E693C6A00][0000024E67789700 49] Android_Mali_G710_Vulkan, [0000024E6941FF00][0000024E60B01880 49] Android_Vulkan_SM5, [0000024E693C7B00][0000024E6035BA00 49] Android_PowerVR_G6xxx, [0000024E6941FB00][0000024E66845B80 49] Android_PowerVR_GT7xxx, [0000024E693C7900][0000024E66848180 49] Android_PowerVR_GE8xxx, [0000024E6941CC00][0000024E6684C300 49] Android_PowerVR_GM9xxx, [0000024E693C6700][0000024E66850480 49] Android_PowerVR_GM9xxx_Vulkan, [0000024E6941E700][0000024E66854600 49] Android_TegraK1, [0000024E693C4900][0000024E66858780 49] Android_Unknown_Vulkan, [0000024E6941DD00][0000024E6685C900 49] Lumin, [0000024E693C4500][0000024E6709EA80 49] Lumin_Desktop, [0000024E6941F300][0000024E6705CC00 49] HoloLens, 
[2023.04.02-16.49.17:257][  0]LogMeshReduction: Using QuadricMeshReduction for automatic static mesh reduction
[2023.04.02-16.49.17:257][  0]LogMeshReduction: Using SimplygonMeshReduction for automatic skeletal mesh reduction
[2023.04.02-16.49.17:257][  0]LogMeshReduction: Using ProxyLODMeshReduction for automatic mesh merging
[2023.04.02-16.49.17:257][  0]LogMeshReduction: No distributed automatic mesh merging module available
[2023.04.02-16.49.17:257][  0]LogMeshMerging: No distributed automatic mesh merging module available
[2023.04.02-16.49.17:267][  0]LogNetVersion: Rogue 1.0.0, NetCL: 17155196, EngineNetVer: 17, GameNetVer: 0 (Checksum: 1113035870)
[2023.04.02-16.49.17:526][  0]LogTexture: Default maximum texture size for cubemaps generated from long-lat sources has been changed from 512 to unlimited. In order to preserve old behaiour for '/Engine/MapTemplates/Sky/DaylightAmbientCubemap.DaylightAmbientCubemap', its maximum texture size has been explicitly set to 512.
[2023.04.02-16.49.17:563][  0]LogHMD: PokeAHoleMaterial loaded successfully
[2023.04.02-16.49.17:568][  0]LogUObjectArray: 17178 objects as part of root set at end of initial load.
[2023.04.02-16.49.17:568][  0]LogUObjectAllocator: 4302048 out of 0 bytes used by permanent object pool.
[2023.04.02-16.49.17:568][  0]LogUObjectArray: CloseDisregardForGC: 0/0 objects in disregard for GC pool
[2023.04.02-16.49.17:753][  0]LogNiagaraDebuggerClient: Niagara Debugger Client Initialized | Session: 88ECBD9E4715C5A23EB1B482C46279D9 | Instance: 73425C5D4E98A97B4E20BBABB3598214 (DESKTOP-MRNVIKS-16912).
[2023.04.02-16.49.17:778][  0]LogPython: Using Python 3.7.7
[2023.04.02-16.49.18:190][  0]LogTcpMessaging: Initializing TcpMessaging bridge
[2023.04.02-16.49.18:194][  0]LogUdpMessaging: Initializing bridge on interface 0.0.0.0:0 to multicast group 230.0.0.1:6666.
[2023.04.02-16.49.18:319][  0]SourceControl: Source control is disabled
[2023.04.02-16.49.18:319][  0]SourceControl: Source control is disabled
[2023.04.02-16.49.18:321][  0]SourceControl: Source control is disabled
[2023.04.02-16.49.18:325][  0]SourceControl: Source control is disabled
[2023.04.02-16.49.18:329][  0]SourceControl: Source control is disabled
[2023.04.02-16.49.18:333][  0]LogUProjectInfo: Found projects:
[2023.04.02-16.49.18:472][  0]LogOpenImageDenoise: OIDN starting up
[2023.04.02-16.49.18:500][  0]LogAndroidPermission: UAndroidPermissionCallbackProxy::GetInstance
[2023.04.02-16.49.18:515][  0]LogAudioCaptureCore: Display: No Audio Capture implementations found. Audio input will be silent.
[2023.04.02-16.49.18:515][  0]LogAudioCaptureCore: Display: No Audio Capture implementations found. Audio input will be silent.
[2023.04.02-16.49.18:595][  0]LogCollectionManager: Loaded 0 collections in 0.001207 seconds
[2023.04.02-16.49.18:612][  0]LogFileCache: Scanning file cache for directory 'C:/Users/pizh0/Documents/GitHub/Rogue2/Saved/Collections/' took 0.00s
[2023.04.02-16.49.18:612][  0]LogFileCache: Scanning file cache for directory 'C:/Users/pizh0/Documents/GitHub/Rogue2/Content/Developers/pizh0/Collections/' took 0.00s
[2023.04.02-16.49.18:612][  0]LogFileCache: Scanning file cache for directory 'C:/Users/pizh0/Documents/GitHub/Rogue2/Content/Collections/' took 0.00s
[2023.04.02-16.49.18:612][  0]LogOcInput: OculusInput pre-init called
[2023.04.02-16.49.18:774][  0]LogEngine: Initializing Engine...
[2023.04.02-16.49.18:780][  0]LogHMD: Failed to enumerate extensions. Please check that you have a valid OpenXR runtime installed.
[2023.04.02-16.49.18:780][  0]LogHMD: Failed to initialize OpenVR with code 110
[2023.04.02-16.49.18:781][  0]LogMagicLeap: Warning: VR disabled because ZI is not enabled.  To enable, in the editor, Edit -> Project Settings -> Plugins -> Magic Leap Plugin -> Enable Zero Iteration
[2023.04.02-16.49.18:781][  0]LogStats: UGameplayTagsManager::InitializeManager -  0.000 s
[2023.04.02-16.49.18:856][  0]LogInit: Initializing FReadOnlyCVARCache
[2023.04.02-16.49.18:865][  0]LogAIModule: Creating AISystem for world Untitled
[2023.04.02-16.49.18:870][  0]LogAudio: Display: Initializing Audio Device Manager...
[2023.04.02-16.49.18:873][  0]LogAudio: Display: Loading Default Audio Settings Objects...
[2023.04.02-16.49.18:873][  0]LogAudio: Display: No default SoundConcurrencyObject specified (or failed to load).
[2023.04.02-16.49.18:873][  0]LogAudio: Display: Audio Device Manager Initialized
[2023.04.02-16.49.18:873][  0]LogAudio: Display: Creating Audio Device:                 Id: 1, Scope: Shared, Realtime: True
[2023.04.02-16.49.18:873][  0]LogAudioMixer: Display: Audio Mixer Platform Settings:
[2023.04.02-16.49.18:874][  0]LogAudioMixer: Display: 	Sample Rate:						  48000
[2023.04.02-16.49.18:874][  0]LogAudioMixer: Display: 	Callback Buffer Frame Size Requested: 1024
[2023.04.02-16.49.18:874][  0]LogAudioMixer: Display: 	Callback Buffer Frame Size To Use:	  1024
[2023.04.02-16.49.18:874][  0]LogAudioMixer: Display: 	Number of buffers to queue:			  2
[2023.04.02-16.49.18:874][  0]LogAudioMixer: Display: 	Max Channels (voices):				  32
[2023.04.02-16.49.18:874][  0]LogAudioMixer: Display: 	Number of Async Source Workers:		  0
[2023.04.02-16.49.18:874][  0]LogAudio: Display: AudioDevice MaxSources: 32
[2023.04.02-16.49.18:874][  0]LogAudio: Display: Audio Spatialization Plugin: None (built-in).
[2023.04.02-16.49.18:874][  0]LogAudio: Display: Audio Reverb Plugin: None (built-in).
[2023.04.02-16.49.18:874][  0]LogAudio: Display: Audio Occlusion Plugin: None (built-in).
[2023.04.02-16.49.18:874][  0]LogAudioMixer: Display: Initializing audio mixer.
[2023.04.02-16.49.18:882][  0]LogAudioMixer: Display: 0: FrontLeft
[2023.04.02-16.49.18:882][  0]LogAudioMixer: Display: 1: FrontRight
[2023.04.02-16.49.18:897][  0]LogAudioMixer: Display: Using Audio Device Динамики (Realtek High Definition Audio)
[2023.04.02-16.49.18:898][  0]LogAudioMixer: Display: Initializing Sound Submixes...
[2023.04.02-16.49.18:899][  0]LogAudioMixer: Display: Creating Master Submix 'MasterSubmixDefault'
[2023.04.02-16.49.18:899][  0]LogAudioMixer: Display: Creating Master Submix 'MasterReverbSubmixDefault'
[2023.04.02-16.49.18:900][  0]LogAudioMixer: Display: Creating Master Submix 'MasterEQSubmixDefault'
[2023.04.02-16.49.18:900][  0]LogAudioMixer: FMixerPlatformXAudio2::StartAudioStream() called
[2023.04.02-16.49.18:900][  0]LogAudioMixer: Display: Output buffers initialized: Frames=1024, Channels=2, Samples=2048
[2023.04.02-16.49.18:900][  0]LogAudioMixer: Display: Starting AudioMixerPlatformInterface::RunInternal()
[2023.04.02-16.49.18:900][  0]LogAudioMixer: Display: FMixerPlatformXAudio2::SubmitBuffer() called for the first time
[2023.04.02-16.49.18:900][  0]LogInit: FAudioDevice initialized.
[2023.04.02-16.49.18:901][  0]LogAudio: Display: Audio Device (ID: 1) registered with world 'Untitled'.
[2023.04.02-16.49.18:901][  0]LogNetVersion: Set ProjectVersion to 1.0.0.0. Version Checksum will be recalculated on next use.
[2023.04.02-16.49.18:936][  0]LogDerivedDataCache: Saved boot cache 0.04s 94MB C:/Users/pizh0/AppData/Local/UnrealEngine/4.27/DerivedDataCache/Boot.ddc.
[2023.04.02-16.49.18:937][  0]LogInit: Texture streaming: Enabled
[2023.04.02-16.49.18:945][  0]LogAnalytics: Display: [UEEditor.Rocket.Release] APIServer = https://datarouter.ol.epicgames.com/. AppVersion = 4.27.2-18319896+++UE4+Release-4.27
[2023.04.02-16.49.18:947][  0]LogEngineSessionManager: EngineSessionManager initialized
[2023.04.02-16.49.18:947][  0]LogEditorSessionSummary: Verbose: Initializing EditorSessionSummaryWriter for editor session tracking
[2023.04.02-16.49.18:948][  0]LogEditorSessionSummary: EditorSessionSummaryWriter initialized
[2023.04.02-16.49.18:968][  0]LogInit: Transaction tracking system initialized
[2023.04.02-16.49.18:982][  0]BlueprintLog: New page: Editor Load
[2023.04.02-16.49.19:021][  0]LocalizationService: Localization service is disabled
[2023.04.02-16.49.19:037][  0]TimingProfiler: Initialize
[2023.04.02-16.49.19:038][  0]TimingProfiler: OnSessionChanged
[2023.04.02-16.49.19:038][  0]LoadingProfiler: Initialize
[2023.04.02-16.49.19:038][  0]LoadingProfiler: OnSessionChanged
[2023.04.02-16.49.19:038][  0]NetworkingProfiler: Initialize
[2023.04.02-16.49.19:038][  0]NetworkingProfiler: OnSessionChanged
[2023.04.02-16.49.19:038][  0]MemoryProfiler: Initialize
[2023.04.02-16.49.19:038][  0]MemoryProfiler: OnSessionChanged
[2023.04.02-16.49.19:133][  0]LogCook: Display: CookSettings for Memory: MemoryMaxUsedVirtual 0MiB, MemoryMaxUsedPhysical 16384MiB, MemoryMinFreeVirtual 0MiB, MemoryMinFreePhysical 1024MiB
[2023.04.02-16.49.19:133][  0]LogCook: Display: Mobile HDR setting 1
[2023.04.02-16.49.19:169][  0]LogFileCache: Scanning file cache for directory 'C:/Users/pizh0/Documents/GitHub/Rogue2/Content/' took 0.00s
[2023.04.02-16.49.19:394][  0]LogInit: Display: Engine is initialized. Leaving FEngineLoop::Init()
[2023.04.02-16.49.19:396][  0]SourceControl: Source control is disabled
[2023.04.02-16.49.19:396][  0]LogUnrealEdMisc: Loading editor; pre map load, took 4.503
[2023.04.02-16.49.19:396][  0]Cmd: MAP LOAD FILE="../../../../../../Users/pizh0/Documents/GitHub/Rogue2/Content/StarterContent/Maps/Minimal_Default.umap" TEMPLATE=0 SHOWPROGRESS=1 FEATURELEVEL=3
[2023.04.02-16.49.19:396][  0]LightingResults: New page: Lighting Build
[2023.04.02-16.49.19:397][  0]LogWorld: UWorld::CleanupWorld for Untitled, bSessionEnded=true, bCleanupResources=true
[2023.04.02-16.49.19:397][  0]LogSlate: InvalidateAllWidgets triggered.  All widgets were invalidated
[2023.04.02-16.49.19:397][  0]MapCheck: New page: Map Check
[2023.04.02-16.49.19:397][  0]LightingResults: New page: Lighting Build
[2023.04.02-16.49.19:400][  0]LogAudio: Display: Audio Device unregistered from world 'None'.
[2023.04.02-16.49.19:403][  0]LogUObjectHash: Compacting FUObjectHashTables data took   0.62ms
[2023.04.02-16.49.19:812][  0]LogLinker: Warning: Asset '../../../../../../Users/pizh0/Documents/GitHub/Rogue2/Content/Materials/PP_Outliner_M.uasset' has been saved with empty engine version. The asset will be loaded but may be incompatible.
[2023.04.02-16.49.19:813][  0]LogLinker: Warning: Asset '../../../../../../Users/pizh0/Documents/GitHub/Rogue2/Content/Materials/MF_ConvolveTexture.uasset' has been saved with empty engine version. The asset will be loaded but may be incompatible.
[2023.04.02-16.49.19:814][  0]LogLinker: Warning: Asset '../../../../../../Users/pizh0/Documents/GitHub/Rogue2/Content/Materials/MF_ExtractDepth.uasset' has been saved with empty engine version. The asset will be loaded but may be incompatible.
[2023.04.02-16.49.19:814][  0]LogLinker: Warning: Asset '../../../../../../Users/pizh0/Documents/GitHub/Rogue2/Content/Materials/MF_SampleSceneTextureNeighbourUVs.uasset' has been saved with empty engine version. The asset will be loaded but may be incompatible.
[2023.04.02-16.49.20:165][  0]LogAudio: Display: Audio Device (ID: 1) registered with world 'Minimal_Default'.
[2023.04.02-16.49.20:166][  0]LogAIModule: Creating AISystem for world Minimal_Default
[2023.04.02-16.49.20:226][  0]LogEditorServer: Finished looking for orphan Actors (0.000 secs)
[2023.04.02-16.49.20:239][  0]LogUObjectHash: Compacting FUObjectHashTables data took   0.90ms
[2023.04.02-16.49.20:239][  0]Cmd: MAP CHECKDEP NOCLEARLOG
[2023.04.02-16.49.20:239][  0]MapCheck: Map check complete: 0 Error(s), 0 Warning(s), took 0,104ms to complete.
[2023.04.02-16.49.20:239][  0]LogFileHelpers: Loading map 'Minimal_Default' took 0.843
[2023.04.02-16.49.20:240][  0]LogUnrealEdMisc: Total Editor Startup Time, took 5.346
[2023.04.02-16.49.20:353][  0]LogSlate: Updating window title bar state: overlay mode, drag disabled, window buttons hidden, title bar hidden
[2023.04.02-16.49.20:357][  0]LogSlate: Updating window title bar state: overlay mode, drag disabled, window buttons hidden, title bar hidden
[2023.04.02-16.49.20:361][  0]LogSlate: Updating window title bar state: overlay mode, drag disabled, window buttons hidden, title bar hidden
[2023.04.02-16.49.20:365][  0]LogSlate: Updating window title bar state: overlay mode, drag disabled, window buttons hidden, title bar hidden
[2023.04.02-16.49.20:386][  0]LogNativeClassHierarchy: Verbose: Native class hierarchy populated in 0.0073 seconds. Added 3831 classes and 933 folders.
[2023.04.02-16.49.20:390][  0]LogNativeClassHierarchy: Verbose: Native class hierarchy updated for 'WidgetCarousel' in 0.0002 seconds. Added 0 classes and 0 folders.
[2023.04.02-16.49.20:394][  0]LogPakFile: PakFile PrimaryIndexSize=187
[2023.04.02-16.49.20:394][  0]LogPakFile: PakFile PathHashIndexSize=101
[2023.04.02-16.49.20:394][  0]LogPakFile: PakFile FullDirectoryIndexSize=148
[2023.04.02-16.49.20:394][  0]LogShaderLibrary: Display: ShaderCodeLibraryPakFileMountedCallback: PakFile 'C:/Program Files/Epic Games/UE_4.27/FeaturePacks/FP_FirstPerson.upack' (chunk index -1, root 'root:/') mounted
[2023.04.02-16.49.20:394][  0]LogShaderLibrary: Display: ShaderCodeLibraryPakFileMountedCallback: pending pak file info (ChunkID:-1 Root:root:/ File:C:/Program Files/Epic Games/UE_4.27/FeaturePacks/FP_FirstPerson.upack)
[2023.04.02-16.49.20:394][  0]LogPakFile: OnPakFileMounted2Time == 0.000177
[2023.04.02-16.49.20:396][  0]LogPakFile: PakFile PrimaryIndexSize=189
[2023.04.02-16.49.20:396][  0]LogPakFile: PakFile PathHashIndexSize=101
[2023.04.02-16.49.20:396][  0]LogPakFile: PakFile FullDirectoryIndexSize=152
[2023.04.02-16.49.20:396][  0]LogShaderLibrary: Display: ShaderCodeLibraryPakFileMountedCallback: PakFile 'C:/Program Files/Epic Games/UE_4.27/FeaturePacks/FP_FirstPersonBP.upack' (chunk index -1, root 'root:/') mounted
[2023.04.02-16.49.20:396][  0]LogShaderLibrary: Display: ShaderCodeLibraryPakFileMountedCallback: pending pak file info (ChunkID:-1 Root:root:/ File:C:/Program Files/Epic Games/UE_4.27/FeaturePacks/FP_FirstPersonBP.upack)
[2023.04.02-16.49.20:396][  0]LogPakFile: OnPakFileMounted2Time == 0.000028
[2023.04.02-16.49.20:397][  0]LogPakFile: PakFile PrimaryIndexSize=191
[2023.04.02-16.49.20:397][  0]LogPakFile: PakFile PathHashIndexSize=101
[2023.04.02-16.49.20:397][  0]LogPakFile: PakFile FullDirectoryIndexSize=160
[2023.04.02-16.49.20:397][  0]LogShaderLibrary: Display: ShaderCodeLibraryPakFileMountedCallback: PakFile 'C:/Program Files/Epic Games/UE_4.27/FeaturePacks/MobileStarterContent.upack' (chunk index -1, root 'root:/') mounted
[2023.04.02-16.49.20:397][  0]LogShaderLibrary: Display: ShaderCodeLibraryPakFileMountedCallback: pending pak file info (ChunkID:-1 Root:root:/ File:C:/Program Files/Epic Games/UE_4.27/FeaturePacks/MobileStarterContent.upack)
[2023.04.02-16.49.20:397][  0]LogPakFile: OnPakFileMounted2Time == 0.000024
[2023.04.02-16.49.20:398][  0]LogPakFile: PakFile PrimaryIndexSize=185
[2023.04.02-16.49.20:398][  0]LogPakFile: PakFile PathHashIndexSize=101
[2023.04.02-16.49.20:398][  0]LogPakFile: PakFile FullDirectoryIndexSize=148
[2023.04.02-16.49.20:398][  0]LogShaderLibrary: Display: ShaderCodeLibraryPakFileMountedCallback: PakFile 'C:/Program Files/Epic Games/UE_4.27/FeaturePacks/StarterContent.upack' (chunk index -1, root 'root:/') mounted
[2023.04.02-16.49.20:398][  0]LogShaderLibrary: Display: ShaderCodeLibraryPakFileMountedCallback: pending pak file info (ChunkID:-1 Root:root:/ File:C:/Program Files/Epic Games/UE_4.27/FeaturePacks/StarterContent.upack)
[2023.04.02-16.49.20:398][  0]LogPakFile: OnPakFileMounted2Time == 0.000024
[2023.04.02-16.49.20:399][  0]LogPakFile: PakFile PrimaryIndexSize=190
[2023.04.02-16.49.20:399][  0]LogPakFile: PakFile PathHashIndexSize=101
[2023.04.02-16.49.20:399][  0]LogPakFile: PakFile FullDirectoryIndexSize=154
[2023.04.02-16.49.20:399][  0]LogShaderLibrary: Display: ShaderCodeLibraryPakFileMountedCallback: PakFile 'C:/Program Files/Epic Games/UE_4.27/FeaturePacks/TP_2DSideScroller.upack' (chunk index -1, root 'root:/') mounted
[2023.04.02-16.49.20:399][  0]LogShaderLibrary: Display: ShaderCodeLibraryPakFileMountedCallback: pending pak file info (ChunkID:-1 Root:root:/ File:C:/Program Files/Epic Games/UE_4.27/FeaturePacks/TP_2DSideScroller.upack)
[2023.04.02-16.49.20:399][  0]LogPakFile: OnPakFileMounted2Time == 0.000026
[2023.04.02-16.49.20:400][  0]LogPakFile: PakFile PrimaryIndexSize=192
[2023.04.02-16.49.20:400][  0]LogPakFile: PakFile PathHashIndexSize=101
[2023.04.02-16.49.20:400][  0]LogPakFile: PakFile FullDirectoryIndexSize=158
[2023.04.02-16.49.20:400][  0]LogShaderLibrary: Display: ShaderCodeLibraryPakFileMountedCallback: PakFile 'C:/Program Files/Epic Games/UE_4.27/FeaturePacks/TP_2DSideScrollerBP.upack' (chunk index -1, root 'root:/') mounted
[2023.04.02-16.49.20:400][  0]LogShaderLibrary: Display: ShaderCodeLibraryPakFileMountedCallback: pending pak file info (ChunkID:-1 Root:root:/ File:C:/Program Files/Epic Games/UE_4.27/FeaturePacks/TP_2DSideScrollerBP.upack)
[2023.04.02-16.49.20:400][  0]LogPakFile: OnPakFileMounted2Time == 0.000023
[2023.04.02-16.49.20:401][  0]LogPakFile: PakFile PrimaryIndexSize=182
[2023.04.02-16.49.20:401][  0]LogPakFile: PakFile PathHashIndexSize=101
[2023.04.02-16.49.20:401][  0]LogPakFile: PakFile FullDirectoryIndexSize=138
[2023.04.02-16.49.20:401][  0]LogShaderLibrary: Display: ShaderCodeLibraryPakFileMountedCallback: PakFile 'C:/Program Files/Epic Games/UE_4.27/FeaturePacks/TP_Flying.upack' (chunk index -1, root 'root:/') mounted
[2023.04.02-16.49.20:401][  0]LogShaderLibrary: Display: ShaderCodeLibraryPakFileMountedCallback: pending pak file info (ChunkID:-1 Root:root:/ File:C:/Program Files/Epic Games/UE_4.27/FeaturePacks/TP_Flying.upack)
[2023.04.02-16.49.20:401][  0]LogPakFile: OnPakFileMounted2Time == 0.000023
[2023.04.02-16.49.20:402][  0]LogPakFile: PakFile PrimaryIndexSize=184
[2023.04.02-16.49.20:402][  0]LogPakFile: PakFile PathHashIndexSize=101
[2023.04.02-16.49.20:402][  0]LogPakFile: PakFile FullDirectoryIndexSize=142
[2023.04.02-16.49.20:402][  0]LogShaderLibrary: Display: ShaderCodeLibraryPakFileMountedCallback: PakFile 'C:/Program Files/Epic Games/UE_4.27/FeaturePacks/TP_FlyingBP.upack' (chunk index -1, root 'root:/') mounted
[2023.04.02-16.49.20:402][  0]LogShaderLibrary: Display: ShaderCodeLibraryPakFileMountedCallback: pending pak file info (ChunkID:-1 Root:root:/ File:C:/Program Files/Epic Games/UE_4.27/FeaturePacks/TP_FlyingBP.upack)
[2023.04.02-16.49.20:402][  0]LogPakFile: OnPakFileMounted2Time == 0.000023
[2023.04.02-16.49.20:403][  0]LogPakFile: PakFile PrimaryIndexSize=188
[2023.04.02-16.49.20:403][  0]LogPakFile: PakFile PathHashIndexSize=101
[2023.04.02-16.49.20:403][  0]LogPakFile: PakFile FullDirectoryIndexSize=150
[2023.04.02-16.49.20:403][  0]LogShaderLibrary: Display: ShaderCodeLibraryPakFileMountedCallback: PakFile 'C:/Program Files/Epic Games/UE_4.27/FeaturePacks/TP_HandheldARBP.upack' (chunk index -1, root 'root:/') mounted
[2023.04.02-16.49.20:403][  0]LogShaderLibrary: Display: ShaderCodeLibraryPakFileMountedCallback: pending pak file info (ChunkID:-1 Root:root:/ File:C:/Program Files/Epic Games/UE_4.27/FeaturePacks/TP_HandheldARBP.upack)
[2023.04.02-16.49.20:403][  0]LogPakFile: OnPakFileMounted2Time == 0.000023
[2023.04.02-16.49.20:405][  0]LogPakFile: PakFile PrimaryIndexSize=182
[2023.04.02-16.49.20:405][  0]LogPakFile: PakFile PathHashIndexSize=101
[2023.04.02-16.49.20:405][  0]LogPakFile: PakFile FullDirectoryIndexSize=138
[2023.04.02-16.49.20:405][  0]LogShaderLibrary: Display: ShaderCodeLibraryPakFileMountedCallback: PakFile 'C:/Program Files/Epic Games/UE_4.27/FeaturePacks/TP_Puzzle.upack' (chunk index -1, root 'root:/') mounted
[2023.04.02-16.49.20:405][  0]LogShaderLibrary: Display: ShaderCodeLibraryPakFileMountedCallback: pending pak file info (ChunkID:-1 Root:root:/ File:C:/Program Files/Epic Games/UE_4.27/FeaturePacks/TP_Puzzle.upack)
[2023.04.02-16.49.20:405][  0]LogPakFile: OnPakFileMounted2Time == 0.000026
[2023.04.02-16.49.20:406][  0]LogPakFile: PakFile PrimaryIndexSize=184
[2023.04.02-16.49.20:406][  0]LogPakFile: PakFile PathHashIndexSize=101
[2023.04.02-16.49.20:406][  0]LogPakFile: PakFile FullDirectoryIndexSize=142
[2023.04.02-16.49.20:406][  0]LogShaderLibrary: Display: ShaderCodeLibraryPakFileMountedCallback: PakFile 'C:/Program Files/Epic Games/UE_4.27/FeaturePacks/TP_PuzzleBP.upack' (chunk index -1, root 'root:/') mounted
[2023.04.02-16.49.20:406][  0]LogShaderLibrary: Display: ShaderCodeLibraryPakFileMountedCallback: pending pak file info (ChunkID:-1 Root:root:/ File:C:/Program Files/Epic Games/UE_4.27/FeaturePacks/TP_PuzzleBP.upack)
[2023.04.02-16.49.20:406][  0]LogPakFile: OnPakFileMounted2Time == 0.000023
[2023.04.02-16.49.20:406][  0]LogPakFile: PakFile PrimaryIndexSize=183
[2023.04.02-16.49.20:406][  0]LogPakFile: PakFile PathHashIndexSize=101
[2023.04.02-16.49.20:406][  0]LogPakFile: PakFile FullDirectoryIndexSize=140
[2023.04.02-16.49.20:407][  0]LogShaderLibrary: Display: ShaderCodeLibraryPakFileMountedCallback: PakFile 'C:/Program Files/Epic Games/UE_4.27/FeaturePacks/TP_Rolling.upack' (chunk index -1, root 'root:/') mounted
[2023.04.02-16.49.20:407][  0]LogShaderLibrary: Display: ShaderCodeLibraryPakFileMountedCallback: pending pak file info (ChunkID:-1 Root:root:/ File:C:/Program Files/Epic Games/UE_4.27/FeaturePacks/TP_Rolling.upack)
[2023.04.02-16.49.20:407][  0]LogPakFile: OnPakFileMounted2Time == 0.000023
[2023.04.02-16.49.20:407][  0]LogPakFile: PakFile PrimaryIndexSize=185
[2023.04.02-16.49.20:407][  0]LogPakFile: PakFile PathHashIndexSize=101
[2023.04.02-16.49.20:407][  0]LogPakFile: PakFile FullDirectoryIndexSize=144
[2023.04.02-16.49.20:407][  0]LogShaderLibrary: Display: ShaderCodeLibraryPakFileMountedCallback: PakFile 'C:/Program Files/Epic Games/UE_4.27/FeaturePacks/TP_RollingBP.upack' (chunk index -1, root 'root:/') mounted
[2023.04.02-16.49.20:407][  0]LogShaderLibrary: Display: ShaderCodeLibraryPakFileMountedCallback: pending pak file info (ChunkID:-1 Root:root:/ File:C:/Program Files/Epic Games/UE_4.27/FeaturePacks/TP_RollingBP.upack)
[2023.04.02-16.49.20:408][  0]LogPakFile: OnPakFileMounted2Time == 0.000023
[2023.04.02-16.49.20:409][  0]LogPakFile: PakFile PrimaryIndexSize=188
[2023.04.02-16.49.20:409][  0]LogPakFile: PakFile PathHashIndexSize=101
[2023.04.02-16.49.20:409][  0]LogPakFile: PakFile FullDirectoryIndexSize=150
[2023.04.02-16.49.20:409][  0]LogShaderLibrary: Display: ShaderCodeLibraryPakFileMountedCallback: PakFile 'C:/Program Files/Epic Games/UE_4.27/FeaturePacks/TP_SideScroller.upack' (chunk index -1, root 'root:/') mounted
[2023.04.02-16.49.20:409][  0]LogShaderLibrary: Display: ShaderCodeLibraryPakFileMountedCallback: pending pak file info (ChunkID:-1 Root:root:/ File:C:/Program Files/Epic Games/UE_4.27/FeaturePacks/TP_SideScroller.upack)
[2023.04.02-16.49.20:409][  0]LogPakFile: OnPakFileMounted2Time == 0.000023
[2023.04.02-16.49.20:410][  0]LogPakFile: PakFile PrimaryIndexSize=190
[2023.04.02-16.49.20:410][  0]LogPakFile: PakFile PathHashIndexSize=101
[2023.04.02-16.49.20:410][  0]LogPakFile: PakFile FullDirectoryIndexSize=154
[2023.04.02-16.49.20:410][  0]LogShaderLibrary: Display: ShaderCodeLibraryPakFileMountedCallback: PakFile 'C:/Program Files/Epic Games/UE_4.27/FeaturePacks/TP_SideScrollerBP.upack' (chunk index -1, root 'root:/') mounted
[2023.04.02-16.49.20:410][  0]LogShaderLibrary: Display: ShaderCodeLibraryPakFileMountedCallback: pending pak file info (ChunkID:-1 Root:root:/ File:C:/Program Files/Epic Games/UE_4.27/FeaturePacks/TP_SideScrollerBP.upack)
[2023.04.02-16.49.20:410][  0]LogPakFile: OnPakFileMounted2Time == 0.000022
[2023.04.02-16.49.20:411][  0]LogPakFile: PakFile PrimaryIndexSize=187
[2023.04.02-16.49.20:411][  0]LogPakFile: PakFile PathHashIndexSize=101
[2023.04.02-16.49.20:411][  0]LogPakFile: PakFile FullDirectoryIndexSize=148
[2023.04.02-16.49.20:411][  0]LogShaderLibrary: Display: ShaderCodeLibraryPakFileMountedCallback: PakFile 'C:/Program Files/Epic Games/UE_4.27/FeaturePacks/TP_ThirdPerson.upack' (chunk index -1, root 'root:/') mounted
[2023.04.02-16.49.20:411][  0]LogShaderLibrary: Display: ShaderCodeLibraryPakFileMountedCallback: pending pak file info (ChunkID:-1 Root:root:/ File:C:/Program Files/Epic Games/UE_4.27/FeaturePacks/TP_ThirdPerson.upack)
[2023.04.02-16.49.20:411][  0]LogPakFile: OnPakFileMounted2Time == 0.000029
[2023.04.02-16.49.20:412][  0]LogPakFile: PakFile PrimaryIndexSize=189
[2023.04.02-16.49.20:412][  0]LogPakFile: PakFile PathHashIndexSize=101
[2023.04.02-16.49.20:412][  0]LogPakFile: PakFile FullDirectoryIndexSize=152
[2023.04.02-16.49.20:412][  0]LogShaderLibrary: Display: ShaderCodeLibraryPakFileMountedCallback: PakFile 'C:/Program Files/Epic Games/UE_4.27/FeaturePacks/TP_ThirdPersonBP.upack' (chunk index -1, root 'root:/') mounted
[2023.04.02-16.49.20:412][  0]LogShaderLibrary: Display: ShaderCodeLibraryPakFileMountedCallback: pending pak file info (ChunkID:-1 Root:root:/ File:C:/Program Files/Epic Games/UE_4.27/FeaturePacks/TP_ThirdPersonBP.upack)
[2023.04.02-16.49.20:412][  0]LogPakFile: OnPakFileMounted2Time == 0.000022
[2023.04.02-16.49.20:413][  0]LogPakFile: PakFile PrimaryIndexSize=183
[2023.04.02-16.49.20:413][  0]LogPakFile: PakFile PathHashIndexSize=101
[2023.04.02-16.49.20:413][  0]LogPakFile: PakFile FullDirectoryIndexSize=140
[2023.04.02-16.49.20:413][  0]LogShaderLibrary: Display: ShaderCodeLibraryPakFileMountedCallback: PakFile 'C:/Program Files/Epic Games/UE_4.27/FeaturePacks/TP_TopDown.upack' (chunk index -1, root 'root:/') mounted
[2023.04.02-16.49.20:413][  0]LogShaderLibrary: Display: ShaderCodeLibraryPakFileMountedCallback: pending pak file info (ChunkID:-1 Root:root:/ File:C:/Program Files/Epic Games/UE_4.27/FeaturePacks/TP_TopDown.upack)
[2023.04.02-16.49.20:413][  0]LogPakFile: OnPakFileMounted2Time == 0.000028
[2023.04.02-16.49.20:414][  0]LogPakFile: PakFile PrimaryIndexSize=185
[2023.04.02-16.49.20:414][  0]LogPakFile: PakFile PathHashIndexSize=101
[2023.04.02-16.49.20:414][  0]LogPakFile: PakFile FullDirectoryIndexSize=144
[2023.04.02-16.49.20:414][  0]LogShaderLibrary: Display: ShaderCodeLibraryPakFileMountedCallback: PakFile 'C:/Program Files/Epic Games/UE_4.27/FeaturePacks/TP_TopDownBP.upack' (chunk index -1, root 'root:/') mounted
[2023.04.02-16.49.20:414][  0]LogShaderLibrary: Display: ShaderCodeLibraryPakFileMountedCallback: pending pak file info (ChunkID:-1 Root:root:/ File:C:/Program Files/Epic Games/UE_4.27/FeaturePacks/TP_TopDownBP.upack)
[2023.04.02-16.49.20:414][  0]LogPakFile: OnPakFileMounted2Time == 0.000022
[2023.04.02-16.49.20:415][  0]LogPakFile: PakFile PrimaryIndexSize=185
[2023.04.02-16.49.20:415][  0]LogPakFile: PakFile PathHashIndexSize=101
[2023.04.02-16.49.20:415][  0]LogPakFile: PakFile FullDirectoryIndexSize=144
[2023.04.02-16.49.20:415][  0]LogShaderLibrary: Display: ShaderCodeLibraryPakFileMountedCallback: PakFile 'C:/Program Files/Epic Games/UE_4.27/FeaturePacks/TP_TwinStick.upack' (chunk index -1, root 'root:/') mounted
[2023.04.02-16.49.20:415][  0]LogShaderLibrary: Display: ShaderCodeLibraryPakFileMountedCallback: pending pak file info (ChunkID:-1 Root:root:/ File:C:/Program Files/Epic Games/UE_4.27/FeaturePacks/TP_TwinStick.upack)
[2023.04.02-16.49.20:415][  0]LogPakFile: OnPakFileMounted2Time == 0.000023
[2023.04.02-16.49.20:415][  0]LogPakFile: PakFile PrimaryIndexSize=187
[2023.04.02-16.49.20:415][  0]LogPakFile: PakFile PathHashIndexSize=101
[2023.04.02-16.49.20:415][  0]LogPakFile: PakFile FullDirectoryIndexSize=148
[2023.04.02-16.49.20:415][  0]LogShaderLibrary: Display: ShaderCodeLibraryPakFileMountedCallback: PakFile 'C:/Program Files/Epic Games/UE_4.27/FeaturePacks/TP_TwinStickBP.upack' (chunk index -1, root 'root:/') mounted
[2023.04.02-16.49.20:416][  0]LogShaderLibrary: Display: ShaderCodeLibraryPakFileMountedCallback: pending pak file info (ChunkID:-1 Root:root:/ File:C:/Program Files/Epic Games/UE_4.27/FeaturePacks/TP_TwinStickBP.upack)
[2023.04.02-16.49.20:416][  0]LogPakFile: OnPakFileMounted2Time == 0.000025
[2023.04.02-16.49.20:417][  0]LogPakFile: PakFile PrimaryIndexSize=183
[2023.04.02-16.49.20:417][  0]LogPakFile: PakFile PathHashIndexSize=101
[2023.04.02-16.49.20:417][  0]LogPakFile: PakFile FullDirectoryIndexSize=140
[2023.04.02-16.49.20:417][  0]LogShaderLibrary: Display: ShaderCodeLibraryPakFileMountedCallback: PakFile 'C:/Program Files/Epic Games/UE_4.27/FeaturePacks/TP_Vehicle.upack' (chunk index -1, root 'root:/') mounted
[2023.04.02-16.49.20:417][  0]LogShaderLibrary: Display: ShaderCodeLibraryPakFileMountedCallback: pending pak file info (ChunkID:-1 Root:root:/ File:C:/Program Files/Epic Games/UE_4.27/FeaturePacks/TP_Vehicle.upack)
[2023.04.02-16.49.20:417][  0]LogPakFile: OnPakFileMounted2Time == 0.000022
[2023.04.02-16.49.20:418][  0]LogPakFile: PakFile PrimaryIndexSize=186
[2023.04.02-16.49.20:418][  0]LogPakFile: PakFile PathHashIndexSize=101
[2023.04.02-16.49.20:418][  0]LogPakFile: PakFile FullDirectoryIndexSize=146
[2023.04.02-16.49.20:418][  0]LogShaderLibrary: Display: ShaderCodeLibraryPakFileMountedCallback: PakFile 'C:/Program Files/Epic Games/UE_4.27/FeaturePacks/TP_VehicleAdv.upack' (chunk index -1, root 'root:/') mounted
[2023.04.02-16.49.20:418][  0]LogShaderLibrary: Display: ShaderCodeLibraryPakFileMountedCallback: pending pak file info (ChunkID:-1 Root:root:/ File:C:/Program Files/Epic Games/UE_4.27/FeaturePacks/TP_VehicleAdv.upack)
[2023.04.02-16.49.20:418][  0]LogPakFile: OnPakFileMounted2Time == 0.000029
[2023.04.02-16.49.20:419][  0]LogPakFile: PakFile PrimaryIndexSize=188
[2023.04.02-16.49.20:419][  0]LogPakFile: PakFile PathHashIndexSize=101
[2023.04.02-16.49.20:419][  0]LogPakFile: PakFile FullDirectoryIndexSize=150
[2023.04.02-16.49.20:419][  0]LogShaderLibrary: Display: ShaderCodeLibraryPakFileMountedCallback: PakFile 'C:/Program Files/Epic Games/UE_4.27/FeaturePacks/TP_VehicleAdvBP.upack' (chunk index -1, root 'root:/') mounted
[2023.04.02-16.49.20:419][  0]LogShaderLibrary: Display: ShaderCodeLibraryPakFileMountedCallback: pending pak file info (ChunkID:-1 Root:root:/ File:C:/Program Files/Epic Games/UE_4.27/FeaturePacks/TP_VehicleAdvBP.upack)
[2023.04.02-16.49.20:419][  0]LogPakFile: OnPakFileMounted2Time == 0.000023
[2023.04.02-16.49.20:420][  0]LogPakFile: PakFile PrimaryIndexSize=185
[2023.04.02-16.49.20:420][  0]LogPakFile: PakFile PathHashIndexSize=101
[2023.04.02-16.49.20:420][  0]LogPakFile: PakFile FullDirectoryIndexSize=144
[2023.04.02-16.49.20:420][  0]LogShaderLibrary: Display: ShaderCodeLibraryPakFileMountedCallback: PakFile 'C:/Program Files/Epic Games/UE_4.27/FeaturePacks/TP_VehicleBP.upack' (chunk index -1, root 'root:/') mounted
[2023.04.02-16.49.20:420][  0]LogShaderLibrary: Display: ShaderCodeLibraryPakFileMountedCallback: pending pak file info (ChunkID:-1 Root:root:/ File:C:/Program Files/Epic Games/UE_4.27/FeaturePacks/TP_VehicleBP.upack)
[2023.04.02-16.49.20:420][  0]LogPakFile: OnPakFileMounted2Time == 0.000023
[2023.04.02-16.49.20:421][  0]LogPakFile: PakFile PrimaryIndexSize=192
[2023.04.02-16.49.20:421][  0]LogPakFile: PakFile PathHashIndexSize=101
[2023.04.02-16.49.20:421][  0]LogPakFile: PakFile FullDirectoryIndexSize=158
[2023.04.02-16.49.20:421][  0]LogShaderLibrary: Display: ShaderCodeLibraryPakFileMountedCallback: PakFile 'C:/Program Files/Epic Games/UE_4.27/FeaturePacks/TP_VirtualRealityBP.upack' (chunk index -1, root 'root:/') mounted
[2023.04.02-16.49.20:421][  0]LogShaderLibrary: Display: ShaderCodeLibraryPakFileMountedCallback: pending pak file info (ChunkID:-1 Root:root:/ File:C:/Program Files/Epic Games/UE_4.27/FeaturePacks/TP_VirtualRealityBP.upack)
[2023.04.02-16.49.20:421][  0]LogPakFile: OnPakFileMounted2Time == 0.000023
[2023.04.02-16.49.20:508][  0]LogNativeClassHierarchy: Verbose: Native class hierarchy updated for 'AddContentDialog' in 0.0002 seconds. Added 0 classes and 0 folders.
[2023.04.02-16.49.20:510][  0]LogNativeClassHierarchy: Verbose: Native class hierarchy updated for 'SceneOutliner' in 0.0002 seconds. Added 2 classes and 0 folders.
[2023.04.02-16.49.20:556][  0]LogSlate: Took 0.000086 seconds to synchronously load lazily loaded font '../../../Engine/Content/Slate/Fonts/Roboto-Regular.ttf' (155K)
[2023.04.02-16.49.20:557][  0]LogSlate: Took 0.000334 seconds to synchronously load lazily loaded font '../../../Engine/Content/Editor/Slate/Fonts/FontAwesome.ttf' (139K)
[2023.04.02-16.49.20:558][  0]LogSlate: Took 0.000075 seconds to synchronously load lazily loaded font '../../../Engine/Content/Slate/Fonts/Roboto-Bold.ttf' (160K)
[2023.04.02-16.49.20:623][  0]LogRenderer: Reallocating scene render targets to support 1160x572 Format 10 NumSamples 1 (Frame:1).
[2023.04.02-16.49.20:725][  0]LogNativeClassHierarchy: Verbose: Native class hierarchy updated for 'HierarchicalLODOutliner' in 0.0002 seconds. Added 0 classes and 0 folders.
[2023.04.02-16.49.20:725][  0]LogLoad: (Engine Initialization) Total time: 5.83 seconds
[2023.04.02-16.49.20:725][  0]LogLoad: (Engine Initialization) Total Blueprint compile time: 0.00 seconds
[2023.04.02-16.49.20:762][  0]LogAssetRegistry: Asset discovery search completed in 3.7576 seconds
[2023.04.02-16.49.20:766][  0]LogCollectionManager: Fixed up redirectors for 0 collections in 0.000003 seconds (updated 0 objects)
[2023.04.02-16.49.20:768][  0]LogContentStreaming: Texture pool size now 1000 MB
[2023.04.02-16.49.20:848][  6]LogSlate: Took 0.000426 seconds to synchronously load lazily loaded font '../../../Engine/Content/Slate/Fonts/Roboto-Light.ttf' (167K)
[2023.04.02-16.49.20:866][  7]LogMaterial: Display: Missing cached shadermap for Material_0 in PCD3D_SM5, Default, SM5 (DDC key hash: 9F08A3577370FC5833F55830B160EA95441DE29E), compiling. 
[2023.04.02-16.49.20:882][  8]LogShaderCompilers: Display: Submitted 2 shader compile jobs with 'ForceLocal' priority
[2023.04.02-16.49.20:888][  8]LogShaderCompilers: Display: Submitted 4 shader compile jobs with 'Normal' priority
[2023.04.02-16.49.20:891][  8]LogShaderCompilers: Display: Worker (1/9): shaders left to compile 2
[2023.04.02-16.49.20:891][  8]LogShaderCompilers: Display: Worker (2/9): shaders left to compile 1
[2023.04.02-16.49.20:891][  8]LogShaderCompilers: Display: Worker (3/9): shaders left to compile 4
[2023.04.02-16.49.20:891][  8]LogShaderCompilers: Display: Worker (4/9): shaders left to compile 3
[2023.04.02-16.49.20:891][  8]LogShaderCompilers: Display: Worker (5/9): shaders left to compile 2
[2023.04.02-16.49.20:891][  8]LogShaderCompilers: Display: Worker (6/9): shaders left to compile 1
[2023.04.02-16.49.20:891][  8]LogShaderCompilers: Display: Started 4 'Local' shader compile jobs with 'Normal' priority
[2023.04.02-16.49.20:891][  8]LogShaderCompilers: Display: Started 2 'Local' shader compile jobs with 'ForceLocal' priority
[2023.04.02-16.49.20:901][  8]LogMaterial: Display: Missing cached shadermap for Material_0 in PCD3D_SM5, Default, SM5 (DDC key hash: 35F7C4E63243715B830D67FDF2B15C405D32006F), compiling. 
[2023.04.02-16.49.20:902][  8]LogMaterial: Warning: [AssetLog] C:\Users\pizh0\Documents\GitHub\Rogue2\Content\Materials\MF_ExtractDepth.uasset: Failed to compile Material for platform PCD3D_SM5, Default Material will be used in game.
[2023.04.02-16.49.20:902][  8]LogMaterial: Display: 	SceneTexture expressions cannot be used in opaque materials
[2023.04.02-16.49.20:939][  9]LogMaterial: Display: Missing cached shadermap for Material_0 in PCD3D_SM5, Default, SM5 (DDC key hash: F9BE6353BA7A574C580F9C7EFD6C38FA1793A486), compiling. 
[2023.04.02-16.49.20:953][ 11]LogShaderCompilers: Display: Submitted 2 shader compile jobs with 'ForceLocal' priority
[2023.04.02-16.49.20:953][ 11]LogShaderCompilers: Display: Worker (7/9): shaders left to compile 2
[2023.04.02-16.49.20:953][ 11]LogShaderCompilers: Display: Worker (8/9): shaders left to compile 1
[2023.04.02-16.49.20:953][ 11]LogShaderCompilers: Display: Started 2 'Local' shader compile jobs with 'ForceLocal' priority
[2023.04.02-16.49.20:955][ 11]LogShaderCompilers: Display: Submitted 4 shader compile jobs with 'Normal' priority
[2023.04.02-16.49.21:240][ 36]LogShaderCompilers: Display: Worker (4/9): shaders left to compile 4
[2023.04.02-16.49.21:240][ 36]LogShaderCompilers: Display: Started 1 'Local' shader compile jobs with 'Normal' priority
[2023.04.02-16.49.21:289][ 39]LogShaderCompilers: Display: Worker (5/9): shaders left to compile 3
[2023.04.02-16.49.21:289][ 39]LogShaderCompilers: Display: Started 1 'Local' shader compile jobs with 'Normal' priority
[2023.04.02-16.49.21:304][ 40]LogShaderCompilers: Display: Worker (6/9): shaders left to compile 2
[2023.04.02-16.49.21:304][ 40]LogShaderCompilers: Display: Started 1 'Local' shader compile jobs with 'Normal' priority
[2023.04.02-16.49.21:404][ 47]LogShaderCompilers: Display: Worker (3/9): shaders left to compile 1
[2023.04.02-16.49.21:404][ 47]LogShaderCompilers: Display: Started 1 'Local' shader compile jobs with 'Normal' priority
[2023.04.02-16.49.21:738][ 82]LogSlate: Took 0.000083 seconds to synchronously load lazily loaded font '../../../Engine/Content/Slate/Fonts/Roboto-Light.ttf' (167K)
[2023.04.02-16.49.21:743][ 82]LogAssetEditorSubsystem: Opening Asset editor for WidgetBlueprint /Game/UI/Char_UI.Char_UI
[2023.04.02-16.49.21:826][ 82]LogNativeClassHierarchy: Verbose: Native class hierarchy updated for 'BlueprintGraph' in 0.0004 seconds. Added 126 classes and 0 folders.
[2023.04.02-16.49.22:436][ 82]LogAssetEditorSubsystem: Opening Asset editor for Blueprint /Game/Char/Char_BP.Char_BP
[2023.04.02-16.49.22:748][ 82]LogAssetEditorSubsystem: Opening Asset editor for Blueprint /Game/Weapon/Ammobox/AmmoBox_BP.AmmoBox_BP
[2023.04.02-16.49.22:978][ 82]LogAssetEditorSubsystem: Opening Asset editor for Blueprint /Game/Weapon/Common/WeaponLoot.WeaponLoot
[2023.04.02-16.49.23:451][ 82]LogSlate: Took 0.000117 seconds to synchronously load lazily loaded font '../../../Engine/Content/Slate/Fonts/Roboto-BoldCondensed.ttf' (158K)
[2023.04.02-16.49.23:497][ 83]LogSlate: Took 0.000355 seconds to synchronously load lazily loaded font '../../../Engine/Content/Slate/Fonts/Roboto-Italic.ttf' (157K)
