Log file open, 09/26/22 22:19:41
LogWindows: Failed to load 'aqProf.dll' (GetLastError=126)
LogWindows: File 'aqProf.dll' does not exist
LogWindows: Failed to load 'VtuneApi.dll' (GetLastError=126)
LogWindows: File 'VtuneApi.dll' does not exist
LogWindows: Failed to load 'VtuneApi32e.dll' (GetLastError=126)
LogWindows: File 'VtuneApi32e.dll' does not exist
LogConsoleResponse: Display: Failed to find resolution value strings in scalability ini. Falling back to default.
LogConsoleResponse: Display: Failed to find resolution value strings in scalability ini. Falling back to default.
LogInit: Display: Running engine for game: Rogue
LogPlatformFile: Not using cached read wrapper
LogTaskGraph: Started task graph with 5 named threads and 11 total threads with 3 sets of task threads.
LogStats: Stats thread started at 0.655600
LogICUInternationalization: ICU TimeZone Detection - Raw Offset: +3:00, Platform Override: ''
LogInit: Display: Loading text-based GConfig....
LogPluginManager: Mounting plugin MeshPainting
LogPluginManager: Mounting plugin XGEController
LogPluginManager: Mounting plugin Paper2D
LogPluginManager: Mounting plugin EnvironmentQueryEditor
LogPluginManager: Mounting plugin AISupport
LogPluginManager: Mounting plugin LiveLink
LogPluginManager: Mounting plugin LightPropagationVolume
LogPluginManager: Mounting plugin CameraShakePreviewer
LogPluginManager: Mounting plugin GameplayCameras
LogPluginManager: Mounting plugin OodleData
LogPluginManager: Mounting plugin OodleNetwork
LogPluginManager: Mounting plugin AssetManagerEditor
LogPluginManager: Mounting plugin CryptoKeys
LogPluginManager: Mounting plugin CurveEditorTools
LogPluginManager: Mounting plugin DataValidation
LogPluginManager: Mounting plugin FacialAnimation
LogPluginManager: Mounting plugin GameplayTagsEditor
LogPluginManager: Mounting plugin GeometryMode
LogPluginManager: Mounting plugin MacGraphicsSwitching
LogPluginManager: Mounting plugin MobileLauncherProfileWizard
LogPluginManager: Mounting plugin MaterialAnalyzer
LogPluginManager: Mounting plugin PluginBrowser
LogPluginManager: Mounting plugin SpeedTreeImporter
LogPluginManager: Mounting plugin AnimationSharing
LogPluginManager: Mounting plugin CLionSourceCodeAccess
LogPluginManager: Mounting plugin CodeLiteSourceCodeAccess
LogPluginManager: Mounting plugin GitSourceControl
LogPluginManager: Mounting plugin KDevelopSourceCodeAccess
LogPluginManager: Mounting plugin NullSourceCodeAccess
LogPluginManager: Mounting plugin PerforceSourceControl
LogPluginManager: Mounting plugin PixWinPlugin
LogPluginManager: Mounting plugin PlasticSourceControl
LogPluginManager: Mounting plugin PluginUtils
LogPluginManager: Mounting plugin DatasmithContent
LogPluginManager: Mounting plugin PropertyAccessNode
LogPluginManager: Mounting plugin RiderSourceCodeAccess
LogPluginManager: Mounting plugin SubversionSourceControl
LogPluginManager: Mounting plugin TextureFormatOodle
LogPluginManager: Mounting plugin UObjectPlugin
LogPluginManager: Mounting plugin VariantManagerContent
LogPluginManager: Mounting plugin VisualStudioCodeSourceCodeAccess
LogPluginManager: Mounting plugin VisualStudioSourceCodeAccess
LogPluginManager: Mounting plugin XCodeSourceCodeAccess
LogPluginManager: Mounting plugin AlembicImporter
LogPluginManager: Mounting plugin AutomationUtils
LogPluginManager: Mounting plugin BackChannel
LogPluginManager: Mounting plugin ChaosCloth
LogPluginManager: Mounting plugin ChaosClothEditor
LogPluginManager: Mounting plugin ChaosEditor
LogPluginManager: Mounting plugin ChaosNiagara
LogPluginManager: Mounting plugin ChaosSolverPlugin
LogPluginManager: Mounting plugin CharacterAI
LogPluginManager: Mounting plugin GeometryCache
LogPluginManager: Mounting plugin GeometryCollectionPlugin
LogPluginManager: Mounting plugin GeometryProcessing
LogPluginManager: Mounting plugin MotoSynth
LogPluginManager: Mounting plugin OpenImageDenoise
LogPluginManager: Mounting plugin PlanarCut
LogPluginManager: Mounting plugin PlatformCrypto
LogPluginManager: Mounting plugin ProxyLODPlugin
LogPluginManager: Mounting plugin PythonScriptPlugin
LogPluginManager: Mounting plugin SkeletalReduction
LogPluginManager: Mounting plugin Niagara
LogPluginManager: Mounting plugin LuminPlatformFeatures
LogPluginManager: Mounting plugin MagicLeap
LogPluginManager: Mounting plugin MagicLeapLightEstimation
LogPluginManager: Mounting plugin MagicLeapMedia
LogPluginManager: Mounting plugin MagicLeapPassableWorld
LogPluginManager: Mounting plugin MLSDK
LogPluginManager: Mounting plugin AndroidMedia
LogPluginManager: Mounting plugin AvfMedia
LogPluginManager: Mounting plugin ImgMedia
LogPluginManager: Mounting plugin MediaCompositing
LogPluginManager: Mounting plugin MediaPlayerEditor
LogPluginManager: Mounting plugin WebMMedia
LogPluginManager: Mounting plugin WmfMedia
LogPluginManager: Mounting plugin TcpMessaging
LogPluginManager: Mounting plugin UdpMessaging
LogPluginManager: Mounting plugin ActorSequence
LogPluginManager: Mounting plugin LevelSequenceEditor
LogPluginManager: Mounting plugin MatineeToLevelSequence
LogPluginManager: Mounting plugin TemplateSequence
LogPluginManager: Mounting plugin OnlineSubsystem
LogPluginManager: Mounting plugin OnlineSubsystemNull
LogPluginManager: Mounting plugin OnlineSubsystemUtils
LogPluginManager: Mounting plugin LauncherChunkInstaller
LogPluginManager: Mounting plugin ActorLayerUtilities
LogPluginManager: Mounting plugin AndroidDeviceProfileSelector
LogPluginManager: Mounting plugin AndroidMoviePlayer
LogPluginManager: Mounting plugin AndroidPermission
LogPluginManager: Mounting plugin AppleImageUtils
LogPluginManager: Mounting plugin AppleMoviePlayer
LogPluginManager: Mounting plugin ArchVisCharacter
LogPluginManager: Mounting plugin AssetTags
LogPluginManager: Mounting plugin AudioSynesthesia
LogPluginManager: Mounting plugin CableComponent
LogPluginManager: Mounting plugin ChunkDownloader
LogPluginManager: Mounting plugin CustomMeshComponent
LogPluginManager: Mounting plugin EditableMesh
LogPluginManager: Mounting plugin ExampleDeviceProfileSelector
LogPluginManager: Mounting plugin GoogleCloudMessaging
LogPluginManager: Mounting plugin GooglePAD
LogPluginManager: Mounting plugin IOSDeviceProfileSelector
LogPluginManager: Mounting plugin LinuxDeviceProfileSelector
LogPluginManager: Mounting plugin LocationServicesBPLibrary
LogPluginManager: Mounting plugin MobilePatchingUtils
LogPluginManager: Mounting plugin AudioCapture
LogPluginManager: Mounting plugin OpenXR
LogPluginManager: Mounting plugin OpenXREyeTracker
LogPluginManager: Mounting plugin OpenXRHandTracking
LogPluginManager: Mounting plugin PhysXVehicles
LogPluginManager: Mounting plugin PostSplashScreen
LogPluginManager: Mounting plugin ProceduralMeshComponent
LogPluginManager: Mounting plugin PropertyAccessEditor
LogPluginManager: Mounting plugin RuntimePhysXCooking
LogPluginManager: Mounting plugin SignificanceManager
LogPluginManager: Mounting plugin SoundFields
LogPluginManager: Mounting plugin Synthesis
LogPluginManager: Mounting plugin WebMMoviePlayer
LogPluginManager: Mounting plugin WindowsMoviePlayer
LogPluginManager: Mounting plugin ScreenshotTools
LogPluginManager: Mounting plugin Takes
LogPluginManager: Mounting plugin ContentBrowserAssetDataSource
LogPluginManager: Mounting plugin ContentBrowserClassDataSource
LogPluginManager: Mounting plugin ContentBrowserFileDataSource
LogPluginManager: Mounting plugin OnlineSubsystemGooglePlay
LogPluginManager: Mounting plugin OnlineSubsystemIOS
LogPluginManager: Mounting plugin OculusVR
LogPluginManager: Mounting plugin SteamVR
PixWinPlugin: PIX capture plugin failed to initialize! Check that the process is launched from PIX.
LogInit: Using libcurl 7.55.1-DEV
LogInit:  - built for x86_64-pc-win32
LogInit:  - supports SSL with OpenSSL/1.1.1
LogInit:  - supports HTTP deflate (compression) using libz 1.2.8
LogInit:  - other features:
LogInit:      CURL_VERSION_SSL
LogInit:      CURL_VERSION_LIBZ
LogInit:      CURL_VERSION_IPV6
LogInit:      CURL_VERSION_ASYNCHDNS
LogInit:      CURL_VERSION_LARGEFILE
LogInit:      CURL_VERSION_IDN
LogInit:  CurlRequestOptions (configurable via config and command line):
LogInit:  - bVerifyPeer = true  - Libcurl will verify peer certificate
LogInit:  - bUseHttpProxy = false  - Libcurl will NOT use HTTP proxy
LogInit:  - bDontReuseConnections = false  - Libcurl will reuse connections
LogInit:  - MaxHostConnections = 16  - Libcurl will limit the number of connections to a host
LogInit:  - LocalHostAddr = Default
LogInit:  - BufferSize = 65536
LogOnline: OSS: Creating online subsystem instance for: NULL
LogInit: WinSock: version 1.1 (2.2), MaxSocks=32767, MaxUdp=65467
LogOnline: OSS: TryLoadSubsystemAndSetDefault: Loaded subsystem for module [NULL]
LogOculusPluginWrapper: OculusPlugin initialized successfully
LogHMD: Failed initializing OVRPlugin 1.59.0
LogInit: Build: ++UE4+Release-4.27-CL-18319896
LogInit: Engine Version: 4.27.2-18319896+++UE4+Release-4.27
LogInit: Compatible Engine Version: 4.27.0-17155196+++UE4+Release-4.27
LogInit: Net CL: 17155196
LogInit: OS: Windows 7 (Service Pack 1), CPU:         Intel(R) Core(TM) i3-2130 CPU @ 3.40GHz, GPU: AMD Radeon HD 6570
LogInit: Compiled (64-bit): Nov 30 2021 07:12:08
LogInit: Compiled with Visual C++: 19.24.28315.00
LogInit: Build Configuration: Development
LogInit: Branch Name: ++UE4+Release-4.27
LogInit: Command Line: 
LogInit: Base Directory: D:/Games/UE_4.27/Engine/Binaries/Win64/
LogInit: Allocator: TBB
LogInit: Installed Engine Build: 1
LogDevObjectVersion: Number of dev versions registered: 29
LogDevObjectVersion:   Dev-Blueprints (B0D832E4-1F89-4F0D-ACCF-7EB736FD4AA2): 10
LogDevObjectVersion:   Dev-Build (E1C64328-A22C-4D53-A36C-8E866417BD8C): 0
LogDevObjectVersion:   Dev-Core (375EC13C-06E4-48FB-B500-84F0262A717E): 4
LogDevObjectVersion:   Dev-Editor (E4B068ED-F494-42E9-A231-DA0B2E46BB41): 40
LogDevObjectVersion:   Dev-Framework (CFFC743F-43B0-4480-9391-14DF171D2073): 37
LogDevObjectVersion:   Dev-Mobile (B02B49B5-BB20-44E9-A304-32B752E40360): 3
LogDevObjectVersion:   Dev-Networking (A4E4105C-59A1-49B5-A7C5-40C4547EDFEE): 0
LogDevObjectVersion:   Dev-Online (39C831C9-5AE6-47DC-9A44-9C173E1C8E7C): 0
LogDevObjectVersion:   Dev-Physics (78F01B33-EBEA-4F98-B9B4-84EACCB95AA2): 14
LogDevObjectVersion:   Dev-Platform (6631380F-2D4D-43E0-8009-CF276956A95A): 0
LogDevObjectVersion:   Dev-Rendering (12F88B9F-8875-4AFC-A67C-D90C383ABD29): 45
LogDevObjectVersion:   Dev-Sequencer (7B5AE74C-D270-4C10-A958-57980B212A5A): 13
LogDevObjectVersion:   Dev-VR (D7296918-1DD6-4BDD-9DE2-64A83CC13884): 3
LogDevObjectVersion:   Dev-LoadTimes (C2A15278-BFE7-4AFE-6C17-90FF531DF755): 1
LogDevObjectVersion:   Private-Geometry (6EACA3D4-40EC-4CC1-B786-8BED09428FC5): 3
LogDevObjectVersion:   Dev-AnimPhys (29E575DD-E0A3-4627-9D10-D276232CDCEA): 17
LogDevObjectVersion:   Dev-Anim (AF43A65D-7FD3-4947-9873-3E8ED9C1BB05): 15
LogDevObjectVersion:   Dev-ReflectionCapture (6B266CEC-1EC7-4B8F-A30B-E4D90942FC07): 1
LogDevObjectVersion:   Dev-Automation (0DF73D61-A23F-47EA-B727-89E90C41499A): 1
LogDevObjectVersion:   FortniteMain (601D1886-AC64-4F84-AA16-D3DE0DEAC7D6): 47
LogDevObjectVersion:   FortniteRelease (E7086368-6B23-4C58-8439-1B7016265E91): 1
LogDevObjectVersion:   Dev-Enterprise (9DFFBCD6-494F-0158-E221-12823C92A888): 10
LogDevObjectVersion:   Dev-Niagara (F2AED0AC-9AFE-416F-8664-AA7FFA26D6FC): 1
LogDevObjectVersion:   Dev-Destruction (174F1F0B-B4C6-45A5-B13F-2EE8D0FB917D): 10
LogDevObjectVersion:   Dev-Physics-Ext (35F94A83-E258-406C-A318-09F59610247C): 41
LogDevObjectVersion:   Dev-PhysicsMaterial-Chaos (B68FC16E-8B1B-42E2-B453-215C058844FE): 1
LogDevObjectVersion:   Dev-CineCamera (B2E18506-4273-CFC2-A54E-F4BB758BBA07): 1
LogDevObjectVersion:   Dev-VirtualProduction (64F58936-FD1B-42BA-BA96-7289D5D0FA4E): 1
LogDevObjectVersion:   Dev-MediaFramework (6F0ED827-A609-4895-9C91-998D90180EA4): 2
LogInit: Presizing for max 25165824 objects, including 0 objects not considered by GC, pre-allocating 0 bytes for permanent pool.
LogConfig: Applying CVar settings from Section [/Script/Engine.StreamingSettings] File [D:/Gid/Rogue/Saved/Config/Windows/Engine.ini]
LogConfig: Setting CVar [[s.MinBulkDataSizeForAsyncLoading:131072]]
LogConfig: Setting CVar [[s.AsyncLoadingThreadEnabled:0]]
LogConfig: Setting CVar [[s.EventDrivenLoaderEnabled:1]]
LogConfig: Setting CVar [[s.WarnIfTimeLimitExceeded:0]]
LogConfig: Setting CVar [[s.TimeLimitExceededMultiplier:1.5]]
LogConfig: Setting CVar [[s.TimeLimitExceededMinTime:0.005]]
LogConfig: Setting CVar [[s.UseBackgroundLevelStreaming:1]]
LogConfig: Setting CVar [[s.PriorityAsyncLoadingExtraTime:15.0]]
LogConfig: Setting CVar [[s.LevelStreamingActorsUpdateTimeLimit:5.0]]
LogConfig: Setting CVar [[s.PriorityLevelStreamingActorsUpdateExtraTime:5.0]]
LogConfig: Setting CVar [[s.LevelStreamingComponentsRegistrationGranularity:10]]
LogConfig: Setting CVar [[s.UnregisterComponentsTimeLimit:1.0]]
LogConfig: Setting CVar [[s.LevelStreamingComponentsUnregistrationGranularity:5]]
LogConfig: Setting CVar [[s.FlushStreamingOnExit:1]]
LogInit: Object subsystem initialized
LogConfig: Setting CVar [[con.DebugEarlyDefault:1]]
LogConfig: Setting CVar [[r.setres:1280x720]]
[2022.09.26-18.19.43:327][  0]LogConfig: Setting CVar [[r.VSync:0]]
[2022.09.26-18.19.43:327][  0]LogConfig: Setting CVar [[r.RHICmdBypass:0]]
[2022.09.26-18.19.43:327][  0]LogConfig: Applying CVar settings from Section [/Script/Engine.RendererSettings] File [D:/Gid/Rogue/Saved/Config/Windows/Engine.ini]
[2022.09.26-18.19.43:328][  0]LogConfig: Setting CVar [[r.GPUCrashDebugging:0]]
[2022.09.26-18.19.43:328][  0]LogConfig: Applying CVar settings from Section [/Script/Engine.RendererOverrideSettings] File [D:/Gid/Rogue/Saved/Config/Windows/Engine.ini]
[2022.09.26-18.19.43:328][  0]LogConfig: Applying CVar settings from Section [/Script/Engine.StreamingSettings] File [D:/Gid/Rogue/Saved/Config/Windows/Engine.ini]
[2022.09.26-18.19.43:328][  0]LogConfig: Setting CVar [[s.MinBulkDataSizeForAsyncLoading:131072]]
[2022.09.26-18.19.43:328][  0]LogConfig: Setting CVar [[s.AsyncLoadingThreadEnabled:0]]
[2022.09.26-18.19.43:328][  0]LogConfig: Setting CVar [[s.EventDrivenLoaderEnabled:1]]
[2022.09.26-18.19.43:328][  0]LogConfig: Setting CVar [[s.WarnIfTimeLimitExceeded:0]]
[2022.09.26-18.19.43:328][  0]LogConfig: Setting CVar [[s.TimeLimitExceededMultiplier:1.5]]
[2022.09.26-18.19.43:328][  0]LogConfig: Setting CVar [[s.TimeLimitExceededMinTime:0.005]]
[2022.09.26-18.19.43:328][  0]LogConfig: Setting CVar [[s.UseBackgroundLevelStreaming:1]]
[2022.09.26-18.19.43:328][  0]LogConfig: Setting CVar [[s.PriorityAsyncLoadingExtraTime:15.0]]
[2022.09.26-18.19.43:328][  0]LogConfig: Setting CVar [[s.LevelStreamingActorsUpdateTimeLimit:5.0]]
[2022.09.26-18.19.43:328][  0]LogConfig: Setting CVar [[s.PriorityLevelStreamingActorsUpdateExtraTime:5.0]]
[2022.09.26-18.19.43:328][  0]LogConfig: Setting CVar [[s.LevelStreamingComponentsRegistrationGranularity:10]]
[2022.09.26-18.19.43:328][  0]LogConfig: Setting CVar [[s.UnregisterComponentsTimeLimit:1.0]]
[2022.09.26-18.19.43:328][  0]LogConfig: Setting CVar [[s.LevelStreamingComponentsUnregistrationGranularity:5]]
[2022.09.26-18.19.43:328][  0]LogConfig: Setting CVar [[s.FlushStreamingOnExit:1]]
[2022.09.26-18.19.43:328][  0]LogConfig: Applying CVar settings from Section [/Script/Engine.GarbageCollectionSettings] File [D:/Gid/Rogue/Saved/Config/Windows/Engine.ini]
[2022.09.26-18.19.43:328][  0]LogConfig: Setting CVar [[gc.MaxObjectsNotConsideredByGC:1]]
[2022.09.26-18.19.43:328][  0]LogConfig: Setting CVar [[gc.SizeOfPermanentObjectPool:0]]
[2022.09.26-18.19.43:328][  0]LogConfig: Setting CVar [[gc.FlushStreamingOnGC:0]]
[2022.09.26-18.19.43:328][  0]LogConfig: Setting CVar [[gc.NumRetriesBeforeForcingGC:10]]
[2022.09.26-18.19.43:328][  0]LogConfig: Setting CVar [[gc.AllowParallelGC:1]]
[2022.09.26-18.19.43:328][  0]LogConfig: Setting CVar [[gc.TimeBetweenPurgingPendingKillObjects:61.1]]
[2022.09.26-18.19.43:329][  0]LogConfig: Setting CVar [[gc.MaxObjectsInEditor:25165824]]
[2022.09.26-18.19.43:329][  0]LogConfig: Setting CVar [[gc.IncrementalBeginDestroyEnabled:1]]
[2022.09.26-18.19.43:329][  0]LogConfig: Setting CVar [[gc.CreateGCClusters:1]]
[2022.09.26-18.19.43:329][  0]LogConfig: Setting CVar [[gc.MinGCClusterSize:5]]
[2022.09.26-18.19.43:329][  0]LogConfig: Setting CVar [[gc.ActorClusteringEnabled:0]]
[2022.09.26-18.19.43:329][  0]LogConfig: Setting CVar [[gc.BlueprintClusteringEnabled:0]]
[2022.09.26-18.19.43:329][  0]LogConfig: Setting CVar [[gc.UseDisregardForGCOnDedicatedServers:0]]
[2022.09.26-18.19.43:329][  0]LogConfig: Setting CVar [[gc.MultithreadedDestructionEnabled:1]]
[2022.09.26-18.19.43:329][  0]LogConfig: Applying CVar settings from Section [/Script/Engine.NetworkSettings] File [D:/Gid/Rogue/Saved/Config/Windows/Engine.ini]
[2022.09.26-18.19.43:329][  0]LogConfig: Applying CVar settings from Section [/Script/UnrealEd.CookerSettings] File [D:/Gid/Rogue/Saved/Config/Windows/Engine.ini]
[2022.09.26-18.19.43:347][  0]LogConfig: Applying CVar settings from Section [ViewDistanceQuality@3] File [D:/Gid/Rogue/Saved/Config/Windows/Scalability.ini]
[2022.09.26-18.19.43:347][  0]LogConfig: Setting CVar [[r.SkeletalMeshLODBias:0]]
[2022.09.26-18.19.43:347][  0]LogConfig: Setting CVar [[r.ViewDistanceScale:1.0]]
[2022.09.26-18.19.43:347][  0]LogConfig: Applying CVar settings from Section [AntiAliasingQuality@3] File [D:/Gid/Rogue/Saved/Config/Windows/Scalability.ini]
[2022.09.26-18.19.43:347][  0]LogConfig: Setting CVar [[r.PostProcessAAQuality:4]]
[2022.09.26-18.19.43:347][  0]LogConfig: Applying CVar settings from Section [ShadowQuality@3] File [D:/Gid/Rogue/Saved/Config/Windows/Scalability.ini]
[2022.09.26-18.19.43:347][  0]LogConfig: Setting CVar [[r.LightFunctionQuality:1]]
[2022.09.26-18.19.43:347][  0]LogConfig: Setting CVar [[r.ShadowQuality:5]]
[2022.09.26-18.19.43:347][  0]LogConfig: Setting CVar [[r.Shadow.CSM.MaxCascades:10]]
[2022.09.26-18.19.43:347][  0]LogConfig: Setting CVar [[r.Shadow.MaxResolution:2048]]
[2022.09.26-18.19.43:347][  0]LogConfig: Setting CVar [[r.Shadow.MaxCSMResolution:2048]]
[2022.09.26-18.19.43:347][  0]LogConfig: Setting CVar [[r.Shadow.RadiusThreshold:0.01]]
[2022.09.26-18.19.43:347][  0]LogConfig: Setting CVar [[r.Shadow.DistanceScale:1.0]]
[2022.09.26-18.19.43:347][  0]LogConfig: Setting CVar [[r.Shadow.CSM.TransitionScale:1.0]]
[2022.09.26-18.19.43:347][  0]LogConfig: Setting CVar [[r.Shadow.PreShadowResolutionFactor:1.0]]
[2022.09.26-18.19.43:347][  0]LogConfig: Setting CVar [[r.DistanceFieldShadowing:1]]
[2022.09.26-18.19.43:347][  0]LogConfig: Setting CVar [[r.DistanceFieldAO:1]]
[2022.09.26-18.19.43:347][  0]LogConfig: Setting CVar [[r.AOQuality:2]]
[2022.09.26-18.19.43:348][  0]LogConfig: Setting CVar [[r.VolumetricFog:1]]
[2022.09.26-18.19.43:348][  0]LogConfig: Setting CVar [[r.VolumetricFog.GridPixelSize:8]]
[2022.09.26-18.19.43:348][  0]LogConfig: Setting CVar [[r.VolumetricFog.GridSizeZ:128]]
[2022.09.26-18.19.43:348][  0]LogConfig: Setting CVar [[r.VolumetricFog.HistoryMissSupersampleCount:4]]
[2022.09.26-18.19.43:348][  0]LogConfig: Setting CVar [[r.LightMaxDrawDistanceScale:1]]
[2022.09.26-18.19.43:348][  0]LogConfig: Setting CVar [[r.CapsuleShadows:1]]
[2022.09.26-18.19.43:348][  0]LogConfig: Applying CVar settings from Section [PostProcessQuality@3] File [D:/Gid/Rogue/Saved/Config/Windows/Scalability.ini]
[2022.09.26-18.19.43:348][  0]LogConfig: Setting CVar [[r.MotionBlurQuality:4]]
[2022.09.26-18.19.43:348][  0]LogConfig: Setting CVar [[r.AmbientOcclusionMipLevelFactor:0.4]]
[2022.09.26-18.19.43:348][  0]LogConfig: Setting CVar [[r.AmbientOcclusionMaxQuality:100]]
[2022.09.26-18.19.43:348][  0]LogConfig: Setting CVar [[r.AmbientOcclusionLevels:-1]]
[2022.09.26-18.19.43:348][  0]LogConfig: Setting CVar [[r.AmbientOcclusionRadiusScale:1.0]]
[2022.09.26-18.19.43:348][  0]LogConfig: Setting CVar [[r.DepthOfFieldQuality:2]]
[2022.09.26-18.19.43:348][  0]LogConfig: Setting CVar [[r.RenderTargetPoolMin:400]]
[2022.09.26-18.19.43:348][  0]LogConfig: Setting CVar [[r.LensFlareQuality:2]]
[2022.09.26-18.19.43:348][  0]LogConfig: Setting CVar [[r.SceneColorFringeQuality:1]]
[2022.09.26-18.19.43:348][  0]LogConfig: Setting CVar [[r.EyeAdaptationQuality:2]]
[2022.09.26-18.19.43:348][  0]LogConfig: Setting CVar [[r.BloomQuality:5]]
[2022.09.26-18.19.43:348][  0]LogConfig: Setting CVar [[r.FastBlurThreshold:100]]
[2022.09.26-18.19.43:348][  0]LogConfig: Setting CVar [[r.Upscale.Quality:3]]
[2022.09.26-18.19.43:348][  0]LogConfig: Setting CVar [[r.Tonemapper.GrainQuantization:1]]
[2022.09.26-18.19.43:348][  0]LogConfig: Setting CVar [[r.LightShaftQuality:1]]
[2022.09.26-18.19.43:348][  0]LogConfig: Setting CVar [[r.Filter.SizeScale:1]]
[2022.09.26-18.19.43:348][  0]LogConfig: Setting CVar [[r.Tonemapper.Quality:5]]
[2022.09.26-18.19.43:348][  0]LogConfig: Setting CVar [[r.DOF.Gather.AccumulatorQuality:1        ; higher gathering accumulator quality]]
[2022.09.26-18.19.43:348][  0]LogConfig: Setting CVar [[r.DOF.Gather.PostfilterMethod:1          ; Median3x3 postfilering method]]
[2022.09.26-18.19.43:348][  0]LogConfig: Setting CVar [[r.DOF.Gather.EnableBokehSettings:0       ; no bokeh simulation when gathering]]
[2022.09.26-18.19.43:348][  0]LogConfig: Setting CVar [[r.DOF.Gather.RingCount:4                 ; medium number of samples when gathering]]
[2022.09.26-18.19.43:348][  0]LogConfig: Setting CVar [[r.DOF.Scatter.ForegroundCompositing:1    ; additive foreground scattering]]
[2022.09.26-18.19.43:348][  0]LogConfig: Setting CVar [[r.DOF.Scatter.BackgroundCompositing:2    ; additive background scattering]]
[2022.09.26-18.19.43:348][  0]LogConfig: Setting CVar [[r.DOF.Scatter.EnableBokehSettings:1      ; bokeh simulation when scattering]]
[2022.09.26-18.19.43:349][  0]LogConfig: Setting CVar [[r.DOF.Scatter.MaxSpriteRatio:0.1         ; only a maximum of 10% of scattered bokeh]]
[2022.09.26-18.19.43:349][  0]LogConfig: Setting CVar [[r.DOF.Recombine.Quality:1                ; cheap slight out of focus]]
[2022.09.26-18.19.43:349][  0]LogConfig: Setting CVar [[r.DOF.Recombine.EnableBokehSettings:0    ; no bokeh simulation on slight out of focus]]
[2022.09.26-18.19.43:349][  0]LogConfig: Setting CVar [[r.DOF.TemporalAAQuality:1                ; more stable temporal accumulation]]
[2022.09.26-18.19.43:349][  0]LogConfig: Setting CVar [[r.DOF.Kernel.MaxForegroundRadius:0.025]]
[2022.09.26-18.19.43:349][  0]LogConfig: Setting CVar [[r.DOF.Kernel.MaxBackgroundRadius:0.025]]
[2022.09.26-18.19.43:349][  0]LogConfig: Applying CVar settings from Section [TextureQuality@3] File [D:/Gid/Rogue/Saved/Config/Windows/Scalability.ini]
[2022.09.26-18.19.43:349][  0]LogConfig: Setting CVar [[r.Streaming.MipBias:0]]
[2022.09.26-18.19.43:349][  0]LogConfig: Setting CVar [[r.Streaming.AmortizeCPUToGPUCopy:0]]
[2022.09.26-18.19.43:349][  0]LogConfig: Setting CVar [[r.Streaming.MaxNumTexturesToStreamPerFrame:0]]
[2022.09.26-18.19.43:349][  0]LogConfig: Setting CVar [[r.Streaming.Boost:1]]
[2022.09.26-18.19.43:349][  0]LogConfig: Setting CVar [[r.MaxAnisotropy:8]]
[2022.09.26-18.19.43:349][  0]LogConfig: Setting CVar [[r.VT.MaxAnisotropy:8]]
[2022.09.26-18.19.43:349][  0]LogConfig: Setting CVar [[r.Streaming.LimitPoolSizeToVRAM:0]]
[2022.09.26-18.19.43:349][  0]LogConfig: Setting CVar [[r.Streaming.PoolSize:1000]]
[2022.09.26-18.19.43:349][  0]LogConfig: Setting CVar [[r.Streaming.MaxEffectiveScreenSize:0]]
[2022.09.26-18.19.43:349][  0]LogConfig: Applying CVar settings from Section [EffectsQuality@3] File [D:/Gid/Rogue/Saved/Config/Windows/Scalability.ini]
[2022.09.26-18.19.43:349][  0]LogConfig: Setting CVar [[r.TranslucencyLightingVolumeDim:64]]
[2022.09.26-18.19.43:349][  0]LogConfig: Setting CVar [[r.RefractionQuality:2]]
[2022.09.26-18.19.43:349][  0]LogConfig: Setting CVar [[r.SSR.Quality:3]]
[2022.09.26-18.19.43:349][  0]LogConfig: Setting CVar [[r.SSR.HalfResSceneColor:0]]
[2022.09.26-18.19.43:349][  0]LogConfig: Setting CVar [[r.SceneColorFormat:4]]
[2022.09.26-18.19.43:349][  0]LogConfig: Setting CVar [[r.DetailMode:2]]
[2022.09.26-18.19.43:349][  0]LogConfig: Setting CVar [[r.TranslucencyVolumeBlur:1]]
[2022.09.26-18.19.43:349][  0]LogConfig: Setting CVar [[r.MaterialQualityLevel:1 ; High quality]]
[2022.09.26-18.19.43:349][  0]LogConfig: Setting CVar [[r.AnisotropicMaterials:1]]
[2022.09.26-18.19.43:349][  0]LogConfig: Setting CVar [[r.SSS.Scale:1]]
[2022.09.26-18.19.43:349][  0]LogConfig: Setting CVar [[r.SSS.SampleSet:2]]
[2022.09.26-18.19.43:349][  0]LogConfig: Setting CVar [[r.SSS.Quality:1]]
[2022.09.26-18.19.43:349][  0]LogConfig: Setting CVar [[r.SSS.HalfRes:0]]
[2022.09.26-18.19.43:349][  0]LogConfig: Setting CVar [[r.SSGI.Quality:3]]
[2022.09.26-18.19.43:349][  0]LogConfig: Setting CVar [[r.EmitterSpawnRateScale:1.0]]
[2022.09.26-18.19.43:350][  0]LogConfig: Setting CVar [[r.ParticleLightQuality:2]]
[2022.09.26-18.19.43:350][  0]LogConfig: Setting CVar [[r.SkyAtmosphere.AerialPerspectiveLUT.FastApplyOnOpaque:1 ; Always have FastSkyLUT 1 in this case to avoid wrong sky]]
[2022.09.26-18.19.43:350][  0]LogConfig: Setting CVar [[r.SkyAtmosphere.AerialPerspectiveLUT.SampleCountMaxPerSlice:4]]
[2022.09.26-18.19.43:350][  0]LogConfig: Setting CVar [[r.SkyAtmosphere.AerialPerspectiveLUT.DepthResolution:16.0]]
[2022.09.26-18.19.43:350][  0]LogConfig: Setting CVar [[r.SkyAtmosphere.FastSkyLUT:1]]
[2022.09.26-18.19.43:350][  0]LogConfig: Setting CVar [[r.SkyAtmosphere.FastSkyLUT.SampleCountMin:4.0]]
[2022.09.26-18.19.43:350][  0]LogConfig: Setting CVar [[r.SkyAtmosphere.FastSkyLUT.SampleCountMax:128.0]]
[2022.09.26-18.19.43:350][  0]LogConfig: Setting CVar [[r.SkyAtmosphere.SampleCountMin:4.0]]
[2022.09.26-18.19.43:350][  0]LogConfig: Setting CVar [[r.SkyAtmosphere.SampleCountMax:128.0]]
[2022.09.26-18.19.43:350][  0]LogConfig: Setting CVar [[r.SkyAtmosphere.TransmittanceLUT.UseSmallFormat:0]]
[2022.09.26-18.19.43:350][  0]LogConfig: Setting CVar [[r.SkyAtmosphere.TransmittanceLUT.SampleCount:10.0]]
[2022.09.26-18.19.43:350][  0]LogConfig: Setting CVar [[r.SkyAtmosphere.MultiScatteringLUT.SampleCount:15.0]]
[2022.09.26-18.19.43:350][  0]LogConfig: Setting CVar [[r.SkyLight.RealTimeReflectionCapture:1]]
[2022.09.26-18.19.43:350][  0]LogConfig: Applying CVar settings from Section [FoliageQuality@3] File [D:/Gid/Rogue/Saved/Config/Windows/Scalability.ini]
[2022.09.26-18.19.43:350][  0]LogConfig: Setting CVar [[foliage.DensityScale:1.0]]
[2022.09.26-18.19.43:350][  0]LogConfig: Setting CVar [[grass.DensityScale:1.0]]
[2022.09.26-18.19.43:350][  0]LogConfig: Applying CVar settings from Section [ShadingQuality@3] File [D:/Gid/Rogue/Saved/Config/Windows/Scalability.ini]
[2022.09.26-18.19.43:350][  0]LogConfig: Setting CVar [[r.HairStrands.SkyLighting.IntegrationType:2]]
[2022.09.26-18.19.43:350][  0]LogConfig: Setting CVar [[r.HairStrands.SkyAO.SampleCount:4]]
[2022.09.26-18.19.43:350][  0]LogConfig: Setting CVar [[r.HairStrands.Visibility.MSAA.SamplePerPixel:4]]
[2022.09.26-18.19.43:350][  0]LogInit: Selected Device Profile: [Windows]
[2022.09.26-18.19.43:351][  0]LogInit: Applying CVar settings loaded from the selected device profile: [Windows]
[2022.09.26-18.19.43:351][  0]LogHAL: Display: Platform has ~ 16 GB [17160146944 / 17179869184 / 16], which maps to Larger [LargestMinGB=32, LargerMinGB=12, DefaultMinGB=8, SmallerMinGB=6, SmallestMinGB=0)
[2022.09.26-18.19.43:351][  0]LogInit: Going up to parent DeviceProfile []
[2022.09.26-18.19.43:351][  0]LogConfig: Applying CVar settings from Section [ViewDistanceQuality@3] File [D:/Gid/Rogue/Saved/Config/Windows/Scalability.ini]
[2022.09.26-18.19.43:351][  0]LogConfig: Setting CVar [[r.SkeletalMeshLODBias:0]]
[2022.09.26-18.19.43:351][  0]LogConfig: Setting CVar [[r.ViewDistanceScale:1.0]]
[2022.09.26-18.19.43:351][  0]LogConfig: Applying CVar settings from Section [AntiAliasingQuality@3] File [D:/Gid/Rogue/Saved/Config/Windows/Scalability.ini]
[2022.09.26-18.19.43:351][  0]LogConfig: Setting CVar [[r.PostProcessAAQuality:4]]
[2022.09.26-18.19.43:351][  0]LogConfig: Applying CVar settings from Section [ShadowQuality@3] File [D:/Gid/Rogue/Saved/Config/Windows/Scalability.ini]
[2022.09.26-18.19.43:351][  0]LogConfig: Setting CVar [[r.LightFunctionQuality:1]]
[2022.09.26-18.19.43:351][  0]LogConfig: Setting CVar [[r.ShadowQuality:5]]
[2022.09.26-18.19.43:351][  0]LogConfig: Setting CVar [[r.Shadow.CSM.MaxCascades:10]]
[2022.09.26-18.19.43:351][  0]LogConfig: Setting CVar [[r.Shadow.MaxResolution:2048]]
[2022.09.26-18.19.43:351][  0]LogConfig: Setting CVar [[r.Shadow.MaxCSMResolution:2048]]
[2022.09.26-18.19.43:351][  0]LogConfig: Setting CVar [[r.Shadow.RadiusThreshold:0.01]]
[2022.09.26-18.19.43:351][  0]LogConfig: Setting CVar [[r.Shadow.DistanceScale:1.0]]
[2022.09.26-18.19.43:351][  0]LogConfig: Setting CVar [[r.Shadow.CSM.TransitionScale:1.0]]
[2022.09.26-18.19.43:351][  0]LogConfig: Setting CVar [[r.Shadow.PreShadowResolutionFactor:1.0]]
[2022.09.26-18.19.43:351][  0]LogConfig: Setting CVar [[r.DistanceFieldShadowing:1]]
[2022.09.26-18.19.43:352][  0]LogConfig: Setting CVar [[r.DistanceFieldAO:1]]
[2022.09.26-18.19.43:352][  0]LogConfig: Setting CVar [[r.AOQuality:2]]
[2022.09.26-18.19.43:352][  0]LogConfig: Setting CVar [[r.VolumetricFog:1]]
[2022.09.26-18.19.43:352][  0]LogConfig: Setting CVar [[r.VolumetricFog.GridPixelSize:8]]
[2022.09.26-18.19.43:352][  0]LogConfig: Setting CVar [[r.VolumetricFog.GridSizeZ:128]]
[2022.09.26-18.19.43:352][  0]LogConfig: Setting CVar [[r.VolumetricFog.HistoryMissSupersampleCount:4]]
[2022.09.26-18.19.43:352][  0]LogConfig: Setting CVar [[r.LightMaxDrawDistanceScale:1]]
[2022.09.26-18.19.43:352][  0]LogConfig: Setting CVar [[r.CapsuleShadows:1]]
[2022.09.26-18.19.43:352][  0]LogConfig: Applying CVar settings from Section [PostProcessQuality@3] File [D:/Gid/Rogue/Saved/Config/Windows/Scalability.ini]
[2022.09.26-18.19.43:352][  0]LogConfig: Setting CVar [[r.MotionBlurQuality:4]]
[2022.09.26-18.19.43:352][  0]LogConfig: Setting CVar [[r.AmbientOcclusionMipLevelFactor:0.4]]
[2022.09.26-18.19.43:352][  0]LogConfig: Setting CVar [[r.AmbientOcclusionMaxQuality:100]]
[2022.09.26-18.19.43:352][  0]LogConfig: Setting CVar [[r.AmbientOcclusionLevels:-1]]
[2022.09.26-18.19.43:352][  0]LogConfig: Setting CVar [[r.AmbientOcclusionRadiusScale:1.0]]
[2022.09.26-18.19.43:352][  0]LogConfig: Setting CVar [[r.DepthOfFieldQuality:2]]
[2022.09.26-18.19.43:352][  0]LogConfig: Setting CVar [[r.RenderTargetPoolMin:400]]
[2022.09.26-18.19.43:352][  0]LogConfig: Setting CVar [[r.LensFlareQuality:2]]
[2022.09.26-18.19.43:352][  0]LogConfig: Setting CVar [[r.SceneColorFringeQuality:1]]
[2022.09.26-18.19.43:352][  0]LogConfig: Setting CVar [[r.EyeAdaptationQuality:2]]
[2022.09.26-18.19.43:352][  0]LogConfig: Setting CVar [[r.BloomQuality:5]]
[2022.09.26-18.19.43:352][  0]LogConfig: Setting CVar [[r.FastBlurThreshold:100]]
[2022.09.26-18.19.43:352][  0]LogConfig: Setting CVar [[r.Upscale.Quality:3]]
[2022.09.26-18.19.43:352][  0]LogConfig: Setting CVar [[r.Tonemapper.GrainQuantization:1]]
[2022.09.26-18.19.43:352][  0]LogConfig: Setting CVar [[r.LightShaftQuality:1]]
[2022.09.26-18.19.43:352][  0]LogConfig: Setting CVar [[r.Filter.SizeScale:1]]
[2022.09.26-18.19.43:352][  0]LogConfig: Setting CVar [[r.Tonemapper.Quality:5]]
[2022.09.26-18.19.43:352][  0]LogConfig: Setting CVar [[r.DOF.Gather.AccumulatorQuality:1        ; higher gathering accumulator quality]]
[2022.09.26-18.19.43:352][  0]LogConfig: Setting CVar [[r.DOF.Gather.PostfilterMethod:1          ; Median3x3 postfilering method]]
[2022.09.26-18.19.43:352][  0]LogConfig: Setting CVar [[r.DOF.Gather.EnableBokehSettings:0       ; no bokeh simulation when gathering]]
[2022.09.26-18.19.43:352][  0]LogConfig: Setting CVar [[r.DOF.Gather.RingCount:4                 ; medium number of samples when gathering]]
[2022.09.26-18.19.43:352][  0]LogConfig: Setting CVar [[r.DOF.Scatter.ForegroundCompositing:1    ; additive foreground scattering]]
[2022.09.26-18.19.43:353][  0]LogConfig: Setting CVar [[r.DOF.Scatter.BackgroundCompositing:2    ; additive background scattering]]
[2022.09.26-18.19.43:353][  0]LogConfig: Setting CVar [[r.DOF.Scatter.EnableBokehSettings:1      ; bokeh simulation when scattering]]
[2022.09.26-18.19.43:353][  0]LogConfig: Setting CVar [[r.DOF.Scatter.MaxSpriteRatio:0.1         ; only a maximum of 10% of scattered bokeh]]
[2022.09.26-18.19.43:353][  0]LogConfig: Setting CVar [[r.DOF.Recombine.Quality:1                ; cheap slight out of focus]]
[2022.09.26-18.19.43:353][  0]LogConfig: Setting CVar [[r.DOF.Recombine.EnableBokehSettings:0    ; no bokeh simulation on slight out of focus]]
[2022.09.26-18.19.43:353][  0]LogConfig: Setting CVar [[r.DOF.TemporalAAQuality:1                ; more stable temporal accumulation]]
[2022.09.26-18.19.43:353][  0]LogConfig: Setting CVar [[r.DOF.Kernel.MaxForegroundRadius:0.025]]
[2022.09.26-18.19.43:353][  0]LogConfig: Setting CVar [[r.DOF.Kernel.MaxBackgroundRadius:0.025]]
[2022.09.26-18.19.43:353][  0]LogConfig: Applying CVar settings from Section [TextureQuality@3] File [D:/Gid/Rogue/Saved/Config/Windows/Scalability.ini]
[2022.09.26-18.19.43:353][  0]LogConfig: Setting CVar [[r.Streaming.MipBias:0]]
[2022.09.26-18.19.43:353][  0]LogConfig: Setting CVar [[r.Streaming.AmortizeCPUToGPUCopy:0]]
[2022.09.26-18.19.43:353][  0]LogConfig: Setting CVar [[r.Streaming.MaxNumTexturesToStreamPerFrame:0]]
[2022.09.26-18.19.43:353][  0]LogConfig: Setting CVar [[r.Streaming.Boost:1]]
[2022.09.26-18.19.43:353][  0]LogConfig: Setting CVar [[r.MaxAnisotropy:8]]
[2022.09.26-18.19.43:353][  0]LogConfig: Setting CVar [[r.VT.MaxAnisotropy:8]]
[2022.09.26-18.19.43:353][  0]LogConfig: Setting CVar [[r.Streaming.LimitPoolSizeToVRAM:0]]
[2022.09.26-18.19.43:353][  0]LogConfig: Setting CVar [[r.Streaming.PoolSize:1000]]
[2022.09.26-18.19.43:353][  0]LogConfig: Setting CVar [[r.Streaming.MaxEffectiveScreenSize:0]]
[2022.09.26-18.19.43:353][  0]LogConfig: Applying CVar settings from Section [EffectsQuality@3] File [D:/Gid/Rogue/Saved/Config/Windows/Scalability.ini]
[2022.09.26-18.19.43:353][  0]LogConfig: Setting CVar [[r.TranslucencyLightingVolumeDim:64]]
[2022.09.26-18.19.43:353][  0]LogConfig: Setting CVar [[r.RefractionQuality:2]]
[2022.09.26-18.19.43:353][  0]LogConfig: Setting CVar [[r.SSR.Quality:3]]
[2022.09.26-18.19.43:353][  0]LogConfig: Setting CVar [[r.SSR.HalfResSceneColor:0]]
[2022.09.26-18.19.43:353][  0]LogConfig: Setting CVar [[r.SceneColorFormat:4]]
[2022.09.26-18.19.43:353][  0]LogConfig: Setting CVar [[r.DetailMode:2]]
[2022.09.26-18.19.43:354][  0]LogConfig: Setting CVar [[r.TranslucencyVolumeBlur:1]]
[2022.09.26-18.19.43:354][  0]LogConfig: Setting CVar [[r.MaterialQualityLevel:1 ; High quality]]
[2022.09.26-18.19.43:354][  0]LogConfig: Setting CVar [[r.AnisotropicMaterials:1]]
[2022.09.26-18.19.43:354][  0]LogConfig: Setting CVar [[r.SSS.Scale:1]]
[2022.09.26-18.19.43:354][  0]LogConfig: Setting CVar [[r.SSS.SampleSet:2]]
[2022.09.26-18.19.43:354][  0]LogConfig: Setting CVar [[r.SSS.Quality:1]]
[2022.09.26-18.19.43:354][  0]LogConfig: Setting CVar [[r.SSS.HalfRes:0]]
[2022.09.26-18.19.43:354][  0]LogConfig: Setting CVar [[r.SSGI.Quality:3]]
[2022.09.26-18.19.43:354][  0]LogConfig: Setting CVar [[r.EmitterSpawnRateScale:1.0]]
[2022.09.26-18.19.43:354][  0]LogConfig: Setting CVar [[r.ParticleLightQuality:2]]
[2022.09.26-18.19.43:354][  0]LogConfig: Setting CVar [[r.SkyAtmosphere.AerialPerspectiveLUT.FastApplyOnOpaque:1 ; Always have FastSkyLUT 1 in this case to avoid wrong sky]]
[2022.09.26-18.19.43:354][  0]LogConfig: Setting CVar [[r.SkyAtmosphere.AerialPerspectiveLUT.SampleCountMaxPerSlice:4]]
[2022.09.26-18.19.43:354][  0]LogConfig: Setting CVar [[r.SkyAtmosphere.AerialPerspectiveLUT.DepthResolution:16.0]]
[2022.09.26-18.19.43:354][  0]LogConfig: Setting CVar [[r.SkyAtmosphere.FastSkyLUT:1]]
[2022.09.26-18.19.43:354][  0]LogConfig: Setting CVar [[r.SkyAtmosphere.FastSkyLUT.SampleCountMin:4.0]]
[2022.09.26-18.19.43:354][  0]LogConfig: Setting CVar [[r.SkyAtmosphere.FastSkyLUT.SampleCountMax:128.0]]
[2022.09.26-18.19.43:354][  0]LogConfig: Setting CVar [[r.SkyAtmosphere.SampleCountMin:4.0]]
[2022.09.26-18.19.43:354][  0]LogConfig: Setting CVar [[r.SkyAtmosphere.SampleCountMax:128.0]]
[2022.09.26-18.19.43:354][  0]LogConfig: Setting CVar [[r.SkyAtmosphere.TransmittanceLUT.UseSmallFormat:0]]
[2022.09.26-18.19.43:354][  0]LogConfig: Setting CVar [[r.SkyAtmosphere.TransmittanceLUT.SampleCount:10.0]]
[2022.09.26-18.19.43:354][  0]LogConfig: Setting CVar [[r.SkyAtmosphere.MultiScatteringLUT.SampleCount:15.0]]
[2022.09.26-18.19.43:354][  0]LogConfig: Setting CVar [[r.SkyLight.RealTimeReflectionCapture:1]]
[2022.09.26-18.19.43:354][  0]LogConfig: Applying CVar settings from Section [FoliageQuality@3] File [D:/Gid/Rogue/Saved/Config/Windows/Scalability.ini]
[2022.09.26-18.19.43:354][  0]LogConfig: Setting CVar [[foliage.DensityScale:1.0]]
[2022.09.26-18.19.43:354][  0]LogConfig: Setting CVar [[grass.DensityScale:1.0]]
[2022.09.26-18.19.43:355][  0]LogConfig: Applying CVar settings from Section [ShadingQuality@3] File [D:/Gid/Rogue/Saved/Config/Windows/Scalability.ini]
[2022.09.26-18.19.43:355][  0]LogConfig: Setting CVar [[r.HairStrands.SkyLighting.IntegrationType:2]]
[2022.09.26-18.19.43:355][  0]LogConfig: Setting CVar [[r.HairStrands.SkyAO.SampleCount:4]]
[2022.09.26-18.19.43:355][  0]LogConfig: Setting CVar [[r.HairStrands.Visibility.MSAA.SamplePerPixel:4]]
[2022.09.26-18.19.43:355][  0]LogConfig: Applying CVar settings from Section [Startup] File [../../../Engine/Config/ConsoleVariables.ini]
[2022.09.26-18.19.43:355][  0]LogConfig: Setting CVar [[net.UseAdaptiveNetUpdateFrequency:0]]
[2022.09.26-18.19.43:355][  0]LogConfig: Setting CVar [[p.chaos.AllowCreatePhysxBodies:1]]
[2022.09.26-18.19.43:355][  0]LogConfig: Setting CVar [[fx.SkipVectorVMBackendOptimizations:1]]
[2022.09.26-18.19.43:355][  0]LogConfig: Applying CVar settings from Section [ConsoleVariables] File [D:/Gid/Rogue/Saved/Config/Windows/Engine.ini]
[2022.09.26-18.19.43:355][  0]LogConfig: Applying CVar settings from Section [ConsoleVariables] File [D:/Gid/Rogue/Saved/Config/Windows/Editor.ini]
[2022.09.26-18.19.43:356][  0]LogInit: Computer: XXX-ПК
[2022.09.26-18.19.43:356][  0]LogInit: User: xxx
[2022.09.26-18.19.43:356][  0]LogInit: CPU Page size=4096, Cores=2
[2022.09.26-18.19.43:356][  0]LogInit: High frequency timer resolution =3.312841 MHz
[2022.09.26-18.19.43:356][  0]LogMemory: Memory total: Physical=16.0GB (16GB approx)
[2022.09.26-18.19.43:356][  0]LogMemory: Platform Memory Stats for Windows
[2022.09.26-18.19.43:356][  0]LogMemory: Process Physical Memory: 139.36 MB used, 139.36 MB peak
[2022.09.26-18.19.43:356][  0]LogMemory: Process Virtual Memory: 117.48 MB used, 117.48 MB peak
[2022.09.26-18.19.43:356][  0]LogMemory: Physical Memory: 7129.85 MB used,  9235.34 MB free, 16365.19 MB total
[2022.09.26-18.19.43:356][  0]LogMemory: Virtual Memory: 8365544.50 MB used,  23063.51 MB free, 8388608.00 MB total
[2022.09.26-18.19.43:391][  0]LogWindows: WindowsPlatformFeatures enabled
[2022.09.26-18.19.43:438][  0]LogInit: Physics initialised using underlying interface: PhysX
[2022.09.26-18.19.43:441][  0]LogInit: Using OS detected language (ru-RU).
[2022.09.26-18.19.43:441][  0]LogInit: Using OS detected locale (ru-RU).
[2022.09.26-18.19.43:446][  0]LogTextLocalizationManager: No specific localization for 'ru-RU' exists, so the 'ru' localization will be used.
[2022.09.26-18.19.43:447][  0]LogTextLocalizationResource: LocRes '../../../Engine/Content/Localization/Editor/ru/Editor.locres' could not be opened for reading!
[2022.09.26-18.19.43:447][  0]LogTextLocalizationResource: LocRes '../../../Engine/Content/Localization/EditorTutorials/ru/EditorTutorials.locres' could not be opened for reading!
[2022.09.26-18.19.43:447][  0]LogTextLocalizationResource: LocRes '../../../Engine/Content/Localization/Keywords/ru/Keywords.locres' could not be opened for reading!
[2022.09.26-18.19.43:447][  0]LogTextLocalizationResource: LocRes '../../../Engine/Content/Localization/Category/ru/Category.locres' could not be opened for reading!
[2022.09.26-18.19.43:447][  0]LogTextLocalizationResource: LocRes '../../../Engine/Content/Localization/ToolTips/ru/ToolTips.locres' could not be opened for reading!
[2022.09.26-18.19.43:447][  0]LogTextLocalizationResource: LocRes '../../../Engine/Content/Localization/PropertyNames/ru/PropertyNames.locres' could not be opened for reading!
[2022.09.26-18.19.43:448][  0]LogTextLocalizationResource: LocRes '../../../Engine/Content/Localization/Engine/ru/Engine.locres' could not be opened for reading!
[2022.09.26-18.19.43:450][  0]LogWindows: Failed to load 'shcore.dll' (GetLastError=126)
[2022.09.26-18.19.43:450][  0]LogWindows: File 'shcore.dll' does not exist
[2022.09.26-18.19.43:450][  0]LogInit: Setting process to DPI aware
[2022.09.26-18.19.43:499][  0]LogWindowsTextInputMethodSystem: Display: IME system deactivated.
[2022.09.26-18.19.43:537][  0]LogSlate: New Slate User Created.  User Index 0, Is Virtual User: 0
[2022.09.26-18.19.43:537][  0]LogSlate: Slate User Registered.  User Index 0, Is Virtual User: 0
[2022.09.26-18.19.43:909][  0]LogD3D11RHI: Loaded GFSDK_Aftermath_Lib.x64.dll
[2022.09.26-18.19.43:967][  0]LogHMD: Failed to initialize OpenVR with code 110
[2022.09.26-18.19.43:967][  0]LogD3D11RHI: D3D11 min allowed feature level: 11_0
[2022.09.26-18.19.43:967][  0]LogD3D11RHI: D3D11 max allowed feature level: 11_0
[2022.09.26-18.19.43:967][  0]LogD3D11RHI: D3D11 adapters:
[2022.09.26-18.19.43:981][  0]LogD3D11RHI:    0. 'AMD Radeon HD 6570' (Feature Level 11_0)
[2022.09.26-18.19.43:982][  0]LogD3D11RHI:       1008/0/3840 MB DedicatedVideo/DedicatedSystem/SharedSystem, Outputs:1, VendorId:0x1002
[2022.09.26-18.19.43:982][  0]LogD3D11RHI: Chosen D3D11 Adapter:
[2022.09.26-18.19.43:982][  0]LogD3D11RHI:     Description : AMD Radeon HD 6570
[2022.09.26-18.19.43:982][  0]LogD3D11RHI:     VendorId    : 1002
[2022.09.26-18.19.43:982][  0]LogD3D11RHI:     DeviceId    : 6759
[2022.09.26-18.19.43:982][  0]LogD3D11RHI:     SubSysId    : 22061458
[2022.09.26-18.19.43:982][  0]LogD3D11RHI:     Revision    : 0000
[2022.09.26-18.19.43:982][  0]LogD3D11RHI:     DedicatedVideoMemory : 1057685504 bytes
[2022.09.26-18.19.43:982][  0]LogD3D11RHI:     DedicatedSystemMemory : 0 bytes
[2022.09.26-18.19.43:982][  0]LogD3D11RHI:     SharedSystemMemory : 4026531840 bytes
[2022.09.26-18.19.43:982][  0]LogD3D11RHI:     AdapterLuid : 0 36360
[2022.09.26-18.19.43:986][  0]LogD3D11RHI: Creating new Direct3DDevice
[2022.09.26-18.19.43:986][  0]LogD3D11RHI:     GPU DeviceId: 0x6759 (for the marketing name, search the web for "GPU Device Id")
[2022.09.26-18.19.43:986][  0]LogWindows: EnumDisplayDevices:
[2022.09.26-18.19.43:987][  0]LogWindows:    0. 'AMD Radeon HD 6570' (P:1 D:1)
[2022.09.26-18.19.43:987][  0]LogWindows:    1. 'AMD Radeon HD 6570' (P:0 D:0)
[2022.09.26-18.19.43:987][  0]LogWindows:    2. 'RDPDD Chained DD' (P:0 D:0)
[2022.09.26-18.19.43:988][  0]LogWindows:    3. 'RDP Encoder Mirror Driver' (P:0 D:0)
[2022.09.26-18.19.43:988][  0]LogWindows:    4. 'RDP Reflector Display Driver' (P:0 D:0)
[2022.09.26-18.19.43:988][  0]LogWindows: DebugString: GetVideoDriverDetailsInvalid PrimaryIsNotTheChoosenAdapter GetVideoDriverDetailsInvalid PrimaryIsNotTheChoosenAdapter GetVideoDriverDetailsInvalid PrimaryIsNotTheChoosenAdapter FoundDriverCount:2 
[2022.09.26-18.19.43:988][  0]LogD3D11RHI:     Adapter Name: AMD Radeon HD 6570
[2022.09.26-18.19.43:988][  0]LogD3D11RHI:   Driver Version: Crimson 16.2.1 (internal:15.301.1901.0, unified:15.301.1901.0)
[2022.09.26-18.19.43:988][  0]LogD3D11RHI:      Driver Date: 2-26-2016
[2022.09.26-18.19.43:988][  0]LogRHI: Texture pool is 706 MB (70% of 1008 MB)
[2022.09.26-18.19.44:025][  0]LogD3D11RHI: AMD Pre GCN architecture detected, some driver workarounds will be in place
[2022.09.26-18.19.44:025][  0]LogD3D11RHI: Creating D3DDevice with AMD AGS, using adapter:
[2022.09.26-18.19.44:025][  0]LogD3D11RHI:     Description : AMD Radeon HD 6570
[2022.09.26-18.19.44:025][  0]LogD3D11RHI:     VendorId    : 1002
[2022.09.26-18.19.44:025][  0]LogD3D11RHI:     DeviceId    : 6759
[2022.09.26-18.19.44:026][  0]LogD3D11RHI:     SubSysId    : 22061458
[2022.09.26-18.19.44:026][  0]LogD3D11RHI:     Revision    : 0000
[2022.09.26-18.19.44:026][  0]LogD3D11RHI:     DedicatedVideoMemory : 1057685504 bytes
[2022.09.26-18.19.44:026][  0]LogD3D11RHI:     DedicatedSystemMemory : 0 bytes
[2022.09.26-18.19.44:026][  0]LogD3D11RHI:     SharedSystemMemory : 4026531840 bytes
[2022.09.26-18.19.44:026][  0]LogD3D11RHI:     AdapterLuid : 0 36360
[2022.09.26-18.19.44:039][  0]LogD3D11RHI: Created device via AGS, feature level 11_0, supported extensions 3.
[2022.09.26-18.19.44:039][  0]LogD3D11RHI: RHI does not have support for 64 bit atomics
[2022.09.26-18.19.44:039][  0]LogD3D11RHI: Async texture creation enabled
[2022.09.26-18.19.44:067][  0]LogD3D11RHI: GPU Timing Frequency: 27.000000 (Debug: 2 1)
[2022.09.26-18.19.44:993][  0]LogTargetPlatformManager: Display: Loaded TargetPlatform 'AllDesktop'
[2022.09.26-18.19.45:033][  0]LogTargetPlatformManager: Display: Loaded TargetPlatform 'Android'
[2022.09.26-18.19.45:033][  0]LogTargetPlatformManager: Display: Loaded TargetPlatform 'Android_ASTC'
[2022.09.26-18.19.45:033][  0]LogTargetPlatformManager: Display: Loaded TargetPlatform 'Android_DXT'
[2022.09.26-18.19.45:033][  0]LogTargetPlatformManager: Display: Loaded TargetPlatform 'Android_ETC2'
[2022.09.26-18.19.45:033][  0]LogTargetPlatformManager: Display: Loaded TargetPlatform 'AndroidClient'
[2022.09.26-18.19.45:034][  0]LogTargetPlatformManager: Display: Loaded TargetPlatform 'Android_ASTCClient'
[2022.09.26-18.19.45:034][  0]LogTargetPlatformManager: Display: Loaded TargetPlatform 'Android_DXTClient'
[2022.09.26-18.19.45:034][  0]LogTargetPlatformManager: Display: Loaded TargetPlatform 'Android_ETC2Client'
[2022.09.26-18.19.45:034][  0]LogTargetPlatformManager: Display: Loaded TargetPlatform 'Android_Multi'
[2022.09.26-18.19.45:034][  0]LogTargetPlatformManager: Display: Loaded TargetPlatform 'Android_MultiClient'
[2022.09.26-18.19.45:059][  0]LogTargetPlatformManager: Display: Loaded TargetPlatform 'IOSClient'
[2022.09.26-18.19.45:059][  0]LogTargetPlatformManager: Display: Loaded TargetPlatform 'IOS'
[2022.09.26-18.19.45:076][  0]LogTargetPlatformManager: Display: Loaded TargetPlatform 'Linux'
[2022.09.26-18.19.45:083][  0]LogTargetPlatformManager: Display: Loaded TargetPlatform 'LinuxNoEditor'
[2022.09.26-18.19.45:090][  0]LogTargetPlatformManager: Display: Loaded TargetPlatform 'LinuxClient'
[2022.09.26-18.19.45:096][  0]LogTargetPlatformManager: Display: Loaded TargetPlatform 'LinuxServer'
[2022.09.26-18.19.45:113][  0]LogTargetPlatformManager: Display: Loaded TargetPlatform 'LinuxAArch64NoEditor'
[2022.09.26-18.19.45:120][  0]LogTargetPlatformManager: Display: Loaded TargetPlatform 'LinuxAArch64Client'
[2022.09.26-18.19.45:127][  0]LogTargetPlatformManager: Display: Loaded TargetPlatform 'LinuxAArch64Server'
[2022.09.26-18.19.45:169][  0]LogTargetPlatformManager: Display: Loaded TargetPlatform 'Lumin'
[2022.09.26-18.19.45:169][  0]LogTargetPlatformManager: Display: Loaded TargetPlatform 'LuminClient'
[2022.09.26-18.19.45:181][  0]LogTargetPlatformManager: Display: Loaded TargetPlatform 'MacNoEditor'
[2022.09.26-18.19.45:188][  0]LogTargetPlatformManager: Display: Loaded TargetPlatform 'Mac'
[2022.09.26-18.19.45:194][  0]LogTargetPlatformManager: Display: Loaded TargetPlatform 'MacClient'
[2022.09.26-18.19.45:200][  0]LogTargetPlatformManager: Display: Loaded TargetPlatform 'MacServer'
[2022.09.26-18.19.45:216][  0]LogTargetPlatformManager: Display: Loaded TargetPlatform 'TVOSClient'
[2022.09.26-18.19.45:216][  0]LogTargetPlatformManager: Display: Loaded TargetPlatform 'TVOS'
[2022.09.26-18.19.45:231][  0]LogTargetPlatformManager: Display: Loaded TargetPlatform 'WindowsNoEditor'
[2022.09.26-18.19.45:239][  0]LogTargetPlatformManager: Display: Loaded TargetPlatform 'Windows'
[2022.09.26-18.19.45:244][  0]LogTargetPlatformManager: Display: Loaded TargetPlatform 'WindowsClient'
[2022.09.26-18.19.45:251][  0]LogTargetPlatformManager: Display: Loaded TargetPlatform 'WindowsServer'
[2022.09.26-18.19.45:251][  0]LogTargetPlatformManager: Display: Building Assets For Windows
[2022.09.26-18.19.45:259][  0]LogAudioDebug: Display: Lib vorbis DLL was dynamically loaded.
[2022.09.26-18.19.45:298][  0]LogTextureFormatOodle: Display: Oodle Texture 2.9.0 init RDO Off
[2022.09.26-18.19.45:339][  0]LogRendererCore: Ray tracing is disabled. Reason: r.RayTracing=0.
[2022.09.26-18.19.45:339][  0]LogShaderCompilers: Guid format shader working directory is 20 characters bigger than the processId version (../../../../../Gid/Rogue/Intermediate/Shaders/WorkingDirectory/5728/).
[2022.09.26-18.19.45:339][  0]LogShaderCompilers: Cleaned the shader compiler working directory 'C:/Users/xxx/AppData/Local/Temp/UnrealShaderWorkingDir/21FCAE6B4497F43570C957810E7459EE/'.
[2022.09.26-18.19.45:339][  0]LogXGEController: Cannot use XGE Controller as Incredibuild is not installed on this machine.
[2022.09.26-18.19.45:340][  0]LogShaderCompilers: Cannot use XGE Shader Compiler as Incredibuild is not installed on this machine.
[2022.09.26-18.19.45:340][  0]LogShaderCompilers: Display: Using Local Shader Compiler.
[2022.09.26-18.19.47:782][  0]LogDerivedDataCache: Display: Max Cache Size: 512 MB
[2022.09.26-18.19.47:937][  0]LogDerivedDataCache: Loaded boot cache 0.16s 94MB C:/Users/xxx/AppData/Local/UnrealEngine/4.27/DerivedDataCache/Boot.ddc.
[2022.09.26-18.19.47:939][  0]LogDerivedDataCache: Display: Loaded Boot cache: C:/Users/xxx/AppData/Local/UnrealEngine/4.27/DerivedDataCache/Boot.ddc
[2022.09.26-18.19.47:983][  0]LogDerivedDataCache: FDerivedDataBackendGraph:  Pak pak cache file ../../../../../Gid/Rogue/DerivedDataCache/DDC.ddp not found, will not use a pak cache.
[2022.09.26-18.19.47:983][  0]LogDerivedDataCache: Unable to find inner node Pak for hierarchical cache Hierarchy.
[2022.09.26-18.19.47:984][  0]LogDerivedDataCache: FDerivedDataBackendGraph:  CompressedPak pak cache file ../../../../../Gid/Rogue/DerivedDataCache/Compressed.ddp not found, will not use a pak cache.
[2022.09.26-18.19.47:984][  0]LogDerivedDataCache: Unable to find inner node CompressedPak for hierarchical cache Hierarchy.
[2022.09.26-18.19.48:027][  0]LogDerivedDataCache: Display: Pak cache opened for reading ../../../Engine/DerivedDataCache/Compressed.ddp.
[2022.09.26-18.19.48:027][  0]LogDerivedDataCache: FDerivedDataBackendGraph:  EnterprisePak pak cache file ../../../Enterprise/DerivedDataCache/Compressed.ddp not found, will not use a pak cache.
[2022.09.26-18.19.48:027][  0]LogDerivedDataCache: Unable to find inner node EnterprisePak for hierarchical cache Hierarchy.
[2022.09.26-18.19.48:128][  0]LogDerivedDataCache: Speed tests for C:/Users/xxx/AppData/Local/UnrealEngine/Common/DerivedDataCache took 0.10 seconds
[2022.09.26-18.19.48:128][  0]LogDerivedDataCache: Display: Performance to C:/Users/xxx/AppData/Local/UnrealEngine/Common/DerivedDataCache: Latency=0.04ms. RandomReadSpeed=450.28MBs, RandomWriteSpeed=9.43MBs. Assigned SpeedClass 'Local'
[2022.09.26-18.19.48:129][  0]LogDerivedDataCache: Using Local data cache path C:/Users/xxx/AppData/Local/UnrealEngine/Common/DerivedDataCache: Writable
[2022.09.26-18.19.48:130][  0]LogDerivedDataCache: Shared data cache path not found in *engine.ini, will not use an Shared cache.
[2022.09.26-18.19.48:130][  0]LogDerivedDataCache: Unable to find inner node Shared for hierarchical cache Hierarchy.
[2022.09.26-18.19.48:276][  0]LogSlate: Using FreeType 2.10.0
[2022.09.26-18.19.48:277][  0]LogSlate: SlateFontServices - WITH_FREETYPE: 1, WITH_HARFBUZZ: 1
[2022.09.26-18.19.48:352][  0]LogAssetRegistry: FAssetRegistry took 0.0045 seconds to start up
[2022.09.26-18.19.49:093][  0]LogInit: Selected Device Profile: [Windows]
[2022.09.26-18.19.49:094][  0]LogInit: Active device profile: [000000002C12B300][000000002CB982C0 49] Windows
[2022.09.26-18.19.49:094][  0]LogInit: Profiles: [000000002C12B300][000000002CB982C0 49] Windows, [000000002C0D5200][000000002CBA0440 49] WindowsNoEditor, [000000002C129200][000000002CBA45C0 49] WindowsServer, [000000002C0D7000][000000002CBA8740 49] WindowsClient, [000000002C12B000][000000002CBAC8C0 49] IOS, [000000002C0D5300][000000002CB9CA00 49] iPadAir, [000000002C128400][000000002CBB0B40 49] iPadAir2, [000000002C084600][000000002CBB8D80 49] IPadPro, [000000002C084700][000000002CBB4DC0 49] iPadAir3, [000000002C12AD00][000000002CBC0F40 49] iPadAir4, [000000002C086E00][000000002CBC50C0 49] iPadMini2, [000000002C129400][000000002CBC9240 49] iPadMini3, [000000002C085800][000000002CBCD3C0 49] iPadMini4, [000000002C12AB00][000000002CBD1540 49] iPadMini5, [000000002C07FE00][000000002CBD9800 49] iPhone6, [000000002C07FF00][000000002CBD5840 49] iPodTouch6, [000000002C084400][000000002CBE1B00 49] iPhone7, [000000002C086D00][000000002CBDDB40 49] iPodTouch7, [000000002C07D300][000000002CBE4140 49] iPhone5S, [000000002C086100][000000002CBE82C0 49] iPhone6Plus, [000000002C07EE00][000000002CBEC440 49] iPhone6S, [000000002C084200][000000002CBF05C0 49] iPhone6SPlus, [000000002C07D600][000000002CBF4740 49] iPhone7Plus, [000000002C085F00][000000002CBF88C0 49] iPhoneSE, [000000002C07EB00][000000002CBFCA40 49] iPhone8, [000000002C085600][000000002CBBCB80 49] iPhone8Plus, [000000002C07DA00][000000002CC00CC0 49] iPhoneX, [000000002C087600][000000002CC04E00 49] iPhoneXS, [000000002C07C700][000000002CC08F40 49] iPhoneXSMax, [000000002C086500][000000002CC110C0 49] iPhoneXR, [000000002C07F600][000000002CC15240 49] iPhone11, [000000002C085A00][000000002CC193C0 49] iPhone11Pro, [000000002C07E700][000000002CC1D540 49] iPhone11ProMax, [000000002C086900][000000002CC216C0 49] iPhoneSE2, [000000002C07DE00][000000002CC25840 49] iPhone12Mini, [000000002C084300][000000002CC299C0 49] iPhone12, [000000002C07E400][000000002CC2DB40 49] iPhone12Pro, [000000002C085C00][000000002CC30140 49] iPhone12ProMax, [000000002C07E100][000000002CC342C0 49] iPadPro105, [000000002C084900][000000002CC38440 49] iPadPro129, [000000002C07DD00][000000002CC3C5C0 49] iPadPro97, [000000002C084C00][000000002CC40740 49] iPadPro2_129, [000000002C07E900][000000002CC448C0 49] iPad5, [000000002C084E00][000000002CC48A40 49] iPad6, [000000002C07D500][000000002CC4CBC0 49] iPad7, [000000002C087700][000000002CC50D40 49] iPad8, [000000002C07FB00][000000002CC0CE80 49] iPadPro11, [000000002C084500][000000002CC54FC0 49] iPadPro2_11, [000000002C07CA00][000000002CC59100 49] iPadPro3_129, [000000002C086800][000000002CC61280 49] iPadPro4_129, [000000002C07E600][000000002CC65400 49] AppleTV, [000000002C087E00][000000002CC69580 49] AppleTV4K, [000000002C07DB00][000000002CC6D700 49] TVOS, [000000002C085300][000000002CC71880 49] Mac, [000000002C07C400][000000002CC75A00 49] MacClient, [000000002C086C00][000000002CC79B80 49] MacNoEditor, [000000002C07EC00][000000002CC7C180 49] MacServer, [000000002C085000][000000002CC80300 49] Linux, [000000002C07E500][000000002CC84480 49] LinuxAArch64, [000000002C087200][000000002CC88600 49] LinuxNoEditor, [000000002C07CF00][000000002CC8C780 49] LinuxAArch64NoEditor, [000000002C084A00][000000001BF70900 49] LinuxClient, [000000002C07D900][000000001BF74A80 49] LinuxAArch64Client, [000000002C0D7C00][000000001BF78C00 49] LinuxServer, [000000002C15D700][000000001BF7CD80 49] LinuxAArch64Server, [000000002C0D4700][000000001BF80F00 49] Android, [000000002C15CC00][000000002CC5D040 49] Android_Low, [000000002C0D5A00][000000001BF85180 49] Android_Mid, [000000002C15D200][000000001BF892C0 49] Android_High, [000000002C0D6400][000000001BF91440 49] Android_Default, [000000002C15DD00][000000001BF955C0 49] Android_Adreno4xx, [000000002C0D6E00][000000001BF99740 49] Android_Adreno5xx_Low, [000000002C15CB00][000000002CCA18C0 49] Android_Adreno5xx, [000000002C0D7400][000000002CCA5A40 49] Android_Adreno6xx, [000000002C15C500][000000002CCA9BC0 49] Android_Adreno6xx_Vulkan, [000000002C0D7800][000000002CCAC1C0 49] Android_Mali_T6xx, [000000002C15CF00][000000002CCB0340 49] Android_Mali_T7xx, [000000002C0D4400][000000002CCB44C0 49] Android_Mali_T8xx, [000000002C15D800][000000002CCB8640 49] Android_Mali_G71, [000000002C0D4C00][000000002CCBC7C0 49] Android_Mali_G72, [000000002C15D400][000000002CCC0940 49] Android_Mali_G72_Vulkan, [000000002C0D6200][000000002CCC4AC0 49] Android_Mali_G76, [000000002C15D100][000000002CCC8C40 49] Android_Mali_G76_Vulkan, [000000002C0D5C00][000000002CCCCDC0 49] Android_Mali_G77, [000000002C15CD00][000000002CCD0F40 49] Android_Mali_G77_Vulkan, [000000002C07F200][000000002CCD50C0 49] Android_Mali_G78, [000000002C086700][000000001BF8D200 49] Android_Mali_G78_Vulkan, [000000002C07FA00][000000002CCD9340 49] Android_Mali_G710, [000000002C085200][000000002CCDD480 49] Android_Mali_G710_Vulkan, [000000002C07C100][000000002CCE15C0 49] Android_Vulkan_SM5, [000000002C087400][000000002CCE9740 49] Android_PowerVR_G6xxx, [000000002C07E000][000000002CCED8C0 49] Android_PowerVR_GT7xxx, [000000002C087000][000000002CCF1A40 49] Android_PowerVR_GE8xxx, [000000002C07ED00][000000002CCF5BC0 49] Android_PowerVR_GM9xxx, [000000002C086200][000000002CCF81C0 49] Android_PowerVR_GM9xxx_Vulkan, [000000002C07F500][000000002CCFC340 49] Android_TegraK1, [000000002C085500][000000002CD004C0 49] Android_Unknown_Vulkan, [000000002C07C800][000000002CD04640 49] Lumin, [000000002C085E00][000000002CD087C0 49] Lumin_Desktop, [000000002C07F300][000000002CD0C940 49] HoloLens, 
[2022.09.26-18.19.49:540][  0]LogMeshReduction: Using QuadricMeshReduction for automatic static mesh reduction
[2022.09.26-18.19.49:540][  0]LogMeshReduction: Using SimplygonMeshReduction for automatic skeletal mesh reduction
[2022.09.26-18.19.49:540][  0]LogMeshReduction: Using ProxyLODMeshReduction for automatic mesh merging
[2022.09.26-18.19.49:540][  0]LogMeshReduction: No distributed automatic mesh merging module available
[2022.09.26-18.19.49:540][  0]LogMeshMerging: No distributed automatic mesh merging module available
[2022.09.26-18.19.49:583][  0]LogNetVersion: Rogue 1.0.0, NetCL: 17155196, EngineNetVer: 17, GameNetVer: 0 (Checksum: 1113035870)
[2022.09.26-18.19.51:179][  0]LogTexture: Default maximum texture size for cubemaps generated from long-lat sources has been changed from 512 to unlimited. In order to preserve old behaiour for '/Engine/MapTemplates/Sky/DaylightAmbientCubemap.DaylightAmbientCubemap', its maximum texture size has been explicitly set to 512.
[2022.09.26-18.19.51:319][  0]LogHMD: PokeAHoleMaterial loaded successfully
[2022.09.26-18.19.51:334][  0]LogUObjectArray: 17178 objects as part of root set at end of initial load.
[2022.09.26-18.19.51:335][  0]LogUObjectAllocator: 4302048 out of 0 bytes used by permanent object pool.
[2022.09.26-18.19.51:335][  0]LogUObjectArray: CloseDisregardForGC: 0/0 objects in disregard for GC pool
[2022.09.26-18.19.52:386][  0]LogPython: Using Python 3.7.7
[2022.09.26-18.19.55:863][  0]LogNiagaraDebuggerClient: Niagara Debugger Client Initialized | Session: 1BC31F6D4DE2E7B14C5E8681ED16BDC8 | Instance: D5E1284342B99A3C5A332D9EE1738398 (XXX-ПК-5728).
[2022.09.26-18.19.56:379][  0]LogTcpMessaging: Initializing TcpMessaging bridge
[2022.09.26-18.19.56:398][  0]LogUdpMessaging: Initializing bridge on interface 0.0.0.0:0 to multicast group 230.0.0.1:6666.
[2022.09.26-18.19.56:558][  0]LogLinker: Warning: Failed to load '/Game/FirstPersonBP/FirstPersonOverview': Can't find file.
[2022.09.26-18.19.56:558][  0]LogLinker: Warning: Failed to load '/Game/FirstPersonBP/FirstPersonOverview': Can't find file.
[2022.09.26-18.19.56:559][  0]LogUObjectGlobals: Warning: Failed to find object 'Class /Game/FirstPersonBP/FirstPersonOverview.FirstPersonOverview_C'
[2022.09.26-18.19.56:994][  0]SourceControl: Source control is disabled
[2022.09.26-18.19.56:994][  0]SourceControl: Source control is disabled
[2022.09.26-18.19.57:004][  0]SourceControl: Source control is disabled
[2022.09.26-18.19.57:009][  0]SourceControl: Source control is disabled
[2022.09.26-18.19.57:041][  0]SourceControl: Source control is disabled
[2022.09.26-18.19.57:062][  0]LogUProjectInfo: Found projects:
[2022.09.26-18.19.57:304][  0]LogOpenImageDenoise: OIDN starting up
[2022.09.26-18.19.57:390][  0]LogAndroidPermission: UAndroidPermissionCallbackProxy::GetInstance
[2022.09.26-18.19.57:480][  0]LogAudioCaptureCore: Display: No Audio Capture implementations found. Audio input will be silent.
[2022.09.26-18.19.57:480][  0]LogAudioCaptureCore: Display: No Audio Capture implementations found. Audio input will be silent.
[2022.09.26-18.19.57:804][  0]LogCollectionManager: Loaded 0 collections in 0.105835 seconds
[2022.09.26-18.19.57:841][  0]LogFileCache: Scanning file cache for directory 'D:/Gid/Rogue/Saved/Collections/' took 0.00s
[2022.09.26-18.19.57:841][  0]LogFileCache: Scanning file cache for directory 'D:/Gid/Rogue/Content/Developers/xxx/Collections/' took 0.00s
[2022.09.26-18.19.57:841][  0]LogFileCache: Scanning file cache for directory 'D:/Gid/Rogue/Content/Collections/' took 0.00s
[2022.09.26-18.19.57:841][  0]LogOcInput: OculusInput pre-init called
[2022.09.26-18.19.58:378][  0]LogEngine: Initializing Engine...
[2022.09.26-18.20.01:005][  0]LogHMD: Failed to enumerate extensions. Please check that you have a valid OpenXR runtime installed.
[2022.09.26-18.20.01:006][  0]LogHMD: Failed to initialize OpenVR with code 110
[2022.09.26-18.20.01:168][  0]LogMagicLeap: Warning: VR disabled because ZI is not enabled.  To enable, in the editor, Edit -> Project Settings -> Plugins -> Magic Leap Plugin -> Enable Zero Iteration
[2022.09.26-18.20.01:169][  0]LogStats: UGameplayTagsManager::InitializeManager -  0.000 s
[2022.09.26-18.20.01:429][  0]LogInit: Initializing FReadOnlyCVARCache
[2022.09.26-18.20.01:441][  0]LogAIModule: Creating AISystem for world Untitled
[2022.09.26-18.20.01:449][  0]LogAudio: Display: Initializing Audio Device Manager...
[2022.09.26-18.20.01:453][  0]LogAudio: Display: Loading Default Audio Settings Objects...
[2022.09.26-18.20.01:454][  0]LogAudio: Display: No default SoundConcurrencyObject specified (or failed to load).
[2022.09.26-18.20.01:455][  0]LogAudio: Display: Audio Device Manager Initialized
[2022.09.26-18.20.01:455][  0]LogAudio: Display: Creating Audio Device:                 Id: 1, Scope: Shared, Realtime: True
[2022.09.26-18.20.01:455][  0]LogAudioMixer: Display: Audio Mixer Platform Settings:
[2022.09.26-18.20.01:455][  0]LogAudioMixer: Display: 	Sample Rate:						  48000
[2022.09.26-18.20.01:455][  0]LogAudioMixer: Display: 	Callback Buffer Frame Size Requested: 1024
[2022.09.26-18.20.01:455][  0]LogAudioMixer: Display: 	Callback Buffer Frame Size To Use:	  1024
[2022.09.26-18.20.01:455][  0]LogAudioMixer: Display: 	Number of buffers to queue:			  2
[2022.09.26-18.20.01:455][  0]LogAudioMixer: Display: 	Max Channels (voices):				  32
[2022.09.26-18.20.01:455][  0]LogAudioMixer: Display: 	Number of Async Source Workers:		  0
[2022.09.26-18.20.01:455][  0]LogAudio: Display: AudioDevice MaxSources: 32
[2022.09.26-18.20.01:455][  0]LogAudio: Display: Audio Spatialization Plugin: None (built-in).
[2022.09.26-18.20.01:455][  0]LogAudio: Display: Audio Reverb Plugin: None (built-in).
[2022.09.26-18.20.01:455][  0]LogAudio: Display: Audio Occlusion Plugin: None (built-in).
[2022.09.26-18.20.01:455][  0]LogAudioMixer: Display: Initializing audio mixer.
[2022.09.26-18.20.01:467][  0]LogAudioMixer: Display: 0: FrontLeft
[2022.09.26-18.20.01:467][  0]LogAudioMixer: Display: 1: FrontRight
[2022.09.26-18.20.01:561][  0]LogAudioMixer: Display: Using Audio Device Динамики (VIA HD Audio)
[2022.09.26-18.20.01:564][  0]LogAudioMixer: Display: Initializing Sound Submixes...
[2022.09.26-18.20.01:567][  0]LogAudioMixer: Display: Creating Master Submix 'MasterSubmixDefault'
[2022.09.26-18.20.01:567][  0]LogAudioMixer: Display: Creating Master Submix 'MasterReverbSubmixDefault'
[2022.09.26-18.20.01:568][  0]LogAudioMixer: Display: Creating Master Submix 'MasterEQSubmixDefault'
[2022.09.26-18.20.01:568][  0]LogAudioMixer: FMixerPlatformXAudio2::StartAudioStream() called
[2022.09.26-18.20.01:568][  0]LogAudioMixer: Display: Output buffers initialized: Frames=1024, Channels=2, Samples=2048
[2022.09.26-18.20.01:570][  0]LogAudioMixer: Display: Starting AudioMixerPlatformInterface::RunInternal()
[2022.09.26-18.20.01:570][  0]LogAudioMixer: Display: FMixerPlatformXAudio2::SubmitBuffer() called for the first time
[2022.09.26-18.20.01:570][  0]LogInit: FAudioDevice initialized.
[2022.09.26-18.20.01:570][  0]LogAudio: Display: Audio Device (ID: 1) registered with world 'Untitled'.
[2022.09.26-18.20.01:570][  0]LogNetVersion: Set ProjectVersion to 1.0.0.0. Version Checksum will be recalculated on next use.
[2022.09.26-18.20.05:170][  0]LogDerivedDataCache: Saved boot cache 3.60s 94MB C:/Users/xxx/AppData/Local/UnrealEngine/4.27/DerivedDataCache/Boot.ddc.
[2022.09.26-18.20.05:170][  0]LogInit: Texture streaming: Enabled
[2022.09.26-18.20.05:185][  0]LogAnalytics: Display: [UEEditor.Rocket.Release] APIServer = https://datarouter.ol.epicgames.com/. AppVersion = 4.27.2-18319896+++UE4+Release-4.27
[2022.09.26-18.20.05:190][  0]LogEngineSessionManager: EngineSessionManager initialized
[2022.09.26-18.20.05:190][  0]LogEditorSessionSummary: Verbose: Initializing EditorSessionSummaryWriter for editor session tracking
[2022.09.26-18.20.05:197][  0]LogEditorSessionSummary: EditorSessionSummaryWriter initialized
[2022.09.26-18.20.05:227][  0]LogInit: Transaction tracking system initialized
[2022.09.26-18.20.05:253][  0]BlueprintLog: New page: Editor Load
[2022.09.26-18.20.05:333][  0]LocalizationService: Localization service is disabled
[2022.09.26-18.20.05:410][  0]TimingProfiler: Initialize
[2022.09.26-18.20.05:410][  0]TimingProfiler: OnSessionChanged
[2022.09.26-18.20.05:410][  0]LoadingProfiler: Initialize
[2022.09.26-18.20.05:411][  0]LoadingProfiler: OnSessionChanged
[2022.09.26-18.20.05:411][  0]NetworkingProfiler: Initialize
[2022.09.26-18.20.05:411][  0]NetworkingProfiler: OnSessionChanged
[2022.09.26-18.20.05:411][  0]MemoryProfiler: Initialize
[2022.09.26-18.20.05:411][  0]MemoryProfiler: OnSessionChanged
[2022.09.26-18.20.05:881][  0]LogCook: Display: CookSettings for Memory: MemoryMaxUsedVirtual 0MiB, MemoryMaxUsedPhysical 16384MiB, MemoryMinFreeVirtual 0MiB, MemoryMinFreePhysical 1024MiB
[2022.09.26-18.20.05:881][  0]LogCook: Display: Mobile HDR setting 1
[2022.09.26-18.20.06:223][  0]LogFileCache: Scanning file cache for directory 'D:/Gid/Rogue/Content/' took 0.01s
[2022.09.26-18.20.06:694][  0]LogInit: Display: Engine is initialized. Leaving FEngineLoop::Init()
[2022.09.26-18.20.06:701][  0]SourceControl: Source control is disabled
[2022.09.26-18.20.06:701][  0]LogUnrealEdMisc: Loading editor; pre map load, took 28.288
[2022.09.26-18.20.06:701][  0]Cmd: MAP LOAD FILE="../../../../../Gid/Rogue/Content/StarterContent/Maps/Minimal_Default.umap" TEMPLATE=0 SHOWPROGRESS=1 FEATURELEVEL=3
[2022.09.26-18.20.06:701][  0]LightingResults: New page: Lighting Build
[2022.09.26-18.20.06:703][  0]LogWorld: UWorld::CleanupWorld for Untitled, bSessionEnded=true, bCleanupResources=true
[2022.09.26-18.20.06:704][  0]LogSlate: InvalidateAllWidgets triggered.  All widgets were invalidated
[2022.09.26-18.20.06:704][  0]MapCheck: New page: Map Check
[2022.09.26-18.20.06:704][  0]LightingResults: New page: Lighting Build
[2022.09.26-18.20.06:713][  0]LogAudio: Display: Audio Device unregistered from world 'None'.
[2022.09.26-18.20.06:717][  0]LogUObjectHash: Compacting FUObjectHashTables data took   1.50ms
[2022.09.26-18.20.16:038][  0]LogAudio: Display: Audio Device (ID: 1) registered with world 'Minimal_Default'.
[2022.09.26-18.20.16:040][  0]LogAIModule: Creating AISystem for world Minimal_Default
[2022.09.26-18.20.18:016][  0]LogEditorServer: Finished looking for orphan Actors (0.000 secs)
[2022.09.26-18.20.18:226][  0]LogUObjectHash: Compacting FUObjectHashTables data took   2.45ms
[2022.09.26-18.20.18:227][  0]Cmd: MAP CHECKDEP NOCLEARLOG
[2022.09.26-18.20.18:227][  0]MapCheck: Map check complete: 0 Error(s), 0 Warning(s), took 0,155ms to complete.
[2022.09.26-18.20.18:227][  0]LogFileHelpers: Loading map 'Minimal_Default' took 11.526
[2022.09.26-18.20.18:231][  0]LogUnrealEdMisc: Total Editor Startup Time, took 39.818
[2022.09.26-18.20.20:399][  0]LogSlate: Updating window title bar state: overlay mode, drag disabled, window buttons hidden, title bar hidden
[2022.09.26-18.20.20:437][  0]LogSlate: Updating window title bar state: overlay mode, drag disabled, window buttons hidden, title bar hidden
[2022.09.26-18.20.20:448][  0]LogSlate: Updating window title bar state: overlay mode, drag disabled, window buttons hidden, title bar hidden
[2022.09.26-18.20.20:462][  0]LogSlate: Updating window title bar state: overlay mode, drag disabled, window buttons hidden, title bar hidden
[2022.09.26-18.20.21:301][  0]LogPakFile: PakFile PrimaryIndexSize=187
[2022.09.26-18.20.21:301][  0]LogPakFile: PakFile PathHashIndexSize=101
[2022.09.26-18.20.21:301][  0]LogPakFile: PakFile FullDirectoryIndexSize=148
[2022.09.26-18.20.21:301][  0]LogShaderLibrary: Display: ShaderCodeLibraryPakFileMountedCallback: PakFile 'D:/Games/UE_4.27/FeaturePacks/FP_FirstPerson.upack' (chunk index -1, root 'root:/') mounted
[2022.09.26-18.20.21:301][  0]LogShaderLibrary: Display: ShaderCodeLibraryPakFileMountedCallback: pending pak file info (ChunkID:-1 Root:root:/ File:D:/Games/UE_4.27/FeaturePacks/FP_FirstPerson.upack)
[2022.09.26-18.20.21:301][  0]LogPakFile: OnPakFileMounted2Time == 0.000150
[2022.09.26-18.20.21:404][  0]LogPakFile: PakFile PrimaryIndexSize=189
[2022.09.26-18.20.21:404][  0]LogPakFile: PakFile PathHashIndexSize=101
[2022.09.26-18.20.21:404][  0]LogPakFile: PakFile FullDirectoryIndexSize=152
[2022.09.26-18.20.21:404][  0]LogShaderLibrary: Display: ShaderCodeLibraryPakFileMountedCallback: PakFile 'D:/Games/UE_4.27/FeaturePacks/FP_FirstPersonBP.upack' (chunk index -1, root 'root:/') mounted
[2022.09.26-18.20.21:404][  0]LogShaderLibrary: Display: ShaderCodeLibraryPakFileMountedCallback: pending pak file info (ChunkID:-1 Root:root:/ File:D:/Games/UE_4.27/FeaturePacks/FP_FirstPersonBP.upack)
[2022.09.26-18.20.21:404][  0]LogPakFile: OnPakFileMounted2Time == 0.000083
[2022.09.26-18.20.21:444][  0]LogPakFile: PakFile PrimaryIndexSize=191
[2022.09.26-18.20.21:445][  0]LogPakFile: PakFile PathHashIndexSize=101
[2022.09.26-18.20.21:445][  0]LogPakFile: PakFile FullDirectoryIndexSize=160
[2022.09.26-18.20.21:445][  0]LogShaderLibrary: Display: ShaderCodeLibraryPakFileMountedCallback: PakFile 'D:/Games/UE_4.27/FeaturePacks/MobileStarterContent.upack' (chunk index -1, root 'root:/') mounted
[2022.09.26-18.20.21:445][  0]LogShaderLibrary: Display: ShaderCodeLibraryPakFileMountedCallback: pending pak file info (ChunkID:-1 Root:root:/ File:D:/Games/UE_4.27/FeaturePacks/MobileStarterContent.upack)
[2022.09.26-18.20.21:445][  0]LogPakFile: OnPakFileMounted2Time == 0.000094
[2022.09.26-18.20.21:446][  0]LogPakFile: PakFile PrimaryIndexSize=185
[2022.09.26-18.20.21:446][  0]LogPakFile: PakFile PathHashIndexSize=101
[2022.09.26-18.20.21:446][  0]LogPakFile: PakFile FullDirectoryIndexSize=148
[2022.09.26-18.20.21:446][  0]LogShaderLibrary: Display: ShaderCodeLibraryPakFileMountedCallback: PakFile 'D:/Games/UE_4.27/FeaturePacks/StarterContent.upack' (chunk index -1, root 'root:/') mounted
[2022.09.26-18.20.21:446][  0]LogShaderLibrary: Display: ShaderCodeLibraryPakFileMountedCallback: pending pak file info (ChunkID:-1 Root:root:/ File:D:/Games/UE_4.27/FeaturePacks/StarterContent.upack)
[2022.09.26-18.20.21:446][  0]LogPakFile: OnPakFileMounted2Time == 0.000063
[2022.09.26-18.20.21:461][  0]LogPakFile: PakFile PrimaryIndexSize=190
[2022.09.26-18.20.21:461][  0]LogPakFile: PakFile PathHashIndexSize=101
[2022.09.26-18.20.21:461][  0]LogPakFile: PakFile FullDirectoryIndexSize=154
[2022.09.26-18.20.21:461][  0]LogShaderLibrary: Display: ShaderCodeLibraryPakFileMountedCallback: PakFile 'D:/Games/UE_4.27/FeaturePacks/TP_2DSideScroller.upack' (chunk index -1, root 'root:/') mounted
[2022.09.26-18.20.21:461][  0]LogShaderLibrary: Display: ShaderCodeLibraryPakFileMountedCallback: pending pak file info (ChunkID:-1 Root:root:/ File:D:/Games/UE_4.27/FeaturePacks/TP_2DSideScroller.upack)
[2022.09.26-18.20.21:461][  0]LogPakFile: OnPakFileMounted2Time == 0.000114
[2022.09.26-18.20.21:477][  0]LogPakFile: PakFile PrimaryIndexSize=192
[2022.09.26-18.20.21:477][  0]LogPakFile: PakFile PathHashIndexSize=101
[2022.09.26-18.20.21:477][  0]LogPakFile: PakFile FullDirectoryIndexSize=158
[2022.09.26-18.20.21:477][  0]LogShaderLibrary: Display: ShaderCodeLibraryPakFileMountedCallback: PakFile 'D:/Games/UE_4.27/FeaturePacks/TP_2DSideScrollerBP.upack' (chunk index -1, root 'root:/') mounted
[2022.09.26-18.20.21:477][  0]LogShaderLibrary: Display: ShaderCodeLibraryPakFileMountedCallback: pending pak file info (ChunkID:-1 Root:root:/ File:D:/Games/UE_4.27/FeaturePacks/TP_2DSideScrollerBP.upack)
[2022.09.26-18.20.21:477][  0]LogPakFile: OnPakFileMounted2Time == 0.000155
[2022.09.26-18.20.21:532][  0]LogPakFile: PakFile PrimaryIndexSize=182
[2022.09.26-18.20.21:532][  0]LogPakFile: PakFile PathHashIndexSize=101
[2022.09.26-18.20.21:532][  0]LogPakFile: PakFile FullDirectoryIndexSize=138
[2022.09.26-18.20.21:532][  0]LogShaderLibrary: Display: ShaderCodeLibraryPakFileMountedCallback: PakFile 'D:/Games/UE_4.27/FeaturePacks/TP_Flying.upack' (chunk index -1, root 'root:/') mounted
[2022.09.26-18.20.21:532][  0]LogShaderLibrary: Display: ShaderCodeLibraryPakFileMountedCallback: pending pak file info (ChunkID:-1 Root:root:/ File:D:/Games/UE_4.27/FeaturePacks/TP_Flying.upack)
[2022.09.26-18.20.21:532][  0]LogPakFile: OnPakFileMounted2Time == 0.000108
[2022.09.26-18.20.21:534][  0]LogPakFile: PakFile PrimaryIndexSize=184
[2022.09.26-18.20.21:534][  0]LogPakFile: PakFile PathHashIndexSize=101
[2022.09.26-18.20.21:534][  0]LogPakFile: PakFile FullDirectoryIndexSize=142
[2022.09.26-18.20.21:534][  0]LogShaderLibrary: Display: ShaderCodeLibraryPakFileMountedCallback: PakFile 'D:/Games/UE_4.27/FeaturePacks/TP_FlyingBP.upack' (chunk index -1, root 'root:/') mounted
[2022.09.26-18.20.21:534][  0]LogShaderLibrary: Display: ShaderCodeLibraryPakFileMountedCallback: pending pak file info (ChunkID:-1 Root:root:/ File:D:/Games/UE_4.27/FeaturePacks/TP_FlyingBP.upack)
[2022.09.26-18.20.21:534][  0]LogPakFile: OnPakFileMounted2Time == 0.000086
[2022.09.26-18.20.21:544][  0]LogPakFile: PakFile PrimaryIndexSize=188
[2022.09.26-18.20.21:544][  0]LogPakFile: PakFile PathHashIndexSize=101
[2022.09.26-18.20.21:544][  0]LogPakFile: PakFile FullDirectoryIndexSize=150
[2022.09.26-18.20.21:544][  0]LogShaderLibrary: Display: ShaderCodeLibraryPakFileMountedCallback: PakFile 'D:/Games/UE_4.27/FeaturePacks/TP_HandheldARBP.upack' (chunk index -1, root 'root:/') mounted
[2022.09.26-18.20.21:544][  0]LogShaderLibrary: Display: ShaderCodeLibraryPakFileMountedCallback: pending pak file info (ChunkID:-1 Root:root:/ File:D:/Games/UE_4.27/FeaturePacks/TP_HandheldARBP.upack)
[2022.09.26-18.20.21:544][  0]LogPakFile: OnPakFileMounted2Time == 0.000082
[2022.09.26-18.20.21:569][  0]LogPakFile: PakFile PrimaryIndexSize=182
[2022.09.26-18.20.21:569][  0]LogPakFile: PakFile PathHashIndexSize=101
[2022.09.26-18.20.21:569][  0]LogPakFile: PakFile FullDirectoryIndexSize=138
[2022.09.26-18.20.21:569][  0]LogShaderLibrary: Display: ShaderCodeLibraryPakFileMountedCallback: PakFile 'D:/Games/UE_4.27/FeaturePacks/TP_Puzzle.upack' (chunk index -1, root 'root:/') mounted
[2022.09.26-18.20.21:569][  0]LogShaderLibrary: Display: ShaderCodeLibraryPakFileMountedCallback: pending pak file info (ChunkID:-1 Root:root:/ File:D:/Games/UE_4.27/FeaturePacks/TP_Puzzle.upack)
[2022.09.26-18.20.21:569][  0]LogPakFile: OnPakFileMounted2Time == 0.000116
[2022.09.26-18.20.21:583][  0]LogPakFile: PakFile PrimaryIndexSize=184
[2022.09.26-18.20.21:583][  0]LogPakFile: PakFile PathHashIndexSize=101
[2022.09.26-18.20.21:583][  0]LogPakFile: PakFile FullDirectoryIndexSize=142
[2022.09.26-18.20.21:583][  0]LogShaderLibrary: Display: ShaderCodeLibraryPakFileMountedCallback: PakFile 'D:/Games/UE_4.27/FeaturePacks/TP_PuzzleBP.upack' (chunk index -1, root 'root:/') mounted
[2022.09.26-18.20.21:583][  0]LogShaderLibrary: Display: ShaderCodeLibraryPakFileMountedCallback: pending pak file info (ChunkID:-1 Root:root:/ File:D:/Games/UE_4.27/FeaturePacks/TP_PuzzleBP.upack)
[2022.09.26-18.20.21:583][  0]LogPakFile: OnPakFileMounted2Time == 0.000091
[2022.09.26-18.20.21:590][  0]LogPakFile: PakFile PrimaryIndexSize=183
[2022.09.26-18.20.21:590][  0]LogPakFile: PakFile PathHashIndexSize=101
[2022.09.26-18.20.21:590][  0]LogPakFile: PakFile FullDirectoryIndexSize=140
[2022.09.26-18.20.21:590][  0]LogShaderLibrary: Display: ShaderCodeLibraryPakFileMountedCallback: PakFile 'D:/Games/UE_4.27/FeaturePacks/TP_Rolling.upack' (chunk index -1, root 'root:/') mounted
[2022.09.26-18.20.21:590][  0]LogShaderLibrary: Display: ShaderCodeLibraryPakFileMountedCallback: pending pak file info (ChunkID:-1 Root:root:/ File:D:/Games/UE_4.27/FeaturePacks/TP_Rolling.upack)
[2022.09.26-18.20.21:590][  0]LogPakFile: OnPakFileMounted2Time == 0.000103
[2022.09.26-18.20.21:592][  0]LogPakFile: PakFile PrimaryIndexSize=185
[2022.09.26-18.20.21:592][  0]LogPakFile: PakFile PathHashIndexSize=101
[2022.09.26-18.20.21:592][  0]LogPakFile: PakFile FullDirectoryIndexSize=144
[2022.09.26-18.20.21:592][  0]LogShaderLibrary: Display: ShaderCodeLibraryPakFileMountedCallback: PakFile 'D:/Games/UE_4.27/FeaturePacks/TP_RollingBP.upack' (chunk index -1, root 'root:/') mounted
[2022.09.26-18.20.21:592][  0]LogShaderLibrary: Display: ShaderCodeLibraryPakFileMountedCallback: pending pak file info (ChunkID:-1 Root:root:/ File:D:/Games/UE_4.27/FeaturePacks/TP_RollingBP.upack)
[2022.09.26-18.20.21:592][  0]LogPakFile: OnPakFileMounted2Time == 0.000106
[2022.09.26-18.20.21:594][  0]LogPakFile: PakFile PrimaryIndexSize=188
[2022.09.26-18.20.21:594][  0]LogPakFile: PakFile PathHashIndexSize=101
[2022.09.26-18.20.21:594][  0]LogPakFile: PakFile FullDirectoryIndexSize=150
[2022.09.26-18.20.21:594][  0]LogShaderLibrary: Display: ShaderCodeLibraryPakFileMountedCallback: PakFile 'D:/Games/UE_4.27/FeaturePacks/TP_SideScroller.upack' (chunk index -1, root 'root:/') mounted
[2022.09.26-18.20.21:594][  0]LogShaderLibrary: Display: ShaderCodeLibraryPakFileMountedCallback: pending pak file info (ChunkID:-1 Root:root:/ File:D:/Games/UE_4.27/FeaturePacks/TP_SideScroller.upack)
[2022.09.26-18.20.21:594][  0]LogPakFile: OnPakFileMounted2Time == 0.000070
[2022.09.26-18.20.21:608][  0]LogPakFile: PakFile PrimaryIndexSize=190
[2022.09.26-18.20.21:608][  0]LogPakFile: PakFile PathHashIndexSize=101
[2022.09.26-18.20.21:608][  0]LogPakFile: PakFile FullDirectoryIndexSize=154
[2022.09.26-18.20.21:608][  0]LogShaderLibrary: Display: ShaderCodeLibraryPakFileMountedCallback: PakFile 'D:/Games/UE_4.27/FeaturePacks/TP_SideScrollerBP.upack' (chunk index -1, root 'root:/') mounted
[2022.09.26-18.20.21:609][  0]LogShaderLibrary: Display: ShaderCodeLibraryPakFileMountedCallback: pending pak file info (ChunkID:-1 Root:root:/ File:D:/Games/UE_4.27/FeaturePacks/TP_SideScrollerBP.upack)
[2022.09.26-18.20.21:609][  0]LogPakFile: OnPakFileMounted2Time == 0.000106
[2022.09.26-18.20.21:624][  0]LogPakFile: PakFile PrimaryIndexSize=187
[2022.09.26-18.20.21:624][  0]LogPakFile: PakFile PathHashIndexSize=101
[2022.09.26-18.20.21:624][  0]LogPakFile: PakFile FullDirectoryIndexSize=148
[2022.09.26-18.20.21:624][  0]LogShaderLibrary: Display: ShaderCodeLibraryPakFileMountedCallback: PakFile 'D:/Games/UE_4.27/FeaturePacks/TP_ThirdPerson.upack' (chunk index -1, root 'root:/') mounted
[2022.09.26-18.20.21:624][  0]LogShaderLibrary: Display: ShaderCodeLibraryPakFileMountedCallback: pending pak file info (ChunkID:-1 Root:root:/ File:D:/Games/UE_4.27/FeaturePacks/TP_ThirdPerson.upack)
[2022.09.26-18.20.21:625][  0]LogPakFile: OnPakFileMounted2Time == 0.000159
[2022.09.26-18.20.21:641][  0]LogPakFile: PakFile PrimaryIndexSize=189
[2022.09.26-18.20.21:641][  0]LogPakFile: PakFile PathHashIndexSize=101
[2022.09.26-18.20.21:641][  0]LogPakFile: PakFile FullDirectoryIndexSize=152
[2022.09.26-18.20.21:642][  0]LogShaderLibrary: Display: ShaderCodeLibraryPakFileMountedCallback: PakFile 'D:/Games/UE_4.27/FeaturePacks/TP_ThirdPersonBP.upack' (chunk index -1, root 'root:/') mounted
[2022.09.26-18.20.21:642][  0]LogShaderLibrary: Display: ShaderCodeLibraryPakFileMountedCallback: pending pak file info (ChunkID:-1 Root:root:/ File:D:/Games/UE_4.27/FeaturePacks/TP_ThirdPersonBP.upack)
[2022.09.26-18.20.21:642][  0]LogPakFile: OnPakFileMounted2Time == 0.000109
[2022.09.26-18.20.21:644][  0]LogPakFile: PakFile PrimaryIndexSize=183
[2022.09.26-18.20.21:644][  0]LogPakFile: PakFile PathHashIndexSize=101
[2022.09.26-18.20.21:644][  0]LogPakFile: PakFile FullDirectoryIndexSize=140
[2022.09.26-18.20.21:644][  0]LogShaderLibrary: Display: ShaderCodeLibraryPakFileMountedCallback: PakFile 'D:/Games/UE_4.27/FeaturePacks/TP_TopDown.upack' (chunk index -1, root 'root:/') mounted
[2022.09.26-18.20.21:644][  0]LogShaderLibrary: Display: ShaderCodeLibraryPakFileMountedCallback: pending pak file info (ChunkID:-1 Root:root:/ File:D:/Games/UE_4.27/FeaturePacks/TP_TopDown.upack)
[2022.09.26-18.20.21:644][  0]LogPakFile: OnPakFileMounted2Time == 0.000129
[2022.09.26-18.20.21:660][  0]LogPakFile: PakFile PrimaryIndexSize=185
[2022.09.26-18.20.21:660][  0]LogPakFile: PakFile PathHashIndexSize=101
[2022.09.26-18.20.21:660][  0]LogPakFile: PakFile FullDirectoryIndexSize=144
[2022.09.26-18.20.21:660][  0]LogShaderLibrary: Display: ShaderCodeLibraryPakFileMountedCallback: PakFile 'D:/Games/UE_4.27/FeaturePacks/TP_TopDownBP.upack' (chunk index -1, root 'root:/') mounted
[2022.09.26-18.20.21:660][  0]LogShaderLibrary: Display: ShaderCodeLibraryPakFileMountedCallback: pending pak file info (ChunkID:-1 Root:root:/ File:D:/Games/UE_4.27/FeaturePacks/TP_TopDownBP.upack)
[2022.09.26-18.20.21:660][  0]LogPakFile: OnPakFileMounted2Time == 0.000111
[2022.09.26-18.20.21:681][  0]LogPakFile: PakFile PrimaryIndexSize=185
[2022.09.26-18.20.21:681][  0]LogPakFile: PakFile PathHashIndexSize=101
[2022.09.26-18.20.21:681][  0]LogPakFile: PakFile FullDirectoryIndexSize=144
[2022.09.26-18.20.21:681][  0]LogShaderLibrary: Display: ShaderCodeLibraryPakFileMountedCallback: PakFile 'D:/Games/UE_4.27/FeaturePacks/TP_TwinStick.upack' (chunk index -1, root 'root:/') mounted
[2022.09.26-18.20.21:681][  0]LogShaderLibrary: Display: ShaderCodeLibraryPakFileMountedCallback: pending pak file info (ChunkID:-1 Root:root:/ File:D:/Games/UE_4.27/FeaturePacks/TP_TwinStick.upack)
[2022.09.26-18.20.21:681][  0]LogPakFile: OnPakFileMounted2Time == 0.000078
[2022.09.26-18.20.21:683][  0]LogPakFile: PakFile PrimaryIndexSize=187
[2022.09.26-18.20.21:683][  0]LogPakFile: PakFile PathHashIndexSize=101
[2022.09.26-18.20.21:683][  0]LogPakFile: PakFile FullDirectoryIndexSize=148
[2022.09.26-18.20.21:683][  0]LogShaderLibrary: Display: ShaderCodeLibraryPakFileMountedCallback: PakFile 'D:/Games/UE_4.27/FeaturePacks/TP_TwinStickBP.upack' (chunk index -1, root 'root:/') mounted
[2022.09.26-18.20.21:683][  0]LogShaderLibrary: Display: ShaderCodeLibraryPakFileMountedCallback: pending pak file info (ChunkID:-1 Root:root:/ File:D:/Games/UE_4.27/FeaturePacks/TP_TwinStickBP.upack)
[2022.09.26-18.20.21:683][  0]LogPakFile: OnPakFileMounted2Time == 0.000072
[2022.09.26-18.20.21:700][  0]LogPakFile: PakFile PrimaryIndexSize=183
[2022.09.26-18.20.21:700][  0]LogPakFile: PakFile PathHashIndexSize=101
[2022.09.26-18.20.21:700][  0]LogPakFile: PakFile FullDirectoryIndexSize=140
[2022.09.26-18.20.21:700][  0]LogShaderLibrary: Display: ShaderCodeLibraryPakFileMountedCallback: PakFile 'D:/Games/UE_4.27/FeaturePacks/TP_Vehicle.upack' (chunk index -1, root 'root:/') mounted
[2022.09.26-18.20.21:700][  0]LogShaderLibrary: Display: ShaderCodeLibraryPakFileMountedCallback: pending pak file info (ChunkID:-1 Root:root:/ File:D:/Games/UE_4.27/FeaturePacks/TP_Vehicle.upack)
[2022.09.26-18.20.21:700][  0]LogPakFile: OnPakFileMounted2Time == 0.000080
[2022.09.26-18.20.21:702][  0]LogPakFile: PakFile PrimaryIndexSize=186
[2022.09.26-18.20.21:702][  0]LogPakFile: PakFile PathHashIndexSize=101
[2022.09.26-18.20.21:702][  0]LogPakFile: PakFile FullDirectoryIndexSize=146
[2022.09.26-18.20.21:702][  0]LogShaderLibrary: Display: ShaderCodeLibraryPakFileMountedCallback: PakFile 'D:/Games/UE_4.27/FeaturePacks/TP_VehicleAdv.upack' (chunk index -1, root 'root:/') mounted
[2022.09.26-18.20.21:702][  0]LogShaderLibrary: Display: ShaderCodeLibraryPakFileMountedCallback: pending pak file info (ChunkID:-1 Root:root:/ File:D:/Games/UE_4.27/FeaturePacks/TP_VehicleAdv.upack)
[2022.09.26-18.20.21:702][  0]LogPakFile: OnPakFileMounted2Time == 0.000117
[2022.09.26-18.20.21:704][  0]LogPakFile: PakFile PrimaryIndexSize=188
[2022.09.26-18.20.21:705][  0]LogPakFile: PakFile PathHashIndexSize=101
[2022.09.26-18.20.21:705][  0]LogPakFile: PakFile FullDirectoryIndexSize=150
[2022.09.26-18.20.21:705][  0]LogShaderLibrary: Display: ShaderCodeLibraryPakFileMountedCallback: PakFile 'D:/Games/UE_4.27/FeaturePacks/TP_VehicleAdvBP.upack' (chunk index -1, root 'root:/') mounted
[2022.09.26-18.20.21:705][  0]LogShaderLibrary: Display: ShaderCodeLibraryPakFileMountedCallback: pending pak file info (ChunkID:-1 Root:root:/ File:D:/Games/UE_4.27/FeaturePacks/TP_VehicleAdvBP.upack)
[2022.09.26-18.20.21:705][  0]LogPakFile: OnPakFileMounted2Time == 0.000114
[2022.09.26-18.20.21:719][  0]LogPakFile: PakFile PrimaryIndexSize=185
[2022.09.26-18.20.21:719][  0]LogPakFile: PakFile PathHashIndexSize=101
[2022.09.26-18.20.21:719][  0]LogPakFile: PakFile FullDirectoryIndexSize=144
[2022.09.26-18.20.21:719][  0]LogShaderLibrary: Display: ShaderCodeLibraryPakFileMountedCallback: PakFile 'D:/Games/UE_4.27/FeaturePacks/TP_VehicleBP.upack' (chunk index -1, root 'root:/') mounted
[2022.09.26-18.20.21:720][  0]LogShaderLibrary: Display: ShaderCodeLibraryPakFileMountedCallback: pending pak file info (ChunkID:-1 Root:root:/ File:D:/Games/UE_4.27/FeaturePacks/TP_VehicleBP.upack)
[2022.09.26-18.20.21:720][  0]LogPakFile: OnPakFileMounted2Time == 0.000126
[2022.09.26-18.20.21:752][  0]LogPakFile: PakFile PrimaryIndexSize=192
[2022.09.26-18.20.21:752][  0]LogPakFile: PakFile PathHashIndexSize=101
[2022.09.26-18.20.21:752][  0]LogPakFile: PakFile FullDirectoryIndexSize=158
[2022.09.26-18.20.21:752][  0]LogShaderLibrary: Display: ShaderCodeLibraryPakFileMountedCallback: PakFile 'D:/Games/UE_4.27/FeaturePacks/TP_VirtualRealityBP.upack' (chunk index -1, root 'root:/') mounted
[2022.09.26-18.20.21:752][  0]LogShaderLibrary: Display: ShaderCodeLibraryPakFileMountedCallback: pending pak file info (ChunkID:-1 Root:root:/ File:D:/Games/UE_4.27/FeaturePacks/TP_VirtualRealityBP.upack)
[2022.09.26-18.20.21:752][  0]LogPakFile: OnPakFileMounted2Time == 0.000101
[2022.09.26-18.20.24:385][  0]LogSlate: Took 0.000258 seconds to synchronously load lazily loaded font '../../../Engine/Content/Slate/Fonts/Roboto-Regular.ttf' (155K)
[2022.09.26-18.20.24:416][  0]LogSlate: Took 0.029257 seconds to synchronously load lazily loaded font '../../../Engine/Content/Editor/Slate/Fonts/FontAwesome.ttf' (139K)
[2022.09.26-18.20.24:441][  0]LogSlate: Took 0.000257 seconds to synchronously load lazily loaded font '../../../Engine/Content/Slate/Fonts/Roboto-Bold.ttf' (160K)
[2022.09.26-18.20.25:037][  0]LogRenderer: Reallocating scene render targets to support 1044x360 Format 10 NumSamples 1 (Frame:1).
[2022.09.26-18.20.26:132][  0]LogSlate: Took 0.011748 seconds to synchronously load lazily loaded font '../../../Engine/Content/Slate/Fonts/Roboto-Light.ttf' (167K)
[2022.09.26-18.20.26:283][  0]LogLoad: (Engine Initialization) Total time: 47.87 seconds
[2022.09.26-18.20.26:283][  0]LogLoad: (Engine Initialization) Total Blueprint compile time: 0.00 seconds
[2022.09.26-18.20.26:626][  0]LogContentStreaming: Texture pool size now 1000 MB
[2022.09.26-18.20.26:762][  1]LogAssetRegistry: Asset discovery search completed in 38.4108 seconds
[2022.09.26-18.20.26:779][  1]LogCollectionManager: Fixed up redirectors for 0 collections in 0.000005 seconds (updated 0 objects)
[2022.09.26-18.20.26:982][  2]LogNativeClassHierarchy: Verbose: Native class hierarchy populated in 0.0402 seconds. Added 3822 classes and 928 folders.
[2022.09.26-18.32.31:225][482]LogContentBrowser: Deferred new asset file creation: NewBehaviorTree
[2022.09.26-18.32.31:305][482]LogContentBrowser: Creating deferred item: NewBehaviorTree
[2022.09.26-18.33.09:416][368]LogContentBrowser: Attempting asset rename: NewBehaviorTree -> NewBehaviorTree
[2022.09.26-18.33.09:470][368]LogContentBrowser: End creating deferred item NewBehaviorTree
[2022.09.26-18.33.10:528][395]LogUObjectHash: Compacting FUObjectHashTables data took   1.36ms
[2022.09.26-18.33.11:585][395]LogSlate: Window 'Delete Assets' being destroyed
[2022.09.26-18.33.11:590][395]LogSlate: Took 0.000208 seconds to synchronously load lazily loaded font '../../../Engine/Content/Slate/Fonts/Roboto-Light.ttf' (167K)
[2022.09.26-18.33.11:704][395]LogUObjectHash: Compacting FUObjectHashTables data took   1.51ms
[2022.09.26-18.33.30:398][137]LogContentBrowser: Deferred new asset file creation: NewBehaviorTree
[2022.09.26-18.33.30:417][137]LogContentBrowser: Creating deferred item: NewBehaviorTree
[2022.09.26-18.33.41:593][719]LogContentBrowser: Attempting asset rename: NewBehaviorTree -> Broken_BT
[2022.09.26-18.33.41:594][719]LogContentBrowser: End creating deferred item NewBehaviorTree
[2022.09.26-18.33.42:279][731]LogAssetEditorSubsystem: Opening Asset editor for BehaviorTree /Game/Enemy/BehaviorsTrees/Broken_BT.Broken_BT
[2022.09.26-18.33.42:650][731]LogSlate: Took 0.000269 seconds to synchronously load lazily loaded font '../../../Engine/Content/Slate/Fonts/Roboto-BoldCondensed.ttf' (158K)
[2022.09.26-18.33.52:894][778]LogSlate: Window 'Save Asset As' being destroyed
[2022.09.26-18.33.52:930][778]LogBehaviorTreeEditor: Blackboard data asset None has been replaced by Broken_BB
[2022.09.26-18.33.58:483][914]LogSlate: Window 'Broken_BB' being destroyed
[2022.09.26-18.34.23:885][ 34]LogUObjectHash: Compacting FUObjectHashTables data took   1.35ms
[2022.09.26-18.34.23:886][ 34]LogFileHelpers: Editor autosave (incl. external actors) for '/Game/StarterContent/Maps/Minimal_Default' took 0.023
[2022.09.26-18.34.24:099][ 34]OBJ SavePackage: Generating thumbnails for [0] asset(s) in package [/Game/Enemy/BlackBoards/Broken_BB] ([1] browsable assets)...
[2022.09.26-18.34.24:100][ 34]OBJ SavePackage: Finished generating thumbnails for package [/Game/Enemy/BlackBoards/Broken_BB]
[2022.09.26-18.34.24:100][ 34]Cmd: OBJ SAVEPACKAGE PACKAGE="/Game/Enemy/BlackBoards/Broken_BB" FILE="../../../../../Gid/Rogue/Saved/Autosaves/Game/Enemy/BlackBoards/Broken_BB_Auto1.uasset" SILENT=false AUTOSAVING=true
[2022.09.26-18.34.24:167][ 34]LogSavePackage: Moving '../../../../../Gid/Rogue/Saved/Broken_BB_Auto127DA9F6E47120F92BD513C9624878BC4.tmp' to '../../../../../Gid/Rogue/Saved/Autosaves/Game/Enemy/BlackBoards/Broken_BB_Auto1.uasset'
[2022.09.26-18.34.24:179][ 34]LogFileHelpers: Auto-saving content packages took 0.224
[2022.09.26-18.34.43:230][563]LogEditorClassViewer: Warning: Class /Engine/Tutorial/InWorldBlueprintEditing/TutorialAssets/IWBE_Blutility.IWBE_Blutility_C has parent /Script/Blutility.PlacedEditorUtilityBase, but this parent is not found. The Class will not be shown in ClassViewer.
[2022.09.26-18.34.51:646][563]LogD3D11RHI: GetQueryData is taking a very long time (5.0 s) (00000000)
[2022.09.26-18.34.56:646][563]LogD3D11RHI: GetQueryData is taking a very long time (10.0 s) (00000000)
[2022.09.26-18.35.01:645][563]LogD3D11RHI: GetQueryData is taking a very long time (15.0 s) (00000000)
[2022.09.26-18.35.06:646][563]LogD3D11RHI: GetQueryData is taking a very long time (20.0 s) (00000000)
[2022.09.26-18.35.11:647][563]LogD3D11RHI: GetQueryData is taking a very long time (25.0 s) (00000000)
[2022.09.26-18.35.16:646][563]LogD3D11RHI: GetQueryData is taking a very long time (30.0 s) (00000000)
[2022.09.26-18.35.16:646][563]LogD3D11RHI: Timed out while waiting for GPU to catch up. (30.0 s) (ErrorCode 00000001) (00000000)
[2022.09.26-18.35.16:646][563]LogD3D11RHI: GPU has hung or crashed, checking status.
[2022.09.26-18.35.16:773][563]LogWindows: Windows GetLastError: Операция успешно завершена. (0)
[2022.09.26-18.35.20:357][563]LogOutputDevice: Warning: 

Script Stack (0 frames):

[2022.09.26-18.35.20:357][563]LogWindows: Windows GetLastError: Операция успешно завершена. (0)
[2022.09.26-18.35.20:359][563]LogWindows: Error: === Critical error: ===
[2022.09.26-18.35.20:359][563]LogWindows: Error: 
[2022.09.26-18.35.20:359][563]LogWindows: Error: Fatal error: [File:D:/Build/++UE4/Sync/Engine/Source/Runtime/RenderCore/Private/RenderingThread.cpp] [Line: 902] 
[2022.09.26-18.35.20:359][563]LogWindows: Error: Rendering thread exception:
[2022.09.26-18.35.20:359][563]LogWindows: Error: Assertion failed: GD3D11RHI->GetQueryData(Query->Resource, &Query->Result, sizeof(Query->Result), Query->QueryType, true, false) [File:D:/Build/++UE4/Sync/Engine/Source/Runtime/Windows/D3D11RHI/Private/D3D11Query.cpp] [Line: 45] 
[2022.09.26-18.35.20:359][563]LogWindows: Error: 
[2022.09.26-18.35.20:359][563]LogWindows: Error: 
[2022.09.26-18.35.20:359][563]LogWindows: Error: 
[2022.09.26-18.35.20:359][563]LogWindows: Error: [Callstack] 0x000007fefd22a06d KERNELBASE.dll!UnknownFunction []
[2022.09.26-18.35.20:359][563]LogWindows: Error: [Callstack] 0x000007fee7960216 UE4Editor-Core.dll!UnknownFunction []
[2022.09.26-18.35.20:359][563]LogWindows: Error: [Callstack] 0x000007fee7964218 UE4Editor-Core.dll!UnknownFunction []
[2022.09.26-18.35.20:360][563]LogWindows: Error: [Callstack] 0x000007fee768242d UE4Editor-Core.dll!UnknownFunction []
[2022.09.26-18.35.20:360][563]LogWindows: Error: [Callstack] 0x000007fee75d6a45 UE4Editor-Core.dll!UnknownFunction []
[2022.09.26-18.35.20:360][563]LogWindows: Error: [Callstack] 0x000007fee75d80a0 UE4Editor-Core.dll!UnknownFunction []
[2022.09.26-18.35.20:360][563]LogWindows: Error: [Callstack] 0x000007feb6bd473e UE4Editor-D3D11RHI.dll!UnknownFunction []
[2022.09.26-18.35.20:360][563]LogWindows: Error: [Callstack] 0x000007feb6be41bf UE4Editor-D3D11RHI.dll!UnknownFunction []
[2022.09.26-18.35.20:360][563]LogWindows: Error: [Callstack] 0x000007fee977e06e UE4Editor-RHI.dll!UnknownFunction []
[2022.09.26-18.35.20:360][563]LogWindows: Error: [Callstack] 0x000007fee21a5ddd UE4Editor-RenderCore.dll!UnknownFunction []
[2022.09.26-18.35.20:360][563]LogWindows: Error: [Callstack] 0x000007fee21c7df9 UE4Editor-RenderCore.dll!UnknownFunction []
[2022.09.26-18.35.20:360][563]LogWindows: Error: [Callstack] 0x000007fee21d7de9 UE4Editor-RenderCore.dll!UnknownFunction []
[2022.09.26-18.35.20:360][563]LogWindows: Error: [Callstack] 0x000007fee73e2398 UE4Editor-Core.dll!UnknownFunction []
[2022.09.26-18.35.20:360][563]LogWindows: Error: [Callstack] 0x000007fee73e27ce UE4Editor-Core.dll!UnknownFunction []
[2022.09.26-18.35.20:360][563]LogWindows: Error: [Callstack] 0x000007fee21f9c67 UE4Editor-RenderCore.dll!UnknownFunction []
[2022.09.26-18.35.20:360][563]LogWindows: Error: [Callstack] 0x000007fee2202f34 UE4Editor-RenderCore.dll!UnknownFunction []
[2022.09.26-18.35.20:360][563]LogWindows: Error: [Callstack] 0x000007fee797ff0b UE4Editor-Core.dll!UnknownFunction []
[2022.09.26-18.35.20:360][563]LogWindows: Error: [Callstack] 0x000007fee7977050 UE4Editor-Core.dll!UnknownFunction []
[2022.09.26-18.35.20:360][563]LogWindows: Error: [Callstack] 0x00000000770659cd kernel32.dll!UnknownFunction []
[2022.09.26-18.35.20:360][563]LogWindows: Error: [Callstack] 0x000000007719a2e1 ntdll.dll!UnknownFunction []
[2022.09.26-18.35.20:360][563]LogWindows: Error: 
[2022.09.26-18.35.20:360][563]LogWindows: Error: 
[2022.09.26-18.35.20:360][563]LogWindows: Error: 
[2022.09.26-18.35.20:360][563]LogWindows: Error: 
[2022.09.26-18.35.20:442][563]LogExit: Executing StaticShutdownAfterError
[2022.09.26-18.35.20:448][563]LogWindows: FPlatformMisc::RequestExit(1)
[2022.09.26-18.35.20:448][563]LogWindows: FPlatformMisc::RequestExitWithStatus(1, 3)
[2022.09.26-18.35.20:448][563]LogCore: Engine exit requested (reason: Win RequestExit)
[2022.09.26-18.35.20:731][563]Log file closed, 09/26/22 22:35:20
