Log file open, 04/11/23 15:40:00
LogWindows: Failed to load 'aqProf.dll' (GetLastError=126)
LogWindows: File 'aqProf.dll' does not exist
LogWindows: Failed to load 'VtuneApi.dll' (GetLastError=126)
LogWindows: File 'VtuneApi.dll' does not exist
LogWindows: Failed to load 'VtuneApi32e.dll' (GetLastError=126)
LogWindows: File 'VtuneApi32e.dll' does not exist
LogConsoleResponse: Display: Failed to find resolution value strings in scalability ini. Falling back to default.
LogConsoleResponse: Display: Failed to find resolution value strings in scalability ini. Falling back to default.
LogInit: Display: Running engine for game: Rogue
LogPlatformFile: Not using cached read wrapper
LogTaskGraph: Started task graph with 5 named threads and 11 total threads with 3 sets of task threads.
LogStats: Stats thread started at 1.699948
LogICUInternationalization: ICU TimeZone Detection - Raw Offset: +3:00, Platform Override: ''
LogInit: Display: Loading text-based GConfig....
LogPluginManager: Mounting plugin MeshPainting
LogPluginManager: Mounting plugin XGEController
LogPluginManager: Mounting plugin Paper2D
LogPluginManager: Mounting plugin AISupport
LogPluginManager: Mounting plugin EnvironmentQueryEditor
LogPluginManager: Mounting plugin LiveLink
LogPluginManager: Mounting plugin LightPropagationVolume
LogPluginManager: Mounting plugin CameraShakePreviewer
LogPluginManager: Mounting plugin GameplayCameras
LogPluginManager: Mounting plugin OodleData
LogPluginManager: Mounting plugin OodleNetwork
LogPluginManager: Mounting plugin AssetManagerEditor
LogPluginManager: Mounting plugin CryptoKeys
LogPluginManager: Mounting plugin CurveEditorTools
LogPluginManager: Mounting plugin DataValidation
LogPluginManager: Mounting plugin FacialAnimation
LogPluginManager: Mounting plugin GeometryMode
LogPluginManager: Mounting plugin GameplayTagsEditor
LogPluginManager: Mounting plugin MacGraphicsSwitching
LogPluginManager: Mounting plugin MaterialAnalyzer
LogPluginManager: Mounting plugin MobileLauncherProfileWizard
LogPluginManager: Mounting plugin PluginBrowser
LogPluginManager: Mounting plugin SpeedTreeImporter
LogPluginManager: Mounting plugin DatasmithContent
LogPluginManager: Mounting plugin VariantManagerContent
LogPluginManager: Mounting plugin Niagara
LogPluginManager: Mounting plugin AutomationUtils
LogPluginManager: Mounting plugin BackChannel
LogPluginManager: Mounting plugin AlembicImporter
LogPluginManager: Mounting plugin ChaosCloth
LogPluginManager: Mounting plugin ChaosClothEditor
LogPluginManager: Mounting plugin ChaosEditor
LogPluginManager: Mounting plugin ChaosNiagara
LogPluginManager: Mounting plugin ChaosSolverPlugin
LogPluginManager: Mounting plugin CharacterAI
LogPluginManager: Mounting plugin GeometryCache
LogPluginManager: Mounting plugin GeometryCollectionPlugin
LogPluginManager: Mounting plugin GeometryProcessing
LogPluginManager: Mounting plugin MotoSynth
LogPluginManager: Mounting plugin OpenImageDenoise
LogPluginManager: Mounting plugin PlanarCut
LogPluginManager: Mounting plugin PlatformCrypto
LogPluginManager: Mounting plugin ProxyLODPlugin
LogPluginManager: Mounting plugin PythonScriptPlugin
LogPluginManager: Mounting plugin SkeletalReduction
LogPluginManager: Mounting plugin AndroidMedia
LogPluginManager: Mounting plugin AvfMedia
LogPluginManager: Mounting plugin LuminPlatformFeatures
LogPluginManager: Mounting plugin MagicLeap
LogPluginManager: Mounting plugin MagicLeapLightEstimation
LogPluginManager: Mounting plugin MagicLeapMedia
LogPluginManager: Mounting plugin MagicLeapPassableWorld
LogPluginManager: Mounting plugin MLSDK
LogPluginManager: Mounting plugin ImgMedia
LogPluginManager: Mounting plugin MediaCompositing
LogPluginManager: Mounting plugin MediaPlayerEditor
LogPluginManager: Mounting plugin WebMMedia
LogPluginManager: Mounting plugin WmfMedia
LogPluginManager: Mounting plugin TcpMessaging
LogPluginManager: Mounting plugin UdpMessaging
LogPluginManager: Mounting plugin ActorSequence
LogPluginManager: Mounting plugin MatineeToLevelSequence
LogPluginManager: Mounting plugin LevelSequenceEditor
LogPluginManager: Mounting plugin TemplateSequence
LogPluginManager: Mounting plugin LauncherChunkInstaller
LogPluginManager: Mounting plugin ActorLayerUtilities
LogPluginManager: Mounting plugin AndroidDeviceProfileSelector
LogPluginManager: Mounting plugin AndroidMoviePlayer
LogPluginManager: Mounting plugin AndroidPermission
LogPluginManager: Mounting plugin ApexDestruction
LogPluginManager: Mounting plugin AppleMoviePlayer
LogPluginManager: Mounting plugin AppleImageUtils
LogPluginManager: Mounting plugin ArchVisCharacter
LogPluginManager: Mounting plugin AssetTags
LogPluginManager: Mounting plugin AudioCapture
LogPluginManager: Mounting plugin AudioSynesthesia
LogPluginManager: Mounting plugin CableComponent
LogPluginManager: Mounting plugin ChunkDownloader
LogPluginManager: Mounting plugin CustomMeshComponent
LogPluginManager: Mounting plugin EditableMesh
LogPluginManager: Mounting plugin ExampleDeviceProfileSelector
LogPluginManager: Mounting plugin GoogleCloudMessaging
LogPluginManager: Mounting plugin GooglePAD
LogPluginManager: Mounting plugin IOSDeviceProfileSelector
LogPluginManager: Mounting plugin LinuxDeviceProfileSelector
LogPluginManager: Mounting plugin LocationServicesBPLibrary
LogPluginManager: Mounting plugin MobilePatchingUtils
LogPluginManager: Mounting plugin OpenXR
LogPluginManager: Mounting plugin OpenXREyeTracker
LogPluginManager: Mounting plugin OpenXRHandTracking
LogPluginManager: Mounting plugin PhysXVehicles
LogPluginManager: Mounting plugin PostSplashScreen
LogPluginManager: Mounting plugin OnlineSubsystem
LogPluginManager: Mounting plugin ProceduralMeshComponent
LogPluginManager: Mounting plugin PropertyAccessEditor
LogPluginManager: Mounting plugin OnlineSubsystemNull
LogPluginManager: Mounting plugin RuntimePhysXCooking
LogPluginManager: Mounting plugin SignificanceManager
LogPluginManager: Mounting plugin SoundFields
LogPluginManager: Mounting plugin OnlineSubsystemUtils
LogPluginManager: Mounting plugin Synthesis
LogPluginManager: Mounting plugin WebMMoviePlayer
LogPluginManager: Mounting plugin WindowsMoviePlayer
LogPluginManager: Mounting plugin ScreenshotTools
LogPluginManager: Mounting plugin Takes
LogPluginManager: Mounting plugin AnimationSharing
LogPluginManager: Mounting plugin CLionSourceCodeAccess
LogPluginManager: Mounting plugin CodeLiteSourceCodeAccess
LogPluginManager: Mounting plugin GitSourceControl
LogPluginManager: Mounting plugin KDevelopSourceCodeAccess
LogPluginManager: Mounting plugin NullSourceCodeAccess
LogPluginManager: Mounting plugin PerforceSourceControl
LogPluginManager: Mounting plugin PixWinPlugin
LogPluginManager: Mounting plugin PlasticSourceControl
LogPluginManager: Mounting plugin PluginUtils
LogPluginManager: Mounting plugin PropertyAccessNode
LogPluginManager: Mounting plugin RiderSourceCodeAccess
LogPluginManager: Mounting plugin SubversionSourceControl
LogPluginManager: Mounting plugin TextureFormatOodle
LogPluginManager: Mounting plugin UObjectPlugin
LogPluginManager: Mounting plugin VisualStudioSourceCodeAccess
LogPluginManager: Mounting plugin XCodeSourceCodeAccess
LogPluginManager: Mounting plugin VisualStudioCodeSourceCodeAccess
LogPluginManager: Mounting plugin ContentBrowserAssetDataSource
LogPluginManager: Mounting plugin ContentBrowserClassDataSource
LogPluginManager: Mounting plugin ContentBrowserFileDataSource
LogPluginManager: Mounting plugin OculusVR
LogPluginManager: Mounting plugin OnlineSubsystemGooglePlay
LogPluginManager: Mounting plugin OnlineSubsystemIOS
LogPluginManager: Mounting plugin SteamVR
LogInit: Using libcurl 7.55.1-DEV
LogInit:  - built for x86_64-pc-win32
LogInit:  - supports SSL with OpenSSL/1.1.1
LogInit:  - supports HTTP deflate (compression) using libz 1.2.8
LogInit:  - other features:
LogInit:      CURL_VERSION_SSL
LogInit:      CURL_VERSION_LIBZ
LogInit:      CURL_VERSION_IPV6
LogInit:      CURL_VERSION_ASYNCHDNS
LogInit:      CURL_VERSION_LARGEFILE
LogInit:      CURL_VERSION_IDN
LogInit:  CurlRequestOptions (configurable via config and command line):
LogInit:  - bVerifyPeer = true  - Libcurl will verify peer certificate
LogInit:  - bUseHttpProxy = false  - Libcurl will NOT use HTTP proxy
LogInit:  - bDontReuseConnections = false  - Libcurl will reuse connections
LogInit:  - MaxHostConnections = 16  - Libcurl will limit the number of connections to a host
LogInit:  - LocalHostAddr = Default
LogInit:  - BufferSize = 65536
LogOnline: OSS: Creating online subsystem instance for: NULL
LogInit: WinSock: version 1.1 (2.2), MaxSocks=32767, MaxUdp=65467
LogOnline: OSS: TryLoadSubsystemAndSetDefault: Loaded subsystem for module [NULL]
PixWinPlugin: PIX capture plugin failed to initialize! Check that the process is launched from PIX.
LogOculusPluginWrapper: OculusPlugin initialized successfully
LogHMD: Failed initializing OVRPlugin 1.59.0
LogInit: Build: ++UE4+Release-4.27-CL-18319896
LogInit: Engine Version: 4.27.2-18319896+++UE4+Release-4.27
LogInit: Compatible Engine Version: 4.27.0-17155196+++UE4+Release-4.27
LogInit: Net CL: 17155196
LogInit: OS: Windows 10 (Release 2009) (), CPU:         Intel(R) Core(TM) i3-2130 CPU @ 3.40GHz, GPU: NVIDIA GeForce GT 1030
LogInit: Compiled (64-bit): Nov 30 2021 07:12:08
LogInit: Compiled with Visual C++: 19.24.28315.00
LogInit: Build Configuration: Development
LogInit: Branch Name: ++UE4+Release-4.27
LogInit: Command Line:  /Game/Levels/MainMenu -game -PIEVIACONSOLE -Multiprocess GameUserSettingsINI=D:/Gid/Rogue/Saved/Config/Windows/PIEGameUserSettings0.ini -MultiprocessSaveConfig -forcepassthrough -messaging -SessionName="Play in Standalone Game" -windowed -WinX=80 -WinY=94 SAVEWINPOS=1 -ResX=1280 -ResY=694
LogInit: Base Directory: Z:/UE_4.27/Engine/Binaries/Win64/
LogInit: Allocator: TBB
LogInit: Installed Engine Build: 1
LogDevObjectVersion: Number of dev versions registered: 29
LogDevObjectVersion:   Dev-Blueprints (B0D832E4-1F89-4F0D-ACCF-7EB736FD4AA2): 10
LogDevObjectVersion:   Dev-Build (E1C64328-A22C-4D53-A36C-8E866417BD8C): 0
LogDevObjectVersion:   Dev-Core (375EC13C-06E4-48FB-B500-84F0262A717E): 4
LogDevObjectVersion:   Dev-Editor (E4B068ED-F494-42E9-A231-DA0B2E46BB41): 40
LogDevObjectVersion:   Dev-Framework (CFFC743F-43B0-4480-9391-14DF171D2073): 37
LogDevObjectVersion:   Dev-Mobile (B02B49B5-BB20-44E9-A304-32B752E40360): 3
LogDevObjectVersion:   Dev-Networking (A4E4105C-59A1-49B5-A7C5-40C4547EDFEE): 0
LogDevObjectVersion:   Dev-Online (39C831C9-5AE6-47DC-9A44-9C173E1C8E7C): 0
LogDevObjectVersion:   Dev-Physics (78F01B33-EBEA-4F98-B9B4-84EACCB95AA2): 14
LogDevObjectVersion:   Dev-Platform (6631380F-2D4D-43E0-8009-CF276956A95A): 0
LogDevObjectVersion:   Dev-Rendering (12F88B9F-8875-4AFC-A67C-D90C383ABD29): 45
LogDevObjectVersion:   Dev-Sequencer (7B5AE74C-D270-4C10-A958-57980B212A5A): 13
LogDevObjectVersion:   Dev-VR (D7296918-1DD6-4BDD-9DE2-64A83CC13884): 3
LogDevObjectVersion:   Dev-LoadTimes (C2A15278-BFE7-4AFE-6C17-90FF531DF755): 1
LogDevObjectVersion:   Private-Geometry (6EACA3D4-40EC-4CC1-B786-8BED09428FC5): 3
LogDevObjectVersion:   Dev-AnimPhys (29E575DD-E0A3-4627-9D10-D276232CDCEA): 17
LogDevObjectVersion:   Dev-Anim (AF43A65D-7FD3-4947-9873-3E8ED9C1BB05): 15
LogDevObjectVersion:   Dev-ReflectionCapture (6B266CEC-1EC7-4B8F-A30B-E4D90942FC07): 1
LogDevObjectVersion:   Dev-Automation (0DF73D61-A23F-47EA-B727-89E90C41499A): 1
LogDevObjectVersion:   FortniteMain (601D1886-AC64-4F84-AA16-D3DE0DEAC7D6): 47
LogDevObjectVersion:   FortniteRelease (E7086368-6B23-4C58-8439-1B7016265E91): 1
LogDevObjectVersion:   Dev-Enterprise (9DFFBCD6-494F-0158-E221-12823C92A888): 10
LogDevObjectVersion:   Dev-Niagara (F2AED0AC-9AFE-416F-8664-AA7FFA26D6FC): 1
LogDevObjectVersion:   Dev-Destruction (174F1F0B-B4C6-45A5-B13F-2EE8D0FB917D): 10
LogDevObjectVersion:   Dev-Physics-Ext (35F94A83-E258-406C-A318-09F59610247C): 41
LogDevObjectVersion:   Dev-PhysicsMaterial-Chaos (B68FC16E-8B1B-42E2-B453-215C058844FE): 1
LogDevObjectVersion:   Dev-CineCamera (B2E18506-4273-CFC2-A54E-F4BB758BBA07): 1
LogDevObjectVersion:   Dev-VirtualProduction (64F58936-FD1B-42BA-BA96-7289D5D0FA4E): 1
LogDevObjectVersion:   Dev-MediaFramework (6F0ED827-A609-4895-9C91-998D90180EA4): 2
LogInit: Presizing for max 25165824 objects, including 0 objects not considered by GC, pre-allocating 0 bytes for permanent pool.
LogConfig: Applying CVar settings from Section [/Script/Engine.StreamingSettings] File [D:/Gid/Rogue/Saved/Config/Windows/Engine.ini]
LogConfig: Setting CVar [[s.MinBulkDataSizeForAsyncLoading:131072]]
LogConfig: Setting CVar [[s.AsyncLoadingThreadEnabled:0]]
LogConfig: Setting CVar [[s.EventDrivenLoaderEnabled:1]]
LogConfig: Setting CVar [[s.WarnIfTimeLimitExceeded:0]]
LogConfig: Setting CVar [[s.TimeLimitExceededMultiplier:1.5]]
LogConfig: Setting CVar [[s.TimeLimitExceededMinTime:0.005]]
LogConfig: Setting CVar [[s.UseBackgroundLevelStreaming:1]]
LogConfig: Setting CVar [[s.PriorityAsyncLoadingExtraTime:15.0]]
LogConfig: Setting CVar [[s.LevelStreamingActorsUpdateTimeLimit:5.0]]
LogConfig: Setting CVar [[s.PriorityLevelStreamingActorsUpdateExtraTime:5.0]]
LogConfig: Setting CVar [[s.LevelStreamingComponentsRegistrationGranularity:10]]
LogConfig: Setting CVar [[s.UnregisterComponentsTimeLimit:1.0]]
LogConfig: Setting CVar [[s.LevelStreamingComponentsUnregistrationGranularity:5]]
LogConfig: Setting CVar [[s.FlushStreamingOnExit:1]]
LogInit: Object subsystem initialized
LogConfig: Setting CVar [[con.DebugEarlyDefault:1]]
LogConfig: Setting CVar [[r.setres:1280x720]]
[2023.04.11-12.40.04:469][  0]LogConfig: Setting CVar [[con.DebugEarlyDefault:1]]
[2023.04.11-12.40.04:469][  0]LogConfig: Setting CVar [[r.setres:1280x720]]
[2023.04.11-12.40.04:469][  0]LogConfig: Applying CVar settings from Section [/Script/Engine.RendererSettings] File [D:/Gid/Rogue/Saved/Config/Windows/Engine.ini]
[2023.04.11-12.40.04:469][  0]LogConfig: Setting CVar [[r.GPUCrashDebugging:0]]
[2023.04.11-12.40.04:469][  0]LogConfig: Setting CVar [[r.CustomDepth:3]]
[2023.04.11-12.40.04:469][  0]LogConfig: Applying CVar settings from Section [/Script/Engine.RendererOverrideSettings] File [D:/Gid/Rogue/Saved/Config/Windows/Engine.ini]
[2023.04.11-12.40.04:469][  0]LogConfig: Applying CVar settings from Section [/Script/Engine.StreamingSettings] File [D:/Gid/Rogue/Saved/Config/Windows/Engine.ini]
[2023.04.11-12.40.04:469][  0]LogConfig: Setting CVar [[s.MinBulkDataSizeForAsyncLoading:131072]]
[2023.04.11-12.40.04:469][  0]LogConfig: Setting CVar [[s.AsyncLoadingThreadEnabled:0]]
[2023.04.11-12.40.04:469][  0]LogConfig: Setting CVar [[s.EventDrivenLoaderEnabled:1]]
[2023.04.11-12.40.04:469][  0]LogConfig: Setting CVar [[s.WarnIfTimeLimitExceeded:0]]
[2023.04.11-12.40.04:469][  0]LogConfig: Setting CVar [[s.TimeLimitExceededMultiplier:1.5]]
[2023.04.11-12.40.04:469][  0]LogConfig: Setting CVar [[s.TimeLimitExceededMinTime:0.005]]
[2023.04.11-12.40.04:470][  0]LogConfig: Setting CVar [[s.UseBackgroundLevelStreaming:1]]
[2023.04.11-12.40.04:470][  0]LogConfig: Setting CVar [[s.PriorityAsyncLoadingExtraTime:15.0]]
[2023.04.11-12.40.04:470][  0]LogConfig: Setting CVar [[s.LevelStreamingActorsUpdateTimeLimit:5.0]]
[2023.04.11-12.40.04:470][  0]LogConfig: Setting CVar [[s.PriorityLevelStreamingActorsUpdateExtraTime:5.0]]
[2023.04.11-12.40.04:470][  0]LogConfig: Setting CVar [[s.LevelStreamingComponentsRegistrationGranularity:10]]
[2023.04.11-12.40.04:470][  0]LogConfig: Setting CVar [[s.UnregisterComponentsTimeLimit:1.0]]
[2023.04.11-12.40.04:470][  0]LogConfig: Setting CVar [[s.LevelStreamingComponentsUnregistrationGranularity:5]]
[2023.04.11-12.40.04:470][  0]LogConfig: Setting CVar [[s.FlushStreamingOnExit:1]]
[2023.04.11-12.40.04:470][  0]LogConfig: Applying CVar settings from Section [/Script/Engine.GarbageCollectionSettings] File [D:/Gid/Rogue/Saved/Config/Windows/Engine.ini]
[2023.04.11-12.40.04:470][  0]LogConfig: Setting CVar [[gc.MaxObjectsNotConsideredByGC:1]]
[2023.04.11-12.40.04:470][  0]LogConfig: Setting CVar [[gc.SizeOfPermanentObjectPool:0]]
[2023.04.11-12.40.04:470][  0]LogConfig: Setting CVar [[gc.FlushStreamingOnGC:0]]
[2023.04.11-12.40.04:470][  0]LogConfig: Setting CVar [[gc.NumRetriesBeforeForcingGC:10]]
[2023.04.11-12.40.04:470][  0]LogConfig: Setting CVar [[gc.AllowParallelGC:1]]
[2023.04.11-12.40.04:471][  0]LogConfig: Setting CVar [[gc.TimeBetweenPurgingPendingKillObjects:61.1]]
[2023.04.11-12.40.04:471][  0]LogConfig: Setting CVar [[gc.MaxObjectsInEditor:25165824]]
[2023.04.11-12.40.04:471][  0]LogConfig: Setting CVar [[gc.IncrementalBeginDestroyEnabled:1]]
[2023.04.11-12.40.04:471][  0]LogConfig: Setting CVar [[gc.CreateGCClusters:1]]
[2023.04.11-12.40.04:471][  0]LogConfig: Setting CVar [[gc.MinGCClusterSize:5]]
[2023.04.11-12.40.04:471][  0]LogConfig: Setting CVar [[gc.ActorClusteringEnabled:0]]
[2023.04.11-12.40.04:471][  0]LogConfig: Setting CVar [[gc.BlueprintClusteringEnabled:0]]
[2023.04.11-12.40.04:471][  0]LogConfig: Setting CVar [[gc.UseDisregardForGCOnDedicatedServers:0]]
[2023.04.11-12.40.04:471][  0]LogConfig: Setting CVar [[gc.MultithreadedDestructionEnabled:1]]
[2023.04.11-12.40.04:471][  0]LogConfig: Applying CVar settings from Section [/Script/Engine.NetworkSettings] File [D:/Gid/Rogue/Saved/Config/Windows/Engine.ini]
[2023.04.11-12.40.04:472][  0]LogConfig: Applying CVar settings from Section [/Script/UnrealEd.CookerSettings] File [D:/Gid/Rogue/Saved/Config/Windows/Engine.ini]
[2023.04.11-12.40.04:507][  0]LogConfig: Applying CVar settings from Section [ViewDistanceQuality@3] File [D:/Gid/Rogue/Saved/Config/Windows/Scalability.ini]
[2023.04.11-12.40.04:507][  0]LogConfig: Setting CVar [[r.SkeletalMeshLODBias:0]]
[2023.04.11-12.40.04:507][  0]LogConfig: Setting CVar [[r.ViewDistanceScale:1.0]]
[2023.04.11-12.40.04:507][  0]LogConfig: Applying CVar settings from Section [AntiAliasingQuality@3] File [D:/Gid/Rogue/Saved/Config/Windows/Scalability.ini]
[2023.04.11-12.40.04:508][  0]LogConfig: Setting CVar [[r.PostProcessAAQuality:4]]
[2023.04.11-12.40.04:508][  0]LogConfig: Applying CVar settings from Section [ShadowQuality@3] File [D:/Gid/Rogue/Saved/Config/Windows/Scalability.ini]
[2023.04.11-12.40.04:508][  0]LogConfig: Setting CVar [[r.LightFunctionQuality:1]]
[2023.04.11-12.40.04:508][  0]LogConfig: Setting CVar [[r.ShadowQuality:5]]
[2023.04.11-12.40.04:508][  0]LogConfig: Setting CVar [[r.Shadow.CSM.MaxCascades:10]]
[2023.04.11-12.40.04:508][  0]LogConfig: Setting CVar [[r.Shadow.MaxResolution:2048]]
[2023.04.11-12.40.04:508][  0]LogConfig: Setting CVar [[r.Shadow.MaxCSMResolution:2048]]
[2023.04.11-12.40.04:508][  0]LogConfig: Setting CVar [[r.Shadow.RadiusThreshold:0.01]]
[2023.04.11-12.40.04:508][  0]LogConfig: Setting CVar [[r.Shadow.DistanceScale:1.0]]
[2023.04.11-12.40.04:508][  0]LogConfig: Setting CVar [[r.Shadow.CSM.TransitionScale:1.0]]
[2023.04.11-12.40.04:509][  0]LogConfig: Setting CVar [[r.Shadow.PreShadowResolutionFactor:1.0]]
[2023.04.11-12.40.04:509][  0]LogConfig: Setting CVar [[r.DistanceFieldShadowing:1]]
[2023.04.11-12.40.04:509][  0]LogConfig: Setting CVar [[r.DistanceFieldAO:1]]
[2023.04.11-12.40.04:509][  0]LogConfig: Setting CVar [[r.AOQuality:2]]
[2023.04.11-12.40.04:509][  0]LogConfig: Setting CVar [[r.VolumetricFog:1]]
[2023.04.11-12.40.04:509][  0]LogConfig: Setting CVar [[r.VolumetricFog.GridPixelSize:8]]
[2023.04.11-12.40.04:509][  0]LogConfig: Setting CVar [[r.VolumetricFog.GridSizeZ:128]]
[2023.04.11-12.40.04:509][  0]LogConfig: Setting CVar [[r.VolumetricFog.HistoryMissSupersampleCount:4]]
[2023.04.11-12.40.04:509][  0]LogConfig: Setting CVar [[r.LightMaxDrawDistanceScale:1]]
[2023.04.11-12.40.04:509][  0]LogConfig: Setting CVar [[r.CapsuleShadows:1]]
[2023.04.11-12.40.04:509][  0]LogConfig: Applying CVar settings from Section [PostProcessQuality@3] File [D:/Gid/Rogue/Saved/Config/Windows/Scalability.ini]
[2023.04.11-12.40.04:510][  0]LogConfig: Setting CVar [[r.MotionBlurQuality:4]]
[2023.04.11-12.40.04:510][  0]LogConfig: Setting CVar [[r.AmbientOcclusionMipLevelFactor:0.4]]
[2023.04.11-12.40.04:510][  0]LogConfig: Setting CVar [[r.AmbientOcclusionMaxQuality:100]]
[2023.04.11-12.40.04:510][  0]LogConfig: Setting CVar [[r.AmbientOcclusionLevels:-1]]
[2023.04.11-12.40.04:510][  0]LogConfig: Setting CVar [[r.AmbientOcclusionRadiusScale:1.0]]
[2023.04.11-12.40.04:510][  0]LogConfig: Setting CVar [[r.DepthOfFieldQuality:2]]
[2023.04.11-12.40.04:510][  0]LogConfig: Setting CVar [[r.RenderTargetPoolMin:400]]
[2023.04.11-12.40.04:510][  0]LogConfig: Setting CVar [[r.LensFlareQuality:2]]
[2023.04.11-12.40.04:510][  0]LogConfig: Setting CVar [[r.SceneColorFringeQuality:1]]
[2023.04.11-12.40.04:510][  0]LogConfig: Setting CVar [[r.EyeAdaptationQuality:2]]
[2023.04.11-12.40.04:510][  0]LogConfig: Setting CVar [[r.BloomQuality:5]]
[2023.04.11-12.40.04:511][  0]LogConfig: Setting CVar [[r.FastBlurThreshold:100]]
[2023.04.11-12.40.04:511][  0]LogConfig: Setting CVar [[r.Upscale.Quality:3]]
[2023.04.11-12.40.04:511][  0]LogConfig: Setting CVar [[r.Tonemapper.GrainQuantization:1]]
[2023.04.11-12.40.04:511][  0]LogConfig: Setting CVar [[r.LightShaftQuality:1]]
[2023.04.11-12.40.04:511][  0]LogConfig: Setting CVar [[r.Filter.SizeScale:1]]
[2023.04.11-12.40.04:511][  0]LogConfig: Setting CVar [[r.Tonemapper.Quality:5]]
[2023.04.11-12.40.04:511][  0]LogConfig: Setting CVar [[r.DOF.Gather.AccumulatorQuality:1        ; higher gathering accumulator quality]]
[2023.04.11-12.40.04:511][  0]LogConfig: Setting CVar [[r.DOF.Gather.PostfilterMethod:1          ; Median3x3 postfilering method]]
[2023.04.11-12.40.04:511][  0]LogConfig: Setting CVar [[r.DOF.Gather.EnableBokehSettings:0       ; no bokeh simulation when gathering]]
[2023.04.11-12.40.04:511][  0]LogConfig: Setting CVar [[r.DOF.Gather.RingCount:4                 ; medium number of samples when gathering]]
[2023.04.11-12.40.04:511][  0]LogConfig: Setting CVar [[r.DOF.Scatter.ForegroundCompositing:1    ; additive foreground scattering]]
[2023.04.11-12.40.04:511][  0]LogConfig: Setting CVar [[r.DOF.Scatter.BackgroundCompositing:2    ; additive background scattering]]
[2023.04.11-12.40.04:512][  0]LogConfig: Setting CVar [[r.DOF.Scatter.EnableBokehSettings:1      ; bokeh simulation when scattering]]
[2023.04.11-12.40.04:512][  0]LogConfig: Setting CVar [[r.DOF.Scatter.MaxSpriteRatio:0.1         ; only a maximum of 10% of scattered bokeh]]
[2023.04.11-12.40.04:512][  0]LogConfig: Setting CVar [[r.DOF.Recombine.Quality:1                ; cheap slight out of focus]]
[2023.04.11-12.40.04:512][  0]LogConfig: Setting CVar [[r.DOF.Recombine.EnableBokehSettings:0    ; no bokeh simulation on slight out of focus]]
[2023.04.11-12.40.04:512][  0]LogConfig: Setting CVar [[r.DOF.TemporalAAQuality:1                ; more stable temporal accumulation]]
[2023.04.11-12.40.04:512][  0]LogConfig: Setting CVar [[r.DOF.Kernel.MaxForegroundRadius:0.025]]
[2023.04.11-12.40.04:512][  0]LogConfig: Setting CVar [[r.DOF.Kernel.MaxBackgroundRadius:0.025]]
[2023.04.11-12.40.04:512][  0]LogConfig: Applying CVar settings from Section [TextureQuality@3] File [D:/Gid/Rogue/Saved/Config/Windows/Scalability.ini]
[2023.04.11-12.40.04:512][  0]LogConfig: Setting CVar [[r.Streaming.MipBias:0]]
[2023.04.11-12.40.04:512][  0]LogConfig: Setting CVar [[r.Streaming.AmortizeCPUToGPUCopy:0]]
[2023.04.11-12.40.04:513][  0]LogConfig: Setting CVar [[r.Streaming.MaxNumTexturesToStreamPerFrame:0]]
[2023.04.11-12.40.04:513][  0]LogConfig: Setting CVar [[r.Streaming.Boost:1]]
[2023.04.11-12.40.04:513][  0]LogConfig: Setting CVar [[r.MaxAnisotropy:8]]
[2023.04.11-12.40.04:513][  0]LogConfig: Setting CVar [[r.VT.MaxAnisotropy:8]]
[2023.04.11-12.40.04:513][  0]LogConfig: Setting CVar [[r.Streaming.LimitPoolSizeToVRAM:0]]
[2023.04.11-12.40.04:513][  0]LogConfig: Setting CVar [[r.Streaming.PoolSize:1000]]
[2023.04.11-12.40.04:513][  0]LogConfig: Setting CVar [[r.Streaming.MaxEffectiveScreenSize:0]]
[2023.04.11-12.40.04:513][  0]LogConfig: Applying CVar settings from Section [EffectsQuality@3] File [D:/Gid/Rogue/Saved/Config/Windows/Scalability.ini]
[2023.04.11-12.40.04:514][  0]LogConfig: Setting CVar [[r.TranslucencyLightingVolumeDim:64]]
[2023.04.11-12.40.04:514][  0]LogConfig: Setting CVar [[r.RefractionQuality:2]]
[2023.04.11-12.40.04:514][  0]LogConfig: Setting CVar [[r.SSR.Quality:3]]
[2023.04.11-12.40.04:514][  0]LogConfig: Setting CVar [[r.SSR.HalfResSceneColor:0]]
[2023.04.11-12.40.04:514][  0]LogConfig: Setting CVar [[r.SceneColorFormat:4]]
[2023.04.11-12.40.04:514][  0]LogConfig: Setting CVar [[r.DetailMode:2]]
[2023.04.11-12.40.04:514][  0]LogConfig: Setting CVar [[r.TranslucencyVolumeBlur:1]]
[2023.04.11-12.40.04:514][  0]LogConfig: Setting CVar [[r.MaterialQualityLevel:1 ; High quality]]
[2023.04.11-12.40.04:514][  0]LogConfig: Setting CVar [[r.AnisotropicMaterials:1]]
[2023.04.11-12.40.04:514][  0]LogConfig: Setting CVar [[r.SSS.Scale:1]]
[2023.04.11-12.40.04:514][  0]LogConfig: Setting CVar [[r.SSS.SampleSet:2]]
[2023.04.11-12.40.04:515][  0]LogConfig: Setting CVar [[r.SSS.Quality:1]]
[2023.04.11-12.40.04:515][  0]LogConfig: Setting CVar [[r.SSS.HalfRes:0]]
[2023.04.11-12.40.04:515][  0]LogConfig: Setting CVar [[r.SSGI.Quality:3]]
[2023.04.11-12.40.04:515][  0]LogConfig: Setting CVar [[r.EmitterSpawnRateScale:1.0]]
[2023.04.11-12.40.04:515][  0]LogConfig: Setting CVar [[r.ParticleLightQuality:2]]
[2023.04.11-12.40.04:515][  0]LogConfig: Setting CVar [[r.SkyAtmosphere.AerialPerspectiveLUT.FastApplyOnOpaque:1 ; Always have FastSkyLUT 1 in this case to avoid wrong sky]]
[2023.04.11-12.40.04:515][  0]LogConfig: Setting CVar [[r.SkyAtmosphere.AerialPerspectiveLUT.SampleCountMaxPerSlice:4]]
[2023.04.11-12.40.04:515][  0]LogConfig: Setting CVar [[r.SkyAtmosphere.AerialPerspectiveLUT.DepthResolution:16.0]]
[2023.04.11-12.40.04:516][  0]LogConfig: Setting CVar [[r.SkyAtmosphere.FastSkyLUT:1]]
[2023.04.11-12.40.04:516][  0]LogConfig: Setting CVar [[r.SkyAtmosphere.FastSkyLUT.SampleCountMin:4.0]]
[2023.04.11-12.40.04:516][  0]LogConfig: Setting CVar [[r.SkyAtmosphere.FastSkyLUT.SampleCountMax:128.0]]
[2023.04.11-12.40.04:516][  0]LogConfig: Setting CVar [[r.SkyAtmosphere.SampleCountMin:4.0]]
[2023.04.11-12.40.04:516][  0]LogConfig: Setting CVar [[r.SkyAtmosphere.SampleCountMax:128.0]]
[2023.04.11-12.40.04:516][  0]LogConfig: Setting CVar [[r.SkyAtmosphere.TransmittanceLUT.UseSmallFormat:0]]
[2023.04.11-12.40.04:516][  0]LogConfig: Setting CVar [[r.SkyAtmosphere.TransmittanceLUT.SampleCount:10.0]]
[2023.04.11-12.40.04:516][  0]LogConfig: Setting CVar [[r.SkyAtmosphere.MultiScatteringLUT.SampleCount:15.0]]
[2023.04.11-12.40.04:516][  0]LogConfig: Setting CVar [[r.SkyLight.RealTimeReflectionCapture:1]]
[2023.04.11-12.40.04:516][  0]LogConfig: Applying CVar settings from Section [FoliageQuality@3] File [D:/Gid/Rogue/Saved/Config/Windows/Scalability.ini]
[2023.04.11-12.40.04:516][  0]LogConfig: Setting CVar [[foliage.DensityScale:1.0]]
[2023.04.11-12.40.04:517][  0]LogConfig: Setting CVar [[grass.DensityScale:1.0]]
[2023.04.11-12.40.04:517][  0]LogConfig: Applying CVar settings from Section [ShadingQuality@3] File [D:/Gid/Rogue/Saved/Config/Windows/Scalability.ini]
[2023.04.11-12.40.04:517][  0]LogConfig: Setting CVar [[r.HairStrands.SkyLighting.IntegrationType:2]]
[2023.04.11-12.40.04:517][  0]LogConfig: Setting CVar [[r.HairStrands.SkyAO.SampleCount:4]]
[2023.04.11-12.40.04:517][  0]LogConfig: Setting CVar [[r.HairStrands.Visibility.MSAA.SamplePerPixel:4]]
[2023.04.11-12.40.04:517][  0]LogInit: Selected Device Profile: [Windows]
[2023.04.11-12.40.04:517][  0]LogInit: Applying CVar settings loaded from the selected device profile: [Windows]
[2023.04.11-12.40.04:517][  0]LogHAL: Display: Platform has ~ 16 GB [17160142848 / 17179869184 / 16], which maps to Larger [LargestMinGB=32, LargerMinGB=12, DefaultMinGB=8, SmallerMinGB=6, SmallestMinGB=0)
[2023.04.11-12.40.04:518][  0]LogInit: Going up to parent DeviceProfile []
[2023.04.11-12.40.04:518][  0]LogConfig: Applying CVar settings from Section [ViewDistanceQuality@3] File [D:/Gid/Rogue/Saved/Config/Windows/Scalability.ini]
[2023.04.11-12.40.04:518][  0]LogConfig: Setting CVar [[r.SkeletalMeshLODBias:0]]
[2023.04.11-12.40.04:519][  0]LogConfig: Setting CVar [[r.ViewDistanceScale:1.0]]
[2023.04.11-12.40.04:519][  0]LogConfig: Applying CVar settings from Section [AntiAliasingQuality@3] File [D:/Gid/Rogue/Saved/Config/Windows/Scalability.ini]
[2023.04.11-12.40.04:519][  0]LogConfig: Setting CVar [[r.PostProcessAAQuality:4]]
[2023.04.11-12.40.04:519][  0]LogConfig: Applying CVar settings from Section [ShadowQuality@3] File [D:/Gid/Rogue/Saved/Config/Windows/Scalability.ini]
[2023.04.11-12.40.04:519][  0]LogConfig: Setting CVar [[r.LightFunctionQuality:1]]
[2023.04.11-12.40.04:519][  0]LogConfig: Setting CVar [[r.ShadowQuality:5]]
[2023.04.11-12.40.04:519][  0]LogConfig: Setting CVar [[r.Shadow.CSM.MaxCascades:10]]
[2023.04.11-12.40.04:519][  0]LogConfig: Setting CVar [[r.Shadow.MaxResolution:2048]]
[2023.04.11-12.40.04:519][  0]LogConfig: Setting CVar [[r.Shadow.MaxCSMResolution:2048]]
[2023.04.11-12.40.04:519][  0]LogConfig: Setting CVar [[r.Shadow.RadiusThreshold:0.01]]
[2023.04.11-12.40.04:520][  0]LogConfig: Setting CVar [[r.Shadow.DistanceScale:1.0]]
[2023.04.11-12.40.04:520][  0]LogConfig: Setting CVar [[r.Shadow.CSM.TransitionScale:1.0]]
[2023.04.11-12.40.04:520][  0]LogConfig: Setting CVar [[r.Shadow.PreShadowResolutionFactor:1.0]]
[2023.04.11-12.40.04:520][  0]LogConfig: Setting CVar [[r.DistanceFieldShadowing:1]]
[2023.04.11-12.40.04:520][  0]LogConfig: Setting CVar [[r.DistanceFieldAO:1]]
[2023.04.11-12.40.04:520][  0]LogConfig: Setting CVar [[r.AOQuality:2]]
[2023.04.11-12.40.04:520][  0]LogConfig: Setting CVar [[r.VolumetricFog:1]]
[2023.04.11-12.40.04:521][  0]LogConfig: Setting CVar [[r.VolumetricFog.GridPixelSize:8]]
[2023.04.11-12.40.04:521][  0]LogConfig: Setting CVar [[r.VolumetricFog.GridSizeZ:128]]
[2023.04.11-12.40.04:522][  0]LogConfig: Setting CVar [[r.VolumetricFog.HistoryMissSupersampleCount:4]]
[2023.04.11-12.40.04:522][  0]LogConfig: Setting CVar [[r.LightMaxDrawDistanceScale:1]]
[2023.04.11-12.40.04:522][  0]LogConfig: Setting CVar [[r.CapsuleShadows:1]]
[2023.04.11-12.40.04:522][  0]LogConfig: Applying CVar settings from Section [PostProcessQuality@3] File [D:/Gid/Rogue/Saved/Config/Windows/Scalability.ini]
[2023.04.11-12.40.04:522][  0]LogConfig: Setting CVar [[r.MotionBlurQuality:4]]
[2023.04.11-12.40.04:522][  0]LogConfig: Setting CVar [[r.AmbientOcclusionMipLevelFactor:0.4]]
[2023.04.11-12.40.04:523][  0]LogConfig: Setting CVar [[r.AmbientOcclusionMaxQuality:100]]
[2023.04.11-12.40.04:523][  0]LogConfig: Setting CVar [[r.AmbientOcclusionLevels:-1]]
[2023.04.11-12.40.04:523][  0]LogConfig: Setting CVar [[r.AmbientOcclusionRadiusScale:1.0]]
[2023.04.11-12.40.04:523][  0]LogConfig: Setting CVar [[r.DepthOfFieldQuality:2]]
[2023.04.11-12.40.04:523][  0]LogConfig: Setting CVar [[r.RenderTargetPoolMin:400]]
[2023.04.11-12.40.04:523][  0]LogConfig: Setting CVar [[r.LensFlareQuality:2]]
[2023.04.11-12.40.04:523][  0]LogConfig: Setting CVar [[r.SceneColorFringeQuality:1]]
[2023.04.11-12.40.04:523][  0]LogConfig: Setting CVar [[r.EyeAdaptationQuality:2]]
[2023.04.11-12.40.04:523][  0]LogConfig: Setting CVar [[r.BloomQuality:5]]
[2023.04.11-12.40.04:523][  0]LogConfig: Setting CVar [[r.FastBlurThreshold:100]]
[2023.04.11-12.40.04:523][  0]LogConfig: Setting CVar [[r.Upscale.Quality:3]]
[2023.04.11-12.40.04:523][  0]LogConfig: Setting CVar [[r.Tonemapper.GrainQuantization:1]]
[2023.04.11-12.40.04:524][  0]LogConfig: Setting CVar [[r.LightShaftQuality:1]]
[2023.04.11-12.40.04:524][  0]LogConfig: Setting CVar [[r.Filter.SizeScale:1]]
[2023.04.11-12.40.04:524][  0]LogConfig: Setting CVar [[r.Tonemapper.Quality:5]]
[2023.04.11-12.40.04:524][  0]LogConfig: Setting CVar [[r.DOF.Gather.AccumulatorQuality:1        ; higher gathering accumulator quality]]
[2023.04.11-12.40.04:524][  0]LogConfig: Setting CVar [[r.DOF.Gather.PostfilterMethod:1          ; Median3x3 postfilering method]]
[2023.04.11-12.40.04:524][  0]LogConfig: Setting CVar [[r.DOF.Gather.EnableBokehSettings:0       ; no bokeh simulation when gathering]]
[2023.04.11-12.40.04:524][  0]LogConfig: Setting CVar [[r.DOF.Gather.RingCount:4                 ; medium number of samples when gathering]]
[2023.04.11-12.40.04:524][  0]LogConfig: Setting CVar [[r.DOF.Scatter.ForegroundCompositing:1    ; additive foreground scattering]]
[2023.04.11-12.40.04:524][  0]LogConfig: Setting CVar [[r.DOF.Scatter.BackgroundCompositing:2    ; additive background scattering]]
[2023.04.11-12.40.04:524][  0]LogConfig: Setting CVar [[r.DOF.Scatter.EnableBokehSettings:1      ; bokeh simulation when scattering]]
[2023.04.11-12.40.04:524][  0]LogConfig: Setting CVar [[r.DOF.Scatter.MaxSpriteRatio:0.1         ; only a maximum of 10% of scattered bokeh]]
[2023.04.11-12.40.04:524][  0]LogConfig: Setting CVar [[r.DOF.Recombine.Quality:1                ; cheap slight out of focus]]
[2023.04.11-12.40.04:525][  0]LogConfig: Setting CVar [[r.DOF.Recombine.EnableBokehSettings:0    ; no bokeh simulation on slight out of focus]]
[2023.04.11-12.40.04:525][  0]LogConfig: Setting CVar [[r.DOF.TemporalAAQuality:1                ; more stable temporal accumulation]]
[2023.04.11-12.40.04:525][  0]LogConfig: Setting CVar [[r.DOF.Kernel.MaxForegroundRadius:0.025]]
[2023.04.11-12.40.04:525][  0]LogConfig: Setting CVar [[r.DOF.Kernel.MaxBackgroundRadius:0.025]]
[2023.04.11-12.40.04:525][  0]LogConfig: Applying CVar settings from Section [TextureQuality@3] File [D:/Gid/Rogue/Saved/Config/Windows/Scalability.ini]
[2023.04.11-12.40.04:525][  0]LogConfig: Setting CVar [[r.Streaming.MipBias:0]]
[2023.04.11-12.40.04:525][  0]LogConfig: Setting CVar [[r.Streaming.AmortizeCPUToGPUCopy:0]]
[2023.04.11-12.40.04:525][  0]LogConfig: Setting CVar [[r.Streaming.MaxNumTexturesToStreamPerFrame:0]]
[2023.04.11-12.40.04:525][  0]LogConfig: Setting CVar [[r.Streaming.Boost:1]]
[2023.04.11-12.40.04:525][  0]LogConfig: Setting CVar [[r.MaxAnisotropy:8]]
[2023.04.11-12.40.04:526][  0]LogConfig: Setting CVar [[r.VT.MaxAnisotropy:8]]
[2023.04.11-12.40.04:526][  0]LogConfig: Setting CVar [[r.Streaming.LimitPoolSizeToVRAM:0]]
[2023.04.11-12.40.04:526][  0]LogConfig: Setting CVar [[r.Streaming.PoolSize:1000]]
[2023.04.11-12.40.04:526][  0]LogConfig: Setting CVar [[r.Streaming.MaxEffectiveScreenSize:0]]
[2023.04.11-12.40.04:526][  0]LogConfig: Applying CVar settings from Section [EffectsQuality@3] File [D:/Gid/Rogue/Saved/Config/Windows/Scalability.ini]
[2023.04.11-12.40.04:526][  0]LogConfig: Setting CVar [[r.TranslucencyLightingVolumeDim:64]]
[2023.04.11-12.40.04:526][  0]LogConfig: Setting CVar [[r.RefractionQuality:2]]
[2023.04.11-12.40.04:526][  0]LogConfig: Setting CVar [[r.SSR.Quality:3]]
[2023.04.11-12.40.04:526][  0]LogConfig: Setting CVar [[r.SSR.HalfResSceneColor:0]]
[2023.04.11-12.40.04:526][  0]LogConfig: Setting CVar [[r.SceneColorFormat:4]]
[2023.04.11-12.40.04:526][  0]LogConfig: Setting CVar [[r.DetailMode:2]]
[2023.04.11-12.40.04:526][  0]LogConfig: Setting CVar [[r.TranslucencyVolumeBlur:1]]
[2023.04.11-12.40.04:527][  0]LogConfig: Setting CVar [[r.MaterialQualityLevel:1 ; High quality]]
[2023.04.11-12.40.04:527][  0]LogConfig: Setting CVar [[r.AnisotropicMaterials:1]]
[2023.04.11-12.40.04:527][  0]LogConfig: Setting CVar [[r.SSS.Scale:1]]
[2023.04.11-12.40.04:527][  0]LogConfig: Setting CVar [[r.SSS.SampleSet:2]]
[2023.04.11-12.40.04:527][  0]LogConfig: Setting CVar [[r.SSS.Quality:1]]
[2023.04.11-12.40.04:527][  0]LogConfig: Setting CVar [[r.SSS.HalfRes:0]]
[2023.04.11-12.40.04:527][  0]LogConfig: Setting CVar [[r.SSGI.Quality:3]]
[2023.04.11-12.40.04:527][  0]LogConfig: Setting CVar [[r.EmitterSpawnRateScale:1.0]]
[2023.04.11-12.40.04:527][  0]LogConfig: Setting CVar [[r.ParticleLightQuality:2]]
[2023.04.11-12.40.04:527][  0]LogConfig: Setting CVar [[r.SkyAtmosphere.AerialPerspectiveLUT.FastApplyOnOpaque:1 ; Always have FastSkyLUT 1 in this case to avoid wrong sky]]
[2023.04.11-12.40.04:527][  0]LogConfig: Setting CVar [[r.SkyAtmosphere.AerialPerspectiveLUT.SampleCountMaxPerSlice:4]]
[2023.04.11-12.40.04:527][  0]LogConfig: Setting CVar [[r.SkyAtmosphere.AerialPerspectiveLUT.DepthResolution:16.0]]
[2023.04.11-12.40.04:528][  0]LogConfig: Setting CVar [[r.SkyAtmosphere.FastSkyLUT:1]]
[2023.04.11-12.40.04:528][  0]LogConfig: Setting CVar [[r.SkyAtmosphere.FastSkyLUT.SampleCountMin:4.0]]
[2023.04.11-12.40.04:528][  0]LogConfig: Setting CVar [[r.SkyAtmosphere.FastSkyLUT.SampleCountMax:128.0]]
[2023.04.11-12.40.04:528][  0]LogConfig: Setting CVar [[r.SkyAtmosphere.SampleCountMin:4.0]]
[2023.04.11-12.40.04:528][  0]LogConfig: Setting CVar [[r.SkyAtmosphere.SampleCountMax:128.0]]
[2023.04.11-12.40.04:528][  0]LogConfig: Setting CVar [[r.SkyAtmosphere.TransmittanceLUT.UseSmallFormat:0]]
[2023.04.11-12.40.04:528][  0]LogConfig: Setting CVar [[r.SkyAtmosphere.TransmittanceLUT.SampleCount:10.0]]
[2023.04.11-12.40.04:528][  0]LogConfig: Setting CVar [[r.SkyAtmosphere.MultiScatteringLUT.SampleCount:15.0]]
[2023.04.11-12.40.04:528][  0]LogConfig: Setting CVar [[r.SkyLight.RealTimeReflectionCapture:1]]
[2023.04.11-12.40.04:528][  0]LogConfig: Applying CVar settings from Section [FoliageQuality@3] File [D:/Gid/Rogue/Saved/Config/Windows/Scalability.ini]
[2023.04.11-12.40.04:528][  0]LogConfig: Setting CVar [[foliage.DensityScale:1.0]]
[2023.04.11-12.40.04:528][  0]LogConfig: Setting CVar [[grass.DensityScale:1.0]]
[2023.04.11-12.40.04:529][  0]LogConfig: Applying CVar settings from Section [ShadingQuality@3] File [D:/Gid/Rogue/Saved/Config/Windows/Scalability.ini]
[2023.04.11-12.40.04:529][  0]LogConfig: Setting CVar [[r.HairStrands.SkyLighting.IntegrationType:2]]
[2023.04.11-12.40.04:529][  0]LogConfig: Setting CVar [[r.HairStrands.SkyAO.SampleCount:4]]
[2023.04.11-12.40.04:529][  0]LogConfig: Setting CVar [[r.HairStrands.Visibility.MSAA.SamplePerPixel:4]]
[2023.04.11-12.40.04:529][  0]LogConfig: Applying CVar settings from Section [Startup] File [../../../Engine/Config/ConsoleVariables.ini]
[2023.04.11-12.40.04:530][  0]LogConfig: Setting CVar [[net.UseAdaptiveNetUpdateFrequency:0]]
[2023.04.11-12.40.04:530][  0]LogConfig: Setting CVar [[p.chaos.AllowCreatePhysxBodies:1]]
[2023.04.11-12.40.04:530][  0]LogConfig: Setting CVar [[fx.SkipVectorVMBackendOptimizations:1]]
[2023.04.11-12.40.04:530][  0]LogConfig: Applying CVar settings from Section [ConsoleVariables] File [D:/Gid/Rogue/Saved/Config/Windows/Engine.ini]
[2023.04.11-12.40.04:531][  0]LogConfig: Applying CVar settings from Section [ConsoleVariables] File [D:/Gid/Rogue/Saved/Config/Windows/Editor.ini]
[2023.04.11-12.40.04:531][  0]LogInit: Computer: HASTUR-PC
[2023.04.11-12.40.04:531][  0]LogInit: User: Иван
[2023.04.11-12.40.04:531][  0]LogInit: CPU Page size=4096, Cores=2
[2023.04.11-12.40.04:531][  0]LogInit: High frequency timer resolution =10.000000 MHz
[2023.04.11-12.40.04:532][  0]LogMemory: Memory total: Physical=16.0GB (16GB approx)
[2023.04.11-12.40.04:532][  0]LogMemory: Platform Memory Stats for Windows
[2023.04.11-12.40.04:532][  0]LogMemory: Process Physical Memory: 145.91 MB used, 145.91 MB peak
[2023.04.11-12.40.04:532][  0]LogMemory: Process Virtual Memory: 122.68 MB used, 122.68 MB peak
[2023.04.11-12.40.04:532][  0]LogMemory: Physical Memory: 8252.24 MB used,  8112.95 MB free, 16365.19 MB total
[2023.04.11-12.40.04:532][  0]LogMemory: Virtual Memory: 134197664.00 MB used,  20061.51 MB free, 134217728.00 MB total
[2023.04.11-12.40.04:563][  0]LogWindows: WindowsPlatformFeatures enabled
[2023.04.11-12.40.04:906][  0]LogInit: Physics initialised using underlying interface: PhysX
[2023.04.11-12.40.04:907][  0]LogInit: Using OS detected language (ru-RU).
[2023.04.11-12.40.04:908][  0]LogInit: Using OS detected locale (ru-RU).
[2023.04.11-12.40.04:918][  0]LogTextLocalizationManager: No specific localization for 'ru-RU' exists, so the 'ru' localization will be used.
[2023.04.11-12.40.04:925][  0]LogTextLocalizationResource: LocRes '../../../Engine/Content/Localization/Editor/ru/Editor.locres' could not be opened for reading!
[2023.04.11-12.40.04:925][  0]LogTextLocalizationResource: LocRes '../../../Engine/Content/Localization/EditorTutorials/ru/EditorTutorials.locres' could not be opened for reading!
[2023.04.11-12.40.04:926][  0]LogTextLocalizationResource: LocRes '../../../Engine/Content/Localization/Keywords/ru/Keywords.locres' could not be opened for reading!
[2023.04.11-12.40.04:926][  0]LogTextLocalizationResource: LocRes '../../../Engine/Content/Localization/Category/ru/Category.locres' could not be opened for reading!
[2023.04.11-12.40.04:926][  0]LogTextLocalizationResource: LocRes '../../../Engine/Content/Localization/ToolTips/ru/ToolTips.locres' could not be opened for reading!
[2023.04.11-12.40.04:927][  0]LogTextLocalizationResource: LocRes '../../../Engine/Content/Localization/PropertyNames/ru/PropertyNames.locres' could not be opened for reading!
[2023.04.11-12.40.04:927][  0]LogTextLocalizationResource: LocRes '../../../Engine/Content/Localization/Engine/ru/Engine.locres' could not be opened for reading!
[2023.04.11-12.40.04:969][  0]LogWindowsTextInputMethodSystem: Display: IME system deactivated.
[2023.04.11-12.40.05:057][  0]LogSlate: New Slate User Created.  User Index 0, Is Virtual User: 0
[2023.04.11-12.40.05:057][  0]LogSlate: Slate User Registered.  User Index 0, Is Virtual User: 0
[2023.04.11-12.40.05:132][  0]LogD3D11RHI: Loaded GFSDK_Aftermath_Lib.x64.dll
[2023.04.11-12.40.05:151][  0]LogHMD: Failed to initialize OpenVR with code 110
[2023.04.11-12.40.05:151][  0]LogD3D11RHI: D3D11 min allowed feature level: 11_0
[2023.04.11-12.40.05:151][  0]LogD3D11RHI: D3D11 max allowed feature level: 11_0
[2023.04.11-12.40.05:151][  0]LogD3D11RHI: D3D11 adapters:
[2023.04.11-12.40.05:817][  0]LogD3D11RHI:    0. 'NVIDIA GeForce GT 1030' (Feature Level 11_0)
[2023.04.11-12.40.05:817][  0]LogD3D11RHI:       1981/0/8182 MB DedicatedVideo/DedicatedSystem/SharedSystem, Outputs:1, VendorId:0x10de
[2023.04.11-12.40.05:834][  0]LogD3D11RHI:    1. 'Microsoft Basic Render Driver' (Feature Level 11_0)
[2023.04.11-12.40.05:834][  0]LogD3D11RHI:       0/0/8182 MB DedicatedVideo/DedicatedSystem/SharedSystem, Outputs:0, VendorId:0x1414
[2023.04.11-12.40.05:835][  0]LogD3D11RHI: Chosen D3D11 Adapter:
[2023.04.11-12.40.05:835][  0]LogD3D11RHI:     Description : NVIDIA GeForce GT 1030
[2023.04.11-12.40.05:835][  0]LogD3D11RHI:     VendorId    : 10de
[2023.04.11-12.40.05:835][  0]LogD3D11RHI:     DeviceId    : 1d01
[2023.04.11-12.40.05:835][  0]LogD3D11RHI:     SubSysId    : 11c710de
[2023.04.11-12.40.05:835][  0]LogD3D11RHI:     Revision    : 00a1
[2023.04.11-12.40.05:836][  0]LogD3D11RHI:     DedicatedVideoMemory : 2077286400 bytes
[2023.04.11-12.40.05:836][  0]LogD3D11RHI:     DedicatedSystemMemory : 0 bytes
[2023.04.11-12.40.05:836][  0]LogD3D11RHI:     SharedSystemMemory : 8580071424 bytes
[2023.04.11-12.40.05:836][  0]LogD3D11RHI:     AdapterLuid : 0 40319
[2023.04.11-12.40.05:866][  0]LogD3D11RHI: Creating new Direct3DDevice
[2023.04.11-12.40.05:866][  0]LogD3D11RHI:     GPU DeviceId: 0x1d01 (for the marketing name, search the web for "GPU Device Id")
[2023.04.11-12.40.05:866][  0]LogWindows: EnumDisplayDevices:
[2023.04.11-12.40.05:868][  0]LogWindows:    0. 'NVIDIA GeForce GT 1030' (P:1 D:1)
[2023.04.11-12.40.05:870][  0]LogWindows:    1. 'NVIDIA GeForce GT 1030' (P:0 D:0)
[2023.04.11-12.40.05:873][  0]LogWindows: DebugString: FoundDriverCount:2 
[2023.04.11-12.40.05:873][  0]LogD3D11RHI:     Adapter Name: NVIDIA GeForce GT 1030
[2023.04.11-12.40.05:873][  0]LogD3D11RHI:   Driver Version: 528.49 (internal:31.0.15.2849, unified:528.49)
[2023.04.11-12.40.05:874][  0]LogD3D11RHI:      Driver Date: 2-2-2023
[2023.04.11-12.40.05:874][  0]LogRHI: Texture pool is 1386 MB (70% of 1981 MB)
[2023.04.11-12.40.05:874][  0]LogD3D11RHI: Creating D3DDevice using adapter:
[2023.04.11-12.40.05:874][  0]LogD3D11RHI:     Description : NVIDIA GeForce GT 1030
[2023.04.11-12.40.05:874][  0]LogD3D11RHI:     VendorId    : 10de
[2023.04.11-12.40.05:874][  0]LogD3D11RHI:     DeviceId    : 1d01
[2023.04.11-12.40.05:874][  0]LogD3D11RHI:     SubSysId    : 11c710de
[2023.04.11-12.40.05:874][  0]LogD3D11RHI:     Revision    : 00a1
[2023.04.11-12.40.05:874][  0]LogD3D11RHI:     DedicatedVideoMemory : 2077286400 bytes
[2023.04.11-12.40.05:875][  0]LogD3D11RHI:     DedicatedSystemMemory : 0 bytes
[2023.04.11-12.40.05:875][  0]LogD3D11RHI:     SharedSystemMemory : 8580071424 bytes
[2023.04.11-12.40.05:875][  0]LogD3D11RHI:     AdapterLuid : 0 40319
[2023.04.11-12.40.06:335][  0]LogD3D11RHI: RHI has support for 64 bit atomics
[2023.04.11-12.40.06:336][  0]LogD3D11RHI: Async texture creation enabled
[2023.04.11-12.40.06:336][  0]LogD3D11RHI: Array index from any shader is supported
[2023.04.11-12.40.06:446][  0]LogD3D11RHI: GPU Timing Frequency: 1000.000000 (Debug: 2 1)
[2023.04.11-12.40.07:059][  0]LogRHI: GeForceNow SDK initialized: 1
[2023.04.11-12.40.08:940][  0]LogTargetPlatformManager: Display: Loaded TargetPlatform 'WindowsNoEditor'
[2023.04.11-12.40.08:956][  0]LogTargetPlatformManager: Display: Loaded TargetPlatform 'Windows'
[2023.04.11-12.40.08:971][  0]LogTargetPlatformManager: Display: Loaded TargetPlatform 'WindowsClient'
[2023.04.11-12.40.08:986][  0]LogTargetPlatformManager: Display: Loaded TargetPlatform 'WindowsServer'
[2023.04.11-12.40.08:986][  0]LogTargetPlatformManager: Display: Building Assets For Windows
[2023.04.11-12.40.09:014][  0]LogAudioDebug: Display: Lib vorbis DLL was dynamically loaded.
[2023.04.11-12.40.09:100][  0]LogTextureFormatOodle: Display: Oodle Texture 2.9.0 init RDO Off
[2023.04.11-12.40.09:172][  0]LogRendererCore: Ray tracing is disabled. Reason: r.RayTracing=0.
[2023.04.11-12.40.09:172][  0]LogShaderCompilers: Guid format shader working directory is 33 characters bigger than the processId version (D:/Gid/Rogue/Intermediate/Shaders/WorkingDirectory/5328/).
[2023.04.11-12.40.09:174][  0]LogShaderCompilers: Cleaned the shader compiler working directory 'C:/Users/Иван/AppData/Local/Temp/UnrealShaderWorkingDir/537FC7934150B663AC908CB8EB465366/'.
[2023.04.11-12.40.09:174][  0]LogXGEController: Cannot use XGE Controller as Incredibuild is not installed on this machine.
[2023.04.11-12.40.09:174][  0]LogShaderCompilers: Cannot use XGE Shader Compiler as Incredibuild is not installed on this machine.
[2023.04.11-12.40.09:175][  0]LogShaderCompilers: Display: Using Local Shader Compiler.
[2023.04.11-12.40.12:510][  0]LogDerivedDataCache: Display: Max Cache Size: 512 MB
[2023.04.11-12.40.12:816][  0]LogDerivedDataCache: Loaded boot cache 0.30s 94MB C:/Users/Иван/AppData/Local/UnrealEngine/4.27/DerivedDataCache/Boot.ddc.
[2023.04.11-12.40.12:816][  0]LogDerivedDataCache: Display: Loaded Boot cache: C:/Users/Иван/AppData/Local/UnrealEngine/4.27/DerivedDataCache/Boot.ddc
[2023.04.11-12.40.12:817][  0]LogDerivedDataCache: FDerivedDataBackendGraph:  Pak pak cache file D:/Gid/Rogue/DerivedDataCache/DDC.ddp not found, will not use a pak cache.
[2023.04.11-12.40.12:817][  0]LogDerivedDataCache: Unable to find inner node Pak for hierarchical cache Hierarchy.
[2023.04.11-12.40.12:817][  0]LogDerivedDataCache: FDerivedDataBackendGraph:  CompressedPak pak cache file D:/Gid/Rogue/DerivedDataCache/Compressed.ddp not found, will not use a pak cache.
[2023.04.11-12.40.12:817][  0]LogDerivedDataCache: Unable to find inner node CompressedPak for hierarchical cache Hierarchy.
[2023.04.11-12.40.12:882][  0]LogDerivedDataCache: Display: Pak cache opened for reading ../../../Engine/DerivedDataCache/Compressed.ddp.
[2023.04.11-12.40.12:883][  0]LogDerivedDataCache: FDerivedDataBackendGraph:  EnterprisePak pak cache file ../../../Enterprise/DerivedDataCache/Compressed.ddp not found, will not use a pak cache.
[2023.04.11-12.40.12:883][  0]LogDerivedDataCache: Unable to find inner node EnterprisePak for hierarchical cache Hierarchy.
[2023.04.11-12.40.12:962][  0]LogDerivedDataCache: Speed tests for C:/Users/Иван/AppData/Local/UnrealEngine/Common/DerivedDataCache took 0.08 seconds
[2023.04.11-12.40.12:962][  0]LogDerivedDataCache: Display: Performance to C:/Users/Иван/AppData/Local/UnrealEngine/Common/DerivedDataCache: Latency=0.13ms. RandomReadSpeed=414.80MBs, RandomWriteSpeed=12.54MBs. Assigned SpeedClass 'Local'
[2023.04.11-12.40.12:963][  0]LogDerivedDataCache: Using Local data cache path C:/Users/Иван/AppData/Local/UnrealEngine/Common/DerivedDataCache: Writable
[2023.04.11-12.40.12:963][  0]LogDerivedDataCache: Shared data cache path not found in *engine.ini, will not use an Shared cache.
[2023.04.11-12.40.12:963][  0]LogDerivedDataCache: Unable to find inner node Shared for hierarchical cache Hierarchy.
[2023.04.11-12.40.13:112][  0]LogSlate: Using FreeType 2.10.0
[2023.04.11-12.40.13:113][  0]LogSlate: SlateFontServices - WITH_FREETYPE: 1, WITH_HARFBUZZ: 1
[2023.04.11-12.40.13:479][  0]LogInit: Using OS detected language (ru-RU).
[2023.04.11-12.40.13:479][  0]LogInit: Using OS detected locale (ru-RU).
[2023.04.11-12.40.13:479][  0]LogTextLocalizationManager: No localization for 'ru-RU' exists, so 'en' will be used for the language.
[2023.04.11-12.40.13:479][  0]LogTextLocalizationManager: No localization for 'ru-RU' exists, so 'en' will be used for the locale.
[2023.04.11-12.40.13:480][  0]LogSlate: FontCache flush requested. Reason: Culture for localization was changed
[2023.04.11-12.40.13:480][  0]LogSlate: FontCache flush requested. Reason: Culture for localization was changed
[2023.04.11-12.40.13:495][  0]LogAssetRegistry: FAssetRegistry took 0.0103 seconds to start up
[2023.04.11-12.40.14:553][  0]LogTextLocalizationManager: Compacting localization data took   0.02ms
[2023.04.11-12.40.14:553][  0]LogPackageLocalizationCache: Processed 27 localized package path(s) for 1 prioritized culture(s) in 0.003090 seconds
[2023.04.11-12.40.14:696][  0]LogInit: Selected Device Profile: [Windows]
[2023.04.11-12.40.14:696][  0]LogInit: Active device profile: [000001E741E62A00][000001E73CB78CC0 49] Windows
[2023.04.11-12.40.14:696][  0]LogInit: Profiles: [000001E741E62A00][000001E73CB78CC0 49] Windows, [000001E741E0DB00][000001E73C75AE40 49] WindowsNoEditor, [000001E741E61B00][000001E73C75EFC0 49] WindowsServer, [000001E741E0E800][000001E73C763140 49] WindowsClient, [000001E741E62800][000001E73C7672C0 49] IOS, [000001E741E0C100][000001E73C76B440 49] iPadAir, [000001E741E63500][000001E73C8535C0 49] iPadAir2, [000001E741DC3C00][000001E73C857800 49] IPadPro, [000001E741DC3D00][000001E73CB7D840 49] iPadAir3, [000001E741E62600][000001E73C85B980 49] iPadAir4, [000001E741DC1D00][000001E73C85FAC0 49] iPadMini2, [000001E741E60400][000001E73C8660C0 49] iPadMini3, [000001E741DC2500][000001E73C86A240 49] iPadMini4, [000001E741E62500][000001E73C86E3C0 49] iPadMini5, [000001E741DFF500][000001E73C876680 49] iPhone6, [000001E741DFF600][000001E73C8726C0 49] iPodTouch6, [000001E741DC0D00][000001E73C87E980 49] iPhone7, [000001E741DC0C00][000001E73C87A9C0 49] iPodTouch7, [000001E741DFDC00][000001E73C882B40 49] iPhone5S, [000001E741DC2D00][000001E73C886CC0 49] iPhone6Plus, [000001E741DFE600][000001E73C10CE40 49] iPhone6S, [000001E741DC1C00][000001E73C110FC0 49] iPhone6SPlus, [000001E741DFDE00][000001E73C115140 49] iPhone7Plus, [000001E741DC2C00][000001E73C1192C0 49] iPhoneSE, [000001E741DFE400][000001E73C11D440 49] iPhone8, [000001E741DC0100][000001E73C1215C0 49] iPhone8Plus, [000001E741DFE100][000001E73C125740 49] iPhoneX, [000001E741DC2900][000001E73C1298C0 49] iPhoneXS, [000001E741DFDD00][000001E73C863A00 49] iPhoneXSMax, [000001E741DC2800][000001E73C12DB40 49] iPhoneXR, [000001E741DFF800][000001E73C130100 49] iPhone11, [000001E741DC0B00][000001E73C138280 49] iPhone11Pro, [000001E741DFF000][000001E73C13C400 49] iPhone11ProMax, [000001E741DC3000][000001E73C140580 49] iPhoneSE2, [000001E741DFC600][000001E73C144700 49] iPhone12Mini, [000001E741DC1800][000001E73C148880 49] iPhone12, [000001E741DFCB00][000001E73C14CA00 49] iPhone12Pro, [000001E741DC3E00][000001E73C150B80 49] iPhone12ProMax, [000001E741DFF200][000001E73C154D00 49] iPadPro105, [000001E741DC0E00][000001E73C158E80 49] iPadPro129, [000001E741DFCD00][000001E73C15D000 49] iPadPro97, [000001E741DC3B00][000001E73C161180 49] iPadPro2_129, [000001E741DFE700][000001E73C165300 49] iPad5, [000001E741DC2400][000001E73C169480 49] iPad6, [000001E741DFC300][000001E73782F600 49] iPad7, [000001E741DC1E00][000001E737833780 49] iPad8, [000001E741DFD000][000001E737837900 49] iPadPro11, [000001E741DC1500][000001E73783BA80 49] iPadPro2_11, [000001E741DFC200][000001E73C135BC0 49] iPadPro3_129, [000001E741DC2F00][000001E73783E180 49] iPadPro4_129, [000001E741DFDF00][000001E7378422C0 49] AppleTV, [000001E741DC1F00][000001E73784A440 49] AppleTV4K, [000001E741E0EF00][000001E73784E5C0 49] TVOS, [000001E741EA0B00][000001E737852740 49] Mac, [000001E741E0D000][000001E7378568C0 49] MacClient, [000001E741EA0800][000001E73785AA40 49] MacNoEditor, [000001E741E0CE00][000001E73785EBC0 49] MacServer, [000001E741EA1300][000001E737862D40 49] Linux, [000001E741E0DC00][000001E737866EC0 49] LinuxAArch64, [000001E741EA0600][000001E73786B040 49] LinuxNoEditor, [000001E741E0E700][000001E73786F1C0 49] LinuxAArch64NoEditor, [000001E741EA1400][000001E737873340 49] LinuxClient, [000001E741E0F700][000001E7378774C0 49] LinuxAArch64Client, [000001E741EA0300][000001E73787B640 49] LinuxServer, [000001E741E0CF00][000001E73787F7C0 49] LinuxAArch64Server, [000001E741EA1600][000001E737883940 49] Android, [000001E741E0C700][000001E737887AC0 49] Android_Low, [000001E741DC2100][000001E73788A0C0 49] Android_Mid, [000001E741E0DF00][000001E737846200 49] Android_High, [000001E741DC3200][000001E73788E340 49] Android_Default, [000001E741E0E400][000001E737892480 49] Android_Adreno4xx, [000001E741DC2300][000001E7378965C0 49] Android_Adreno5xx_Low, [000001E741E0DE00][000001E741922740 49] Android_Adreno5xx, [000001E741DC3600][000001E7419268C0 49] Android_Adreno6xx, [000001E741E0F900][000001E74192AA40 49] Android_Adreno6xx_Vulkan, [000001E741DC1900][000001E74192EBC0 49] Android_Mali_T6xx, [000001E741E0E100][000001E741932D40 49] Android_Mali_T7xx, [000001E741DC3A00][000001E741936EC0 49] Android_Mali_T8xx, [000001E741E0C600][000001E74193B040 49] Android_Mali_G71, [000001E741DC1300][000001E74193F1C0 49] Android_Mali_G72, [000001E741E0DD00][000001E741943340 49] Android_Mali_G72_Vulkan, [000001E741DC1700][000001E7419474C0 49] Android_Mali_G76, [000001E741E0F500][000001E74194B640 49] Android_Mali_G76_Vulkan, [000001E741DC3900][000001E74194F7C0 49] Android_Mali_G77, [000001E741E0FB00][000001E741953940 49] Android_Mali_G77_Vulkan, [000001E741DC2200][000001E741957AC0 49] Android_Mali_G78, [000001E741E0FD00][000001E74195A0C0 49] Android_Mali_G78_Vulkan, [000001E741DC0500][000001E74195E240 49] Android_Mali_G710, [000001E741E0E200][000001E74191E380 49] Android_Mali_G710_Vulkan, [000001E741DC2B00][000001E7419624C0 49] Android_Vulkan_SM5, [000001E741E0C400][000001E741966600 49] Android_PowerVR_G6xxx, [000001E741DC1A00][000001E74196A740 49] Android_PowerVR_GT7xxx, [000001E741E0C500][000001E7419728C0 49] Android_PowerVR_GE8xxx, [000001E741DC2600][000001E741976A40 49] Android_PowerVR_GM9xxx, [000001E741E0EC00][000001E74197ABC0 49] Android_PowerVR_GM9xxx_Vulkan, [000001E741DC3100][000001E74197ED40 49] Android_TegraK1, [000001E741E0F000][000001E741982EC0 49] Android_Unknown_Vulkan, [000001E741DC3800][000001E741987040 49] Lumin, [000001E741DFFD00][000001E74198B1C0 49] Lumin_Desktop, [000001E741E61800][000001E74198F340 49] HoloLens, 
[2023.04.11-12.40.14:780][  0]LogMeshReduction: Using QuadricMeshReduction for automatic static mesh reduction
[2023.04.11-12.40.14:780][  0]LogMeshReduction: Using SimplygonMeshReduction for automatic skeletal mesh reduction
[2023.04.11-12.40.14:780][  0]LogMeshReduction: Using ProxyLODMeshReduction for automatic mesh merging
[2023.04.11-12.40.14:780][  0]LogMeshReduction: No distributed automatic mesh merging module available
[2023.04.11-12.40.14:780][  0]LogMeshMerging: No distributed automatic mesh merging module available
[2023.04.11-12.40.15:074][  0]LogNetVersion: Rogue 1.0.0, NetCL: 17155196, EngineNetVer: 17, GameNetVer: 0 (Checksum: 1113035870)
[2023.04.11-12.40.15:675][  0]LogTexture: Default maximum texture size for cubemaps generated from long-lat sources has been changed from 512 to unlimited. In order to preserve old behaiour for '/Engine/MapTemplates/Sky/DaylightAmbientCubemap.DaylightAmbientCubemap', its maximum texture size has been explicitly set to 512.
[2023.04.11-12.40.15:833][  0]LogHMD: PokeAHoleMaterial loaded successfully
[2023.04.11-12.40.16:070][  0]LogMoviePlayer: Initializing movie player
[2023.04.11-12.40.16:264][  0]LogNiagaraDebuggerClient: Niagara Debugger Client Initialized | Session: 9D779D964FA3F7D918856AB699D04D8A | Instance: 003A657443632D0E7834478328D74CEE (HASTUR-PC-5328).
[2023.04.11-12.40.16:326][  0]LogCollectionManager: Loaded 0 collections in 0.003147 seconds
[2023.04.11-12.40.16:333][  0]LogFileCache: Scanning file cache for directory 'D:/Gid/Rogue/Saved/Collections/' took 0.00s
[2023.04.11-12.40.16:333][  0]LogFileCache: Scanning file cache for directory 'D:/Gid/Rogue/Content/Developers/Иван/Collections/' took 0.00s
[2023.04.11-12.40.16:333][  0]LogFileCache: Scanning file cache for directory 'D:/Gid/Rogue/Content/Collections/' took 0.00s
[2023.04.11-12.40.16:333][  0]LogCollectionManager: Fixed up redirectors for 0 collections in 0.000006 seconds (updated 0 objects)
[2023.04.11-12.40.16:395][  0]LogPython: Using Python 3.7.7
[2023.04.11-12.40.18:289][  0]LogTcpMessaging: Initializing TcpMessaging bridge
[2023.04.11-12.40.18:297][  0]LogUdpMessaging: Initializing bridge on interface 0.0.0.0:0 to multicast group 230.0.0.1:6666.
[2023.04.11-12.40.18:779][  0]LogOpenImageDenoise: OIDN starting up
[2023.04.11-12.40.18:858][  0]LogAndroidPermission: UAndroidPermissionCallbackProxy::GetInstance
[2023.04.11-12.40.18:902][  0]LogAudioCaptureCore: Display: No Audio Capture implementations found. Audio input will be silent.
[2023.04.11-12.40.18:902][  0]LogAudioCaptureCore: Display: No Audio Capture implementations found. Audio input will be silent.
[2023.04.11-12.40.19:063][  0]SourceControl: Source control is disabled
[2023.04.11-12.40.19:064][  0]SourceControl: Source control is disabled
[2023.04.11-12.40.19:071][  0]SourceControl: Source control is disabled
[2023.04.11-12.40.19:094][  0]LogUProjectInfo: Found projects:
[2023.04.11-12.40.19:097][  0]LogVSAccessor: Display: Unable to create Visual Studio setup instance: 80040154
[2023.04.11-12.40.19:099][  0]LogVSAccessor: Display: Unable to create Visual Studio setup instance: 80040154
[2023.04.11-12.40.19:105][  0]LogVSAccessor: Display: Unable to create Visual Studio setup instance: 80040154
[2023.04.11-12.40.19:168][  0]LogOcInput: OculusInput pre-init called
[2023.04.11-12.40.19:189][  0]LogUObjectArray: 22167 objects as part of root set at end of initial load.
[2023.04.11-12.40.19:189][  0]LogUObjectAllocator: 5995280 out of 0 bytes used by permanent object pool.
[2023.04.11-12.40.19:189][  0]LogUObjectArray: CloseDisregardForGC: 0/0 objects in disregard for GC pool
[2023.04.11-12.40.19:305][  0]LogEngine: Initializing Engine...
[2023.04.11-12.40.19:311][  0]LogHMD: Failed to enumerate extensions. Please check that you have a valid OpenXR runtime installed.
[2023.04.11-12.40.19:312][  0]LogHMD: Failed to initialize OpenVR with code 110
[2023.04.11-12.40.19:312][  0]LogMagicLeap: Warning: VR disabled because ZI is not enabled.  To enable, in the editor, Edit -> Project Settings -> Plugins -> Magic Leap Plugin -> Enable Zero Iteration
[2023.04.11-12.40.19:315][  0]LogStats: UGameplayTagsManager::InitializeManager -  0.000 s
[2023.04.11-12.40.19:536][  0]LogInit: Initializing FReadOnlyCVARCache
[2023.04.11-12.40.19:536][  0]LogAudio: Display: Initializing Audio Device Manager...
[2023.04.11-12.40.19:549][  0]LogAudio: Display: Loading Default Audio Settings Objects...
[2023.04.11-12.40.19:551][  0]LogAudio: Display: No default SoundConcurrencyObject specified (or failed to load).
[2023.04.11-12.40.19:553][  0]LogAudio: Display: Audio Device Manager Initialized
[2023.04.11-12.40.19:553][  0]LogAudio: Display: Creating Audio Device:                 Id: 1, Scope: Shared, Realtime: True
[2023.04.11-12.40.19:553][  0]LogAudioMixer: Display: Audio Mixer Platform Settings:
[2023.04.11-12.40.19:553][  0]LogAudioMixer: Display: 	Sample Rate:						  48000
[2023.04.11-12.40.19:554][  0]LogAudioMixer: Display: 	Callback Buffer Frame Size Requested: 1024
[2023.04.11-12.40.19:554][  0]LogAudioMixer: Display: 	Callback Buffer Frame Size To Use:	  1024
[2023.04.11-12.40.19:554][  0]LogAudioMixer: Display: 	Number of buffers to queue:			  2
[2023.04.11-12.40.19:554][  0]LogAudioMixer: Display: 	Max Channels (voices):				  32
[2023.04.11-12.40.19:554][  0]LogAudioMixer: Display: 	Number of Async Source Workers:		  0
[2023.04.11-12.40.19:554][  0]LogAudio: Display: AudioDevice MaxSources: 32
[2023.04.11-12.40.19:556][  0]LogAudio: Display: Audio Spatialization Plugin: None (built-in).
[2023.04.11-12.40.19:556][  0]LogAudio: Display: Audio Reverb Plugin: None (built-in).
[2023.04.11-12.40.19:556][  0]LogAudio: Display: Audio Occlusion Plugin: None (built-in).
[2023.04.11-12.40.19:556][  0]LogAudioMixer: Display: Initializing audio mixer.
[2023.04.11-12.40.19:611][  0]LogAudioMixer: Display: 0: FrontLeft
[2023.04.11-12.40.19:611][  0]LogAudioMixer: Display: 1: FrontRight
[2023.04.11-12.40.19:667][  0]LogAudioMixer: Display: Using Audio Device Динамики (High Definition Audio Device)
[2023.04.11-12.40.19:680][  0]LogAudioMixer: Display: Initializing Sound Submixes...
[2023.04.11-12.40.19:684][  0]LogAudioMixer: Display: Creating Master Submix 'MasterSubmixDefault'
[2023.04.11-12.40.19:685][  0]LogAudioMixer: Display: Creating Master Submix 'MasterReverbSubmixDefault'
[2023.04.11-12.40.19:688][  0]LogAudioMixer: Display: Creating Master Submix 'MasterEQSubmixDefault'
[2023.04.11-12.40.19:688][  0]LogAudioMixer: FMixerPlatformXAudio2::StartAudioStream() called
[2023.04.11-12.40.19:688][  0]LogAudioMixer: Display: Output buffers initialized: Frames=1024, Channels=2, Samples=2048
[2023.04.11-12.40.19:691][  0]LogAudioMixer: Display: Starting AudioMixerPlatformInterface::RunInternal()
[2023.04.11-12.40.19:691][  0]LogAudioMixer: Display: FMixerPlatformXAudio2::SubmitBuffer() called for the first time
[2023.04.11-12.40.19:691][  0]LogInit: FAudioDevice initialized.
[2023.04.11-12.40.19:694][  0]LogNetVersion: Set ProjectVersion to 1.0.0.0. Version Checksum will be recalculated on next use.
[2023.04.11-12.40.19:708][  0]LogInit: Texture streaming: Enabled
[2023.04.11-12.40.19:873][  0]LogAudio: Display: Audio Device (ID: 1) registered with world 'Untitled'.
[2023.04.11-12.40.19:873][  0]LogSlate: Updating window title bar state: overlay mode, drag disabled, window buttons hidden, title bar hidden
[2023.04.11-12.40.19:874][  0]LogInit: Display: Game Engine Initialized.
[2023.04.11-12.40.19:875][  0]LogNiagaraEditor: GEditor isn't valid! Particle reset commands will not work for Niagara components!
[2023.04.11-12.40.20:210][  0]LogInit: Display: Starting Game.
[2023.04.11-12.40.20:211][  0]LogNet: Browse: /Game/Levels/MainMenu?Name=Player
[2023.04.11-12.40.20:211][  0]LogLoad: LoadMap: /Game/Levels/MainMenu?Name=Player
[2023.04.11-12.40.20:212][  0]LogWorld: BeginTearingDown for /Temp/Untitled_0
[2023.04.11-12.40.20:217][  0]LogWorld: UWorld::CleanupWorld for Untitled, bSessionEnded=true, bCleanupResources=true
[2023.04.11-12.40.20:217][  0]LogSlate: InvalidateAllWidgets triggered.  All widgets were invalidated
[2023.04.11-12.40.20:234][  0]LogAudio: Display: Audio Device unregistered from world 'None'.
[2023.04.11-12.40.20:241][  0]LogUObjectHash: Compacting FUObjectHashTables data took   3.31ms
[2023.04.11-12.40.20:282][  0]LogAudio: Display: Audio Device (ID: 1) registered with world 'MainMenu'.
[2023.04.11-12.40.20:300][  0]LogAIModule: Creating AISystem for world MainMenu
[2023.04.11-12.40.20:301][  0]LogUObjectGlobals: Warning: Failed to load '/Game/Blueprints/NewGameMode': Can't find file.
[2023.04.11-12.40.20:301][  0]LogUObjectGlobals: Warning: Failed to load '/Game/Blueprints/NewGameMode': Can't find file.
[2023.04.11-12.40.20:302][  0]LogUObjectGlobals: Warning: Failed to find object 'Class /Game/Blueprints/NewGameMode.NewGameMode_C'
[2023.04.11-12.40.20:302][  0]LogLoad: Game class is 'GameModeBase'
[2023.04.11-12.40.20:306][  0]LogWorld: Bringing World /Game/Levels/MainMenu.MainMenu up for play (max tick rate 0) at 2023.04.11-15.40.20
[2023.04.11-12.40.20:306][  0]LogWorld: Bringing up level for play took: 0.003140
[2023.04.11-12.40.20:308][  0]LogGameMode: FindPlayerStart: PATHS NOT DEFINED or NO PLAYERSTART with positive rating
[2023.04.11-12.40.20:312][  0]LogLoad: Took 0.100564 seconds to LoadMap(/Game/Levels/MainMenu)
[2023.04.11-12.40.20:420][  0]LogRenderer: Reallocating scene render targets to support 1280x696 Format 10 NumSamples 1 (Frame:1).
[2023.04.11-12.40.20:420][  0]LogSlate: Took 0.000330 seconds to synchronously load lazily loaded font '../../../Engine/Content/Slate/Fonts/Roboto-Regular.ttf' (155K)
[2023.04.11-12.40.20:504][  0]LogInit: Display: Engine is initialized. Leaving FEngineLoop::Init()
[2023.04.11-12.40.20:504][  0]LogLoad: (Engine Initialization) Total time: 26.64 seconds
[2023.04.11-12.40.20:504][  0]LogLoad: (Engine Initialization) Total Blueprint compile time: 0.00 seconds
[2023.04.11-12.40.20:678][  0]LogContentStreaming: Texture pool size now 1000 MB
[2023.04.11-12.40.23:394][  0]LogRenderer: Reallocating scene render targets to support 684x332 Format 10 NumSamples 1 (Frame:3).
[2023.04.11-12.40.23:394][  0]LogSlate: InvalidateAllWidgets triggered.  All widgets were invalidated
[2023.04.11-12.40.23:613][  1]LogSlate: Took 0.000315 seconds to synchronously load lazily loaded font '../../../Engine/Content/Slate/Fonts/Roboto-Regular.ttf' (155K)
[2023.04.11-12.40.28:239][681]LogAudio: Display: Waited 35.476601 ms for audio thread.
[2023.04.11-12.40.28:241][681]LogAudio: Display: Waited 37.688602 ms for audio thread.
[2023.04.11-12.40.28:929][724]LogAudio: Display: Waited 35.750500 ms for audio thread.
[2023.04.11-12.40.28:930][724]LogAudio: Display: Waited 37.098900 ms for audio thread.
[2023.04.11-12.40.33:896][356]LogSlate: Window 'Rogue (64-bit Development PCD3D_SM5) ' being destroyed
[2023.04.11-12.40.33:899][356]LogWindowsTextInputMethodSystem: Display: IME system deactivated.
[2023.04.11-12.40.33:915][356]LogSlate: Updating window title bar state: overlay mode, drag disabled, window buttons hidden, title bar hidden
[2023.04.11-12.40.33:915][356]LogEngine: All Windows Closed
[2023.04.11-12.40.33:915][356]LogWindows: FPlatformMisc::RequestExit(0)
[2023.04.11-12.40.33:915][356]LogWindows: FPlatformMisc::RequestExitWithStatus(0, 0)
[2023.04.11-12.40.33:915][356]LogCore: Engine exit requested (reason: Win RequestExit)
[2023.04.11-12.40.33:917][357]LogCore: Engine exit requested (reason: EngineExit() was called; note: exit was already requested)
[2023.04.11-12.40.33:918][357]LogInit: Display: PreExit Game.
[2023.04.11-12.40.33:934][357]LogWorld: BeginTearingDown for /Game/Levels/MainMenu
[2023.04.11-12.40.33:935][357]LogWorld: UWorld::CleanupWorld for MainMenu, bSessionEnded=true, bCleanupResources=true
[2023.04.11-12.40.33:936][357]LogSlate: InvalidateAllWidgets triggered.  All widgets were invalidated
[2023.04.11-12.40.34:326][357]LogAudio: Display: Beginning Audio Device Manager Shutdown (Module: AudioMixerXAudio2)...
[2023.04.11-12.40.34:326][357]LogAudio: Display: Destroying 1 Remaining Audio Device(s)...
[2023.04.11-12.40.34:326][357]LogAudio: Display: Audio Device unregistered from world 'MainMenu'.
[2023.04.11-12.40.34:361][357]LogAudioMixer: FMixerPlatformXAudio2::StopAudioStream() called
[2023.04.11-12.40.34:363][357]LogAudioMixer: FMixerPlatformXAudio2::StopAudioStream() called
[2023.04.11-12.40.34:368][357]LogAudio: Display: Audio Device Manager Shutdown
[2023.04.11-12.40.34:374][357]LogExit: Preparing to exit.
[2023.04.11-12.40.35:337][357]LogSlate: Updating window title bar state: overlay mode, drag disabled, window buttons hidden, title bar hidden
[2023.04.11-12.40.35:343][357]LogUObjectHash: Compacting FUObjectHashTables data took   4.47ms
[2023.04.11-12.40.35:438][357]LogMoviePlayer: Shutting down movie player
[2023.04.11-12.40.35:574][357]LogDemo: Cleaned up 0 splitscreen connections with owner deletion
[2023.04.11-12.40.35:600][357]LogExit: Game engine shut down
[2023.04.11-12.40.35:816][357]LogExit: Object subsystem successfully closed.
[2023.04.11-12.40.35:848][357]LogShaderCompilers: Display: === FShaderJobCache stats ===
[2023.04.11-12.40.35:848][357]LogShaderCompilers: Display: Total job queries 0, among them cache hits 0 (0.00%)
[2023.04.11-12.40.35:848][357]LogShaderCompilers: Display: Tracking 0 distinct input hashes that result in 0 distinct outputs (0.00%)
[2023.04.11-12.40.35:848][357]LogShaderCompilers: Display: RAM used: 0.00 MB (0.00 GB) of 819.20 MB (0.80 GB) budget. Usage: 0.00%
[2023.04.11-12.40.35:848][357]LogShaderCompilers: Display: ================================================
[2023.04.11-12.40.35:855][357]LogShaderCompilers: Display: Shaders left to compile 0
[2023.04.11-12.40.35:914][357]LogModuleManager: Shutting down and abandoning module SequenceRecorderSections (562)
[2023.04.11-12.40.35:915][357]LogModuleManager: Shutting down and abandoning module SequenceRecorder (560)
[2023.04.11-12.40.35:915][357]LogModuleManager: Shutting down and abandoning module AutomationController (558)
[2023.04.11-12.40.35:915][357]LogModuleManager: Shutting down and abandoning module AutomationWorker (556)
[2023.04.11-12.40.35:915][357]LogModuleManager: Shutting down and abandoning module Voice (554)
[2023.04.11-12.40.35:915][357]LogModuleManager: Shutting down and abandoning module AIModule (552)
[2023.04.11-12.40.35:915][357]LogModuleManager: Shutting down and abandoning module GameplayDebugger (551)
[2023.04.11-12.40.35:915][357]LogModuleManager: Shutting down and abandoning module AITestSuite (549)
[2023.04.11-12.40.35:915][357]LogModuleManager: Shutting down and abandoning module NavigationSystem (547)
[2023.04.11-12.40.35:916][357]LogModuleManager: Shutting down and abandoning module SteamVREditor (544)
[2023.04.11-12.40.35:916][357]LogModuleManager: Shutting down and abandoning module ToolMenus (543)
[2023.04.11-12.40.35:916][357]LogModuleManager: Shutting down and abandoning module OculusMR (540)
[2023.04.11-12.40.35:916][357]LogModuleManager: Shutting down and abandoning module TakeRecorderSources (538)
[2023.04.11-12.40.35:916][357]LogModuleManager: Shutting down and abandoning module TakeRecorder (537)
[2023.04.11-12.40.35:916][357]LogModuleManager: Shutting down and abandoning module TakeTrackRecorders (534)
[2023.04.11-12.40.35:916][357]LogModuleManager: Shutting down and abandoning module TakesCore (532)
[2023.04.11-12.40.35:917][357]LogModuleManager: Shutting down and abandoning module OpenXRInput (530)
[2023.04.11-12.40.35:917][357]LogModuleManager: Shutting down and abandoning module WmfMediaFactory (528)
[2023.04.11-12.40.35:917][357]LogModuleManager: Shutting down and abandoning module WebMMediaFactory (526)
[2023.04.11-12.40.35:917][357]LogModuleManager: Shutting down and abandoning module WebMMedia (524)
[2023.04.11-12.40.35:917][357]LogModuleManager: Shutting down and abandoning module OpenExrWrapper (522)
[2023.04.11-12.40.35:917][357]LogModuleManager: Shutting down and abandoning module ImgMediaFactory (520)
[2023.04.11-12.40.35:917][357]LogModuleManager: Shutting down and abandoning module MagicLeapMediaCodecFactory (518)
[2023.04.11-12.40.35:917][357]LogModuleManager: Shutting down and abandoning module MagicLeapMediaFactory (516)
[2023.04.11-12.40.35:917][357]LogModuleManager: Shutting down and abandoning module AvfMediaFactory (514)
[2023.04.11-12.40.35:917][357]LogModuleManager: Shutting down and abandoning module PlanarCut (512)
[2023.04.11-12.40.35:918][357]LogModuleManager: Shutting down and abandoning module CharacterAI (510)
[2023.04.11-12.40.35:918][357]LogModuleManager: Shutting down and abandoning module SessionServices (508)
[2023.04.11-12.40.35:918][357]LogModuleManager: Shutting down and abandoning module MovieSceneCapture (506)
[2023.04.11-12.40.35:918][357]LogModuleManager: Shutting down and abandoning module LiveCoding (504)
[2023.04.11-12.40.35:918][357]LogModuleManager: Shutting down and abandoning module LevelSequence (502)
[2023.04.11-12.40.35:918][357]LogModuleManager: Shutting down and abandoning module MovieSceneTracks (500)
[2023.04.11-12.40.35:918][357]LogModuleManager: Shutting down and abandoning module MovieScene (498)
[2023.04.11-12.40.35:918][357]LogModuleManager: Shutting down and abandoning module StreamingPauseRendering (496)
[2023.04.11-12.40.35:918][357]LogModuleManager: Shutting down and abandoning module PortalServices (494)
[2023.04.11-12.40.35:919][357]LogModuleManager: Shutting down and abandoning module PortalRpc (492)
[2023.04.11-12.40.35:919][357]LogModuleManager: Shutting down and abandoning module MessagingRpc (490)
[2023.04.11-12.40.35:919][357]LogModuleManager: Shutting down and abandoning module AudioMixerXAudio2 (488)
[2023.04.11-12.40.35:919][357]LogModuleManager: Shutting down and abandoning module AudioMixerCore (487)
[2023.04.11-12.40.35:919][357]LogModuleManager: Shutting down and abandoning module ImageWriteQueue (484)
[2023.04.11-12.40.35:922][357]LogModuleManager: Shutting down and abandoning module ProfilerService (482)
[2023.04.11-12.40.36:024][357]LogModuleManager: Shutting down and abandoning module TaskGraph (480)
[2023.04.11-12.40.36:024][357]LogModuleManager: Shutting down and abandoning module OculusInput (478)
[2023.04.11-12.40.36:024][357]LogModuleManager: Shutting down and abandoning module VisualStudioCodeSourceCodeAccess (476)
[2023.04.11-12.40.36:024][357]LogModuleManager: Shutting down and abandoning module VisualStudioSourceCodeAccess (474)
[2023.04.11-12.40.36:025][357]LogModuleManager: Shutting down and abandoning module HotReload (473)
[2023.04.11-12.40.36:025][357]LogModuleManager: Shutting down and abandoning module UObjectPlugin (470)
[2023.04.11-12.40.36:025][357]LogModuleManager: Shutting down and abandoning module SubversionSourceControl (468)
[2023.04.11-12.40.36:025][357]LogModuleManager: Shutting down and abandoning module PerforceSourceControl (466)
[2023.04.11-12.40.36:025][357]LogModuleManager: Shutting down and abandoning module SourceControl (465)
[2023.04.11-12.40.36:025][357]LogModuleManager: Shutting down and abandoning module CLionSourceCodeAccess (462)
[2023.04.11-12.40.36:025][357]LogModuleManager: Shutting down and abandoning module TakeMovieScene (460)
[2023.04.11-12.40.36:026][357]LogModuleManager: Shutting down and abandoning module Synthesis (458)
[2023.04.11-12.40.36:026][357]LogModuleManager: Shutting down and abandoning module ProceduralMeshComponent (456)
[2023.04.11-12.40.36:026][357]LogModuleManager: Shutting down and abandoning module MobilePatchingUtils (454)
[2023.04.11-12.40.36:026][357]LogModuleManager: Shutting down and abandoning module GooglePAD (452)
[2023.04.11-12.40.36:026][357]LogModuleManager: Shutting down and abandoning module EditableMesh (450)
[2023.04.11-12.40.36:026][357]LogModuleManager: Shutting down and abandoning module CustomMeshComponent (448)
[2023.04.11-12.40.36:026][357]LogModuleManager: Shutting down and abandoning module CableComponent (446)
[2023.04.11-12.40.36:026][357]LogModuleManager: Shutting down and abandoning module AudioCapture (444)
[2023.04.11-12.40.36:026][357]LogModuleManager: Shutting down and abandoning module AudioCaptureRtAudio (443)
[2023.04.11-12.40.36:026][357]LogModuleManager: Shutting down and abandoning module AssetTags (440)
[2023.04.11-12.40.36:026][357]LogModuleManager: Shutting down and abandoning module ArchVisCharacter (438)
[2023.04.11-12.40.36:027][357]LogModuleManager: Shutting down and abandoning module AppleImageUtilsBlueprintSupport (436)
[2023.04.11-12.40.36:027][357]LogModuleManager: Shutting down and abandoning module AppleImageUtils (434)
[2023.04.11-12.40.36:027][357]LogModuleManager: Shutting down and abandoning module AndroidPermission (432)
[2023.04.11-12.40.36:027][357]LogModuleManager: Shutting down and abandoning module ActorLayerUtilities (430)
[2023.04.11-12.40.36:027][357]LogModuleManager: Shutting down and abandoning module TemplateSequence (428)
[2023.04.11-12.40.36:027][357]LogModuleManager: Shutting down and abandoning module MediaCompositing (426)
[2023.04.11-12.40.36:027][357]LogModuleManager: Shutting down and abandoning module ImgMedia (424)
[2023.04.11-12.40.36:027][357]LogModuleManager: Shutting down and abandoning module MagicLeapSharedWorld (422)
[2023.04.11-12.40.36:027][357]LogModuleManager: Shutting down and abandoning module MagicLeapLightEstimation (420)
[2023.04.11-12.40.36:027][357]LogModuleManager: Shutting down and abandoning module MagicLeapHelperVulkan (418)
[2023.04.11-12.40.36:027][357]LogModuleManager: Shutting down and abandoning module MagicLeapHelperOpenGL (416)
[2023.04.11-12.40.36:027][357]LogModuleManager: Shutting down and abandoning module MagicLeapAudio (414)
[2023.04.11-12.40.36:027][357]LogModuleManager: Shutting down and abandoning module OpenImageDenoise (412)
[2023.04.11-12.40.36:027][357]LogOpenImageDenoise: OIDN shutting down
[2023.04.11-12.40.36:027][357]LogModuleManager: Shutting down and abandoning module MotoSynth (410)
[2023.04.11-12.40.36:028][357]LogModuleManager: Shutting down and abandoning module MeshConversion (408)
[2023.04.11-12.40.36:028][357]LogModuleManager: Shutting down and abandoning module DynamicMesh (406)
[2023.04.11-12.40.36:028][357]LogModuleManager: Shutting down and abandoning module GeometryAlgorithms (404)
[2023.04.11-12.40.36:028][357]LogModuleManager: Shutting down and abandoning module GeometricObjects (402)
[2023.04.11-12.40.36:028][357]LogModuleManager: Shutting down and abandoning module GeometryCollectionTracks (400)
[2023.04.11-12.40.36:028][357]LogModuleManager: Shutting down and abandoning module GeometryCollectionSequencer (399)
[2023.04.11-12.40.36:028][357]LogModuleManager: Shutting down and abandoning module GeometryCacheTracks (396)
[2023.04.11-12.40.36:028][357]LogModuleManager: Shutting down and abandoning module GeometryCacheSequencer (395)
[2023.04.11-12.40.36:028][357]LogModuleManager: Shutting down and abandoning module GeometryCache (392)
[2023.04.11-12.40.36:028][357]LogModuleManager: Shutting down and abandoning module GeometryCacheEd (391)
[2023.04.11-12.40.36:028][357]LogModuleManager: Shutting down and abandoning module ChaosNiagara (388)
[2023.04.11-12.40.36:028][357]LogModuleManager: Shutting down and abandoning module FieldSystemEngine (387)
[2023.04.11-12.40.36:028][357]LogModuleManager: Shutting down and abandoning module BackChannel (384)
[2023.04.11-12.40.36:028][357]LogModuleManager: Shutting down and abandoning module AutomationUtils (382)
[2023.04.11-12.40.36:028][357]LogModuleManager: Shutting down and abandoning module OodleNetworkHandlerComponent (380)
[2023.04.11-12.40.36:028][357]LogModuleManager: Shutting down and abandoning module LiveLinkSequencer (378)
[2023.04.11-12.40.36:028][357]LogModuleManager: Shutting down and abandoning module LiveLinkMovieScene (376)
[2023.04.11-12.40.36:028][357]LogModuleManager: Shutting down and abandoning module LiveLinkGraphNode (374)
[2023.04.11-12.40.36:028][357]LogModuleManager: Shutting down and abandoning module LiveLinkComponents (372)
[2023.04.11-12.40.36:028][357]LogModuleManager: Shutting down and abandoning module LiveLink (370)
[2023.04.11-12.40.36:540][357]LogModuleManager: Shutting down and abandoning module PropertyAccessNode (368)
[2023.04.11-12.40.36:540][357]LogModuleManager: Shutting down and abandoning module AnimationSharing (366)
[2023.04.11-12.40.36:540][357]LogModuleManager: Shutting down and abandoning module SoundFields (364)
[2023.04.11-12.40.36:540][357]LogModuleManager: Shutting down and abandoning module SignificanceManager (362)
[2023.04.11-12.40.36:540][357]LogModuleManager: Shutting down and abandoning module RuntimePhysXCooking (360)
[2023.04.11-12.40.36:540][357]LogModuleManager: Shutting down and abandoning module PropertyAccessEditor (358)
[2023.04.11-12.40.36:540][357]LogModuleManager: Shutting down and abandoning module PhysXVehiclesEditor (356)
[2023.04.11-12.40.36:540][357]LogModuleManager: Shutting down and abandoning module LocationServicesBPLibrary (352)
[2023.04.11-12.40.36:540][357]LogModuleManager: Shutting down and abandoning module AudioSynesthesia (350)
[2023.04.11-12.40.36:540][357]LogModuleManager: Shutting down and abandoning module AudioSynesthesiaCore (348)
[2023.04.11-12.40.36:540][357]LogModuleManager: Shutting down and abandoning module ApexDestructionEditor (346)
[2023.04.11-12.40.36:540][357]LogModuleManager: Shutting down and abandoning module ApexDestruction (344)
[2023.04.11-12.40.36:540][357]LogModuleManager: Shutting down and abandoning module ActorSequence (342)
[2023.04.11-12.40.36:540][357]LogModuleManager: Shutting down and abandoning module UdpMessaging (340)
[2023.04.11-12.40.36:641][357]LogModuleManager: Shutting down and abandoning module TcpMessaging (338)
[2023.04.11-12.40.36:742][357]LogModuleManager: Shutting down and abandoning module ImgMediaEngine (336)
[2023.04.11-12.40.36:742][357]LogModuleManager: Shutting down and abandoning module MagicLeapARPin (334)
[2023.04.11-12.40.36:742][357]LogModuleManager: Shutting down and abandoning module MagicLeapHandMeshing (332)
[2023.04.11-12.40.36:742][357]LogModuleManager: Shutting down and abandoning module MagicLeapSecureStorage (330)
[2023.04.11-12.40.36:742][357]LogModuleManager: Shutting down and abandoning module MagicLeapPrivileges (328)
[2023.04.11-12.40.36:742][357]LogModuleManager: Shutting down and abandoning module MagicLeapPlanes (326)
[2023.04.11-12.40.36:742][357]LogMagicLeapPlanes: Planes tracker already destroyed.
[2023.04.11-12.40.36:742][357]LogModuleManager: Shutting down and abandoning module MagicLeapImageTracker (324)
[2023.04.11-12.40.36:742][357]LogModuleManager: Shutting down and abandoning module MagicLeapIdentity (322)
[2023.04.11-12.40.36:742][357]LogModuleManager: Shutting down and abandoning module MagicLeapHandTracking (320)
[2023.04.11-12.40.36:742][357]LogModuleManager: Shutting down and abandoning module MagicLeapEyeTracker (318)
[2023.04.11-12.40.36:743][357]LogModuleManager: Shutting down and abandoning module MagicLeapController (316)
[2023.04.11-12.40.36:743][357]LogModuleManager: Shutting down and abandoning module MagicLeapARPinImpl (314)
[2023.04.11-12.40.36:743][357]LogModuleManager: Shutting down and abandoning module MagicLeapAR (312)
[2023.04.11-12.40.36:743][357]LogModuleManager: Shutting down and abandoning module PythonScriptPlugin (310)
[2023.04.11-12.40.36:743][357]LogModuleManager: Shutting down and abandoning module NiagaraAnimNotifies (308)
[2023.04.11-12.40.36:743][357]LogModuleManager: Shutting down and abandoning module Niagara (306)
[2023.04.11-12.40.36:743][357]LogModuleManager: Shutting down and abandoning module SignalProcessing (305)
[2023.04.11-12.40.36:743][357]LogModuleManager: Shutting down and abandoning module NiagaraEditor (303)
[2023.04.11-12.40.36:744][357]LogModuleManager: Shutting down and abandoning module ContentBrowser (302)
[2023.04.11-12.40.36:744][357]LogModuleManager: Shutting down and abandoning module CollectionManager (301)
[2023.04.11-12.40.36:745][357]LogModuleManager: Shutting down and abandoning module DirectoryWatcher (300)
[2023.04.11-12.40.36:745][357]LogModuleManager: Shutting down and abandoning module ContentBrowserData (297)
[2023.04.11-12.40.36:745][357]LogModuleManager: Shutting down and abandoning module NiagaraCore (292)
[2023.04.11-12.40.36:745][357]LogModuleManager: Shutting down and abandoning module GameplayTagsEditor (290)
[2023.04.11-12.40.36:745][357]LogModuleManager: Shutting down and abandoning module FacialAnimation (288)
[2023.04.11-12.40.36:745][357]LogModuleManager: Shutting down and abandoning module AssetManagerEditor (286)
[2023.04.11-12.40.36:745][357]LogModuleManager: Shutting down and abandoning module TreeMap (285)
[2023.04.11-12.40.36:745][357]LogModuleManager: Shutting down and abandoning module GameplayCameras (282)
[2023.04.11-12.40.36:745][357]LogModuleManager: Shutting down and abandoning module LightPropagationVolumeRuntime (280)
[2023.04.11-12.40.36:745][357]LogModuleManager: Shutting down and abandoning module EnvironmentQueryEditor (278)
[2023.04.11-12.40.36:746][357]LogModuleManager: Shutting down and abandoning module Paper2D (276)
[2023.04.11-12.40.36:746][357]LogModuleManager: Shutting down and abandoning module WindowsMoviePlayer (274)
[2023.04.11-12.40.36:747][357]LogModuleManager: Shutting down and abandoning module WebMMoviePlayer (272)
[2023.04.11-12.40.36:747][357]LogModuleManager: Shutting down and abandoning module NetworkReplayStreaming (270)
[2023.04.11-12.40.36:747][357]LogModuleManager: Shutting down and abandoning module PacketHandler (268)
[2023.04.11-12.40.36:747][357]LogModuleManager: Shutting down and abandoning module ClothingSystemEditor (266)
[2023.04.11-12.40.36:747][357]LogModuleManager: Shutting down and abandoning module ClothingSystemRuntimeNv (264)
[2023.04.11-12.40.36:747][357]LogModuleManager: Shutting down and abandoning module MediaAssets (262)
[2023.04.11-12.40.36:747][357]LogModuleManager: Shutting down and abandoning module Overlay (260)
[2023.04.11-12.40.36:747][357]LogModuleManager: Shutting down and abandoning module OverlayEditor (259)
[2023.04.11-12.40.36:748][357]LogModuleManager: Shutting down and abandoning module VREditor (256)
[2023.04.11-12.40.36:748][357]LogModuleManager: Shutting down and abandoning module StringTableEditor (254)
[2023.04.11-12.40.36:748][357]LogModuleManager: Shutting down and abandoning module GameplayTasksEditor (252)
[2023.04.11-12.40.36:748][357]LogModuleManager: Shutting down and abandoning module BehaviorTreeEditor (250)
[2023.04.11-12.40.36:748][357]LogModuleManager: Shutting down and abandoning module FunctionalTesting (248)
[2023.04.11-12.40.36:748][357]LogModuleManager: Shutting down and abandoning module CollisionAnalyzer (246)
[2023.04.11-12.40.36:748][357]LogModuleManager: Shutting down and abandoning module WorkspaceMenuStructure (245)
[2023.04.11-12.40.36:748][357]LogModuleManager: Shutting down and abandoning module UMG (242)
[2023.04.11-12.40.36:748][357]LogModuleManager: Shutting down and abandoning module UMGEditor (241)
[2023.04.11-12.40.36:748][357]LogModuleManager: Shutting down and abandoning module Sequencer (240)
[2023.04.11-12.40.36:749][357]LogModuleManager: Shutting down and abandoning module MessageLog (237)
[2023.04.11-12.40.36:749][357]LogModuleManager: Shutting down and abandoning module SlateReflector (232)
[2023.04.11-12.40.36:749][357]LogModuleManager: Shutting down and abandoning module Slate (230)
[2023.04.11-12.40.36:749][357]LogModuleManager: Shutting down and abandoning module SlateCore (228)
[2023.04.11-12.40.36:755][357]LogModuleManager: Shutting down and abandoning module LandscapeEditorUtilities (226)
[2023.04.11-12.40.36:755][357]LogModuleManager: Shutting down and abandoning module UnrealEd (224)
[2023.04.11-12.40.36:755][357]LogModuleManager: Shutting down and abandoning module MRMesh (222)
[2023.04.11-12.40.36:755][357]LogModuleManager: Shutting down and abandoning module Messaging (220)
[2023.04.11-12.40.36:755][357]LogModuleManager: Shutting down and abandoning module SourceCodeAccess (218)
[2023.04.11-12.40.36:755][357]LogModuleManager: Shutting down and abandoning module HeadMountedDisplay (216)
[2023.04.11-12.40.36:755][357]LogModuleManager: Shutting down and abandoning module XAudio2 (214)
[2023.04.11-12.40.36:755][357]LogModuleManager: Shutting down and abandoning module Networking (212)
[2023.04.11-12.40.36:755][357]LogModuleManager: Shutting down and abandoning module Core (210)
[2023.04.11-12.40.36:755][357]LogModuleManager: Shutting down and abandoning module MaterialEditor (208)
[2023.04.11-12.40.36:755][357]LogModuleManager: Shutting down and abandoning module MovieSceneTools (206)
[2023.04.11-12.40.36:755][357]LogModuleManager: Shutting down and abandoning module EditorStyle (205)
[2023.04.11-12.40.36:758][357]LogModuleManager: Shutting down and abandoning module KismetCompiler (202)
[2023.04.11-12.40.36:758][357]LogModuleManager: Shutting down and abandoning module MeshBuilder (200)
[2023.04.11-12.40.36:758][357]LogModuleManager: Shutting down and abandoning module MeshUtilities (198)
[2023.04.11-12.40.36:758][357]LogModuleManager: Shutting down and abandoning module MeshMergeUtilities (197)
[2023.04.11-12.40.36:758][357]LogModuleManager: Shutting down and abandoning module MeshReductionInterface (196)
[2023.04.11-12.40.36:758][357]LogModuleManager: Shutting down and abandoning module MeshBoneReduction (195)
[2023.04.11-12.40.36:758][357]LogModuleManager: Shutting down and abandoning module SkeletalMeshReduction (193)
[2023.04.11-12.40.36:758][357]LogModuleManager: Shutting down and abandoning module ProxyLODMeshReduction (191)
[2023.04.11-12.40.36:758][357]LogModuleManager: Shutting down and abandoning module QuadricMeshReduction (189)
[2023.04.11-12.40.36:759][357]LogModuleManager: Shutting down and abandoning module MaterialBaking (185)
[2023.04.11-12.40.36:759][357]LogModuleManager: Shutting down and abandoning module NullInstallBundleManager (180)
[2023.04.11-12.40.36:759][357]LogModuleManager: Shutting down and abandoning module PIEPreviewDeviceProfileSelector (178)
[2023.04.11-12.40.36:759][357]LogModuleManager: Shutting down and abandoning module DerivedDataCache (176)
[2023.04.11-12.40.36:759][357]LogModuleManager: Shutting down and abandoning module TargetPlatform (174)
[2023.04.11-12.40.36:759][357]LogModuleManager: Shutting down and abandoning module VulkanShaderFormat (173)
[2023.04.11-12.40.36:759][357]LogModuleManager: Shutting down and abandoning module ShaderFormatVectorVM (171)
[2023.04.11-12.40.36:759][357]LogModuleManager: Shutting down and abandoning module ShaderFormatOpenGL (169)
[2023.04.11-12.40.36:759][357]LogModuleManager: Shutting down and abandoning module ShaderFormatD3D (167)
[2023.04.11-12.40.36:760][357]LogModuleManager: Shutting down and abandoning module MetalShaderFormat (165)
[2023.04.11-12.40.36:760][357]LogModuleManager: Shutting down and abandoning module TextureFormatOodle (163)
[2023.04.11-12.40.36:760][357]LogModuleManager: Shutting down and abandoning module TextureFormatUncompressed (161)
[2023.04.11-12.40.36:760][357]LogModuleManager: Shutting down and abandoning module TextureFormatPVR (159)
[2023.04.11-12.40.36:760][357]LogModuleManager: Shutting down and abandoning module TextureFormatETC2 (157)
[2023.04.11-12.40.36:760][357]LogModuleManager: Shutting down and abandoning module TextureFormatDXT (155)
[2023.04.11-12.40.36:760][357]LogModuleManager: Shutting down and abandoning module TextureFormatIntelISPCTexComp (153)
[2023.04.11-12.40.36:760][357]LogModuleManager: Shutting down and abandoning module TextureFormatASTC (151)
[2023.04.11-12.40.36:760][357]LogModuleManager: Shutting down and abandoning module ImageWrapper (150)
[2023.04.11-12.40.36:760][357]LogModuleManager: Shutting down and abandoning module AudioFormatOpus (147)
[2023.04.11-12.40.36:760][357]LogModuleManager: Shutting down and abandoning module AudioFormatOgg (145)
[2023.04.11-12.40.36:760][357]LogModuleManager: Shutting down and abandoning module AudioFormatADPCM (143)
[2023.04.11-12.40.36:760][357]LogModuleManager: Shutting down and abandoning module WindowsServerTargetPlatform (141)
[2023.04.11-12.40.36:760][357]LogModuleManager: Shutting down and abandoning module WindowsClientTargetPlatform (139)
[2023.04.11-12.40.36:761][357]LogModuleManager: Shutting down and abandoning module WindowsTargetPlatform (137)
[2023.04.11-12.40.36:761][357]LogModuleManager: Shutting down and abandoning module WindowsNoEditorTargetPlatform (135)
[2023.04.11-12.40.36:761][357]LogModuleManager: Shutting down and abandoning module D3D11RHI (132)
[2023.04.11-12.40.36:761][357]LogModuleManager: Shutting down and abandoning module InputCore (130)
[2023.04.11-12.40.36:761][357]LogModuleManager: Shutting down and abandoning module Settings (128)
[2023.04.11-12.40.36:761][357]LogModuleManager: Shutting down and abandoning module PhysXCooking (126)
[2023.04.11-12.40.36:761][357]LogModuleManager: Shutting down and abandoning module Chaos (124)
[2023.04.11-12.40.36:761][357]LogModuleManager: Shutting down and abandoning module WindowsPlatformFeatures (122)
[2023.04.11-12.40.36:761][357]LogModuleManager: Shutting down and abandoning module GameplayMediaEncoder (121)
[2023.04.11-12.40.36:761][357]LogModuleManager: Shutting down and abandoning module AVEncoder (120)
[2023.04.11-12.40.36:761][357]LogModuleManager: Shutting down and abandoning module SteamVRInputDevice (116)
[2023.04.11-12.40.36:761][357]LogModuleManager: Shutting down and abandoning module SteamVRInput (114)
[2023.04.11-12.40.36:761][357]LogModuleManager: Shutting down and abandoning module SteamVR (112)
[2023.04.11-12.40.36:761][357]LogHMD: Freeing OpenVRDLLHandle.
[2023.04.11-12.40.36:761][357]LogModuleManager: Shutting down and abandoning module OculusHMD (110)
[2023.04.11-12.40.36:761][357]LogModuleManager: Shutting down and abandoning module PixWinPlugin (108)
[2023.04.11-12.40.36:761][357]LogModuleManager: Shutting down and abandoning module OnlineBlueprintSupport (106)
[2023.04.11-12.40.36:761][357]LogModuleManager: Shutting down and abandoning module OnlineSubsystem (102)
[2023.04.11-12.40.36:763][357]LogModuleManager: Shutting down and abandoning module XMPP (97)
[2023.04.11-12.40.36:763][357]LogModuleManager: Shutting down and abandoning module WebSockets (96)
[2023.04.11-12.40.36:770][357]LogModuleManager: Shutting down and abandoning module HTTP (93)
[2023.04.11-12.40.36:770][357]LogHttp: Display: cleaning up 0 outstanding Http requests.
[2023.04.11-12.40.36:804][357]LogModuleManager: Shutting down and abandoning module SSL (92)
[2023.04.11-12.40.36:810][357]LogModuleManager: Shutting down and abandoning module OpenXRHandTracking (88)
[2023.04.11-12.40.36:810][357]LogSlate: Slate User Destroyed.  User Index 0, Is Virtual User: 0
[2023.04.11-12.40.36:810][357]LogModuleManager: Shutting down and abandoning module OpenXREyeTracker (86)
[2023.04.11-12.40.36:811][357]LogModuleManager: Shutting down and abandoning module OpenXRAR (84)
[2023.04.11-12.40.36:811][357]LogModuleManager: Shutting down and abandoning module AugmentedReality (83)
[2023.04.11-12.40.36:811][357]LogModuleManager: Shutting down and abandoning module OpenXRHMD (80)
[2023.04.11-12.40.36:812][357]LogModuleManager: Shutting down and abandoning module ExampleDeviceProfileSelector (78)
[2023.04.11-12.40.36:812][357]LogModuleManager: Shutting down and abandoning module ChunkDownloader (76)
[2023.04.11-12.40.36:812][357]LogModuleManager: Shutting down and abandoning module LauncherChunkInstaller (74)
[2023.04.11-12.40.36:812][357]LogModuleManager: Shutting down and abandoning module WmfMedia (72)
[2023.04.11-12.40.36:815][357]LogModuleManager: Shutting down and abandoning module Media (71)
[2023.04.11-12.40.36:816][357]LogModuleManager: Shutting down and abandoning module MediaInfo (70)
[2023.04.11-12.40.36:816][357]LogModuleManager: Shutting down and abandoning module ExrReaderGpu (66)
[2023.04.11-12.40.36:816][357]LogModuleManager: Shutting down and abandoning module MLSDK (64)
[2023.04.11-12.40.36:816][357]LogModuleManager: Shutting down and abandoning module MagicLeap (62)
[2023.04.11-12.40.36:817][357]LogModuleManager: Shutting down and abandoning module ChaosCloth (60)
[2023.04.11-12.40.36:817][357]LogModuleManager: Shutting down and abandoning module NiagaraVertexFactories (58)
[2023.04.11-12.40.36:817][357]LogModuleManager: Shutting down and abandoning module NiagaraShader (56)
[2023.04.11-12.40.36:817][357]LogModuleManager: Shutting down and abandoning module VariantManagerContent (54)
[2023.04.11-12.40.36:817][357]LogModuleManager: Shutting down and abandoning module DatasmithContent (52)
[2023.04.11-12.40.36:819][357]LogModuleManager: Shutting down and abandoning module AISupportModule (50)
[2023.04.11-12.40.36:819][357]LogModuleManager: Shutting down and abandoning module DesktopPlatform (48)
[2023.04.11-12.40.36:819][357]LogModuleManager: Shutting down and abandoning module PythonScriptPluginPreload (46)
[2023.04.11-12.40.36:819][357]LogModuleManager: Shutting down and abandoning module PlatformCryptoOpenSSL (44)
[2023.04.11-12.40.36:819][357]LogModuleManager: Shutting down and abandoning module PlatformCryptoTypes (42)
[2023.04.11-12.40.36:819][357]LogModuleManager: Shutting down and abandoning module PlatformCrypto (40)
[2023.04.11-12.40.36:819][357]LogModuleManager: Shutting down and abandoning module OodleDataCompressionFormat (38)
[2023.04.11-12.40.36:819][357]LogModuleManager: Shutting down and abandoning module XGEController (36)
[2023.04.11-12.40.36:819][357]LogModuleManager: Shutting down and abandoning module AnimationModifiers (34)
[2023.04.11-12.40.36:819][357]LogModuleManager: Shutting down and abandoning module AudioEditor (32)
[2023.04.11-12.40.36:819][357]LogModuleManager: Shutting down and abandoning module PropertyEditor (31)
[2023.04.11-12.40.36:819][357]LogModuleManager: Shutting down and abandoning module TextureCompressor (28)
[2023.04.11-12.40.36:820][357]LogModuleManager: Shutting down and abandoning module RenderCore (26)
[2023.04.11-12.40.36:820][357]LogModuleManager: Shutting down and abandoning module Landscape (24)
[2023.04.11-12.40.36:820][357]LogModuleManager: Shutting down and abandoning module SlateRHIRenderer (22)
[2023.04.11-12.40.36:820][357]LogModuleManager: Shutting down and abandoning module AnimGraphRuntime (20)
[2023.04.11-12.40.36:820][357]LogModuleManager: Shutting down and abandoning module Renderer (18)
[2023.04.11-12.40.36:820][357]LogModuleManager: Shutting down and abandoning module Engine (16)
[2023.04.11-12.40.36:820][357]LogModuleManager: Shutting down and abandoning module CoreUObject (14)
[2023.04.11-12.40.36:820][357]LogModuleManager: Shutting down and abandoning module NetworkFile (12)
[2023.04.11-12.40.36:820][357]LogModuleManager: Shutting down and abandoning module CookedIterativeFile (10)
[2023.04.11-12.40.36:820][357]LogModuleManager: Shutting down and abandoning module StreamingFile (8)
[2023.04.11-12.40.36:820][357]LogModuleManager: Shutting down and abandoning module SandboxFile (6)
[2023.04.11-12.40.36:820][357]LogModuleManager: Shutting down and abandoning module PakFile (4)
[2023.04.11-12.40.36:820][357]LogModuleManager: Shutting down and abandoning module RSA (3)
[2023.04.11-12.40.37:226][357]LogContentStreaming: Display: There are 1 unreleased StreamingManagers
[2023.04.11-12.40.37:232][357]LogD3D11RHI: Shutdown
[2023.04.11-12.40.37:233][357]LogD3D11RHI: CleanupD3DDevice
[2023.04.11-12.40.37:236][357]LogExit: Exiting.
[2023.04.11-12.40.37:256][357]Log file closed, 04/11/23 15:40:37
